[2024-04-19T12:17:12.850+0000] {processor.py:161} INFO - Started process (PID=61) to work on /home/airflow/.local/lib/python3.12/site-packages/airflow/example_dags/example_setup_teardown.py
[2024-04-19T12:17:12.851+0000] {processor.py:830} INFO - Processing file /home/airflow/.local/lib/python3.12/site-packages/airflow/example_dags/example_setup_teardown.py for tasks to queue
[2024-04-19T12:17:12.852+0000] {logging_mixin.py:188} INFO - [2024-04-19T12:17:12.852+0000] {dagbag.py:540} INFO - Filling up the DagBag from /home/airflow/.local/lib/python3.12/site-packages/airflow/example_dags/example_setup_teardown.py
[2024-04-19T12:17:12.859+0000] {processor.py:840} INFO - DAG(s) 'example_setup_teardown' retrieved from /home/airflow/.local/lib/python3.12/site-packages/airflow/example_dags/example_setup_teardown.py
[2024-04-19T12:17:12.870+0000] {logging_mixin.py:188} INFO - [2024-04-19T12:17:12.870+0000] {dag.py:3096} INFO - Sync 1 DAGs
[2024-04-19T12:17:12.891+0000] {logging_mixin.py:188} INFO - [2024-04-19T12:17:12.891+0000] {dag.py:3954} INFO - Setting next_dagrun for example_setup_teardown to 2024-04-18 00:00:00+00:00, run_after=2024-04-19 00:00:00+00:00
[2024-04-19T12:17:12.909+0000] {processor.py:183} INFO - Processing /home/airflow/.local/lib/python3.12/site-packages/airflow/example_dags/example_setup_teardown.py took 0.064 seconds
[2024-04-19T12:17:43.090+0000] {processor.py:161} INFO - Started process (PID=119) to work on /home/airflow/.local/lib/python3.12/site-packages/airflow/example_dags/example_setup_teardown.py
[2024-04-19T12:17:43.091+0000] {processor.py:830} INFO - Processing file /home/airflow/.local/lib/python3.12/site-packages/airflow/example_dags/example_setup_teardown.py for tasks to queue
[2024-04-19T12:17:43.093+0000] {logging_mixin.py:188} INFO - [2024-04-19T12:17:43.092+0000] {dagbag.py:540} INFO - Filling up the DagBag from /home/airflow/.local/lib/python3.12/site-packages/airflow/example_dags/example_setup_teardown.py
[2024-04-19T12:17:43.097+0000] {processor.py:840} INFO - DAG(s) 'example_setup_teardown' retrieved from /home/airflow/.local/lib/python3.12/site-packages/airflow/example_dags/example_setup_teardown.py
[2024-04-19T12:17:43.158+0000] {logging_mixin.py:188} INFO - [2024-04-19T12:17:43.158+0000] {dag.py:3096} INFO - Sync 1 DAGs
[2024-04-19T12:17:43.172+0000] {logging_mixin.py:188} INFO - [2024-04-19T12:17:43.172+0000] {dag.py:3954} INFO - Setting next_dagrun for example_setup_teardown to 2024-04-18 00:00:00+00:00, run_after=2024-04-19 00:00:00+00:00
[2024-04-19T12:17:43.187+0000] {processor.py:183} INFO - Processing /home/airflow/.local/lib/python3.12/site-packages/airflow/example_dags/example_setup_teardown.py took 0.102 seconds
[2024-04-19T12:18:13.787+0000] {processor.py:161} INFO - Started process (PID=177) to work on /home/airflow/.local/lib/python3.12/site-packages/airflow/example_dags/example_setup_teardown.py
[2024-04-19T12:18:13.788+0000] {processor.py:830} INFO - Processing file /home/airflow/.local/lib/python3.12/site-packages/airflow/example_dags/example_setup_teardown.py for tasks to queue
[2024-04-19T12:18:13.789+0000] {logging_mixin.py:188} INFO - [2024-04-19T12:18:13.789+0000] {dagbag.py:540} INFO - Filling up the DagBag from /home/airflow/.local/lib/python3.12/site-packages/airflow/example_dags/example_setup_teardown.py
[2024-04-19T12:18:13.793+0000] {processor.py:840} INFO - DAG(s) 'example_setup_teardown' retrieved from /home/airflow/.local/lib/python3.12/site-packages/airflow/example_dags/example_setup_teardown.py
[2024-04-19T12:18:13.806+0000] {logging_mixin.py:188} INFO - [2024-04-19T12:18:13.806+0000] {dag.py:3096} INFO - Sync 1 DAGs
[2024-04-19T12:18:13.821+0000] {logging_mixin.py:188} INFO - [2024-04-19T12:18:13.820+0000] {dag.py:3954} INFO - Setting next_dagrun for example_setup_teardown to 2024-04-18 00:00:00+00:00, run_after=2024-04-19 00:00:00+00:00
[2024-04-19T12:18:13.837+0000] {processor.py:183} INFO - Processing /home/airflow/.local/lib/python3.12/site-packages/airflow/example_dags/example_setup_teardown.py took 0.055 seconds
[2024-04-19T12:20:34.680+0000] {processor.py:161} INFO - Started process (PID=61) to work on /home/airflow/.local/lib/python3.12/site-packages/airflow/example_dags/example_setup_teardown.py
[2024-04-19T12:20:34.681+0000] {processor.py:830} INFO - Processing file /home/airflow/.local/lib/python3.12/site-packages/airflow/example_dags/example_setup_teardown.py for tasks to queue
[2024-04-19T12:20:34.683+0000] {logging_mixin.py:188} INFO - [2024-04-19T12:20:34.682+0000] {dagbag.py:540} INFO - Filling up the DagBag from /home/airflow/.local/lib/python3.12/site-packages/airflow/example_dags/example_setup_teardown.py
[2024-04-19T12:20:34.688+0000] {processor.py:840} INFO - DAG(s) 'example_setup_teardown' retrieved from /home/airflow/.local/lib/python3.12/site-packages/airflow/example_dags/example_setup_teardown.py
[2024-04-19T12:20:34.702+0000] {logging_mixin.py:188} INFO - [2024-04-19T12:20:34.701+0000] {dag.py:3096} INFO - Sync 1 DAGs
[2024-04-19T12:20:34.735+0000] {logging_mixin.py:188} INFO - [2024-04-19T12:20:34.735+0000] {dag.py:3954} INFO - Setting next_dagrun for example_setup_teardown to 2024-04-18 00:00:00+00:00, run_after=2024-04-19 00:00:00+00:00
[2024-04-19T12:20:34.765+0000] {processor.py:183} INFO - Processing /home/airflow/.local/lib/python3.12/site-packages/airflow/example_dags/example_setup_teardown.py took 0.090 seconds
[2024-04-19T12:21:04.987+0000] {processor.py:161} INFO - Started process (PID=119) to work on /home/airflow/.local/lib/python3.12/site-packages/airflow/example_dags/example_setup_teardown.py
[2024-04-19T12:21:04.988+0000] {processor.py:830} INFO - Processing file /home/airflow/.local/lib/python3.12/site-packages/airflow/example_dags/example_setup_teardown.py for tasks to queue
[2024-04-19T12:21:04.990+0000] {logging_mixin.py:188} INFO - [2024-04-19T12:21:04.989+0000] {dagbag.py:540} INFO - Filling up the DagBag from /home/airflow/.local/lib/python3.12/site-packages/airflow/example_dags/example_setup_teardown.py
[2024-04-19T12:21:04.994+0000] {processor.py:840} INFO - DAG(s) 'example_setup_teardown' retrieved from /home/airflow/.local/lib/python3.12/site-packages/airflow/example_dags/example_setup_teardown.py
[2024-04-19T12:21:05.058+0000] {logging_mixin.py:188} INFO - [2024-04-19T12:21:05.058+0000] {dag.py:3096} INFO - Sync 1 DAGs
[2024-04-19T12:21:05.072+0000] {logging_mixin.py:188} INFO - [2024-04-19T12:21:05.072+0000] {dag.py:3954} INFO - Setting next_dagrun for example_setup_teardown to 2024-04-18 00:00:00+00:00, run_after=2024-04-19 00:00:00+00:00
[2024-04-19T12:21:05.086+0000] {processor.py:183} INFO - Processing /home/airflow/.local/lib/python3.12/site-packages/airflow/example_dags/example_setup_teardown.py took 0.103 seconds
[2024-04-19T12:21:35.819+0000] {processor.py:161} INFO - Started process (PID=177) to work on /home/airflow/.local/lib/python3.12/site-packages/airflow/example_dags/example_setup_teardown.py
[2024-04-19T12:21:35.820+0000] {processor.py:830} INFO - Processing file /home/airflow/.local/lib/python3.12/site-packages/airflow/example_dags/example_setup_teardown.py for tasks to queue
[2024-04-19T12:21:35.821+0000] {logging_mixin.py:188} INFO - [2024-04-19T12:21:35.821+0000] {dagbag.py:540} INFO - Filling up the DagBag from /home/airflow/.local/lib/python3.12/site-packages/airflow/example_dags/example_setup_teardown.py
[2024-04-19T12:21:35.827+0000] {processor.py:840} INFO - DAG(s) 'example_setup_teardown' retrieved from /home/airflow/.local/lib/python3.12/site-packages/airflow/example_dags/example_setup_teardown.py
[2024-04-19T12:21:35.842+0000] {logging_mixin.py:188} INFO - [2024-04-19T12:21:35.841+0000] {dag.py:3096} INFO - Sync 1 DAGs
[2024-04-19T12:21:35.856+0000] {logging_mixin.py:188} INFO - [2024-04-19T12:21:35.856+0000] {dag.py:3954} INFO - Setting next_dagrun for example_setup_teardown to 2024-04-18 00:00:00+00:00, run_after=2024-04-19 00:00:00+00:00
[2024-04-19T12:21:35.869+0000] {processor.py:183} INFO - Processing /home/airflow/.local/lib/python3.12/site-packages/airflow/example_dags/example_setup_teardown.py took 0.053 seconds
[2024-04-19T12:22:06.173+0000] {processor.py:161} INFO - Started process (PID=235) to work on /home/airflow/.local/lib/python3.12/site-packages/airflow/example_dags/example_setup_teardown.py
[2024-04-19T12:22:06.174+0000] {processor.py:830} INFO - Processing file /home/airflow/.local/lib/python3.12/site-packages/airflow/example_dags/example_setup_teardown.py for tasks to queue
[2024-04-19T12:22:06.175+0000] {logging_mixin.py:188} INFO - [2024-04-19T12:22:06.175+0000] {dagbag.py:540} INFO - Filling up the DagBag from /home/airflow/.local/lib/python3.12/site-packages/airflow/example_dags/example_setup_teardown.py
[2024-04-19T12:22:06.179+0000] {processor.py:840} INFO - DAG(s) 'example_setup_teardown' retrieved from /home/airflow/.local/lib/python3.12/site-packages/airflow/example_dags/example_setup_teardown.py
[2024-04-19T12:22:06.193+0000] {logging_mixin.py:188} INFO - [2024-04-19T12:22:06.193+0000] {dag.py:3096} INFO - Sync 1 DAGs
[2024-04-19T12:22:06.206+0000] {logging_mixin.py:188} INFO - [2024-04-19T12:22:06.206+0000] {dag.py:3954} INFO - Setting next_dagrun for example_setup_teardown to 2024-04-18 00:00:00+00:00, run_after=2024-04-19 00:00:00+00:00
[2024-04-19T12:22:06.221+0000] {processor.py:183} INFO - Processing /home/airflow/.local/lib/python3.12/site-packages/airflow/example_dags/example_setup_teardown.py took 0.051 seconds
[2024-04-19T12:22:36.574+0000] {processor.py:161} INFO - Started process (PID=293) to work on /home/airflow/.local/lib/python3.12/site-packages/airflow/example_dags/example_setup_teardown.py
[2024-04-19T12:22:36.575+0000] {processor.py:830} INFO - Processing file /home/airflow/.local/lib/python3.12/site-packages/airflow/example_dags/example_setup_teardown.py for tasks to queue
[2024-04-19T12:22:36.576+0000] {logging_mixin.py:188} INFO - [2024-04-19T12:22:36.576+0000] {dagbag.py:540} INFO - Filling up the DagBag from /home/airflow/.local/lib/python3.12/site-packages/airflow/example_dags/example_setup_teardown.py
[2024-04-19T12:22:36.580+0000] {processor.py:840} INFO - DAG(s) 'example_setup_teardown' retrieved from /home/airflow/.local/lib/python3.12/site-packages/airflow/example_dags/example_setup_teardown.py
[2024-04-19T12:22:36.594+0000] {logging_mixin.py:188} INFO - [2024-04-19T12:22:36.594+0000] {dag.py:3096} INFO - Sync 1 DAGs
[2024-04-19T12:22:36.607+0000] {logging_mixin.py:188} INFO - [2024-04-19T12:22:36.607+0000] {dag.py:3954} INFO - Setting next_dagrun for example_setup_teardown to 2024-04-18 00:00:00+00:00, run_after=2024-04-19 00:00:00+00:00
[2024-04-19T12:22:36.621+0000] {processor.py:183} INFO - Processing /home/airflow/.local/lib/python3.12/site-packages/airflow/example_dags/example_setup_teardown.py took 0.050 seconds
[2024-04-19T12:23:06.943+0000] {processor.py:161} INFO - Started process (PID=351) to work on /home/airflow/.local/lib/python3.12/site-packages/airflow/example_dags/example_setup_teardown.py
[2024-04-19T12:23:06.944+0000] {processor.py:830} INFO - Processing file /home/airflow/.local/lib/python3.12/site-packages/airflow/example_dags/example_setup_teardown.py for tasks to queue
[2024-04-19T12:23:06.947+0000] {logging_mixin.py:188} INFO - [2024-04-19T12:23:06.946+0000] {dagbag.py:540} INFO - Filling up the DagBag from /home/airflow/.local/lib/python3.12/site-packages/airflow/example_dags/example_setup_teardown.py
[2024-04-19T12:23:06.954+0000] {processor.py:840} INFO - DAG(s) 'example_setup_teardown' retrieved from /home/airflow/.local/lib/python3.12/site-packages/airflow/example_dags/example_setup_teardown.py
[2024-04-19T12:23:06.967+0000] {logging_mixin.py:188} INFO - [2024-04-19T12:23:06.967+0000] {dag.py:3096} INFO - Sync 1 DAGs
[2024-04-19T12:23:06.992+0000] {logging_mixin.py:188} INFO - [2024-04-19T12:23:06.991+0000] {dag.py:3954} INFO - Setting next_dagrun for example_setup_teardown to 2024-04-18 00:00:00+00:00, run_after=2024-04-19 00:00:00+00:00
[2024-04-19T12:23:07.014+0000] {processor.py:183} INFO - Processing /home/airflow/.local/lib/python3.12/site-packages/airflow/example_dags/example_setup_teardown.py took 0.076 seconds
[2024-04-19T12:23:37.631+0000] {processor.py:161} INFO - Started process (PID=410) to work on /home/airflow/.local/lib/python3.12/site-packages/airflow/example_dags/example_setup_teardown.py
[2024-04-19T12:23:37.632+0000] {processor.py:830} INFO - Processing file /home/airflow/.local/lib/python3.12/site-packages/airflow/example_dags/example_setup_teardown.py for tasks to queue
[2024-04-19T12:23:37.633+0000] {logging_mixin.py:188} INFO - [2024-04-19T12:23:37.633+0000] {dagbag.py:540} INFO - Filling up the DagBag from /home/airflow/.local/lib/python3.12/site-packages/airflow/example_dags/example_setup_teardown.py
[2024-04-19T12:23:37.637+0000] {processor.py:840} INFO - DAG(s) 'example_setup_teardown' retrieved from /home/airflow/.local/lib/python3.12/site-packages/airflow/example_dags/example_setup_teardown.py
[2024-04-19T12:23:37.697+0000] {logging_mixin.py:188} INFO - [2024-04-19T12:23:37.697+0000] {dag.py:3096} INFO - Sync 1 DAGs
[2024-04-19T12:23:37.799+0000] {logging_mixin.py:188} INFO - [2024-04-19T12:23:37.798+0000] {dag.py:3954} INFO - Setting next_dagrun for example_setup_teardown to 2024-04-18 00:00:00+00:00, run_after=2024-04-19 00:00:00+00:00
[2024-04-19T12:23:37.815+0000] {processor.py:183} INFO - Processing /home/airflow/.local/lib/python3.12/site-packages/airflow/example_dags/example_setup_teardown.py took 0.188 seconds
[2024-04-19T12:24:08.087+0000] {processor.py:161} INFO - Started process (PID=469) to work on /home/airflow/.local/lib/python3.12/site-packages/airflow/example_dags/example_setup_teardown.py
[2024-04-19T12:24:08.088+0000] {processor.py:830} INFO - Processing file /home/airflow/.local/lib/python3.12/site-packages/airflow/example_dags/example_setup_teardown.py for tasks to queue
[2024-04-19T12:24:08.089+0000] {logging_mixin.py:188} INFO - [2024-04-19T12:24:08.089+0000] {dagbag.py:540} INFO - Filling up the DagBag from /home/airflow/.local/lib/python3.12/site-packages/airflow/example_dags/example_setup_teardown.py
[2024-04-19T12:24:08.093+0000] {processor.py:840} INFO - DAG(s) 'example_setup_teardown' retrieved from /home/airflow/.local/lib/python3.12/site-packages/airflow/example_dags/example_setup_teardown.py
[2024-04-19T12:24:08.106+0000] {logging_mixin.py:188} INFO - [2024-04-19T12:24:08.106+0000] {dag.py:3096} INFO - Sync 1 DAGs
[2024-04-19T12:24:08.118+0000] {logging_mixin.py:188} INFO - [2024-04-19T12:24:08.118+0000] {dag.py:3954} INFO - Setting next_dagrun for example_setup_teardown to 2024-04-18 00:00:00+00:00, run_after=2024-04-19 00:00:00+00:00
[2024-04-19T12:24:08.131+0000] {processor.py:183} INFO - Processing /home/airflow/.local/lib/python3.12/site-packages/airflow/example_dags/example_setup_teardown.py took 0.047 seconds
[2024-04-19T12:24:38.515+0000] {processor.py:161} INFO - Started process (PID=527) to work on /home/airflow/.local/lib/python3.12/site-packages/airflow/example_dags/example_setup_teardown.py
[2024-04-19T12:24:38.517+0000] {processor.py:830} INFO - Processing file /home/airflow/.local/lib/python3.12/site-packages/airflow/example_dags/example_setup_teardown.py for tasks to queue
[2024-04-19T12:24:38.519+0000] {logging_mixin.py:188} INFO - [2024-04-19T12:24:38.519+0000] {dagbag.py:540} INFO - Filling up the DagBag from /home/airflow/.local/lib/python3.12/site-packages/airflow/example_dags/example_setup_teardown.py
[2024-04-19T12:24:38.523+0000] {processor.py:840} INFO - DAG(s) 'example_setup_teardown' retrieved from /home/airflow/.local/lib/python3.12/site-packages/airflow/example_dags/example_setup_teardown.py
[2024-04-19T12:24:38.537+0000] {logging_mixin.py:188} INFO - [2024-04-19T12:24:38.537+0000] {dag.py:3096} INFO - Sync 1 DAGs
[2024-04-19T12:24:38.554+0000] {logging_mixin.py:188} INFO - [2024-04-19T12:24:38.554+0000] {dag.py:3954} INFO - Setting next_dagrun for example_setup_teardown to 2024-04-18 00:00:00+00:00, run_after=2024-04-19 00:00:00+00:00
[2024-04-19T12:24:38.571+0000] {processor.py:183} INFO - Processing /home/airflow/.local/lib/python3.12/site-packages/airflow/example_dags/example_setup_teardown.py took 0.060 seconds
[2024-04-19T12:25:09.336+0000] {processor.py:161} INFO - Started process (PID=585) to work on /home/airflow/.local/lib/python3.12/site-packages/airflow/example_dags/example_setup_teardown.py
[2024-04-19T12:25:09.337+0000] {processor.py:830} INFO - Processing file /home/airflow/.local/lib/python3.12/site-packages/airflow/example_dags/example_setup_teardown.py for tasks to queue
[2024-04-19T12:25:09.338+0000] {logging_mixin.py:188} INFO - [2024-04-19T12:25:09.338+0000] {dagbag.py:540} INFO - Filling up the DagBag from /home/airflow/.local/lib/python3.12/site-packages/airflow/example_dags/example_setup_teardown.py
[2024-04-19T12:25:09.344+0000] {processor.py:840} INFO - DAG(s) 'example_setup_teardown' retrieved from /home/airflow/.local/lib/python3.12/site-packages/airflow/example_dags/example_setup_teardown.py
[2024-04-19T12:25:09.363+0000] {logging_mixin.py:188} INFO - [2024-04-19T12:25:09.363+0000] {dag.py:3096} INFO - Sync 1 DAGs
[2024-04-19T12:25:09.381+0000] {logging_mixin.py:188} INFO - [2024-04-19T12:25:09.381+0000] {dag.py:3954} INFO - Setting next_dagrun for example_setup_teardown to 2024-04-18 00:00:00+00:00, run_after=2024-04-19 00:00:00+00:00
[2024-04-19T12:25:09.399+0000] {processor.py:183} INFO - Processing /home/airflow/.local/lib/python3.12/site-packages/airflow/example_dags/example_setup_teardown.py took 0.068 seconds
[2024-04-19T12:25:39.585+0000] {processor.py:161} INFO - Started process (PID=643) to work on /home/airflow/.local/lib/python3.12/site-packages/airflow/example_dags/example_setup_teardown.py
[2024-04-19T12:25:39.586+0000] {processor.py:830} INFO - Processing file /home/airflow/.local/lib/python3.12/site-packages/airflow/example_dags/example_setup_teardown.py for tasks to queue
[2024-04-19T12:25:39.588+0000] {logging_mixin.py:188} INFO - [2024-04-19T12:25:39.588+0000] {dagbag.py:540} INFO - Filling up the DagBag from /home/airflow/.local/lib/python3.12/site-packages/airflow/example_dags/example_setup_teardown.py
[2024-04-19T12:25:39.593+0000] {processor.py:840} INFO - DAG(s) 'example_setup_teardown' retrieved from /home/airflow/.local/lib/python3.12/site-packages/airflow/example_dags/example_setup_teardown.py
[2024-04-19T12:25:39.607+0000] {logging_mixin.py:188} INFO - [2024-04-19T12:25:39.607+0000] {dag.py:3096} INFO - Sync 1 DAGs
[2024-04-19T12:25:39.623+0000] {logging_mixin.py:188} INFO - [2024-04-19T12:25:39.623+0000] {dag.py:3954} INFO - Setting next_dagrun for example_setup_teardown to 2024-04-18 00:00:00+00:00, run_after=2024-04-19 00:00:00+00:00
[2024-04-19T12:25:39.637+0000] {processor.py:183} INFO - Processing /home/airflow/.local/lib/python3.12/site-packages/airflow/example_dags/example_setup_teardown.py took 0.057 seconds
[2024-04-19T12:26:09.838+0000] {processor.py:161} INFO - Started process (PID=701) to work on /home/airflow/.local/lib/python3.12/site-packages/airflow/example_dags/example_setup_teardown.py
[2024-04-19T12:26:09.839+0000] {processor.py:830} INFO - Processing file /home/airflow/.local/lib/python3.12/site-packages/airflow/example_dags/example_setup_teardown.py for tasks to queue
[2024-04-19T12:26:09.841+0000] {logging_mixin.py:188} INFO - [2024-04-19T12:26:09.841+0000] {dagbag.py:540} INFO - Filling up the DagBag from /home/airflow/.local/lib/python3.12/site-packages/airflow/example_dags/example_setup_teardown.py
[2024-04-19T12:26:09.846+0000] {processor.py:840} INFO - DAG(s) 'example_setup_teardown' retrieved from /home/airflow/.local/lib/python3.12/site-packages/airflow/example_dags/example_setup_teardown.py
[2024-04-19T12:26:09.863+0000] {logging_mixin.py:188} INFO - [2024-04-19T12:26:09.863+0000] {dag.py:3096} INFO - Sync 1 DAGs
[2024-04-19T12:26:09.880+0000] {logging_mixin.py:188} INFO - [2024-04-19T12:26:09.880+0000] {dag.py:3954} INFO - Setting next_dagrun for example_setup_teardown to 2024-04-18 00:00:00+00:00, run_after=2024-04-19 00:00:00+00:00
[2024-04-19T12:26:09.903+0000] {processor.py:183} INFO - Processing /home/airflow/.local/lib/python3.12/site-packages/airflow/example_dags/example_setup_teardown.py took 0.071 seconds
[2024-04-19T12:26:40.110+0000] {processor.py:161} INFO - Started process (PID=759) to work on /home/airflow/.local/lib/python3.12/site-packages/airflow/example_dags/example_setup_teardown.py
[2024-04-19T12:26:40.111+0000] {processor.py:830} INFO - Processing file /home/airflow/.local/lib/python3.12/site-packages/airflow/example_dags/example_setup_teardown.py for tasks to queue
[2024-04-19T12:26:40.112+0000] {logging_mixin.py:188} INFO - [2024-04-19T12:26:40.112+0000] {dagbag.py:540} INFO - Filling up the DagBag from /home/airflow/.local/lib/python3.12/site-packages/airflow/example_dags/example_setup_teardown.py
[2024-04-19T12:26:40.119+0000] {processor.py:840} INFO - DAG(s) 'example_setup_teardown' retrieved from /home/airflow/.local/lib/python3.12/site-packages/airflow/example_dags/example_setup_teardown.py
[2024-04-19T12:26:40.138+0000] {logging_mixin.py:188} INFO - [2024-04-19T12:26:40.138+0000] {dag.py:3096} INFO - Sync 1 DAGs
[2024-04-19T12:26:40.157+0000] {logging_mixin.py:188} INFO - [2024-04-19T12:26:40.157+0000] {dag.py:3954} INFO - Setting next_dagrun for example_setup_teardown to 2024-04-18 00:00:00+00:00, run_after=2024-04-19 00:00:00+00:00
[2024-04-19T12:26:40.179+0000] {processor.py:183} INFO - Processing /home/airflow/.local/lib/python3.12/site-packages/airflow/example_dags/example_setup_teardown.py took 0.074 seconds
[2024-04-19T12:27:11.041+0000] {processor.py:161} INFO - Started process (PID=817) to work on /home/airflow/.local/lib/python3.12/site-packages/airflow/example_dags/example_setup_teardown.py
[2024-04-19T12:27:11.042+0000] {processor.py:830} INFO - Processing file /home/airflow/.local/lib/python3.12/site-packages/airflow/example_dags/example_setup_teardown.py for tasks to queue
[2024-04-19T12:27:11.043+0000] {logging_mixin.py:188} INFO - [2024-04-19T12:27:11.043+0000] {dagbag.py:540} INFO - Filling up the DagBag from /home/airflow/.local/lib/python3.12/site-packages/airflow/example_dags/example_setup_teardown.py
[2024-04-19T12:27:11.047+0000] {processor.py:840} INFO - DAG(s) 'example_setup_teardown' retrieved from /home/airflow/.local/lib/python3.12/site-packages/airflow/example_dags/example_setup_teardown.py
[2024-04-19T12:27:11.063+0000] {logging_mixin.py:188} INFO - [2024-04-19T12:27:11.062+0000] {dag.py:3096} INFO - Sync 1 DAGs
[2024-04-19T12:27:11.078+0000] {logging_mixin.py:188} INFO - [2024-04-19T12:27:11.078+0000] {dag.py:3954} INFO - Setting next_dagrun for example_setup_teardown to 2024-04-18 00:00:00+00:00, run_after=2024-04-19 00:00:00+00:00
[2024-04-19T12:27:11.094+0000] {processor.py:183} INFO - Processing /home/airflow/.local/lib/python3.12/site-packages/airflow/example_dags/example_setup_teardown.py took 0.058 seconds
[2024-04-19T12:27:41.797+0000] {processor.py:161} INFO - Started process (PID=875) to work on /home/airflow/.local/lib/python3.12/site-packages/airflow/example_dags/example_setup_teardown.py
[2024-04-19T12:27:41.798+0000] {processor.py:830} INFO - Processing file /home/airflow/.local/lib/python3.12/site-packages/airflow/example_dags/example_setup_teardown.py for tasks to queue
[2024-04-19T12:27:41.800+0000] {logging_mixin.py:188} INFO - [2024-04-19T12:27:41.799+0000] {dagbag.py:540} INFO - Filling up the DagBag from /home/airflow/.local/lib/python3.12/site-packages/airflow/example_dags/example_setup_teardown.py
[2024-04-19T12:27:41.806+0000] {processor.py:840} INFO - DAG(s) 'example_setup_teardown' retrieved from /home/airflow/.local/lib/python3.12/site-packages/airflow/example_dags/example_setup_teardown.py
[2024-04-19T12:27:41.824+0000] {logging_mixin.py:188} INFO - [2024-04-19T12:27:41.823+0000] {dag.py:3096} INFO - Sync 1 DAGs
[2024-04-19T12:27:41.839+0000] {logging_mixin.py:188} INFO - [2024-04-19T12:27:41.839+0000] {dag.py:3954} INFO - Setting next_dagrun for example_setup_teardown to 2024-04-18 00:00:00+00:00, run_after=2024-04-19 00:00:00+00:00
[2024-04-19T12:27:41.857+0000] {processor.py:183} INFO - Processing /home/airflow/.local/lib/python3.12/site-packages/airflow/example_dags/example_setup_teardown.py took 0.066 seconds
[2024-04-19T12:28:12.026+0000] {processor.py:161} INFO - Started process (PID=933) to work on /home/airflow/.local/lib/python3.12/site-packages/airflow/example_dags/example_setup_teardown.py
[2024-04-19T12:28:12.027+0000] {processor.py:830} INFO - Processing file /home/airflow/.local/lib/python3.12/site-packages/airflow/example_dags/example_setup_teardown.py for tasks to queue
[2024-04-19T12:28:12.029+0000] {logging_mixin.py:188} INFO - [2024-04-19T12:28:12.029+0000] {dagbag.py:540} INFO - Filling up the DagBag from /home/airflow/.local/lib/python3.12/site-packages/airflow/example_dags/example_setup_teardown.py
[2024-04-19T12:28:12.036+0000] {processor.py:840} INFO - DAG(s) 'example_setup_teardown' retrieved from /home/airflow/.local/lib/python3.12/site-packages/airflow/example_dags/example_setup_teardown.py
[2024-04-19T12:28:12.055+0000] {logging_mixin.py:188} INFO - [2024-04-19T12:28:12.055+0000] {dag.py:3096} INFO - Sync 1 DAGs
[2024-04-19T12:28:12.076+0000] {logging_mixin.py:188} INFO - [2024-04-19T12:28:12.076+0000] {dag.py:3954} INFO - Setting next_dagrun for example_setup_teardown to 2024-04-18 00:00:00+00:00, run_after=2024-04-19 00:00:00+00:00
[2024-04-19T12:28:12.107+0000] {processor.py:183} INFO - Processing /home/airflow/.local/lib/python3.12/site-packages/airflow/example_dags/example_setup_teardown.py took 0.085 seconds
[2024-04-19T12:28:42.931+0000] {processor.py:161} INFO - Started process (PID=991) to work on /home/airflow/.local/lib/python3.12/site-packages/airflow/example_dags/example_setup_teardown.py
[2024-04-19T12:28:42.933+0000] {processor.py:830} INFO - Processing file /home/airflow/.local/lib/python3.12/site-packages/airflow/example_dags/example_setup_teardown.py for tasks to queue
[2024-04-19T12:28:42.934+0000] {logging_mixin.py:188} INFO - [2024-04-19T12:28:42.934+0000] {dagbag.py:540} INFO - Filling up the DagBag from /home/airflow/.local/lib/python3.12/site-packages/airflow/example_dags/example_setup_teardown.py
[2024-04-19T12:28:42.938+0000] {processor.py:840} INFO - DAG(s) 'example_setup_teardown' retrieved from /home/airflow/.local/lib/python3.12/site-packages/airflow/example_dags/example_setup_teardown.py
[2024-04-19T12:28:42.951+0000] {logging_mixin.py:188} INFO - [2024-04-19T12:28:42.950+0000] {dag.py:3096} INFO - Sync 1 DAGs
[2024-04-19T12:28:42.964+0000] {logging_mixin.py:188} INFO - [2024-04-19T12:28:42.964+0000] {dag.py:3954} INFO - Setting next_dagrun for example_setup_teardown to 2024-04-18 00:00:00+00:00, run_after=2024-04-19 00:00:00+00:00
[2024-04-19T12:28:42.979+0000] {processor.py:183} INFO - Processing /home/airflow/.local/lib/python3.12/site-packages/airflow/example_dags/example_setup_teardown.py took 0.053 seconds
[2024-04-19T12:29:13.586+0000] {processor.py:161} INFO - Started process (PID=1049) to work on /home/airflow/.local/lib/python3.12/site-packages/airflow/example_dags/example_setup_teardown.py
[2024-04-19T12:29:13.587+0000] {processor.py:830} INFO - Processing file /home/airflow/.local/lib/python3.12/site-packages/airflow/example_dags/example_setup_teardown.py for tasks to queue
[2024-04-19T12:29:13.588+0000] {logging_mixin.py:188} INFO - [2024-04-19T12:29:13.588+0000] {dagbag.py:540} INFO - Filling up the DagBag from /home/airflow/.local/lib/python3.12/site-packages/airflow/example_dags/example_setup_teardown.py
[2024-04-19T12:29:13.594+0000] {processor.py:840} INFO - DAG(s) 'example_setup_teardown' retrieved from /home/airflow/.local/lib/python3.12/site-packages/airflow/example_dags/example_setup_teardown.py
[2024-04-19T12:29:13.611+0000] {logging_mixin.py:188} INFO - [2024-04-19T12:29:13.610+0000] {dag.py:3096} INFO - Sync 1 DAGs
[2024-04-19T12:29:13.626+0000] {logging_mixin.py:188} INFO - [2024-04-19T12:29:13.625+0000] {dag.py:3954} INFO - Setting next_dagrun for example_setup_teardown to 2024-04-18 00:00:00+00:00, run_after=2024-04-19 00:00:00+00:00
[2024-04-19T12:29:13.641+0000] {processor.py:183} INFO - Processing /home/airflow/.local/lib/python3.12/site-packages/airflow/example_dags/example_setup_teardown.py took 0.061 seconds
[2024-04-19T12:29:43.910+0000] {processor.py:161} INFO - Started process (PID=1107) to work on /home/airflow/.local/lib/python3.12/site-packages/airflow/example_dags/example_setup_teardown.py
[2024-04-19T12:29:43.911+0000] {processor.py:830} INFO - Processing file /home/airflow/.local/lib/python3.12/site-packages/airflow/example_dags/example_setup_teardown.py for tasks to queue
[2024-04-19T12:29:43.913+0000] {logging_mixin.py:188} INFO - [2024-04-19T12:29:43.913+0000] {dagbag.py:540} INFO - Filling up the DagBag from /home/airflow/.local/lib/python3.12/site-packages/airflow/example_dags/example_setup_teardown.py
[2024-04-19T12:29:43.922+0000] {processor.py:840} INFO - DAG(s) 'example_setup_teardown' retrieved from /home/airflow/.local/lib/python3.12/site-packages/airflow/example_dags/example_setup_teardown.py
[2024-04-19T12:29:43.934+0000] {logging_mixin.py:188} INFO - [2024-04-19T12:29:43.934+0000] {dag.py:3096} INFO - Sync 1 DAGs
[2024-04-19T12:29:43.954+0000] {logging_mixin.py:188} INFO - [2024-04-19T12:29:43.954+0000] {dag.py:3954} INFO - Setting next_dagrun for example_setup_teardown to 2024-04-18 00:00:00+00:00, run_after=2024-04-19 00:00:00+00:00
[2024-04-19T12:29:43.970+0000] {processor.py:183} INFO - Processing /home/airflow/.local/lib/python3.12/site-packages/airflow/example_dags/example_setup_teardown.py took 0.064 seconds
[2024-04-19T12:30:14.892+0000] {processor.py:161} INFO - Started process (PID=1165) to work on /home/airflow/.local/lib/python3.12/site-packages/airflow/example_dags/example_setup_teardown.py
[2024-04-19T12:30:14.893+0000] {processor.py:830} INFO - Processing file /home/airflow/.local/lib/python3.12/site-packages/airflow/example_dags/example_setup_teardown.py for tasks to queue
[2024-04-19T12:30:14.894+0000] {logging_mixin.py:188} INFO - [2024-04-19T12:30:14.894+0000] {dagbag.py:540} INFO - Filling up the DagBag from /home/airflow/.local/lib/python3.12/site-packages/airflow/example_dags/example_setup_teardown.py
[2024-04-19T12:30:14.898+0000] {processor.py:840} INFO - DAG(s) 'example_setup_teardown' retrieved from /home/airflow/.local/lib/python3.12/site-packages/airflow/example_dags/example_setup_teardown.py
[2024-04-19T12:30:15.052+0000] {logging_mixin.py:188} INFO - [2024-04-19T12:30:15.052+0000] {dag.py:3096} INFO - Sync 1 DAGs
[2024-04-19T12:30:15.064+0000] {logging_mixin.py:188} INFO - [2024-04-19T12:30:15.064+0000] {dag.py:3954} INFO - Setting next_dagrun for example_setup_teardown to 2024-04-18 00:00:00+00:00, run_after=2024-04-19 00:00:00+00:00
[2024-04-19T12:30:15.077+0000] {processor.py:183} INFO - Processing /home/airflow/.local/lib/python3.12/site-packages/airflow/example_dags/example_setup_teardown.py took 0.190 seconds
[2024-04-19T12:30:45.300+0000] {processor.py:161} INFO - Started process (PID=1223) to work on /home/airflow/.local/lib/python3.12/site-packages/airflow/example_dags/example_setup_teardown.py
[2024-04-19T12:30:45.300+0000] {processor.py:830} INFO - Processing file /home/airflow/.local/lib/python3.12/site-packages/airflow/example_dags/example_setup_teardown.py for tasks to queue
[2024-04-19T12:30:45.301+0000] {logging_mixin.py:188} INFO - [2024-04-19T12:30:45.301+0000] {dagbag.py:540} INFO - Filling up the DagBag from /home/airflow/.local/lib/python3.12/site-packages/airflow/example_dags/example_setup_teardown.py
[2024-04-19T12:30:45.305+0000] {processor.py:840} INFO - DAG(s) 'example_setup_teardown' retrieved from /home/airflow/.local/lib/python3.12/site-packages/airflow/example_dags/example_setup_teardown.py
[2024-04-19T12:30:45.318+0000] {logging_mixin.py:188} INFO - [2024-04-19T12:30:45.318+0000] {dag.py:3096} INFO - Sync 1 DAGs
[2024-04-19T12:30:45.333+0000] {logging_mixin.py:188} INFO - [2024-04-19T12:30:45.333+0000] {dag.py:3954} INFO - Setting next_dagrun for example_setup_teardown to 2024-04-18 00:00:00+00:00, run_after=2024-04-19 00:00:00+00:00
[2024-04-19T12:30:45.347+0000] {processor.py:183} INFO - Processing /home/airflow/.local/lib/python3.12/site-packages/airflow/example_dags/example_setup_teardown.py took 0.051 seconds
[2024-04-19T12:31:15.699+0000] {processor.py:161} INFO - Started process (PID=1281) to work on /home/airflow/.local/lib/python3.12/site-packages/airflow/example_dags/example_setup_teardown.py
[2024-04-19T12:31:15.700+0000] {processor.py:830} INFO - Processing file /home/airflow/.local/lib/python3.12/site-packages/airflow/example_dags/example_setup_teardown.py for tasks to queue
[2024-04-19T12:31:15.701+0000] {logging_mixin.py:188} INFO - [2024-04-19T12:31:15.700+0000] {dagbag.py:540} INFO - Filling up the DagBag from /home/airflow/.local/lib/python3.12/site-packages/airflow/example_dags/example_setup_teardown.py
[2024-04-19T12:31:15.705+0000] {processor.py:840} INFO - DAG(s) 'example_setup_teardown' retrieved from /home/airflow/.local/lib/python3.12/site-packages/airflow/example_dags/example_setup_teardown.py
[2024-04-19T12:31:15.718+0000] {logging_mixin.py:188} INFO - [2024-04-19T12:31:15.718+0000] {dag.py:3096} INFO - Sync 1 DAGs
[2024-04-19T12:31:15.732+0000] {logging_mixin.py:188} INFO - [2024-04-19T12:31:15.732+0000] {dag.py:3954} INFO - Setting next_dagrun for example_setup_teardown to 2024-04-18 00:00:00+00:00, run_after=2024-04-19 00:00:00+00:00
[2024-04-19T12:31:15.748+0000] {processor.py:183} INFO - Processing /home/airflow/.local/lib/python3.12/site-packages/airflow/example_dags/example_setup_teardown.py took 0.053 seconds
[2024-04-19T12:31:46.036+0000] {processor.py:161} INFO - Started process (PID=1338) to work on /home/airflow/.local/lib/python3.12/site-packages/airflow/example_dags/example_setup_teardown.py
[2024-04-19T12:31:46.036+0000] {processor.py:830} INFO - Processing file /home/airflow/.local/lib/python3.12/site-packages/airflow/example_dags/example_setup_teardown.py for tasks to queue
[2024-04-19T12:31:46.038+0000] {logging_mixin.py:188} INFO - [2024-04-19T12:31:46.037+0000] {dagbag.py:540} INFO - Filling up the DagBag from /home/airflow/.local/lib/python3.12/site-packages/airflow/example_dags/example_setup_teardown.py
[2024-04-19T12:31:46.042+0000] {processor.py:840} INFO - DAG(s) 'example_setup_teardown' retrieved from /home/airflow/.local/lib/python3.12/site-packages/airflow/example_dags/example_setup_teardown.py
[2024-04-19T12:31:46.056+0000] {logging_mixin.py:188} INFO - [2024-04-19T12:31:46.056+0000] {dag.py:3096} INFO - Sync 1 DAGs
[2024-04-19T12:31:46.072+0000] {logging_mixin.py:188} INFO - [2024-04-19T12:31:46.072+0000] {dag.py:3954} INFO - Setting next_dagrun for example_setup_teardown to 2024-04-18 00:00:00+00:00, run_after=2024-04-19 00:00:00+00:00
[2024-04-19T12:31:46.090+0000] {processor.py:183} INFO - Processing /home/airflow/.local/lib/python3.12/site-packages/airflow/example_dags/example_setup_teardown.py took 0.059 seconds
[2024-04-19T12:32:16.503+0000] {processor.py:161} INFO - Started process (PID=1396) to work on /home/airflow/.local/lib/python3.12/site-packages/airflow/example_dags/example_setup_teardown.py
[2024-04-19T12:32:16.505+0000] {processor.py:830} INFO - Processing file /home/airflow/.local/lib/python3.12/site-packages/airflow/example_dags/example_setup_teardown.py for tasks to queue
[2024-04-19T12:32:16.509+0000] {logging_mixin.py:188} INFO - [2024-04-19T12:32:16.508+0000] {dagbag.py:540} INFO - Filling up the DagBag from /home/airflow/.local/lib/python3.12/site-packages/airflow/example_dags/example_setup_teardown.py
[2024-04-19T12:32:16.519+0000] {processor.py:840} INFO - DAG(s) 'example_setup_teardown' retrieved from /home/airflow/.local/lib/python3.12/site-packages/airflow/example_dags/example_setup_teardown.py
[2024-04-19T12:32:16.551+0000] {logging_mixin.py:188} INFO - [2024-04-19T12:32:16.550+0000] {dag.py:3096} INFO - Sync 1 DAGs
[2024-04-19T12:32:16.578+0000] {logging_mixin.py:188} INFO - [2024-04-19T12:32:16.578+0000] {dag.py:3954} INFO - Setting next_dagrun for example_setup_teardown to 2024-04-18 00:00:00+00:00, run_after=2024-04-19 00:00:00+00:00
[2024-04-19T12:32:16.604+0000] {processor.py:183} INFO - Processing /home/airflow/.local/lib/python3.12/site-packages/airflow/example_dags/example_setup_teardown.py took 0.111 seconds
[2024-04-19T12:32:46.978+0000] {processor.py:161} INFO - Started process (PID=1454) to work on /home/airflow/.local/lib/python3.12/site-packages/airflow/example_dags/example_setup_teardown.py
[2024-04-19T12:32:46.978+0000] {processor.py:830} INFO - Processing file /home/airflow/.local/lib/python3.12/site-packages/airflow/example_dags/example_setup_teardown.py for tasks to queue
[2024-04-19T12:32:46.980+0000] {logging_mixin.py:188} INFO - [2024-04-19T12:32:46.979+0000] {dagbag.py:540} INFO - Filling up the DagBag from /home/airflow/.local/lib/python3.12/site-packages/airflow/example_dags/example_setup_teardown.py
[2024-04-19T12:32:46.985+0000] {processor.py:840} INFO - DAG(s) 'example_setup_teardown' retrieved from /home/airflow/.local/lib/python3.12/site-packages/airflow/example_dags/example_setup_teardown.py
[2024-04-19T12:32:46.999+0000] {logging_mixin.py:188} INFO - [2024-04-19T12:32:46.998+0000] {dag.py:3096} INFO - Sync 1 DAGs
[2024-04-19T12:32:47.014+0000] {logging_mixin.py:188} INFO - [2024-04-19T12:32:47.014+0000] {dag.py:3954} INFO - Setting next_dagrun for example_setup_teardown to 2024-04-18 00:00:00+00:00, run_after=2024-04-19 00:00:00+00:00
[2024-04-19T12:32:47.030+0000] {processor.py:183} INFO - Processing /home/airflow/.local/lib/python3.12/site-packages/airflow/example_dags/example_setup_teardown.py took 0.059 seconds
[2024-04-19T12:33:17.366+0000] {processor.py:161} INFO - Started process (PID=1512) to work on /home/airflow/.local/lib/python3.12/site-packages/airflow/example_dags/example_setup_teardown.py
[2024-04-19T12:33:17.367+0000] {processor.py:830} INFO - Processing file /home/airflow/.local/lib/python3.12/site-packages/airflow/example_dags/example_setup_teardown.py for tasks to queue
[2024-04-19T12:33:17.368+0000] {logging_mixin.py:188} INFO - [2024-04-19T12:33:17.368+0000] {dagbag.py:540} INFO - Filling up the DagBag from /home/airflow/.local/lib/python3.12/site-packages/airflow/example_dags/example_setup_teardown.py
[2024-04-19T12:33:17.372+0000] {processor.py:840} INFO - DAG(s) 'example_setup_teardown' retrieved from /home/airflow/.local/lib/python3.12/site-packages/airflow/example_dags/example_setup_teardown.py
[2024-04-19T12:33:17.386+0000] {logging_mixin.py:188} INFO - [2024-04-19T12:33:17.386+0000] {dag.py:3096} INFO - Sync 1 DAGs
[2024-04-19T12:33:17.401+0000] {logging_mixin.py:188} INFO - [2024-04-19T12:33:17.400+0000] {dag.py:3954} INFO - Setting next_dagrun for example_setup_teardown to 2024-04-18 00:00:00+00:00, run_after=2024-04-19 00:00:00+00:00
[2024-04-19T12:33:17.416+0000] {processor.py:183} INFO - Processing /home/airflow/.local/lib/python3.12/site-packages/airflow/example_dags/example_setup_teardown.py took 0.054 seconds
[2024-04-19T12:33:47.792+0000] {processor.py:161} INFO - Started process (PID=1570) to work on /home/airflow/.local/lib/python3.12/site-packages/airflow/example_dags/example_setup_teardown.py
[2024-04-19T12:33:47.793+0000] {processor.py:830} INFO - Processing file /home/airflow/.local/lib/python3.12/site-packages/airflow/example_dags/example_setup_teardown.py for tasks to queue
[2024-04-19T12:33:47.794+0000] {logging_mixin.py:188} INFO - [2024-04-19T12:33:47.794+0000] {dagbag.py:540} INFO - Filling up the DagBag from /home/airflow/.local/lib/python3.12/site-packages/airflow/example_dags/example_setup_teardown.py
[2024-04-19T12:33:47.800+0000] {processor.py:840} INFO - DAG(s) 'example_setup_teardown' retrieved from /home/airflow/.local/lib/python3.12/site-packages/airflow/example_dags/example_setup_teardown.py
[2024-04-19T12:33:47.817+0000] {logging_mixin.py:188} INFO - [2024-04-19T12:33:47.817+0000] {dag.py:3096} INFO - Sync 1 DAGs
[2024-04-19T12:33:47.833+0000] {logging_mixin.py:188} INFO - [2024-04-19T12:33:47.833+0000] {dag.py:3954} INFO - Setting next_dagrun for example_setup_teardown to 2024-04-18 00:00:00+00:00, run_after=2024-04-19 00:00:00+00:00
[2024-04-19T12:33:47.847+0000] {processor.py:183} INFO - Processing /home/airflow/.local/lib/python3.12/site-packages/airflow/example_dags/example_setup_teardown.py took 0.061 seconds
