[2024-04-19T12:17:11.681+0000] {processor.py:161} INFO - Started process (PID=46) to work on /home/airflow/.local/lib/python3.12/site-packages/airflow/example_dags/example_branch_python_dop_operator_3.py
[2024-04-19T12:17:11.682+0000] {processor.py:830} INFO - Processing file /home/airflow/.local/lib/python3.12/site-packages/airflow/example_dags/example_branch_python_dop_operator_3.py for tasks to queue
[2024-04-19T12:17:11.684+0000] {logging_mixin.py:188} INFO - [2024-04-19T12:17:11.684+0000] {dagbag.py:540} INFO - Filling up the DagBag from /home/airflow/.local/lib/python3.12/site-packages/airflow/example_dags/example_branch_python_dop_operator_3.py
[2024-04-19T12:17:11.692+0000] {processor.py:840} INFO - DAG(s) 'example_branch_dop_operator_v3' retrieved from /home/airflow/.local/lib/python3.12/site-packages/airflow/example_dags/example_branch_python_dop_operator_3.py
[2024-04-19T12:17:11.706+0000] {logging_mixin.py:188} INFO - [2024-04-19T12:17:11.705+0000] {dag.py:3096} INFO - Sync 1 DAGs
[2024-04-19T12:17:11.741+0000] {logging_mixin.py:188} INFO - [2024-04-19T12:17:11.741+0000] {dag.py:3954} INFO - Setting next_dagrun for example_branch_dop_operator_v3 to 2024-04-19 12:16:00+00:00, run_after=2024-04-19 12:17:00+00:00
[2024-04-19T12:17:11.767+0000] {processor.py:183} INFO - Processing /home/airflow/.local/lib/python3.12/site-packages/airflow/example_dags/example_branch_python_dop_operator_3.py took 0.090 seconds
[2024-04-19T12:17:42.107+0000] {processor.py:161} INFO - Started process (PID=104) to work on /home/airflow/.local/lib/python3.12/site-packages/airflow/example_dags/example_branch_python_dop_operator_3.py
[2024-04-19T12:17:42.108+0000] {processor.py:830} INFO - Processing file /home/airflow/.local/lib/python3.12/site-packages/airflow/example_dags/example_branch_python_dop_operator_3.py for tasks to queue
[2024-04-19T12:17:42.109+0000] {logging_mixin.py:188} INFO - [2024-04-19T12:17:42.109+0000] {dagbag.py:540} INFO - Filling up the DagBag from /home/airflow/.local/lib/python3.12/site-packages/airflow/example_dags/example_branch_python_dop_operator_3.py
[2024-04-19T12:17:42.115+0000] {processor.py:840} INFO - DAG(s) 'example_branch_dop_operator_v3' retrieved from /home/airflow/.local/lib/python3.12/site-packages/airflow/example_dags/example_branch_python_dop_operator_3.py
[2024-04-19T12:17:42.178+0000] {logging_mixin.py:188} INFO - [2024-04-19T12:17:42.178+0000] {dag.py:3096} INFO - Sync 1 DAGs
[2024-04-19T12:17:42.192+0000] {logging_mixin.py:188} INFO - [2024-04-19T12:17:42.192+0000] {dag.py:3954} INFO - Setting next_dagrun for example_branch_dop_operator_v3 to 2024-04-19 12:16:00+00:00, run_after=2024-04-19 12:17:00+00:00
[2024-04-19T12:17:42.207+0000] {processor.py:183} INFO - Processing /home/airflow/.local/lib/python3.12/site-packages/airflow/example_dags/example_branch_python_dop_operator_3.py took 0.103 seconds
[2024-04-19T12:18:13.146+0000] {processor.py:161} INFO - Started process (PID=162) to work on /home/airflow/.local/lib/python3.12/site-packages/airflow/example_dags/example_branch_python_dop_operator_3.py
[2024-04-19T12:18:13.148+0000] {processor.py:830} INFO - Processing file /home/airflow/.local/lib/python3.12/site-packages/airflow/example_dags/example_branch_python_dop_operator_3.py for tasks to queue
[2024-04-19T12:18:13.150+0000] {logging_mixin.py:188} INFO - [2024-04-19T12:18:13.149+0000] {dagbag.py:540} INFO - Filling up the DagBag from /home/airflow/.local/lib/python3.12/site-packages/airflow/example_dags/example_branch_python_dop_operator_3.py
[2024-04-19T12:18:13.155+0000] {processor.py:840} INFO - DAG(s) 'example_branch_dop_operator_v3' retrieved from /home/airflow/.local/lib/python3.12/site-packages/airflow/example_dags/example_branch_python_dop_operator_3.py
[2024-04-19T12:18:13.170+0000] {logging_mixin.py:188} INFO - [2024-04-19T12:18:13.170+0000] {dag.py:3096} INFO - Sync 1 DAGs
[2024-04-19T12:18:13.186+0000] {logging_mixin.py:188} INFO - [2024-04-19T12:18:13.186+0000] {dag.py:3954} INFO - Setting next_dagrun for example_branch_dop_operator_v3 to 2024-04-19 12:17:00+00:00, run_after=2024-04-19 12:18:00+00:00
[2024-04-19T12:18:13.206+0000] {processor.py:183} INFO - Processing /home/airflow/.local/lib/python3.12/site-packages/airflow/example_dags/example_branch_python_dop_operator_3.py took 0.071 seconds
[2024-04-19T12:18:43.529+0000] {processor.py:161} INFO - Started process (PID=220) to work on /home/airflow/.local/lib/python3.12/site-packages/airflow/example_dags/example_branch_python_dop_operator_3.py
[2024-04-19T12:18:43.529+0000] {processor.py:830} INFO - Processing file /home/airflow/.local/lib/python3.12/site-packages/airflow/example_dags/example_branch_python_dop_operator_3.py for tasks to queue
[2024-04-19T12:18:43.531+0000] {logging_mixin.py:188} INFO - [2024-04-19T12:18:43.531+0000] {dagbag.py:540} INFO - Filling up the DagBag from /home/airflow/.local/lib/python3.12/site-packages/airflow/example_dags/example_branch_python_dop_operator_3.py
[2024-04-19T12:18:43.536+0000] {processor.py:840} INFO - DAG(s) 'example_branch_dop_operator_v3' retrieved from /home/airflow/.local/lib/python3.12/site-packages/airflow/example_dags/example_branch_python_dop_operator_3.py
[2024-04-19T12:18:43.550+0000] {logging_mixin.py:188} INFO - [2024-04-19T12:18:43.550+0000] {dag.py:3096} INFO - Sync 1 DAGs
[2024-04-19T12:20:33.553+0000] {processor.py:161} INFO - Started process (PID=46) to work on /home/airflow/.local/lib/python3.12/site-packages/airflow/example_dags/example_branch_python_dop_operator_3.py
[2024-04-19T12:20:33.554+0000] {processor.py:830} INFO - Processing file /home/airflow/.local/lib/python3.12/site-packages/airflow/example_dags/example_branch_python_dop_operator_3.py for tasks to queue
[2024-04-19T12:20:33.555+0000] {logging_mixin.py:188} INFO - [2024-04-19T12:20:33.555+0000] {dagbag.py:540} INFO - Filling up the DagBag from /home/airflow/.local/lib/python3.12/site-packages/airflow/example_dags/example_branch_python_dop_operator_3.py
[2024-04-19T12:20:33.563+0000] {processor.py:840} INFO - DAG(s) 'example_branch_dop_operator_v3' retrieved from /home/airflow/.local/lib/python3.12/site-packages/airflow/example_dags/example_branch_python_dop_operator_3.py
[2024-04-19T12:20:33.577+0000] {logging_mixin.py:188} INFO - [2024-04-19T12:20:33.577+0000] {dag.py:3096} INFO - Sync 1 DAGs
[2024-04-19T12:20:33.603+0000] {logging_mixin.py:188} INFO - [2024-04-19T12:20:33.603+0000] {dag.py:3954} INFO - Setting next_dagrun for example_branch_dop_operator_v3 to 2024-04-19 12:19:00+00:00, run_after=2024-04-19 12:20:00+00:00
[2024-04-19T12:20:33.622+0000] {processor.py:183} INFO - Processing /home/airflow/.local/lib/python3.12/site-packages/airflow/example_dags/example_branch_python_dop_operator_3.py took 0.074 seconds
[2024-04-19T12:21:03.909+0000] {processor.py:161} INFO - Started process (PID=104) to work on /home/airflow/.local/lib/python3.12/site-packages/airflow/example_dags/example_branch_python_dop_operator_3.py
[2024-04-19T12:21:03.910+0000] {processor.py:830} INFO - Processing file /home/airflow/.local/lib/python3.12/site-packages/airflow/example_dags/example_branch_python_dop_operator_3.py for tasks to queue
[2024-04-19T12:21:03.912+0000] {logging_mixin.py:188} INFO - [2024-04-19T12:21:03.912+0000] {dagbag.py:540} INFO - Filling up the DagBag from /home/airflow/.local/lib/python3.12/site-packages/airflow/example_dags/example_branch_python_dop_operator_3.py
[2024-04-19T12:21:03.919+0000] {processor.py:840} INFO - DAG(s) 'example_branch_dop_operator_v3' retrieved from /home/airflow/.local/lib/python3.12/site-packages/airflow/example_dags/example_branch_python_dop_operator_3.py
[2024-04-19T12:21:03.986+0000] {logging_mixin.py:188} INFO - [2024-04-19T12:21:03.985+0000] {dag.py:3096} INFO - Sync 1 DAGs
[2024-04-19T12:21:04.002+0000] {logging_mixin.py:188} INFO - [2024-04-19T12:21:04.002+0000] {dag.py:3954} INFO - Setting next_dagrun for example_branch_dop_operator_v3 to 2024-04-19 12:20:00+00:00, run_after=2024-04-19 12:21:00+00:00
[2024-04-19T12:21:04.021+0000] {processor.py:183} INFO - Processing /home/airflow/.local/lib/python3.12/site-packages/airflow/example_dags/example_branch_python_dop_operator_3.py took 0.116 seconds
[2024-04-19T12:21:34.175+0000] {processor.py:161} INFO - Started process (PID=162) to work on /home/airflow/.local/lib/python3.12/site-packages/airflow/example_dags/example_branch_python_dop_operator_3.py
[2024-04-19T12:21:34.176+0000] {processor.py:830} INFO - Processing file /home/airflow/.local/lib/python3.12/site-packages/airflow/example_dags/example_branch_python_dop_operator_3.py for tasks to queue
[2024-04-19T12:21:34.177+0000] {logging_mixin.py:188} INFO - [2024-04-19T12:21:34.177+0000] {dagbag.py:540} INFO - Filling up the DagBag from /home/airflow/.local/lib/python3.12/site-packages/airflow/example_dags/example_branch_python_dop_operator_3.py
[2024-04-19T12:21:34.183+0000] {processor.py:840} INFO - DAG(s) 'example_branch_dop_operator_v3' retrieved from /home/airflow/.local/lib/python3.12/site-packages/airflow/example_dags/example_branch_python_dop_operator_3.py
[2024-04-19T12:21:34.197+0000] {logging_mixin.py:188} INFO - [2024-04-19T12:21:34.196+0000] {dag.py:3096} INFO - Sync 1 DAGs
[2024-04-19T12:21:34.213+0000] {logging_mixin.py:188} INFO - [2024-04-19T12:21:34.213+0000] {dag.py:3954} INFO - Setting next_dagrun for example_branch_dop_operator_v3 to 2024-04-19 12:20:00+00:00, run_after=2024-04-19 12:21:00+00:00
[2024-04-19T12:21:34.229+0000] {processor.py:183} INFO - Processing /home/airflow/.local/lib/python3.12/site-packages/airflow/example_dags/example_branch_python_dop_operator_3.py took 0.057 seconds
[2024-04-19T12:22:04.474+0000] {processor.py:161} INFO - Started process (PID=220) to work on /home/airflow/.local/lib/python3.12/site-packages/airflow/example_dags/example_branch_python_dop_operator_3.py
[2024-04-19T12:22:04.475+0000] {processor.py:830} INFO - Processing file /home/airflow/.local/lib/python3.12/site-packages/airflow/example_dags/example_branch_python_dop_operator_3.py for tasks to queue
[2024-04-19T12:22:04.476+0000] {logging_mixin.py:188} INFO - [2024-04-19T12:22:04.476+0000] {dagbag.py:540} INFO - Filling up the DagBag from /home/airflow/.local/lib/python3.12/site-packages/airflow/example_dags/example_branch_python_dop_operator_3.py
[2024-04-19T12:22:04.482+0000] {processor.py:840} INFO - DAG(s) 'example_branch_dop_operator_v3' retrieved from /home/airflow/.local/lib/python3.12/site-packages/airflow/example_dags/example_branch_python_dop_operator_3.py
[2024-04-19T12:22:04.497+0000] {logging_mixin.py:188} INFO - [2024-04-19T12:22:04.497+0000] {dag.py:3096} INFO - Sync 1 DAGs
[2024-04-19T12:22:04.514+0000] {logging_mixin.py:188} INFO - [2024-04-19T12:22:04.514+0000] {dag.py:3954} INFO - Setting next_dagrun for example_branch_dop_operator_v3 to 2024-04-19 12:21:00+00:00, run_after=2024-04-19 12:22:00+00:00
[2024-04-19T12:22:04.530+0000] {processor.py:183} INFO - Processing /home/airflow/.local/lib/python3.12/site-packages/airflow/example_dags/example_branch_python_dop_operator_3.py took 0.060 seconds
[2024-04-19T12:22:34.858+0000] {processor.py:161} INFO - Started process (PID=278) to work on /home/airflow/.local/lib/python3.12/site-packages/airflow/example_dags/example_branch_python_dop_operator_3.py
[2024-04-19T12:22:34.858+0000] {processor.py:830} INFO - Processing file /home/airflow/.local/lib/python3.12/site-packages/airflow/example_dags/example_branch_python_dop_operator_3.py for tasks to queue
[2024-04-19T12:22:34.861+0000] {logging_mixin.py:188} INFO - [2024-04-19T12:22:34.860+0000] {dagbag.py:540} INFO - Filling up the DagBag from /home/airflow/.local/lib/python3.12/site-packages/airflow/example_dags/example_branch_python_dop_operator_3.py
[2024-04-19T12:22:34.867+0000] {processor.py:840} INFO - DAG(s) 'example_branch_dop_operator_v3' retrieved from /home/airflow/.local/lib/python3.12/site-packages/airflow/example_dags/example_branch_python_dop_operator_3.py
[2024-04-19T12:22:34.880+0000] {logging_mixin.py:188} INFO - [2024-04-19T12:22:34.880+0000] {dag.py:3096} INFO - Sync 1 DAGs
[2024-04-19T12:22:34.898+0000] {logging_mixin.py:188} INFO - [2024-04-19T12:22:34.898+0000] {dag.py:3954} INFO - Setting next_dagrun for example_branch_dop_operator_v3 to 2024-04-19 12:21:00+00:00, run_after=2024-04-19 12:22:00+00:00
[2024-04-19T12:22:34.912+0000] {processor.py:183} INFO - Processing /home/airflow/.local/lib/python3.12/site-packages/airflow/example_dags/example_branch_python_dop_operator_3.py took 0.058 seconds
[2024-04-19T12:23:05.169+0000] {processor.py:161} INFO - Started process (PID=336) to work on /home/airflow/.local/lib/python3.12/site-packages/airflow/example_dags/example_branch_python_dop_operator_3.py
[2024-04-19T12:23:05.170+0000] {processor.py:830} INFO - Processing file /home/airflow/.local/lib/python3.12/site-packages/airflow/example_dags/example_branch_python_dop_operator_3.py for tasks to queue
[2024-04-19T12:23:05.171+0000] {logging_mixin.py:188} INFO - [2024-04-19T12:23:05.171+0000] {dagbag.py:540} INFO - Filling up the DagBag from /home/airflow/.local/lib/python3.12/site-packages/airflow/example_dags/example_branch_python_dop_operator_3.py
[2024-04-19T12:23:05.178+0000] {processor.py:840} INFO - DAG(s) 'example_branch_dop_operator_v3' retrieved from /home/airflow/.local/lib/python3.12/site-packages/airflow/example_dags/example_branch_python_dop_operator_3.py
[2024-04-19T12:23:05.188+0000] {logging_mixin.py:188} INFO - [2024-04-19T12:23:05.188+0000] {dag.py:3096} INFO - Sync 1 DAGs
[2024-04-19T12:23:05.206+0000] {logging_mixin.py:188} INFO - [2024-04-19T12:23:05.206+0000] {dag.py:3954} INFO - Setting next_dagrun for example_branch_dop_operator_v3 to 2024-04-19 12:22:00+00:00, run_after=2024-04-19 12:23:00+00:00
[2024-04-19T12:23:05.226+0000] {processor.py:183} INFO - Processing /home/airflow/.local/lib/python3.12/site-packages/airflow/example_dags/example_branch_python_dop_operator_3.py took 0.063 seconds
[2024-04-19T12:23:36.248+0000] {processor.py:161} INFO - Started process (PID=395) to work on /home/airflow/.local/lib/python3.12/site-packages/airflow/example_dags/example_branch_python_dop_operator_3.py
[2024-04-19T12:23:36.249+0000] {processor.py:830} INFO - Processing file /home/airflow/.local/lib/python3.12/site-packages/airflow/example_dags/example_branch_python_dop_operator_3.py for tasks to queue
[2024-04-19T12:23:36.250+0000] {logging_mixin.py:188} INFO - [2024-04-19T12:23:36.250+0000] {dagbag.py:540} INFO - Filling up the DagBag from /home/airflow/.local/lib/python3.12/site-packages/airflow/example_dags/example_branch_python_dop_operator_3.py
[2024-04-19T12:23:36.255+0000] {processor.py:840} INFO - DAG(s) 'example_branch_dop_operator_v3' retrieved from /home/airflow/.local/lib/python3.12/site-packages/airflow/example_dags/example_branch_python_dop_operator_3.py
[2024-04-19T12:23:36.316+0000] {logging_mixin.py:188} INFO - [2024-04-19T12:23:36.315+0000] {dag.py:3096} INFO - Sync 1 DAGs
[2024-04-19T12:23:36.329+0000] {logging_mixin.py:188} INFO - [2024-04-19T12:23:36.329+0000] {dag.py:3954} INFO - Setting next_dagrun for example_branch_dop_operator_v3 to 2024-04-19 12:22:00+00:00, run_after=2024-04-19 12:23:00+00:00
[2024-04-19T12:23:36.344+0000] {processor.py:183} INFO - Processing /home/airflow/.local/lib/python3.12/site-packages/airflow/example_dags/example_branch_python_dop_operator_3.py took 0.099 seconds
[2024-04-19T12:24:06.404+0000] {processor.py:161} INFO - Started process (PID=454) to work on /home/airflow/.local/lib/python3.12/site-packages/airflow/example_dags/example_branch_python_dop_operator_3.py
[2024-04-19T12:24:06.405+0000] {processor.py:830} INFO - Processing file /home/airflow/.local/lib/python3.12/site-packages/airflow/example_dags/example_branch_python_dop_operator_3.py for tasks to queue
[2024-04-19T12:24:06.406+0000] {logging_mixin.py:188} INFO - [2024-04-19T12:24:06.406+0000] {dagbag.py:540} INFO - Filling up the DagBag from /home/airflow/.local/lib/python3.12/site-packages/airflow/example_dags/example_branch_python_dop_operator_3.py
[2024-04-19T12:24:06.411+0000] {processor.py:840} INFO - DAG(s) 'example_branch_dop_operator_v3' retrieved from /home/airflow/.local/lib/python3.12/site-packages/airflow/example_dags/example_branch_python_dop_operator_3.py
[2024-04-19T12:24:06.425+0000] {logging_mixin.py:188} INFO - [2024-04-19T12:24:06.425+0000] {dag.py:3096} INFO - Sync 1 DAGs
[2024-04-19T12:24:06.443+0000] {logging_mixin.py:188} INFO - [2024-04-19T12:24:06.443+0000] {dag.py:3954} INFO - Setting next_dagrun for example_branch_dop_operator_v3 to 2024-04-19 12:23:00+00:00, run_after=2024-04-19 12:24:00+00:00
[2024-04-19T12:24:06.459+0000] {processor.py:183} INFO - Processing /home/airflow/.local/lib/python3.12/site-packages/airflow/example_dags/example_branch_python_dop_operator_3.py took 0.060 seconds
[2024-04-19T12:24:36.826+0000] {processor.py:161} INFO - Started process (PID=512) to work on /home/airflow/.local/lib/python3.12/site-packages/airflow/example_dags/example_branch_python_dop_operator_3.py
[2024-04-19T12:24:36.827+0000] {processor.py:830} INFO - Processing file /home/airflow/.local/lib/python3.12/site-packages/airflow/example_dags/example_branch_python_dop_operator_3.py for tasks to queue
[2024-04-19T12:24:36.828+0000] {logging_mixin.py:188} INFO - [2024-04-19T12:24:36.828+0000] {dagbag.py:540} INFO - Filling up the DagBag from /home/airflow/.local/lib/python3.12/site-packages/airflow/example_dags/example_branch_python_dop_operator_3.py
[2024-04-19T12:24:36.834+0000] {processor.py:840} INFO - DAG(s) 'example_branch_dop_operator_v3' retrieved from /home/airflow/.local/lib/python3.12/site-packages/airflow/example_dags/example_branch_python_dop_operator_3.py
[2024-04-19T12:24:36.847+0000] {logging_mixin.py:188} INFO - [2024-04-19T12:24:36.847+0000] {dag.py:3096} INFO - Sync 1 DAGs
[2024-04-19T12:24:36.866+0000] {logging_mixin.py:188} INFO - [2024-04-19T12:24:36.866+0000] {dag.py:3954} INFO - Setting next_dagrun for example_branch_dop_operator_v3 to 2024-04-19 12:23:00+00:00, run_after=2024-04-19 12:24:00+00:00
[2024-04-19T12:24:36.884+0000] {processor.py:183} INFO - Processing /home/airflow/.local/lib/python3.12/site-packages/airflow/example_dags/example_branch_python_dop_operator_3.py took 0.062 seconds
[2024-04-19T12:25:07.415+0000] {processor.py:161} INFO - Started process (PID=570) to work on /home/airflow/.local/lib/python3.12/site-packages/airflow/example_dags/example_branch_python_dop_operator_3.py
[2024-04-19T12:25:07.416+0000] {processor.py:830} INFO - Processing file /home/airflow/.local/lib/python3.12/site-packages/airflow/example_dags/example_branch_python_dop_operator_3.py for tasks to queue
[2024-04-19T12:25:07.419+0000] {logging_mixin.py:188} INFO - [2024-04-19T12:25:07.418+0000] {dagbag.py:540} INFO - Filling up the DagBag from /home/airflow/.local/lib/python3.12/site-packages/airflow/example_dags/example_branch_python_dop_operator_3.py
[2024-04-19T12:25:07.425+0000] {processor.py:840} INFO - DAG(s) 'example_branch_dop_operator_v3' retrieved from /home/airflow/.local/lib/python3.12/site-packages/airflow/example_dags/example_branch_python_dop_operator_3.py
[2024-04-19T12:25:07.441+0000] {logging_mixin.py:188} INFO - [2024-04-19T12:25:07.441+0000] {dag.py:3096} INFO - Sync 1 DAGs
[2024-04-19T12:25:07.460+0000] {logging_mixin.py:188} INFO - [2024-04-19T12:25:07.460+0000] {dag.py:3954} INFO - Setting next_dagrun for example_branch_dop_operator_v3 to 2024-04-19 12:24:00+00:00, run_after=2024-04-19 12:25:00+00:00
[2024-04-19T12:25:07.479+0000] {processor.py:183} INFO - Processing /home/airflow/.local/lib/python3.12/site-packages/airflow/example_dags/example_branch_python_dop_operator_3.py took 0.068 seconds
[2024-04-19T12:25:37.607+0000] {processor.py:161} INFO - Started process (PID=628) to work on /home/airflow/.local/lib/python3.12/site-packages/airflow/example_dags/example_branch_python_dop_operator_3.py
[2024-04-19T12:25:37.608+0000] {processor.py:830} INFO - Processing file /home/airflow/.local/lib/python3.12/site-packages/airflow/example_dags/example_branch_python_dop_operator_3.py for tasks to queue
[2024-04-19T12:25:37.609+0000] {logging_mixin.py:188} INFO - [2024-04-19T12:25:37.609+0000] {dagbag.py:540} INFO - Filling up the DagBag from /home/airflow/.local/lib/python3.12/site-packages/airflow/example_dags/example_branch_python_dop_operator_3.py
[2024-04-19T12:25:37.616+0000] {processor.py:840} INFO - DAG(s) 'example_branch_dop_operator_v3' retrieved from /home/airflow/.local/lib/python3.12/site-packages/airflow/example_dags/example_branch_python_dop_operator_3.py
[2024-04-19T12:25:37.633+0000] {logging_mixin.py:188} INFO - [2024-04-19T12:25:37.633+0000] {dag.py:3096} INFO - Sync 1 DAGs
[2024-04-19T12:25:37.653+0000] {logging_mixin.py:188} INFO - [2024-04-19T12:25:37.653+0000] {dag.py:3954} INFO - Setting next_dagrun for example_branch_dop_operator_v3 to 2024-04-19 12:24:00+00:00, run_after=2024-04-19 12:25:00+00:00
[2024-04-19T12:25:37.672+0000] {processor.py:183} INFO - Processing /home/airflow/.local/lib/python3.12/site-packages/airflow/example_dags/example_branch_python_dop_operator_3.py took 0.069 seconds
[2024-04-19T12:26:07.762+0000] {processor.py:161} INFO - Started process (PID=686) to work on /home/airflow/.local/lib/python3.12/site-packages/airflow/example_dags/example_branch_python_dop_operator_3.py
[2024-04-19T12:26:07.764+0000] {processor.py:830} INFO - Processing file /home/airflow/.local/lib/python3.12/site-packages/airflow/example_dags/example_branch_python_dop_operator_3.py for tasks to queue
[2024-04-19T12:26:07.766+0000] {logging_mixin.py:188} INFO - [2024-04-19T12:26:07.765+0000] {dagbag.py:540} INFO - Filling up the DagBag from /home/airflow/.local/lib/python3.12/site-packages/airflow/example_dags/example_branch_python_dop_operator_3.py
[2024-04-19T12:26:07.772+0000] {processor.py:840} INFO - DAG(s) 'example_branch_dop_operator_v3' retrieved from /home/airflow/.local/lib/python3.12/site-packages/airflow/example_dags/example_branch_python_dop_operator_3.py
[2024-04-19T12:26:07.792+0000] {logging_mixin.py:188} INFO - [2024-04-19T12:26:07.791+0000] {dag.py:3096} INFO - Sync 1 DAGs
[2024-04-19T12:26:07.818+0000] {logging_mixin.py:188} INFO - [2024-04-19T12:26:07.817+0000] {dag.py:3954} INFO - Setting next_dagrun for example_branch_dop_operator_v3 to 2024-04-19 12:25:00+00:00, run_after=2024-04-19 12:26:00+00:00
[2024-04-19T12:26:07.840+0000] {processor.py:183} INFO - Processing /home/airflow/.local/lib/python3.12/site-packages/airflow/example_dags/example_branch_python_dop_operator_3.py took 0.082 seconds
[2024-04-19T12:26:38.149+0000] {processor.py:161} INFO - Started process (PID=744) to work on /home/airflow/.local/lib/python3.12/site-packages/airflow/example_dags/example_branch_python_dop_operator_3.py
[2024-04-19T12:26:38.151+0000] {processor.py:830} INFO - Processing file /home/airflow/.local/lib/python3.12/site-packages/airflow/example_dags/example_branch_python_dop_operator_3.py for tasks to queue
[2024-04-19T12:26:38.153+0000] {logging_mixin.py:188} INFO - [2024-04-19T12:26:38.153+0000] {dagbag.py:540} INFO - Filling up the DagBag from /home/airflow/.local/lib/python3.12/site-packages/airflow/example_dags/example_branch_python_dop_operator_3.py
[2024-04-19T12:26:38.161+0000] {processor.py:840} INFO - DAG(s) 'example_branch_dop_operator_v3' retrieved from /home/airflow/.local/lib/python3.12/site-packages/airflow/example_dags/example_branch_python_dop_operator_3.py
[2024-04-19T12:26:38.179+0000] {logging_mixin.py:188} INFO - [2024-04-19T12:26:38.179+0000] {dag.py:3096} INFO - Sync 1 DAGs
[2024-04-19T12:26:38.200+0000] {logging_mixin.py:188} INFO - [2024-04-19T12:26:38.200+0000] {dag.py:3954} INFO - Setting next_dagrun for example_branch_dop_operator_v3 to 2024-04-19 12:25:00+00:00, run_after=2024-04-19 12:26:00+00:00
[2024-04-19T12:26:38.220+0000] {processor.py:183} INFO - Processing /home/airflow/.local/lib/python3.12/site-packages/airflow/example_dags/example_branch_python_dop_operator_3.py took 0.075 seconds
[2024-04-19T12:27:08.257+0000] {processor.py:161} INFO - Started process (PID=802) to work on /home/airflow/.local/lib/python3.12/site-packages/airflow/example_dags/example_branch_python_dop_operator_3.py
[2024-04-19T12:27:08.258+0000] {processor.py:830} INFO - Processing file /home/airflow/.local/lib/python3.12/site-packages/airflow/example_dags/example_branch_python_dop_operator_3.py for tasks to queue
[2024-04-19T12:27:08.259+0000] {logging_mixin.py:188} INFO - [2024-04-19T12:27:08.259+0000] {dagbag.py:540} INFO - Filling up the DagBag from /home/airflow/.local/lib/python3.12/site-packages/airflow/example_dags/example_branch_python_dop_operator_3.py
[2024-04-19T12:27:08.265+0000] {processor.py:840} INFO - DAG(s) 'example_branch_dop_operator_v3' retrieved from /home/airflow/.local/lib/python3.12/site-packages/airflow/example_dags/example_branch_python_dop_operator_3.py
[2024-04-19T12:27:08.280+0000] {logging_mixin.py:188} INFO - [2024-04-19T12:27:08.280+0000] {dag.py:3096} INFO - Sync 1 DAGs
[2024-04-19T12:27:08.298+0000] {logging_mixin.py:188} INFO - [2024-04-19T12:27:08.298+0000] {dag.py:3954} INFO - Setting next_dagrun for example_branch_dop_operator_v3 to 2024-04-19 12:26:00+00:00, run_after=2024-04-19 12:27:00+00:00
[2024-04-19T12:27:08.313+0000] {processor.py:183} INFO - Processing /home/airflow/.local/lib/python3.12/site-packages/airflow/example_dags/example_branch_python_dop_operator_3.py took 0.060 seconds
[2024-04-19T12:27:39.007+0000] {processor.py:161} INFO - Started process (PID=860) to work on /home/airflow/.local/lib/python3.12/site-packages/airflow/example_dags/example_branch_python_dop_operator_3.py
[2024-04-19T12:27:39.008+0000] {processor.py:830} INFO - Processing file /home/airflow/.local/lib/python3.12/site-packages/airflow/example_dags/example_branch_python_dop_operator_3.py for tasks to queue
[2024-04-19T12:27:39.009+0000] {logging_mixin.py:188} INFO - [2024-04-19T12:27:39.009+0000] {dagbag.py:540} INFO - Filling up the DagBag from /home/airflow/.local/lib/python3.12/site-packages/airflow/example_dags/example_branch_python_dop_operator_3.py
[2024-04-19T12:27:39.016+0000] {processor.py:840} INFO - DAG(s) 'example_branch_dop_operator_v3' retrieved from /home/airflow/.local/lib/python3.12/site-packages/airflow/example_dags/example_branch_python_dop_operator_3.py
[2024-04-19T12:27:39.035+0000] {logging_mixin.py:188} INFO - [2024-04-19T12:27:39.035+0000] {dag.py:3096} INFO - Sync 1 DAGs
[2024-04-19T12:27:39.061+0000] {logging_mixin.py:188} INFO - [2024-04-19T12:27:39.061+0000] {dag.py:3954} INFO - Setting next_dagrun for example_branch_dop_operator_v3 to 2024-04-19 12:26:00+00:00, run_after=2024-04-19 12:27:00+00:00
[2024-04-19T12:27:39.081+0000] {processor.py:183} INFO - Processing /home/airflow/.local/lib/python3.12/site-packages/airflow/example_dags/example_branch_python_dop_operator_3.py took 0.079 seconds
[2024-04-19T12:28:09.172+0000] {processor.py:161} INFO - Started process (PID=918) to work on /home/airflow/.local/lib/python3.12/site-packages/airflow/example_dags/example_branch_python_dop_operator_3.py
[2024-04-19T12:28:09.173+0000] {processor.py:830} INFO - Processing file /home/airflow/.local/lib/python3.12/site-packages/airflow/example_dags/example_branch_python_dop_operator_3.py for tasks to queue
[2024-04-19T12:28:09.174+0000] {logging_mixin.py:188} INFO - [2024-04-19T12:28:09.174+0000] {dagbag.py:540} INFO - Filling up the DagBag from /home/airflow/.local/lib/python3.12/site-packages/airflow/example_dags/example_branch_python_dop_operator_3.py
[2024-04-19T12:28:09.180+0000] {processor.py:840} INFO - DAG(s) 'example_branch_dop_operator_v3' retrieved from /home/airflow/.local/lib/python3.12/site-packages/airflow/example_dags/example_branch_python_dop_operator_3.py
[2024-04-19T12:28:09.195+0000] {logging_mixin.py:188} INFO - [2024-04-19T12:28:09.195+0000] {dag.py:3096} INFO - Sync 1 DAGs
[2024-04-19T12:28:09.211+0000] {logging_mixin.py:188} INFO - [2024-04-19T12:28:09.211+0000] {dag.py:3954} INFO - Setting next_dagrun for example_branch_dop_operator_v3 to 2024-04-19 12:27:00+00:00, run_after=2024-04-19 12:28:00+00:00
[2024-04-19T12:28:09.228+0000] {processor.py:183} INFO - Processing /home/airflow/.local/lib/python3.12/site-packages/airflow/example_dags/example_branch_python_dop_operator_3.py took 0.061 seconds
[2024-04-19T12:28:39.345+0000] {processor.py:161} INFO - Started process (PID=976) to work on /home/airflow/.local/lib/python3.12/site-packages/airflow/example_dags/example_branch_python_dop_operator_3.py
[2024-04-19T12:28:39.346+0000] {processor.py:830} INFO - Processing file /home/airflow/.local/lib/python3.12/site-packages/airflow/example_dags/example_branch_python_dop_operator_3.py for tasks to queue
[2024-04-19T12:28:39.347+0000] {logging_mixin.py:188} INFO - [2024-04-19T12:28:39.347+0000] {dagbag.py:540} INFO - Filling up the DagBag from /home/airflow/.local/lib/python3.12/site-packages/airflow/example_dags/example_branch_python_dop_operator_3.py
[2024-04-19T12:28:39.354+0000] {processor.py:840} INFO - DAG(s) 'example_branch_dop_operator_v3' retrieved from /home/airflow/.local/lib/python3.12/site-packages/airflow/example_dags/example_branch_python_dop_operator_3.py
[2024-04-19T12:28:39.368+0000] {logging_mixin.py:188} INFO - [2024-04-19T12:28:39.368+0000] {dag.py:3096} INFO - Sync 1 DAGs
[2024-04-19T12:28:39.387+0000] {logging_mixin.py:188} INFO - [2024-04-19T12:28:39.387+0000] {dag.py:3954} INFO - Setting next_dagrun for example_branch_dop_operator_v3 to 2024-04-19 12:27:00+00:00, run_after=2024-04-19 12:28:00+00:00
[2024-04-19T12:28:39.405+0000] {processor.py:183} INFO - Processing /home/airflow/.local/lib/python3.12/site-packages/airflow/example_dags/example_branch_python_dop_operator_3.py took 0.064 seconds
[2024-04-19T12:29:09.639+0000] {processor.py:161} INFO - Started process (PID=1034) to work on /home/airflow/.local/lib/python3.12/site-packages/airflow/example_dags/example_branch_python_dop_operator_3.py
[2024-04-19T12:29:09.639+0000] {processor.py:830} INFO - Processing file /home/airflow/.local/lib/python3.12/site-packages/airflow/example_dags/example_branch_python_dop_operator_3.py for tasks to queue
[2024-04-19T12:29:09.641+0000] {logging_mixin.py:188} INFO - [2024-04-19T12:29:09.641+0000] {dagbag.py:540} INFO - Filling up the DagBag from /home/airflow/.local/lib/python3.12/site-packages/airflow/example_dags/example_branch_python_dop_operator_3.py
[2024-04-19T12:29:09.646+0000] {processor.py:840} INFO - DAG(s) 'example_branch_dop_operator_v3' retrieved from /home/airflow/.local/lib/python3.12/site-packages/airflow/example_dags/example_branch_python_dop_operator_3.py
[2024-04-19T12:29:09.659+0000] {logging_mixin.py:188} INFO - [2024-04-19T12:29:09.659+0000] {dag.py:3096} INFO - Sync 1 DAGs
[2024-04-19T12:29:09.674+0000] {logging_mixin.py:188} INFO - [2024-04-19T12:29:09.674+0000] {dag.py:3954} INFO - Setting next_dagrun for example_branch_dop_operator_v3 to 2024-04-19 12:28:00+00:00, run_after=2024-04-19 12:29:00+00:00
[2024-04-19T12:29:09.689+0000] {processor.py:183} INFO - Processing /home/airflow/.local/lib/python3.12/site-packages/airflow/example_dags/example_branch_python_dop_operator_3.py took 0.054 seconds
[2024-04-19T12:29:40.227+0000] {processor.py:161} INFO - Started process (PID=1092) to work on /home/airflow/.local/lib/python3.12/site-packages/airflow/example_dags/example_branch_python_dop_operator_3.py
[2024-04-19T12:29:40.228+0000] {processor.py:830} INFO - Processing file /home/airflow/.local/lib/python3.12/site-packages/airflow/example_dags/example_branch_python_dop_operator_3.py for tasks to queue
[2024-04-19T12:29:40.230+0000] {logging_mixin.py:188} INFO - [2024-04-19T12:29:40.230+0000] {dagbag.py:540} INFO - Filling up the DagBag from /home/airflow/.local/lib/python3.12/site-packages/airflow/example_dags/example_branch_python_dop_operator_3.py
[2024-04-19T12:29:40.237+0000] {processor.py:840} INFO - DAG(s) 'example_branch_dop_operator_v3' retrieved from /home/airflow/.local/lib/python3.12/site-packages/airflow/example_dags/example_branch_python_dop_operator_3.py
[2024-04-19T12:29:40.247+0000] {logging_mixin.py:188} INFO - [2024-04-19T12:29:40.247+0000] {dag.py:3096} INFO - Sync 1 DAGs
[2024-04-19T12:29:40.266+0000] {logging_mixin.py:188} INFO - [2024-04-19T12:29:40.265+0000] {dag.py:3954} INFO - Setting next_dagrun for example_branch_dop_operator_v3 to 2024-04-19 12:28:00+00:00, run_after=2024-04-19 12:29:00+00:00
[2024-04-19T12:29:40.284+0000] {processor.py:183} INFO - Processing /home/airflow/.local/lib/python3.12/site-packages/airflow/example_dags/example_branch_python_dop_operator_3.py took 0.061 seconds
[2024-04-19T12:30:11.996+0000] {processor.py:161} INFO - Started process (PID=1150) to work on /home/airflow/.local/lib/python3.12/site-packages/airflow/example_dags/example_branch_python_dop_operator_3.py
[2024-04-19T12:30:11.997+0000] {processor.py:830} INFO - Processing file /home/airflow/.local/lib/python3.12/site-packages/airflow/example_dags/example_branch_python_dop_operator_3.py for tasks to queue
[2024-04-19T12:30:11.998+0000] {logging_mixin.py:188} INFO - [2024-04-19T12:30:11.998+0000] {dagbag.py:540} INFO - Filling up the DagBag from /home/airflow/.local/lib/python3.12/site-packages/airflow/example_dags/example_branch_python_dop_operator_3.py
[2024-04-19T12:30:12.003+0000] {processor.py:840} INFO - DAG(s) 'example_branch_dop_operator_v3' retrieved from /home/airflow/.local/lib/python3.12/site-packages/airflow/example_dags/example_branch_python_dop_operator_3.py
[2024-04-19T12:30:12.165+0000] {logging_mixin.py:188} INFO - [2024-04-19T12:30:12.164+0000] {dag.py:3096} INFO - Sync 1 DAGs
[2024-04-19T12:30:12.178+0000] {logging_mixin.py:188} INFO - [2024-04-19T12:30:12.178+0000] {dag.py:3954} INFO - Setting next_dagrun for example_branch_dop_operator_v3 to 2024-04-19 12:29:00+00:00, run_after=2024-04-19 12:30:00+00:00
[2024-04-19T12:30:12.192+0000] {processor.py:183} INFO - Processing /home/airflow/.local/lib/python3.12/site-packages/airflow/example_dags/example_branch_python_dop_operator_3.py took 0.199 seconds
[2024-04-19T12:30:42.905+0000] {processor.py:161} INFO - Started process (PID=1208) to work on /home/airflow/.local/lib/python3.12/site-packages/airflow/example_dags/example_branch_python_dop_operator_3.py
[2024-04-19T12:30:42.906+0000] {processor.py:830} INFO - Processing file /home/airflow/.local/lib/python3.12/site-packages/airflow/example_dags/example_branch_python_dop_operator_3.py for tasks to queue
[2024-04-19T12:30:42.907+0000] {logging_mixin.py:188} INFO - [2024-04-19T12:30:42.907+0000] {dagbag.py:540} INFO - Filling up the DagBag from /home/airflow/.local/lib/python3.12/site-packages/airflow/example_dags/example_branch_python_dop_operator_3.py
[2024-04-19T12:30:42.912+0000] {processor.py:840} INFO - DAG(s) 'example_branch_dop_operator_v3' retrieved from /home/airflow/.local/lib/python3.12/site-packages/airflow/example_dags/example_branch_python_dop_operator_3.py
[2024-04-19T12:30:42.926+0000] {logging_mixin.py:188} INFO - [2024-04-19T12:30:42.925+0000] {dag.py:3096} INFO - Sync 1 DAGs
[2024-04-19T12:30:43.031+0000] {logging_mixin.py:188} INFO - [2024-04-19T12:30:43.031+0000] {dag.py:3954} INFO - Setting next_dagrun for example_branch_dop_operator_v3 to 2024-04-19 12:29:00+00:00, run_after=2024-04-19 12:30:00+00:00
[2024-04-19T12:30:43.046+0000] {processor.py:183} INFO - Processing /home/airflow/.local/lib/python3.12/site-packages/airflow/example_dags/example_branch_python_dop_operator_3.py took 0.144 seconds
[2024-04-19T12:31:13.110+0000] {processor.py:161} INFO - Started process (PID=1266) to work on /home/airflow/.local/lib/python3.12/site-packages/airflow/example_dags/example_branch_python_dop_operator_3.py
[2024-04-19T12:31:13.111+0000] {processor.py:830} INFO - Processing file /home/airflow/.local/lib/python3.12/site-packages/airflow/example_dags/example_branch_python_dop_operator_3.py for tasks to queue
[2024-04-19T12:31:13.112+0000] {logging_mixin.py:188} INFO - [2024-04-19T12:31:13.112+0000] {dagbag.py:540} INFO - Filling up the DagBag from /home/airflow/.local/lib/python3.12/site-packages/airflow/example_dags/example_branch_python_dop_operator_3.py
[2024-04-19T12:31:13.118+0000] {processor.py:840} INFO - DAG(s) 'example_branch_dop_operator_v3' retrieved from /home/airflow/.local/lib/python3.12/site-packages/airflow/example_dags/example_branch_python_dop_operator_3.py
[2024-04-19T12:31:13.131+0000] {logging_mixin.py:188} INFO - [2024-04-19T12:31:13.131+0000] {dag.py:3096} INFO - Sync 1 DAGs
[2024-04-19T12:31:13.148+0000] {logging_mixin.py:188} INFO - [2024-04-19T12:31:13.148+0000] {dag.py:3954} INFO - Setting next_dagrun for example_branch_dop_operator_v3 to 2024-04-19 12:30:00+00:00, run_after=2024-04-19 12:31:00+00:00
[2024-04-19T12:31:13.163+0000] {processor.py:183} INFO - Processing /home/airflow/.local/lib/python3.12/site-packages/airflow/example_dags/example_branch_python_dop_operator_3.py took 0.056 seconds
[2024-04-19T12:31:43.424+0000] {processor.py:161} INFO - Started process (PID=1323) to work on /home/airflow/.local/lib/python3.12/site-packages/airflow/example_dags/example_branch_python_dop_operator_3.py
[2024-04-19T12:31:43.425+0000] {processor.py:830} INFO - Processing file /home/airflow/.local/lib/python3.12/site-packages/airflow/example_dags/example_branch_python_dop_operator_3.py for tasks to queue
[2024-04-19T12:31:43.426+0000] {logging_mixin.py:188} INFO - [2024-04-19T12:31:43.426+0000] {dagbag.py:540} INFO - Filling up the DagBag from /home/airflow/.local/lib/python3.12/site-packages/airflow/example_dags/example_branch_python_dop_operator_3.py
[2024-04-19T12:31:43.432+0000] {processor.py:840} INFO - DAG(s) 'example_branch_dop_operator_v3' retrieved from /home/airflow/.local/lib/python3.12/site-packages/airflow/example_dags/example_branch_python_dop_operator_3.py
[2024-04-19T12:31:43.444+0000] {logging_mixin.py:188} INFO - [2024-04-19T12:31:43.444+0000] {dag.py:3096} INFO - Sync 1 DAGs
[2024-04-19T12:31:43.461+0000] {logging_mixin.py:188} INFO - [2024-04-19T12:31:43.461+0000] {dag.py:3954} INFO - Setting next_dagrun for example_branch_dop_operator_v3 to 2024-04-19 12:30:00+00:00, run_after=2024-04-19 12:31:00+00:00
[2024-04-19T12:31:43.475+0000] {processor.py:183} INFO - Processing /home/airflow/.local/lib/python3.12/site-packages/airflow/example_dags/example_branch_python_dop_operator_3.py took 0.054 seconds
[2024-04-19T12:32:13.761+0000] {processor.py:161} INFO - Started process (PID=1381) to work on /home/airflow/.local/lib/python3.12/site-packages/airflow/example_dags/example_branch_python_dop_operator_3.py
[2024-04-19T12:32:13.762+0000] {processor.py:830} INFO - Processing file /home/airflow/.local/lib/python3.12/site-packages/airflow/example_dags/example_branch_python_dop_operator_3.py for tasks to queue
[2024-04-19T12:32:13.763+0000] {logging_mixin.py:188} INFO - [2024-04-19T12:32:13.763+0000] {dagbag.py:540} INFO - Filling up the DagBag from /home/airflow/.local/lib/python3.12/site-packages/airflow/example_dags/example_branch_python_dop_operator_3.py
[2024-04-19T12:32:13.770+0000] {processor.py:840} INFO - DAG(s) 'example_branch_dop_operator_v3' retrieved from /home/airflow/.local/lib/python3.12/site-packages/airflow/example_dags/example_branch_python_dop_operator_3.py
[2024-04-19T12:32:13.784+0000] {logging_mixin.py:188} INFO - [2024-04-19T12:32:13.784+0000] {dag.py:3096} INFO - Sync 1 DAGs
[2024-04-19T12:32:13.800+0000] {logging_mixin.py:188} INFO - [2024-04-19T12:32:13.800+0000] {dag.py:3954} INFO - Setting next_dagrun for example_branch_dop_operator_v3 to 2024-04-19 12:31:00+00:00, run_after=2024-04-19 12:32:00+00:00
[2024-04-19T12:32:13.814+0000] {processor.py:183} INFO - Processing /home/airflow/.local/lib/python3.12/site-packages/airflow/example_dags/example_branch_python_dop_operator_3.py took 0.057 seconds
[2024-04-19T12:32:44.313+0000] {processor.py:161} INFO - Started process (PID=1439) to work on /home/airflow/.local/lib/python3.12/site-packages/airflow/example_dags/example_branch_python_dop_operator_3.py
[2024-04-19T12:32:44.314+0000] {processor.py:830} INFO - Processing file /home/airflow/.local/lib/python3.12/site-packages/airflow/example_dags/example_branch_python_dop_operator_3.py for tasks to queue
[2024-04-19T12:32:44.316+0000] {logging_mixin.py:188} INFO - [2024-04-19T12:32:44.315+0000] {dagbag.py:540} INFO - Filling up the DagBag from /home/airflow/.local/lib/python3.12/site-packages/airflow/example_dags/example_branch_python_dop_operator_3.py
[2024-04-19T12:32:44.324+0000] {processor.py:840} INFO - DAG(s) 'example_branch_dop_operator_v3' retrieved from /home/airflow/.local/lib/python3.12/site-packages/airflow/example_dags/example_branch_python_dop_operator_3.py
[2024-04-19T12:32:44.343+0000] {logging_mixin.py:188} INFO - [2024-04-19T12:32:44.342+0000] {dag.py:3096} INFO - Sync 1 DAGs
[2024-04-19T12:32:44.364+0000] {logging_mixin.py:188} INFO - [2024-04-19T12:32:44.364+0000] {dag.py:3954} INFO - Setting next_dagrun for example_branch_dop_operator_v3 to 2024-04-19 12:31:00+00:00, run_after=2024-04-19 12:32:00+00:00
[2024-04-19T12:32:44.384+0000] {processor.py:183} INFO - Processing /home/airflow/.local/lib/python3.12/site-packages/airflow/example_dags/example_branch_python_dop_operator_3.py took 0.075 seconds
[2024-04-19T12:33:14.669+0000] {processor.py:161} INFO - Started process (PID=1497) to work on /home/airflow/.local/lib/python3.12/site-packages/airflow/example_dags/example_branch_python_dop_operator_3.py
[2024-04-19T12:33:14.669+0000] {processor.py:830} INFO - Processing file /home/airflow/.local/lib/python3.12/site-packages/airflow/example_dags/example_branch_python_dop_operator_3.py for tasks to queue
[2024-04-19T12:33:14.670+0000] {logging_mixin.py:188} INFO - [2024-04-19T12:33:14.670+0000] {dagbag.py:540} INFO - Filling up the DagBag from /home/airflow/.local/lib/python3.12/site-packages/airflow/example_dags/example_branch_python_dop_operator_3.py
[2024-04-19T12:33:14.676+0000] {processor.py:840} INFO - DAG(s) 'example_branch_dop_operator_v3' retrieved from /home/airflow/.local/lib/python3.12/site-packages/airflow/example_dags/example_branch_python_dop_operator_3.py
[2024-04-19T12:33:14.689+0000] {logging_mixin.py:188} INFO - [2024-04-19T12:33:14.689+0000] {dag.py:3096} INFO - Sync 1 DAGs
[2024-04-19T12:33:14.707+0000] {logging_mixin.py:188} INFO - [2024-04-19T12:33:14.707+0000] {dag.py:3954} INFO - Setting next_dagrun for example_branch_dop_operator_v3 to 2024-04-19 12:32:00+00:00, run_after=2024-04-19 12:33:00+00:00
[2024-04-19T12:33:14.721+0000] {processor.py:183} INFO - Processing /home/airflow/.local/lib/python3.12/site-packages/airflow/example_dags/example_branch_python_dop_operator_3.py took 0.057 seconds
[2024-04-19T12:33:45.124+0000] {processor.py:161} INFO - Started process (PID=1555) to work on /home/airflow/.local/lib/python3.12/site-packages/airflow/example_dags/example_branch_python_dop_operator_3.py
[2024-04-19T12:33:45.125+0000] {processor.py:830} INFO - Processing file /home/airflow/.local/lib/python3.12/site-packages/airflow/example_dags/example_branch_python_dop_operator_3.py for tasks to queue
[2024-04-19T12:33:45.126+0000] {logging_mixin.py:188} INFO - [2024-04-19T12:33:45.126+0000] {dagbag.py:540} INFO - Filling up the DagBag from /home/airflow/.local/lib/python3.12/site-packages/airflow/example_dags/example_branch_python_dop_operator_3.py
[2024-04-19T12:33:45.131+0000] {processor.py:840} INFO - DAG(s) 'example_branch_dop_operator_v3' retrieved from /home/airflow/.local/lib/python3.12/site-packages/airflow/example_dags/example_branch_python_dop_operator_3.py
[2024-04-19T12:33:45.146+0000] {logging_mixin.py:188} INFO - [2024-04-19T12:33:45.146+0000] {dag.py:3096} INFO - Sync 1 DAGs
[2024-04-19T12:33:45.162+0000] {logging_mixin.py:188} INFO - [2024-04-19T12:33:45.162+0000] {dag.py:3954} INFO - Setting next_dagrun for example_branch_dop_operator_v3 to 2024-04-19 12:32:00+00:00, run_after=2024-04-19 12:33:00+00:00
[2024-04-19T12:33:45.175+0000] {processor.py:183} INFO - Processing /home/airflow/.local/lib/python3.12/site-packages/airflow/example_dags/example_branch_python_dop_operator_3.py took 0.055 seconds
