[2024-04-19T12:17:12.274+0000] {processor.py:161} INFO - Started process (PID=54) to work on /home/airflow/.local/lib/python3.12/site-packages/airflow/example_dags/example_setup_teardown_taskflow.py
[2024-04-19T12:17:12.275+0000] {processor.py:830} INFO - Processing file /home/airflow/.local/lib/python3.12/site-packages/airflow/example_dags/example_setup_teardown_taskflow.py for tasks to queue
[2024-04-19T12:17:12.276+0000] {logging_mixin.py:188} INFO - [2024-04-19T12:17:12.276+0000] {dagbag.py:540} INFO - Filling up the DagBag from /home/airflow/.local/lib/python3.12/site-packages/airflow/example_dags/example_setup_teardown_taskflow.py
[2024-04-19T12:17:12.285+0000] {processor.py:840} INFO - DAG(s) 'example_setup_teardown_taskflow' retrieved from /home/airflow/.local/lib/python3.12/site-packages/airflow/example_dags/example_setup_teardown_taskflow.py
[2024-04-19T12:17:12.297+0000] {logging_mixin.py:188} INFO - [2024-04-19T12:17:12.297+0000] {dag.py:3096} INFO - Sync 1 DAGs
[2024-04-19T12:17:12.328+0000] {logging_mixin.py:188} INFO - [2024-04-19T12:17:12.328+0000] {dag.py:3954} INFO - Setting next_dagrun for example_setup_teardown_taskflow to 2024-04-18 00:00:00+00:00, run_after=2024-04-19 00:00:00+00:00
[2024-04-19T12:17:12.351+0000] {processor.py:183} INFO - Processing /home/airflow/.local/lib/python3.12/site-packages/airflow/example_dags/example_setup_teardown_taskflow.py took 0.082 seconds
[2024-04-19T12:17:42.616+0000] {processor.py:161} INFO - Started process (PID=112) to work on /home/airflow/.local/lib/python3.12/site-packages/airflow/example_dags/example_setup_teardown_taskflow.py
[2024-04-19T12:17:42.617+0000] {processor.py:830} INFO - Processing file /home/airflow/.local/lib/python3.12/site-packages/airflow/example_dags/example_setup_teardown_taskflow.py for tasks to queue
[2024-04-19T12:17:42.618+0000] {logging_mixin.py:188} INFO - [2024-04-19T12:17:42.618+0000] {dagbag.py:540} INFO - Filling up the DagBag from /home/airflow/.local/lib/python3.12/site-packages/airflow/example_dags/example_setup_teardown_taskflow.py
[2024-04-19T12:17:42.624+0000] {processor.py:840} INFO - DAG(s) 'example_setup_teardown_taskflow' retrieved from /home/airflow/.local/lib/python3.12/site-packages/airflow/example_dags/example_setup_teardown_taskflow.py
[2024-04-19T12:17:42.686+0000] {logging_mixin.py:188} INFO - [2024-04-19T12:17:42.685+0000] {dag.py:3096} INFO - Sync 1 DAGs
[2024-04-19T12:17:42.697+0000] {logging_mixin.py:188} INFO - [2024-04-19T12:17:42.697+0000] {dag.py:3954} INFO - Setting next_dagrun for example_setup_teardown_taskflow to 2024-04-18 00:00:00+00:00, run_after=2024-04-19 00:00:00+00:00
[2024-04-19T12:17:42.712+0000] {processor.py:183} INFO - Processing /home/airflow/.local/lib/python3.12/site-packages/airflow/example_dags/example_setup_teardown_taskflow.py took 0.099 seconds
[2024-04-19T12:18:13.510+0000] {processor.py:161} INFO - Started process (PID=170) to work on /home/airflow/.local/lib/python3.12/site-packages/airflow/example_dags/example_setup_teardown_taskflow.py
[2024-04-19T12:18:13.511+0000] {processor.py:830} INFO - Processing file /home/airflow/.local/lib/python3.12/site-packages/airflow/example_dags/example_setup_teardown_taskflow.py for tasks to queue
[2024-04-19T12:18:13.512+0000] {logging_mixin.py:188} INFO - [2024-04-19T12:18:13.512+0000] {dagbag.py:540} INFO - Filling up the DagBag from /home/airflow/.local/lib/python3.12/site-packages/airflow/example_dags/example_setup_teardown_taskflow.py
[2024-04-19T12:18:13.517+0000] {processor.py:840} INFO - DAG(s) 'example_setup_teardown_taskflow' retrieved from /home/airflow/.local/lib/python3.12/site-packages/airflow/example_dags/example_setup_teardown_taskflow.py
[2024-04-19T12:18:13.531+0000] {logging_mixin.py:188} INFO - [2024-04-19T12:18:13.531+0000] {dag.py:3096} INFO - Sync 1 DAGs
[2024-04-19T12:18:13.546+0000] {logging_mixin.py:188} INFO - [2024-04-19T12:18:13.546+0000] {dag.py:3954} INFO - Setting next_dagrun for example_setup_teardown_taskflow to 2024-04-18 00:00:00+00:00, run_after=2024-04-19 00:00:00+00:00
[2024-04-19T12:18:13.561+0000] {processor.py:183} INFO - Processing /home/airflow/.local/lib/python3.12/site-packages/airflow/example_dags/example_setup_teardown_taskflow.py took 0.054 seconds
[2024-04-19T12:20:34.129+0000] {processor.py:161} INFO - Started process (PID=54) to work on /home/airflow/.local/lib/python3.12/site-packages/airflow/example_dags/example_setup_teardown_taskflow.py
[2024-04-19T12:20:34.130+0000] {processor.py:830} INFO - Processing file /home/airflow/.local/lib/python3.12/site-packages/airflow/example_dags/example_setup_teardown_taskflow.py for tasks to queue
[2024-04-19T12:20:34.131+0000] {logging_mixin.py:188} INFO - [2024-04-19T12:20:34.131+0000] {dagbag.py:540} INFO - Filling up the DagBag from /home/airflow/.local/lib/python3.12/site-packages/airflow/example_dags/example_setup_teardown_taskflow.py
[2024-04-19T12:20:34.140+0000] {processor.py:840} INFO - DAG(s) 'example_setup_teardown_taskflow' retrieved from /home/airflow/.local/lib/python3.12/site-packages/airflow/example_dags/example_setup_teardown_taskflow.py
[2024-04-19T12:20:34.156+0000] {logging_mixin.py:188} INFO - [2024-04-19T12:20:34.156+0000] {dag.py:3096} INFO - Sync 1 DAGs
[2024-04-19T12:20:34.183+0000] {logging_mixin.py:188} INFO - [2024-04-19T12:20:34.183+0000] {dag.py:3954} INFO - Setting next_dagrun for example_setup_teardown_taskflow to 2024-04-18 00:00:00+00:00, run_after=2024-04-19 00:00:00+00:00
[2024-04-19T12:20:34.205+0000] {processor.py:183} INFO - Processing /home/airflow/.local/lib/python3.12/site-packages/airflow/example_dags/example_setup_teardown_taskflow.py took 0.082 seconds
[2024-04-19T12:21:04.493+0000] {processor.py:161} INFO - Started process (PID=112) to work on /home/airflow/.local/lib/python3.12/site-packages/airflow/example_dags/example_setup_teardown_taskflow.py
[2024-04-19T12:21:04.494+0000] {processor.py:830} INFO - Processing file /home/airflow/.local/lib/python3.12/site-packages/airflow/example_dags/example_setup_teardown_taskflow.py for tasks to queue
[2024-04-19T12:21:04.495+0000] {logging_mixin.py:188} INFO - [2024-04-19T12:21:04.495+0000] {dagbag.py:540} INFO - Filling up the DagBag from /home/airflow/.local/lib/python3.12/site-packages/airflow/example_dags/example_setup_teardown_taskflow.py
[2024-04-19T12:21:04.501+0000] {processor.py:840} INFO - DAG(s) 'example_setup_teardown_taskflow' retrieved from /home/airflow/.local/lib/python3.12/site-packages/airflow/example_dags/example_setup_teardown_taskflow.py
[2024-04-19T12:21:04.566+0000] {logging_mixin.py:188} INFO - [2024-04-19T12:21:04.565+0000] {dag.py:3096} INFO - Sync 1 DAGs
[2024-04-19T12:21:04.578+0000] {logging_mixin.py:188} INFO - [2024-04-19T12:21:04.578+0000] {dag.py:3954} INFO - Setting next_dagrun for example_setup_teardown_taskflow to 2024-04-18 00:00:00+00:00, run_after=2024-04-19 00:00:00+00:00
[2024-04-19T12:21:04.594+0000] {processor.py:183} INFO - Processing /home/airflow/.local/lib/python3.12/site-packages/airflow/example_dags/example_setup_teardown_taskflow.py took 0.104 seconds
[2024-04-19T12:21:35.546+0000] {processor.py:161} INFO - Started process (PID=170) to work on /home/airflow/.local/lib/python3.12/site-packages/airflow/example_dags/example_setup_teardown_taskflow.py
[2024-04-19T12:21:35.547+0000] {processor.py:830} INFO - Processing file /home/airflow/.local/lib/python3.12/site-packages/airflow/example_dags/example_setup_teardown_taskflow.py for tasks to queue
[2024-04-19T12:21:35.548+0000] {logging_mixin.py:188} INFO - [2024-04-19T12:21:35.548+0000] {dagbag.py:540} INFO - Filling up the DagBag from /home/airflow/.local/lib/python3.12/site-packages/airflow/example_dags/example_setup_teardown_taskflow.py
[2024-04-19T12:21:35.553+0000] {processor.py:840} INFO - DAG(s) 'example_setup_teardown_taskflow' retrieved from /home/airflow/.local/lib/python3.12/site-packages/airflow/example_dags/example_setup_teardown_taskflow.py
[2024-04-19T12:21:35.565+0000] {logging_mixin.py:188} INFO - [2024-04-19T12:21:35.565+0000] {dag.py:3096} INFO - Sync 1 DAGs
[2024-04-19T12:21:35.578+0000] {logging_mixin.py:188} INFO - [2024-04-19T12:21:35.578+0000] {dag.py:3954} INFO - Setting next_dagrun for example_setup_teardown_taskflow to 2024-04-18 00:00:00+00:00, run_after=2024-04-19 00:00:00+00:00
[2024-04-19T12:21:35.589+0000] {processor.py:183} INFO - Processing /home/airflow/.local/lib/python3.12/site-packages/airflow/example_dags/example_setup_teardown_taskflow.py took 0.047 seconds
[2024-04-19T12:22:05.872+0000] {processor.py:161} INFO - Started process (PID=228) to work on /home/airflow/.local/lib/python3.12/site-packages/airflow/example_dags/example_setup_teardown_taskflow.py
[2024-04-19T12:22:05.873+0000] {processor.py:830} INFO - Processing file /home/airflow/.local/lib/python3.12/site-packages/airflow/example_dags/example_setup_teardown_taskflow.py for tasks to queue
[2024-04-19T12:22:05.874+0000] {logging_mixin.py:188} INFO - [2024-04-19T12:22:05.874+0000] {dagbag.py:540} INFO - Filling up the DagBag from /home/airflow/.local/lib/python3.12/site-packages/airflow/example_dags/example_setup_teardown_taskflow.py
[2024-04-19T12:22:05.879+0000] {processor.py:840} INFO - DAG(s) 'example_setup_teardown_taskflow' retrieved from /home/airflow/.local/lib/python3.12/site-packages/airflow/example_dags/example_setup_teardown_taskflow.py
[2024-04-19T12:22:05.892+0000] {logging_mixin.py:188} INFO - [2024-04-19T12:22:05.892+0000] {dag.py:3096} INFO - Sync 1 DAGs
[2024-04-19T12:22:05.904+0000] {logging_mixin.py:188} INFO - [2024-04-19T12:22:05.904+0000] {dag.py:3954} INFO - Setting next_dagrun for example_setup_teardown_taskflow to 2024-04-18 00:00:00+00:00, run_after=2024-04-19 00:00:00+00:00
[2024-04-19T12:22:05.917+0000] {processor.py:183} INFO - Processing /home/airflow/.local/lib/python3.12/site-packages/airflow/example_dags/example_setup_teardown_taskflow.py took 0.048 seconds
[2024-04-19T12:22:36.282+0000] {processor.py:161} INFO - Started process (PID=286) to work on /home/airflow/.local/lib/python3.12/site-packages/airflow/example_dags/example_setup_teardown_taskflow.py
[2024-04-19T12:22:36.283+0000] {processor.py:830} INFO - Processing file /home/airflow/.local/lib/python3.12/site-packages/airflow/example_dags/example_setup_teardown_taskflow.py for tasks to queue
[2024-04-19T12:22:36.284+0000] {logging_mixin.py:188} INFO - [2024-04-19T12:22:36.284+0000] {dagbag.py:540} INFO - Filling up the DagBag from /home/airflow/.local/lib/python3.12/site-packages/airflow/example_dags/example_setup_teardown_taskflow.py
[2024-04-19T12:22:36.290+0000] {processor.py:840} INFO - DAG(s) 'example_setup_teardown_taskflow' retrieved from /home/airflow/.local/lib/python3.12/site-packages/airflow/example_dags/example_setup_teardown_taskflow.py
[2024-04-19T12:22:36.302+0000] {logging_mixin.py:188} INFO - [2024-04-19T12:22:36.302+0000] {dag.py:3096} INFO - Sync 1 DAGs
[2024-04-19T12:22:36.315+0000] {logging_mixin.py:188} INFO - [2024-04-19T12:22:36.315+0000] {dag.py:3954} INFO - Setting next_dagrun for example_setup_teardown_taskflow to 2024-04-18 00:00:00+00:00, run_after=2024-04-19 00:00:00+00:00
[2024-04-19T12:22:36.325+0000] {processor.py:183} INFO - Processing /home/airflow/.local/lib/python3.12/site-packages/airflow/example_dags/example_setup_teardown_taskflow.py took 0.046 seconds
[2024-04-19T12:23:06.592+0000] {processor.py:161} INFO - Started process (PID=344) to work on /home/airflow/.local/lib/python3.12/site-packages/airflow/example_dags/example_setup_teardown_taskflow.py
[2024-04-19T12:23:06.593+0000] {processor.py:830} INFO - Processing file /home/airflow/.local/lib/python3.12/site-packages/airflow/example_dags/example_setup_teardown_taskflow.py for tasks to queue
[2024-04-19T12:23:06.595+0000] {logging_mixin.py:188} INFO - [2024-04-19T12:23:06.595+0000] {dagbag.py:540} INFO - Filling up the DagBag from /home/airflow/.local/lib/python3.12/site-packages/airflow/example_dags/example_setup_teardown_taskflow.py
[2024-04-19T12:23:06.601+0000] {processor.py:840} INFO - DAG(s) 'example_setup_teardown_taskflow' retrieved from /home/airflow/.local/lib/python3.12/site-packages/airflow/example_dags/example_setup_teardown_taskflow.py
[2024-04-19T12:23:06.612+0000] {logging_mixin.py:188} INFO - [2024-04-19T12:23:06.612+0000] {dag.py:3096} INFO - Sync 1 DAGs
[2024-04-19T12:23:06.630+0000] {logging_mixin.py:188} INFO - [2024-04-19T12:23:06.630+0000] {dag.py:3954} INFO - Setting next_dagrun for example_setup_teardown_taskflow to 2024-04-18 00:00:00+00:00, run_after=2024-04-19 00:00:00+00:00
[2024-04-19T12:23:06.649+0000] {processor.py:183} INFO - Processing /home/airflow/.local/lib/python3.12/site-packages/airflow/example_dags/example_setup_teardown_taskflow.py took 0.061 seconds
[2024-04-19T12:23:36.934+0000] {processor.py:161} INFO - Started process (PID=403) to work on /home/airflow/.local/lib/python3.12/site-packages/airflow/example_dags/example_setup_teardown_taskflow.py
[2024-04-19T12:23:36.935+0000] {processor.py:830} INFO - Processing file /home/airflow/.local/lib/python3.12/site-packages/airflow/example_dags/example_setup_teardown_taskflow.py for tasks to queue
[2024-04-19T12:23:36.936+0000] {logging_mixin.py:188} INFO - [2024-04-19T12:23:36.936+0000] {dagbag.py:540} INFO - Filling up the DagBag from /home/airflow/.local/lib/python3.12/site-packages/airflow/example_dags/example_setup_teardown_taskflow.py
[2024-04-19T12:23:36.942+0000] {processor.py:840} INFO - DAG(s) 'example_setup_teardown_taskflow' retrieved from /home/airflow/.local/lib/python3.12/site-packages/airflow/example_dags/example_setup_teardown_taskflow.py
[2024-04-19T12:23:37.008+0000] {logging_mixin.py:188} INFO - [2024-04-19T12:23:37.008+0000] {dag.py:3096} INFO - Sync 1 DAGs
[2024-04-19T12:23:37.023+0000] {logging_mixin.py:188} INFO - [2024-04-19T12:23:37.023+0000] {dag.py:3954} INFO - Setting next_dagrun for example_setup_teardown_taskflow to 2024-04-18 00:00:00+00:00, run_after=2024-04-19 00:00:00+00:00
[2024-04-19T12:23:37.125+0000] {processor.py:183} INFO - Processing /home/airflow/.local/lib/python3.12/site-packages/airflow/example_dags/example_setup_teardown_taskflow.py took 0.193 seconds
[2024-04-19T12:24:07.762+0000] {processor.py:161} INFO - Started process (PID=462) to work on /home/airflow/.local/lib/python3.12/site-packages/airflow/example_dags/example_setup_teardown_taskflow.py
[2024-04-19T12:24:07.763+0000] {processor.py:830} INFO - Processing file /home/airflow/.local/lib/python3.12/site-packages/airflow/example_dags/example_setup_teardown_taskflow.py for tasks to queue
[2024-04-19T12:24:07.764+0000] {logging_mixin.py:188} INFO - [2024-04-19T12:24:07.764+0000] {dagbag.py:540} INFO - Filling up the DagBag from /home/airflow/.local/lib/python3.12/site-packages/airflow/example_dags/example_setup_teardown_taskflow.py
[2024-04-19T12:24:07.772+0000] {processor.py:840} INFO - DAG(s) 'example_setup_teardown_taskflow' retrieved from /home/airflow/.local/lib/python3.12/site-packages/airflow/example_dags/example_setup_teardown_taskflow.py
[2024-04-19T12:24:07.786+0000] {logging_mixin.py:188} INFO - [2024-04-19T12:24:07.785+0000] {dag.py:3096} INFO - Sync 1 DAGs
[2024-04-19T12:24:07.800+0000] {logging_mixin.py:188} INFO - [2024-04-19T12:24:07.800+0000] {dag.py:3954} INFO - Setting next_dagrun for example_setup_teardown_taskflow to 2024-04-18 00:00:00+00:00, run_after=2024-04-19 00:00:00+00:00
[2024-04-19T12:24:07.816+0000] {processor.py:183} INFO - Processing /home/airflow/.local/lib/python3.12/site-packages/airflow/example_dags/example_setup_teardown_taskflow.py took 0.057 seconds
[2024-04-19T12:24:38.191+0000] {processor.py:161} INFO - Started process (PID=520) to work on /home/airflow/.local/lib/python3.12/site-packages/airflow/example_dags/example_setup_teardown_taskflow.py
[2024-04-19T12:24:38.192+0000] {processor.py:830} INFO - Processing file /home/airflow/.local/lib/python3.12/site-packages/airflow/example_dags/example_setup_teardown_taskflow.py for tasks to queue
[2024-04-19T12:24:38.193+0000] {logging_mixin.py:188} INFO - [2024-04-19T12:24:38.193+0000] {dagbag.py:540} INFO - Filling up the DagBag from /home/airflow/.local/lib/python3.12/site-packages/airflow/example_dags/example_setup_teardown_taskflow.py
[2024-04-19T12:24:38.199+0000] {processor.py:840} INFO - DAG(s) 'example_setup_teardown_taskflow' retrieved from /home/airflow/.local/lib/python3.12/site-packages/airflow/example_dags/example_setup_teardown_taskflow.py
[2024-04-19T12:24:38.213+0000] {logging_mixin.py:188} INFO - [2024-04-19T12:24:38.213+0000] {dag.py:3096} INFO - Sync 1 DAGs
[2024-04-19T12:24:38.228+0000] {logging_mixin.py:188} INFO - [2024-04-19T12:24:38.228+0000] {dag.py:3954} INFO - Setting next_dagrun for example_setup_teardown_taskflow to 2024-04-18 00:00:00+00:00, run_after=2024-04-19 00:00:00+00:00
[2024-04-19T12:24:38.243+0000] {processor.py:183} INFO - Processing /home/airflow/.local/lib/python3.12/site-packages/airflow/example_dags/example_setup_teardown_taskflow.py took 0.055 seconds
[2024-04-19T12:25:08.954+0000] {processor.py:161} INFO - Started process (PID=578) to work on /home/airflow/.local/lib/python3.12/site-packages/airflow/example_dags/example_setup_teardown_taskflow.py
[2024-04-19T12:25:08.955+0000] {processor.py:830} INFO - Processing file /home/airflow/.local/lib/python3.12/site-packages/airflow/example_dags/example_setup_teardown_taskflow.py for tasks to queue
[2024-04-19T12:25:08.958+0000] {logging_mixin.py:188} INFO - [2024-04-19T12:25:08.958+0000] {dagbag.py:540} INFO - Filling up the DagBag from /home/airflow/.local/lib/python3.12/site-packages/airflow/example_dags/example_setup_teardown_taskflow.py
[2024-04-19T12:25:08.970+0000] {processor.py:840} INFO - DAG(s) 'example_setup_teardown_taskflow' retrieved from /home/airflow/.local/lib/python3.12/site-packages/airflow/example_dags/example_setup_teardown_taskflow.py
[2024-04-19T12:25:08.991+0000] {logging_mixin.py:188} INFO - [2024-04-19T12:25:08.990+0000] {dag.py:3096} INFO - Sync 1 DAGs
[2024-04-19T12:25:09.007+0000] {logging_mixin.py:188} INFO - [2024-04-19T12:25:09.007+0000] {dag.py:3954} INFO - Setting next_dagrun for example_setup_teardown_taskflow to 2024-04-18 00:00:00+00:00, run_after=2024-04-19 00:00:00+00:00
[2024-04-19T12:25:09.027+0000] {processor.py:183} INFO - Processing /home/airflow/.local/lib/python3.12/site-packages/airflow/example_dags/example_setup_teardown_taskflow.py took 0.080 seconds
[2024-04-19T12:25:39.259+0000] {processor.py:161} INFO - Started process (PID=636) to work on /home/airflow/.local/lib/python3.12/site-packages/airflow/example_dags/example_setup_teardown_taskflow.py
[2024-04-19T12:25:39.260+0000] {processor.py:830} INFO - Processing file /home/airflow/.local/lib/python3.12/site-packages/airflow/example_dags/example_setup_teardown_taskflow.py for tasks to queue
[2024-04-19T12:25:39.262+0000] {logging_mixin.py:188} INFO - [2024-04-19T12:25:39.262+0000] {dagbag.py:540} INFO - Filling up the DagBag from /home/airflow/.local/lib/python3.12/site-packages/airflow/example_dags/example_setup_teardown_taskflow.py
[2024-04-19T12:25:39.271+0000] {processor.py:840} INFO - DAG(s) 'example_setup_teardown_taskflow' retrieved from /home/airflow/.local/lib/python3.12/site-packages/airflow/example_dags/example_setup_teardown_taskflow.py
[2024-04-19T12:25:39.290+0000] {logging_mixin.py:188} INFO - [2024-04-19T12:25:39.290+0000] {dag.py:3096} INFO - Sync 1 DAGs
[2024-04-19T12:25:39.307+0000] {logging_mixin.py:188} INFO - [2024-04-19T12:25:39.306+0000] {dag.py:3954} INFO - Setting next_dagrun for example_setup_teardown_taskflow to 2024-04-18 00:00:00+00:00, run_after=2024-04-19 00:00:00+00:00
[2024-04-19T12:25:39.322+0000] {processor.py:183} INFO - Processing /home/airflow/.local/lib/python3.12/site-packages/airflow/example_dags/example_setup_teardown_taskflow.py took 0.068 seconds
[2024-04-19T12:26:09.393+0000] {processor.py:161} INFO - Started process (PID=694) to work on /home/airflow/.local/lib/python3.12/site-packages/airflow/example_dags/example_setup_teardown_taskflow.py
[2024-04-19T12:26:09.394+0000] {processor.py:830} INFO - Processing file /home/airflow/.local/lib/python3.12/site-packages/airflow/example_dags/example_setup_teardown_taskflow.py for tasks to queue
[2024-04-19T12:26:09.396+0000] {logging_mixin.py:188} INFO - [2024-04-19T12:26:09.396+0000] {dagbag.py:540} INFO - Filling up the DagBag from /home/airflow/.local/lib/python3.12/site-packages/airflow/example_dags/example_setup_teardown_taskflow.py
[2024-04-19T12:26:09.403+0000] {processor.py:840} INFO - DAG(s) 'example_setup_teardown_taskflow' retrieved from /home/airflow/.local/lib/python3.12/site-packages/airflow/example_dags/example_setup_teardown_taskflow.py
[2024-04-19T12:26:09.422+0000] {logging_mixin.py:188} INFO - [2024-04-19T12:26:09.421+0000] {dag.py:3096} INFO - Sync 1 DAGs
[2024-04-19T12:26:09.444+0000] {logging_mixin.py:188} INFO - [2024-04-19T12:26:09.444+0000] {dag.py:3954} INFO - Setting next_dagrun for example_setup_teardown_taskflow to 2024-04-18 00:00:00+00:00, run_after=2024-04-19 00:00:00+00:00
[2024-04-19T12:26:09.469+0000] {processor.py:183} INFO - Processing /home/airflow/.local/lib/python3.12/site-packages/airflow/example_dags/example_setup_teardown_taskflow.py took 0.080 seconds
[2024-04-19T12:26:39.621+0000] {processor.py:161} INFO - Started process (PID=752) to work on /home/airflow/.local/lib/python3.12/site-packages/airflow/example_dags/example_setup_teardown_taskflow.py
[2024-04-19T12:26:39.622+0000] {processor.py:830} INFO - Processing file /home/airflow/.local/lib/python3.12/site-packages/airflow/example_dags/example_setup_teardown_taskflow.py for tasks to queue
[2024-04-19T12:26:39.624+0000] {logging_mixin.py:188} INFO - [2024-04-19T12:26:39.623+0000] {dagbag.py:540} INFO - Filling up the DagBag from /home/airflow/.local/lib/python3.12/site-packages/airflow/example_dags/example_setup_teardown_taskflow.py
[2024-04-19T12:26:39.630+0000] {processor.py:840} INFO - DAG(s) 'example_setup_teardown_taskflow' retrieved from /home/airflow/.local/lib/python3.12/site-packages/airflow/example_dags/example_setup_teardown_taskflow.py
[2024-04-19T12:26:39.655+0000] {logging_mixin.py:188} INFO - [2024-04-19T12:26:39.655+0000] {dag.py:3096} INFO - Sync 1 DAGs
[2024-04-19T12:26:39.677+0000] {logging_mixin.py:188} INFO - [2024-04-19T12:26:39.676+0000] {dag.py:3954} INFO - Setting next_dagrun for example_setup_teardown_taskflow to 2024-04-18 00:00:00+00:00, run_after=2024-04-19 00:00:00+00:00
[2024-04-19T12:26:39.710+0000] {processor.py:183} INFO - Processing /home/airflow/.local/lib/python3.12/site-packages/airflow/example_dags/example_setup_teardown_taskflow.py took 0.095 seconds
[2024-04-19T12:27:10.725+0000] {processor.py:161} INFO - Started process (PID=810) to work on /home/airflow/.local/lib/python3.12/site-packages/airflow/example_dags/example_setup_teardown_taskflow.py
[2024-04-19T12:27:10.726+0000] {processor.py:830} INFO - Processing file /home/airflow/.local/lib/python3.12/site-packages/airflow/example_dags/example_setup_teardown_taskflow.py for tasks to queue
[2024-04-19T12:27:10.728+0000] {logging_mixin.py:188} INFO - [2024-04-19T12:27:10.728+0000] {dagbag.py:540} INFO - Filling up the DagBag from /home/airflow/.local/lib/python3.12/site-packages/airflow/example_dags/example_setup_teardown_taskflow.py
[2024-04-19T12:27:10.734+0000] {processor.py:840} INFO - DAG(s) 'example_setup_teardown_taskflow' retrieved from /home/airflow/.local/lib/python3.12/site-packages/airflow/example_dags/example_setup_teardown_taskflow.py
[2024-04-19T12:27:10.748+0000] {logging_mixin.py:188} INFO - [2024-04-19T12:27:10.748+0000] {dag.py:3096} INFO - Sync 1 DAGs
[2024-04-19T12:27:10.763+0000] {logging_mixin.py:188} INFO - [2024-04-19T12:27:10.763+0000] {dag.py:3954} INFO - Setting next_dagrun for example_setup_teardown_taskflow to 2024-04-18 00:00:00+00:00, run_after=2024-04-19 00:00:00+00:00
[2024-04-19T12:27:10.779+0000] {processor.py:183} INFO - Processing /home/airflow/.local/lib/python3.12/site-packages/airflow/example_dags/example_setup_teardown_taskflow.py took 0.058 seconds
[2024-04-19T12:27:41.413+0000] {processor.py:161} INFO - Started process (PID=868) to work on /home/airflow/.local/lib/python3.12/site-packages/airflow/example_dags/example_setup_teardown_taskflow.py
[2024-04-19T12:27:41.414+0000] {processor.py:830} INFO - Processing file /home/airflow/.local/lib/python3.12/site-packages/airflow/example_dags/example_setup_teardown_taskflow.py for tasks to queue
[2024-04-19T12:27:41.416+0000] {logging_mixin.py:188} INFO - [2024-04-19T12:27:41.415+0000] {dagbag.py:540} INFO - Filling up the DagBag from /home/airflow/.local/lib/python3.12/site-packages/airflow/example_dags/example_setup_teardown_taskflow.py
[2024-04-19T12:27:41.423+0000] {processor.py:840} INFO - DAG(s) 'example_setup_teardown_taskflow' retrieved from /home/airflow/.local/lib/python3.12/site-packages/airflow/example_dags/example_setup_teardown_taskflow.py
[2024-04-19T12:27:41.447+0000] {logging_mixin.py:188} INFO - [2024-04-19T12:27:41.447+0000] {dag.py:3096} INFO - Sync 1 DAGs
[2024-04-19T12:27:41.467+0000] {logging_mixin.py:188} INFO - [2024-04-19T12:27:41.467+0000] {dag.py:3954} INFO - Setting next_dagrun for example_setup_teardown_taskflow to 2024-04-18 00:00:00+00:00, run_after=2024-04-19 00:00:00+00:00
[2024-04-19T12:27:41.485+0000] {processor.py:183} INFO - Processing /home/airflow/.local/lib/python3.12/site-packages/airflow/example_dags/example_setup_teardown_taskflow.py took 0.076 seconds
[2024-04-19T12:28:11.580+0000] {processor.py:161} INFO - Started process (PID=926) to work on /home/airflow/.local/lib/python3.12/site-packages/airflow/example_dags/example_setup_teardown_taskflow.py
[2024-04-19T12:28:11.582+0000] {processor.py:830} INFO - Processing file /home/airflow/.local/lib/python3.12/site-packages/airflow/example_dags/example_setup_teardown_taskflow.py for tasks to queue
[2024-04-19T12:28:11.586+0000] {logging_mixin.py:188} INFO - [2024-04-19T12:28:11.586+0000] {dagbag.py:540} INFO - Filling up the DagBag from /home/airflow/.local/lib/python3.12/site-packages/airflow/example_dags/example_setup_teardown_taskflow.py
[2024-04-19T12:28:11.596+0000] {processor.py:840} INFO - DAG(s) 'example_setup_teardown_taskflow' retrieved from /home/airflow/.local/lib/python3.12/site-packages/airflow/example_dags/example_setup_teardown_taskflow.py
[2024-04-19T12:28:11.612+0000] {logging_mixin.py:188} INFO - [2024-04-19T12:28:11.612+0000] {dag.py:3096} INFO - Sync 1 DAGs
[2024-04-19T12:28:11.633+0000] {logging_mixin.py:188} INFO - [2024-04-19T12:28:11.633+0000] {dag.py:3954} INFO - Setting next_dagrun for example_setup_teardown_taskflow to 2024-04-18 00:00:00+00:00, run_after=2024-04-19 00:00:00+00:00
[2024-04-19T12:28:11.656+0000] {processor.py:183} INFO - Processing /home/airflow/.local/lib/python3.12/site-packages/airflow/example_dags/example_setup_teardown_taskflow.py took 0.082 seconds
[2024-04-19T12:28:41.710+0000] {processor.py:161} INFO - Started process (PID=984) to work on /home/airflow/.local/lib/python3.12/site-packages/airflow/example_dags/example_setup_teardown_taskflow.py
[2024-04-19T12:28:41.711+0000] {processor.py:830} INFO - Processing file /home/airflow/.local/lib/python3.12/site-packages/airflow/example_dags/example_setup_teardown_taskflow.py for tasks to queue
[2024-04-19T12:28:41.712+0000] {logging_mixin.py:188} INFO - [2024-04-19T12:28:41.712+0000] {dagbag.py:540} INFO - Filling up the DagBag from /home/airflow/.local/lib/python3.12/site-packages/airflow/example_dags/example_setup_teardown_taskflow.py
[2024-04-19T12:28:41.718+0000] {processor.py:840} INFO - DAG(s) 'example_setup_teardown_taskflow' retrieved from /home/airflow/.local/lib/python3.12/site-packages/airflow/example_dags/example_setup_teardown_taskflow.py
[2024-04-19T12:28:41.732+0000] {logging_mixin.py:188} INFO - [2024-04-19T12:28:41.732+0000] {dag.py:3096} INFO - Sync 1 DAGs
[2024-04-19T12:28:41.746+0000] {logging_mixin.py:188} INFO - [2024-04-19T12:28:41.746+0000] {dag.py:3954} INFO - Setting next_dagrun for example_setup_teardown_taskflow to 2024-04-18 00:00:00+00:00, run_after=2024-04-19 00:00:00+00:00
[2024-04-19T12:28:41.761+0000] {processor.py:183} INFO - Processing /home/airflow/.local/lib/python3.12/site-packages/airflow/example_dags/example_setup_teardown_taskflow.py took 0.059 seconds
[2024-04-19T12:29:12.244+0000] {processor.py:161} INFO - Started process (PID=1042) to work on /home/airflow/.local/lib/python3.12/site-packages/airflow/example_dags/example_setup_teardown_taskflow.py
[2024-04-19T12:29:12.245+0000] {processor.py:830} INFO - Processing file /home/airflow/.local/lib/python3.12/site-packages/airflow/example_dags/example_setup_teardown_taskflow.py for tasks to queue
[2024-04-19T12:29:12.247+0000] {logging_mixin.py:188} INFO - [2024-04-19T12:29:12.247+0000] {dagbag.py:540} INFO - Filling up the DagBag from /home/airflow/.local/lib/python3.12/site-packages/airflow/example_dags/example_setup_teardown_taskflow.py
[2024-04-19T12:29:12.254+0000] {processor.py:840} INFO - DAG(s) 'example_setup_teardown_taskflow' retrieved from /home/airflow/.local/lib/python3.12/site-packages/airflow/example_dags/example_setup_teardown_taskflow.py
[2024-04-19T12:29:12.270+0000] {logging_mixin.py:188} INFO - [2024-04-19T12:29:12.269+0000] {dag.py:3096} INFO - Sync 1 DAGs
[2024-04-19T12:29:12.375+0000] {logging_mixin.py:188} INFO - [2024-04-19T12:29:12.375+0000] {dag.py:3954} INFO - Setting next_dagrun for example_setup_teardown_taskflow to 2024-04-18 00:00:00+00:00, run_after=2024-04-19 00:00:00+00:00
[2024-04-19T12:29:12.388+0000] {processor.py:183} INFO - Processing /home/airflow/.local/lib/python3.12/site-packages/airflow/example_dags/example_setup_teardown_taskflow.py took 0.149 seconds
[2024-04-19T12:29:42.642+0000] {processor.py:161} INFO - Started process (PID=1100) to work on /home/airflow/.local/lib/python3.12/site-packages/airflow/example_dags/example_setup_teardown_taskflow.py
[2024-04-19T12:29:42.643+0000] {processor.py:830} INFO - Processing file /home/airflow/.local/lib/python3.12/site-packages/airflow/example_dags/example_setup_teardown_taskflow.py for tasks to queue
[2024-04-19T12:29:42.645+0000] {logging_mixin.py:188} INFO - [2024-04-19T12:29:42.645+0000] {dagbag.py:540} INFO - Filling up the DagBag from /home/airflow/.local/lib/python3.12/site-packages/airflow/example_dags/example_setup_teardown_taskflow.py
[2024-04-19T12:29:42.652+0000] {processor.py:840} INFO - DAG(s) 'example_setup_teardown_taskflow' retrieved from /home/airflow/.local/lib/python3.12/site-packages/airflow/example_dags/example_setup_teardown_taskflow.py
[2024-04-19T12:29:42.660+0000] {logging_mixin.py:188} INFO - [2024-04-19T12:29:42.660+0000] {dag.py:3096} INFO - Sync 1 DAGs
[2024-04-19T12:29:42.675+0000] {logging_mixin.py:188} INFO - [2024-04-19T12:29:42.675+0000] {dag.py:3954} INFO - Setting next_dagrun for example_setup_teardown_taskflow to 2024-04-18 00:00:00+00:00, run_after=2024-04-19 00:00:00+00:00
[2024-04-19T12:29:42.689+0000] {processor.py:183} INFO - Processing /home/airflow/.local/lib/python3.12/site-packages/airflow/example_dags/example_setup_teardown_taskflow.py took 0.059 seconds
[2024-04-19T12:30:13.247+0000] {processor.py:161} INFO - Started process (PID=1158) to work on /home/airflow/.local/lib/python3.12/site-packages/airflow/example_dags/example_setup_teardown_taskflow.py
[2024-04-19T12:30:13.248+0000] {processor.py:830} INFO - Processing file /home/airflow/.local/lib/python3.12/site-packages/airflow/example_dags/example_setup_teardown_taskflow.py for tasks to queue
[2024-04-19T12:30:13.250+0000] {logging_mixin.py:188} INFO - [2024-04-19T12:30:13.249+0000] {dagbag.py:540} INFO - Filling up the DagBag from /home/airflow/.local/lib/python3.12/site-packages/airflow/example_dags/example_setup_teardown_taskflow.py
[2024-04-19T12:30:13.256+0000] {processor.py:840} INFO - DAG(s) 'example_setup_teardown_taskflow' retrieved from /home/airflow/.local/lib/python3.12/site-packages/airflow/example_dags/example_setup_teardown_taskflow.py
[2024-04-19T12:30:13.411+0000] {logging_mixin.py:188} INFO - [2024-04-19T12:30:13.411+0000] {dag.py:3096} INFO - Sync 1 DAGs
[2024-04-19T12:30:13.424+0000] {logging_mixin.py:188} INFO - [2024-04-19T12:30:13.424+0000] {dag.py:3954} INFO - Setting next_dagrun for example_setup_teardown_taskflow to 2024-04-18 00:00:00+00:00, run_after=2024-04-19 00:00:00+00:00
[2024-04-19T12:30:13.442+0000] {processor.py:183} INFO - Processing /home/airflow/.local/lib/python3.12/site-packages/airflow/example_dags/example_setup_teardown_taskflow.py took 0.200 seconds
[2024-04-19T12:30:43.841+0000] {processor.py:161} INFO - Started process (PID=1216) to work on /home/airflow/.local/lib/python3.12/site-packages/airflow/example_dags/example_setup_teardown_taskflow.py
[2024-04-19T12:30:43.842+0000] {processor.py:830} INFO - Processing file /home/airflow/.local/lib/python3.12/site-packages/airflow/example_dags/example_setup_teardown_taskflow.py for tasks to queue
[2024-04-19T12:30:43.843+0000] {logging_mixin.py:188} INFO - [2024-04-19T12:30:43.843+0000] {dagbag.py:540} INFO - Filling up the DagBag from /home/airflow/.local/lib/python3.12/site-packages/airflow/example_dags/example_setup_teardown_taskflow.py
[2024-04-19T12:30:43.928+0000] {processor.py:840} INFO - DAG(s) 'example_setup_teardown_taskflow' retrieved from /home/airflow/.local/lib/python3.12/site-packages/airflow/example_dags/example_setup_teardown_taskflow.py
[2024-04-19T12:30:43.940+0000] {logging_mixin.py:188} INFO - [2024-04-19T12:30:43.940+0000] {dag.py:3096} INFO - Sync 1 DAGs
[2024-04-19T12:30:43.951+0000] {logging_mixin.py:188} INFO - [2024-04-19T12:30:43.951+0000] {dag.py:3954} INFO - Setting next_dagrun for example_setup_teardown_taskflow to 2024-04-18 00:00:00+00:00, run_after=2024-04-19 00:00:00+00:00
[2024-04-19T12:30:43.962+0000] {processor.py:183} INFO - Processing /home/airflow/.local/lib/python3.12/site-packages/airflow/example_dags/example_setup_teardown_taskflow.py took 0.125 seconds
[2024-04-19T12:31:14.453+0000] {processor.py:161} INFO - Started process (PID=1274) to work on /home/airflow/.local/lib/python3.12/site-packages/airflow/example_dags/example_setup_teardown_taskflow.py
[2024-04-19T12:31:14.454+0000] {processor.py:830} INFO - Processing file /home/airflow/.local/lib/python3.12/site-packages/airflow/example_dags/example_setup_teardown_taskflow.py for tasks to queue
[2024-04-19T12:31:14.455+0000] {logging_mixin.py:188} INFO - [2024-04-19T12:31:14.455+0000] {dagbag.py:540} INFO - Filling up the DagBag from /home/airflow/.local/lib/python3.12/site-packages/airflow/example_dags/example_setup_teardown_taskflow.py
[2024-04-19T12:31:14.462+0000] {processor.py:840} INFO - DAG(s) 'example_setup_teardown_taskflow' retrieved from /home/airflow/.local/lib/python3.12/site-packages/airflow/example_dags/example_setup_teardown_taskflow.py
[2024-04-19T12:31:14.477+0000] {logging_mixin.py:188} INFO - [2024-04-19T12:31:14.477+0000] {dag.py:3096} INFO - Sync 1 DAGs
[2024-04-19T12:31:14.491+0000] {logging_mixin.py:188} INFO - [2024-04-19T12:31:14.491+0000] {dag.py:3954} INFO - Setting next_dagrun for example_setup_teardown_taskflow to 2024-04-18 00:00:00+00:00, run_after=2024-04-19 00:00:00+00:00
[2024-04-19T12:31:14.506+0000] {processor.py:183} INFO - Processing /home/airflow/.local/lib/python3.12/site-packages/airflow/example_dags/example_setup_teardown_taskflow.py took 0.057 seconds
[2024-04-19T12:31:44.776+0000] {processor.py:161} INFO - Started process (PID=1331) to work on /home/airflow/.local/lib/python3.12/site-packages/airflow/example_dags/example_setup_teardown_taskflow.py
[2024-04-19T12:31:44.777+0000] {processor.py:830} INFO - Processing file /home/airflow/.local/lib/python3.12/site-packages/airflow/example_dags/example_setup_teardown_taskflow.py for tasks to queue
[2024-04-19T12:31:44.780+0000] {logging_mixin.py:188} INFO - [2024-04-19T12:31:44.779+0000] {dagbag.py:540} INFO - Filling up the DagBag from /home/airflow/.local/lib/python3.12/site-packages/airflow/example_dags/example_setup_teardown_taskflow.py
[2024-04-19T12:31:44.787+0000] {processor.py:840} INFO - DAG(s) 'example_setup_teardown_taskflow' retrieved from /home/airflow/.local/lib/python3.12/site-packages/airflow/example_dags/example_setup_teardown_taskflow.py
[2024-04-19T12:31:44.803+0000] {logging_mixin.py:188} INFO - [2024-04-19T12:31:44.803+0000] {dag.py:3096} INFO - Sync 1 DAGs
[2024-04-19T12:31:44.819+0000] {logging_mixin.py:188} INFO - [2024-04-19T12:31:44.819+0000] {dag.py:3954} INFO - Setting next_dagrun for example_setup_teardown_taskflow to 2024-04-18 00:00:00+00:00, run_after=2024-04-19 00:00:00+00:00
[2024-04-19T12:31:44.833+0000] {processor.py:183} INFO - Processing /home/airflow/.local/lib/python3.12/site-packages/airflow/example_dags/example_setup_teardown_taskflow.py took 0.063 seconds
[2024-04-19T12:32:15.168+0000] {processor.py:161} INFO - Started process (PID=1389) to work on /home/airflow/.local/lib/python3.12/site-packages/airflow/example_dags/example_setup_teardown_taskflow.py
[2024-04-19T12:32:15.170+0000] {processor.py:830} INFO - Processing file /home/airflow/.local/lib/python3.12/site-packages/airflow/example_dags/example_setup_teardown_taskflow.py for tasks to queue
[2024-04-19T12:32:15.173+0000] {logging_mixin.py:188} INFO - [2024-04-19T12:32:15.172+0000] {dagbag.py:540} INFO - Filling up the DagBag from /home/airflow/.local/lib/python3.12/site-packages/airflow/example_dags/example_setup_teardown_taskflow.py
[2024-04-19T12:32:15.184+0000] {processor.py:840} INFO - DAG(s) 'example_setup_teardown_taskflow' retrieved from /home/airflow/.local/lib/python3.12/site-packages/airflow/example_dags/example_setup_teardown_taskflow.py
[2024-04-19T12:32:15.209+0000] {logging_mixin.py:188} INFO - [2024-04-19T12:32:15.209+0000] {dag.py:3096} INFO - Sync 1 DAGs
[2024-04-19T12:32:15.224+0000] {logging_mixin.py:188} INFO - [2024-04-19T12:32:15.224+0000] {dag.py:3954} INFO - Setting next_dagrun for example_setup_teardown_taskflow to 2024-04-18 00:00:00+00:00, run_after=2024-04-19 00:00:00+00:00
[2024-04-19T12:32:15.240+0000] {processor.py:183} INFO - Processing /home/airflow/.local/lib/python3.12/site-packages/airflow/example_dags/example_setup_teardown_taskflow.py took 0.080 seconds
[2024-04-19T12:32:45.683+0000] {processor.py:161} INFO - Started process (PID=1447) to work on /home/airflow/.local/lib/python3.12/site-packages/airflow/example_dags/example_setup_teardown_taskflow.py
[2024-04-19T12:32:45.685+0000] {processor.py:830} INFO - Processing file /home/airflow/.local/lib/python3.12/site-packages/airflow/example_dags/example_setup_teardown_taskflow.py for tasks to queue
[2024-04-19T12:32:45.687+0000] {logging_mixin.py:188} INFO - [2024-04-19T12:32:45.687+0000] {dagbag.py:540} INFO - Filling up the DagBag from /home/airflow/.local/lib/python3.12/site-packages/airflow/example_dags/example_setup_teardown_taskflow.py
[2024-04-19T12:32:45.696+0000] {processor.py:840} INFO - DAG(s) 'example_setup_teardown_taskflow' retrieved from /home/airflow/.local/lib/python3.12/site-packages/airflow/example_dags/example_setup_teardown_taskflow.py
[2024-04-19T12:32:45.712+0000] {logging_mixin.py:188} INFO - [2024-04-19T12:32:45.711+0000] {dag.py:3096} INFO - Sync 1 DAGs
[2024-04-19T12:32:45.727+0000] {logging_mixin.py:188} INFO - [2024-04-19T12:32:45.727+0000] {dag.py:3954} INFO - Setting next_dagrun for example_setup_teardown_taskflow to 2024-04-18 00:00:00+00:00, run_after=2024-04-19 00:00:00+00:00
[2024-04-19T12:32:45.743+0000] {processor.py:183} INFO - Processing /home/airflow/.local/lib/python3.12/site-packages/airflow/example_dags/example_setup_teardown_taskflow.py took 0.066 seconds
[2024-04-19T12:33:16.031+0000] {processor.py:161} INFO - Started process (PID=1505) to work on /home/airflow/.local/lib/python3.12/site-packages/airflow/example_dags/example_setup_teardown_taskflow.py
[2024-04-19T12:33:16.033+0000] {processor.py:830} INFO - Processing file /home/airflow/.local/lib/python3.12/site-packages/airflow/example_dags/example_setup_teardown_taskflow.py for tasks to queue
[2024-04-19T12:33:16.034+0000] {logging_mixin.py:188} INFO - [2024-04-19T12:33:16.034+0000] {dagbag.py:540} INFO - Filling up the DagBag from /home/airflow/.local/lib/python3.12/site-packages/airflow/example_dags/example_setup_teardown_taskflow.py
[2024-04-19T12:33:16.040+0000] {processor.py:840} INFO - DAG(s) 'example_setup_teardown_taskflow' retrieved from /home/airflow/.local/lib/python3.12/site-packages/airflow/example_dags/example_setup_teardown_taskflow.py
[2024-04-19T12:33:16.056+0000] {logging_mixin.py:188} INFO - [2024-04-19T12:33:16.055+0000] {dag.py:3096} INFO - Sync 1 DAGs
[2024-04-19T12:33:16.070+0000] {logging_mixin.py:188} INFO - [2024-04-19T12:33:16.070+0000] {dag.py:3954} INFO - Setting next_dagrun for example_setup_teardown_taskflow to 2024-04-18 00:00:00+00:00, run_after=2024-04-19 00:00:00+00:00
[2024-04-19T12:33:16.086+0000] {processor.py:183} INFO - Processing /home/airflow/.local/lib/python3.12/site-packages/airflow/example_dags/example_setup_teardown_taskflow.py took 0.059 seconds
[2024-04-19T12:33:46.424+0000] {processor.py:161} INFO - Started process (PID=1563) to work on /home/airflow/.local/lib/python3.12/site-packages/airflow/example_dags/example_setup_teardown_taskflow.py
[2024-04-19T12:33:46.425+0000] {processor.py:830} INFO - Processing file /home/airflow/.local/lib/python3.12/site-packages/airflow/example_dags/example_setup_teardown_taskflow.py for tasks to queue
[2024-04-19T12:33:46.427+0000] {logging_mixin.py:188} INFO - [2024-04-19T12:33:46.427+0000] {dagbag.py:540} INFO - Filling up the DagBag from /home/airflow/.local/lib/python3.12/site-packages/airflow/example_dags/example_setup_teardown_taskflow.py
[2024-04-19T12:33:46.433+0000] {processor.py:840} INFO - DAG(s) 'example_setup_teardown_taskflow' retrieved from /home/airflow/.local/lib/python3.12/site-packages/airflow/example_dags/example_setup_teardown_taskflow.py
[2024-04-19T12:33:46.448+0000] {logging_mixin.py:188} INFO - [2024-04-19T12:33:46.448+0000] {dag.py:3096} INFO - Sync 1 DAGs
[2024-04-19T12:33:46.464+0000] {logging_mixin.py:188} INFO - [2024-04-19T12:33:46.464+0000] {dag.py:3954} INFO - Setting next_dagrun for example_setup_teardown_taskflow to 2024-04-18 00:00:00+00:00, run_after=2024-04-19 00:00:00+00:00
[2024-04-19T12:33:46.480+0000] {processor.py:183} INFO - Processing /home/airflow/.local/lib/python3.12/site-packages/airflow/example_dags/example_setup_teardown_taskflow.py took 0.060 seconds
