[2024-04-19T12:17:10.858+0000] {processor.py:161} INFO - Started process (PID=34) to work on /home/airflow/.local/lib/python3.12/site-packages/airflow/example_dags/example_dynamic_task_mapping_with_no_taskflow_operators.py
[2024-04-19T12:17:10.860+0000] {processor.py:830} INFO - Processing file /home/airflow/.local/lib/python3.12/site-packages/airflow/example_dags/example_dynamic_task_mapping_with_no_taskflow_operators.py for tasks to queue
[2024-04-19T12:17:10.863+0000] {logging_mixin.py:188} INFO - [2024-04-19T12:17:10.863+0000] {dagbag.py:540} INFO - Filling up the DagBag from /home/airflow/.local/lib/python3.12/site-packages/airflow/example_dags/example_dynamic_task_mapping_with_no_taskflow_operators.py
[2024-04-19T12:17:10.888+0000] {processor.py:840} INFO - DAG(s) 'example_dynamic_task_mapping_with_no_taskflow_operators' retrieved from /home/airflow/.local/lib/python3.12/site-packages/airflow/example_dags/example_dynamic_task_mapping_with_no_taskflow_operators.py
[2024-04-19T12:17:10.919+0000] {logging_mixin.py:188} INFO - [2024-04-19T12:17:10.918+0000] {dag.py:3096} INFO - Sync 1 DAGs
[2024-04-19T12:17:10.940+0000] {logging_mixin.py:188} INFO - [2024-04-19T12:17:10.940+0000] {dag.py:3954} INFO - Setting next_dagrun for example_dynamic_task_mapping_with_no_taskflow_operators to 2024-04-18 00:00:00+00:00, run_after=2024-04-19 00:00:00+00:00
[2024-04-19T12:17:10.965+0000] {processor.py:183} INFO - Processing /home/airflow/.local/lib/python3.12/site-packages/airflow/example_dags/example_dynamic_task_mapping_with_no_taskflow_operators.py took 0.114 seconds
[2024-04-19T12:17:41.111+0000] {processor.py:161} INFO - Started process (PID=92) to work on /home/airflow/.local/lib/python3.12/site-packages/airflow/example_dags/example_dynamic_task_mapping_with_no_taskflow_operators.py
[2024-04-19T12:17:41.111+0000] {processor.py:830} INFO - Processing file /home/airflow/.local/lib/python3.12/site-packages/airflow/example_dags/example_dynamic_task_mapping_with_no_taskflow_operators.py for tasks to queue
[2024-04-19T12:17:41.113+0000] {logging_mixin.py:188} INFO - [2024-04-19T12:17:41.112+0000] {dagbag.py:540} INFO - Filling up the DagBag from /home/airflow/.local/lib/python3.12/site-packages/airflow/example_dags/example_dynamic_task_mapping_with_no_taskflow_operators.py
[2024-04-19T12:17:41.118+0000] {processor.py:840} INFO - DAG(s) 'example_dynamic_task_mapping_with_no_taskflow_operators' retrieved from /home/airflow/.local/lib/python3.12/site-packages/airflow/example_dags/example_dynamic_task_mapping_with_no_taskflow_operators.py
[2024-04-19T12:17:41.253+0000] {logging_mixin.py:188} INFO - [2024-04-19T12:17:41.253+0000] {dag.py:3096} INFO - Sync 1 DAGs
[2024-04-19T12:17:41.267+0000] {logging_mixin.py:188} INFO - [2024-04-19T12:17:41.267+0000] {dag.py:3954} INFO - Setting next_dagrun for example_dynamic_task_mapping_with_no_taskflow_operators to 2024-04-18 00:00:00+00:00, run_after=2024-04-19 00:00:00+00:00
[2024-04-19T12:17:41.286+0000] {processor.py:183} INFO - Processing /home/airflow/.local/lib/python3.12/site-packages/airflow/example_dags/example_dynamic_task_mapping_with_no_taskflow_operators.py took 0.179 seconds
[2024-04-19T12:18:11.673+0000] {processor.py:161} INFO - Started process (PID=150) to work on /home/airflow/.local/lib/python3.12/site-packages/airflow/example_dags/example_dynamic_task_mapping_with_no_taskflow_operators.py
[2024-04-19T12:18:11.673+0000] {processor.py:830} INFO - Processing file /home/airflow/.local/lib/python3.12/site-packages/airflow/example_dags/example_dynamic_task_mapping_with_no_taskflow_operators.py for tasks to queue
[2024-04-19T12:18:11.675+0000] {logging_mixin.py:188} INFO - [2024-04-19T12:18:11.674+0000] {dagbag.py:540} INFO - Filling up the DagBag from /home/airflow/.local/lib/python3.12/site-packages/airflow/example_dags/example_dynamic_task_mapping_with_no_taskflow_operators.py
[2024-04-19T12:18:11.680+0000] {processor.py:840} INFO - DAG(s) 'example_dynamic_task_mapping_with_no_taskflow_operators' retrieved from /home/airflow/.local/lib/python3.12/site-packages/airflow/example_dags/example_dynamic_task_mapping_with_no_taskflow_operators.py
[2024-04-19T12:18:11.694+0000] {logging_mixin.py:188} INFO - [2024-04-19T12:18:11.693+0000] {dag.py:3096} INFO - Sync 1 DAGs
[2024-04-19T12:18:11.708+0000] {logging_mixin.py:188} INFO - [2024-04-19T12:18:11.708+0000] {dag.py:3954} INFO - Setting next_dagrun for example_dynamic_task_mapping_with_no_taskflow_operators to 2024-04-18 00:00:00+00:00, run_after=2024-04-19 00:00:00+00:00
[2024-04-19T12:18:11.725+0000] {processor.py:183} INFO - Processing /home/airflow/.local/lib/python3.12/site-packages/airflow/example_dags/example_dynamic_task_mapping_with_no_taskflow_operators.py took 0.057 seconds
[2024-04-19T12:18:42.036+0000] {processor.py:161} INFO - Started process (PID=208) to work on /home/airflow/.local/lib/python3.12/site-packages/airflow/example_dags/example_dynamic_task_mapping_with_no_taskflow_operators.py
[2024-04-19T12:18:42.036+0000] {processor.py:830} INFO - Processing file /home/airflow/.local/lib/python3.12/site-packages/airflow/example_dags/example_dynamic_task_mapping_with_no_taskflow_operators.py for tasks to queue
[2024-04-19T12:18:42.038+0000] {logging_mixin.py:188} INFO - [2024-04-19T12:18:42.038+0000] {dagbag.py:540} INFO - Filling up the DagBag from /home/airflow/.local/lib/python3.12/site-packages/airflow/example_dags/example_dynamic_task_mapping_with_no_taskflow_operators.py
[2024-04-19T12:18:42.042+0000] {processor.py:840} INFO - DAG(s) 'example_dynamic_task_mapping_with_no_taskflow_operators' retrieved from /home/airflow/.local/lib/python3.12/site-packages/airflow/example_dags/example_dynamic_task_mapping_with_no_taskflow_operators.py
[2024-04-19T12:18:42.056+0000] {logging_mixin.py:188} INFO - [2024-04-19T12:18:42.056+0000] {dag.py:3096} INFO - Sync 1 DAGs
[2024-04-19T12:18:42.070+0000] {logging_mixin.py:188} INFO - [2024-04-19T12:18:42.070+0000] {dag.py:3954} INFO - Setting next_dagrun for example_dynamic_task_mapping_with_no_taskflow_operators to 2024-04-18 00:00:00+00:00, run_after=2024-04-19 00:00:00+00:00
[2024-04-19T12:18:42.090+0000] {processor.py:183} INFO - Processing /home/airflow/.local/lib/python3.12/site-packages/airflow/example_dags/example_dynamic_task_mapping_with_no_taskflow_operators.py took 0.058 seconds
[2024-04-19T12:20:32.813+0000] {processor.py:161} INFO - Started process (PID=34) to work on /home/airflow/.local/lib/python3.12/site-packages/airflow/example_dags/example_dynamic_task_mapping_with_no_taskflow_operators.py
[2024-04-19T12:20:32.815+0000] {processor.py:830} INFO - Processing file /home/airflow/.local/lib/python3.12/site-packages/airflow/example_dags/example_dynamic_task_mapping_with_no_taskflow_operators.py for tasks to queue
[2024-04-19T12:20:32.817+0000] {logging_mixin.py:188} INFO - [2024-04-19T12:20:32.816+0000] {dagbag.py:540} INFO - Filling up the DagBag from /home/airflow/.local/lib/python3.12/site-packages/airflow/example_dags/example_dynamic_task_mapping_with_no_taskflow_operators.py
[2024-04-19T12:20:32.835+0000] {processor.py:840} INFO - DAG(s) 'example_dynamic_task_mapping_with_no_taskflow_operators' retrieved from /home/airflow/.local/lib/python3.12/site-packages/airflow/example_dags/example_dynamic_task_mapping_with_no_taskflow_operators.py
[2024-04-19T12:20:32.859+0000] {logging_mixin.py:188} INFO - [2024-04-19T12:20:32.858+0000] {dag.py:3096} INFO - Sync 1 DAGs
[2024-04-19T12:20:32.882+0000] {logging_mixin.py:188} INFO - [2024-04-19T12:20:32.881+0000] {dag.py:3954} INFO - Setting next_dagrun for example_dynamic_task_mapping_with_no_taskflow_operators to 2024-04-18 00:00:00+00:00, run_after=2024-04-19 00:00:00+00:00
[2024-04-19T12:20:32.901+0000] {processor.py:183} INFO - Processing /home/airflow/.local/lib/python3.12/site-packages/airflow/example_dags/example_dynamic_task_mapping_with_no_taskflow_operators.py took 0.094 seconds
[2024-04-19T12:21:03.047+0000] {processor.py:161} INFO - Started process (PID=92) to work on /home/airflow/.local/lib/python3.12/site-packages/airflow/example_dags/example_dynamic_task_mapping_with_no_taskflow_operators.py
[2024-04-19T12:21:03.049+0000] {processor.py:830} INFO - Processing file /home/airflow/.local/lib/python3.12/site-packages/airflow/example_dags/example_dynamic_task_mapping_with_no_taskflow_operators.py for tasks to queue
[2024-04-19T12:21:03.053+0000] {logging_mixin.py:188} INFO - [2024-04-19T12:21:03.053+0000] {dagbag.py:540} INFO - Filling up the DagBag from /home/airflow/.local/lib/python3.12/site-packages/airflow/example_dags/example_dynamic_task_mapping_with_no_taskflow_operators.py
[2024-04-19T12:21:03.059+0000] {processor.py:840} INFO - DAG(s) 'example_dynamic_task_mapping_with_no_taskflow_operators' retrieved from /home/airflow/.local/lib/python3.12/site-packages/airflow/example_dags/example_dynamic_task_mapping_with_no_taskflow_operators.py
[2024-04-19T12:21:03.195+0000] {logging_mixin.py:188} INFO - [2024-04-19T12:21:03.194+0000] {dag.py:3096} INFO - Sync 1 DAGs
[2024-04-19T12:21:03.209+0000] {logging_mixin.py:188} INFO - [2024-04-19T12:21:03.209+0000] {dag.py:3954} INFO - Setting next_dagrun for example_dynamic_task_mapping_with_no_taskflow_operators to 2024-04-18 00:00:00+00:00, run_after=2024-04-19 00:00:00+00:00
[2024-04-19T12:21:03.227+0000] {processor.py:183} INFO - Processing /home/airflow/.local/lib/python3.12/site-packages/airflow/example_dags/example_dynamic_task_mapping_with_no_taskflow_operators.py took 0.192 seconds
[2024-04-19T12:21:33.722+0000] {processor.py:161} INFO - Started process (PID=150) to work on /home/airflow/.local/lib/python3.12/site-packages/airflow/example_dags/example_dynamic_task_mapping_with_no_taskflow_operators.py
[2024-04-19T12:21:33.723+0000] {processor.py:830} INFO - Processing file /home/airflow/.local/lib/python3.12/site-packages/airflow/example_dags/example_dynamic_task_mapping_with_no_taskflow_operators.py for tasks to queue
[2024-04-19T12:21:33.724+0000] {logging_mixin.py:188} INFO - [2024-04-19T12:21:33.724+0000] {dagbag.py:540} INFO - Filling up the DagBag from /home/airflow/.local/lib/python3.12/site-packages/airflow/example_dags/example_dynamic_task_mapping_with_no_taskflow_operators.py
[2024-04-19T12:21:33.728+0000] {processor.py:840} INFO - DAG(s) 'example_dynamic_task_mapping_with_no_taskflow_operators' retrieved from /home/airflow/.local/lib/python3.12/site-packages/airflow/example_dags/example_dynamic_task_mapping_with_no_taskflow_operators.py
[2024-04-19T12:21:33.746+0000] {logging_mixin.py:188} INFO - [2024-04-19T12:21:33.746+0000] {dag.py:3096} INFO - Sync 1 DAGs
[2024-04-19T12:21:33.760+0000] {logging_mixin.py:188} INFO - [2024-04-19T12:21:33.760+0000] {dag.py:3954} INFO - Setting next_dagrun for example_dynamic_task_mapping_with_no_taskflow_operators to 2024-04-18 00:00:00+00:00, run_after=2024-04-19 00:00:00+00:00
[2024-04-19T12:21:33.776+0000] {processor.py:183} INFO - Processing /home/airflow/.local/lib/python3.12/site-packages/airflow/example_dags/example_dynamic_task_mapping_with_no_taskflow_operators.py took 0.058 seconds
[2024-04-19T12:22:04.026+0000] {processor.py:161} INFO - Started process (PID=208) to work on /home/airflow/.local/lib/python3.12/site-packages/airflow/example_dags/example_dynamic_task_mapping_with_no_taskflow_operators.py
[2024-04-19T12:22:04.027+0000] {processor.py:830} INFO - Processing file /home/airflow/.local/lib/python3.12/site-packages/airflow/example_dags/example_dynamic_task_mapping_with_no_taskflow_operators.py for tasks to queue
[2024-04-19T12:22:04.029+0000] {logging_mixin.py:188} INFO - [2024-04-19T12:22:04.029+0000] {dagbag.py:540} INFO - Filling up the DagBag from /home/airflow/.local/lib/python3.12/site-packages/airflow/example_dags/example_dynamic_task_mapping_with_no_taskflow_operators.py
[2024-04-19T12:22:04.034+0000] {processor.py:840} INFO - DAG(s) 'example_dynamic_task_mapping_with_no_taskflow_operators' retrieved from /home/airflow/.local/lib/python3.12/site-packages/airflow/example_dags/example_dynamic_task_mapping_with_no_taskflow_operators.py
[2024-04-19T12:22:04.047+0000] {logging_mixin.py:188} INFO - [2024-04-19T12:22:04.046+0000] {dag.py:3096} INFO - Sync 1 DAGs
[2024-04-19T12:22:04.060+0000] {logging_mixin.py:188} INFO - [2024-04-19T12:22:04.060+0000] {dag.py:3954} INFO - Setting next_dagrun for example_dynamic_task_mapping_with_no_taskflow_operators to 2024-04-18 00:00:00+00:00, run_after=2024-04-19 00:00:00+00:00
[2024-04-19T12:22:04.077+0000] {processor.py:183} INFO - Processing /home/airflow/.local/lib/python3.12/site-packages/airflow/example_dags/example_dynamic_task_mapping_with_no_taskflow_operators.py took 0.057 seconds
[2024-04-19T12:22:34.360+0000] {processor.py:161} INFO - Started process (PID=266) to work on /home/airflow/.local/lib/python3.12/site-packages/airflow/example_dags/example_dynamic_task_mapping_with_no_taskflow_operators.py
[2024-04-19T12:22:34.361+0000] {processor.py:830} INFO - Processing file /home/airflow/.local/lib/python3.12/site-packages/airflow/example_dags/example_dynamic_task_mapping_with_no_taskflow_operators.py for tasks to queue
[2024-04-19T12:22:34.363+0000] {logging_mixin.py:188} INFO - [2024-04-19T12:22:34.363+0000] {dagbag.py:540} INFO - Filling up the DagBag from /home/airflow/.local/lib/python3.12/site-packages/airflow/example_dags/example_dynamic_task_mapping_with_no_taskflow_operators.py
[2024-04-19T12:22:34.368+0000] {processor.py:840} INFO - DAG(s) 'example_dynamic_task_mapping_with_no_taskflow_operators' retrieved from /home/airflow/.local/lib/python3.12/site-packages/airflow/example_dags/example_dynamic_task_mapping_with_no_taskflow_operators.py
[2024-04-19T12:22:34.387+0000] {logging_mixin.py:188} INFO - [2024-04-19T12:22:34.387+0000] {dag.py:3096} INFO - Sync 1 DAGs
[2024-04-19T12:22:34.403+0000] {logging_mixin.py:188} INFO - [2024-04-19T12:22:34.403+0000] {dag.py:3954} INFO - Setting next_dagrun for example_dynamic_task_mapping_with_no_taskflow_operators to 2024-04-18 00:00:00+00:00, run_after=2024-04-19 00:00:00+00:00
[2024-04-19T12:22:34.422+0000] {processor.py:183} INFO - Processing /home/airflow/.local/lib/python3.12/site-packages/airflow/example_dags/example_dynamic_task_mapping_with_no_taskflow_operators.py took 0.069 seconds
[2024-04-19T12:23:04.714+0000] {processor.py:161} INFO - Started process (PID=324) to work on /home/airflow/.local/lib/python3.12/site-packages/airflow/example_dags/example_dynamic_task_mapping_with_no_taskflow_operators.py
[2024-04-19T12:23:04.715+0000] {processor.py:830} INFO - Processing file /home/airflow/.local/lib/python3.12/site-packages/airflow/example_dags/example_dynamic_task_mapping_with_no_taskflow_operators.py for tasks to queue
[2024-04-19T12:23:04.717+0000] {logging_mixin.py:188} INFO - [2024-04-19T12:23:04.716+0000] {dagbag.py:540} INFO - Filling up the DagBag from /home/airflow/.local/lib/python3.12/site-packages/airflow/example_dags/example_dynamic_task_mapping_with_no_taskflow_operators.py
[2024-04-19T12:23:04.720+0000] {processor.py:840} INFO - DAG(s) 'example_dynamic_task_mapping_with_no_taskflow_operators' retrieved from /home/airflow/.local/lib/python3.12/site-packages/airflow/example_dags/example_dynamic_task_mapping_with_no_taskflow_operators.py
[2024-04-19T12:23:04.731+0000] {logging_mixin.py:188} INFO - [2024-04-19T12:23:04.731+0000] {dag.py:3096} INFO - Sync 1 DAGs
[2024-04-19T12:23:04.748+0000] {logging_mixin.py:188} INFO - [2024-04-19T12:23:04.748+0000] {dag.py:3954} INFO - Setting next_dagrun for example_dynamic_task_mapping_with_no_taskflow_operators to 2024-04-18 00:00:00+00:00, run_after=2024-04-19 00:00:00+00:00
[2024-04-19T12:23:04.766+0000] {processor.py:183} INFO - Processing /home/airflow/.local/lib/python3.12/site-packages/airflow/example_dags/example_dynamic_task_mapping_with_no_taskflow_operators.py took 0.056 seconds
[2024-04-19T12:23:35.418+0000] {processor.py:161} INFO - Started process (PID=383) to work on /home/airflow/.local/lib/python3.12/site-packages/airflow/example_dags/example_dynamic_task_mapping_with_no_taskflow_operators.py
[2024-04-19T12:23:35.419+0000] {processor.py:830} INFO - Processing file /home/airflow/.local/lib/python3.12/site-packages/airflow/example_dags/example_dynamic_task_mapping_with_no_taskflow_operators.py for tasks to queue
[2024-04-19T12:23:35.420+0000] {logging_mixin.py:188} INFO - [2024-04-19T12:23:35.420+0000] {dagbag.py:540} INFO - Filling up the DagBag from /home/airflow/.local/lib/python3.12/site-packages/airflow/example_dags/example_dynamic_task_mapping_with_no_taskflow_operators.py
[2024-04-19T12:23:35.425+0000] {processor.py:840} INFO - DAG(s) 'example_dynamic_task_mapping_with_no_taskflow_operators' retrieved from /home/airflow/.local/lib/python3.12/site-packages/airflow/example_dags/example_dynamic_task_mapping_with_no_taskflow_operators.py
[2024-04-19T12:23:35.485+0000] {logging_mixin.py:188} INFO - [2024-04-19T12:23:35.484+0000] {dag.py:3096} INFO - Sync 1 DAGs
[2024-04-19T12:23:35.498+0000] {logging_mixin.py:188} INFO - [2024-04-19T12:23:35.497+0000] {dag.py:3954} INFO - Setting next_dagrun for example_dynamic_task_mapping_with_no_taskflow_operators to 2024-04-18 00:00:00+00:00, run_after=2024-04-19 00:00:00+00:00
[2024-04-19T12:23:35.514+0000] {processor.py:183} INFO - Processing /home/airflow/.local/lib/python3.12/site-packages/airflow/example_dags/example_dynamic_task_mapping_with_no_taskflow_operators.py took 0.100 seconds
[2024-04-19T12:24:05.742+0000] {processor.py:161} INFO - Started process (PID=442) to work on /home/airflow/.local/lib/python3.12/site-packages/airflow/example_dags/example_dynamic_task_mapping_with_no_taskflow_operators.py
[2024-04-19T12:24:05.743+0000] {processor.py:830} INFO - Processing file /home/airflow/.local/lib/python3.12/site-packages/airflow/example_dags/example_dynamic_task_mapping_with_no_taskflow_operators.py for tasks to queue
[2024-04-19T12:24:05.744+0000] {logging_mixin.py:188} INFO - [2024-04-19T12:24:05.744+0000] {dagbag.py:540} INFO - Filling up the DagBag from /home/airflow/.local/lib/python3.12/site-packages/airflow/example_dags/example_dynamic_task_mapping_with_no_taskflow_operators.py
[2024-04-19T12:24:05.748+0000] {processor.py:840} INFO - DAG(s) 'example_dynamic_task_mapping_with_no_taskflow_operators' retrieved from /home/airflow/.local/lib/python3.12/site-packages/airflow/example_dags/example_dynamic_task_mapping_with_no_taskflow_operators.py
[2024-04-19T12:24:05.761+0000] {logging_mixin.py:188} INFO - [2024-04-19T12:24:05.760+0000] {dag.py:3096} INFO - Sync 1 DAGs
[2024-04-19T12:24:05.775+0000] {logging_mixin.py:188} INFO - [2024-04-19T12:24:05.775+0000] {dag.py:3954} INFO - Setting next_dagrun for example_dynamic_task_mapping_with_no_taskflow_operators to 2024-04-18 00:00:00+00:00, run_after=2024-04-19 00:00:00+00:00
[2024-04-19T12:24:05.792+0000] {processor.py:183} INFO - Processing /home/airflow/.local/lib/python3.12/site-packages/airflow/example_dags/example_dynamic_task_mapping_with_no_taskflow_operators.py took 0.054 seconds
[2024-04-19T12:24:36.368+0000] {processor.py:161} INFO - Started process (PID=500) to work on /home/airflow/.local/lib/python3.12/site-packages/airflow/example_dags/example_dynamic_task_mapping_with_no_taskflow_operators.py
[2024-04-19T12:24:36.369+0000] {processor.py:830} INFO - Processing file /home/airflow/.local/lib/python3.12/site-packages/airflow/example_dags/example_dynamic_task_mapping_with_no_taskflow_operators.py for tasks to queue
[2024-04-19T12:24:36.371+0000] {logging_mixin.py:188} INFO - [2024-04-19T12:24:36.371+0000] {dagbag.py:540} INFO - Filling up the DagBag from /home/airflow/.local/lib/python3.12/site-packages/airflow/example_dags/example_dynamic_task_mapping_with_no_taskflow_operators.py
[2024-04-19T12:24:36.375+0000] {processor.py:840} INFO - DAG(s) 'example_dynamic_task_mapping_with_no_taskflow_operators' retrieved from /home/airflow/.local/lib/python3.12/site-packages/airflow/example_dags/example_dynamic_task_mapping_with_no_taskflow_operators.py
[2024-04-19T12:24:36.390+0000] {logging_mixin.py:188} INFO - [2024-04-19T12:24:36.389+0000] {dag.py:3096} INFO - Sync 1 DAGs
[2024-04-19T12:24:36.405+0000] {logging_mixin.py:188} INFO - [2024-04-19T12:24:36.405+0000] {dag.py:3954} INFO - Setting next_dagrun for example_dynamic_task_mapping_with_no_taskflow_operators to 2024-04-18 00:00:00+00:00, run_after=2024-04-19 00:00:00+00:00
[2024-04-19T12:24:36.422+0000] {processor.py:183} INFO - Processing /home/airflow/.local/lib/python3.12/site-packages/airflow/example_dags/example_dynamic_task_mapping_with_no_taskflow_operators.py took 0.065 seconds
[2024-04-19T12:25:06.868+0000] {processor.py:161} INFO - Started process (PID=558) to work on /home/airflow/.local/lib/python3.12/site-packages/airflow/example_dags/example_dynamic_task_mapping_with_no_taskflow_operators.py
[2024-04-19T12:25:06.869+0000] {processor.py:830} INFO - Processing file /home/airflow/.local/lib/python3.12/site-packages/airflow/example_dags/example_dynamic_task_mapping_with_no_taskflow_operators.py for tasks to queue
[2024-04-19T12:25:06.871+0000] {logging_mixin.py:188} INFO - [2024-04-19T12:25:06.871+0000] {dagbag.py:540} INFO - Filling up the DagBag from /home/airflow/.local/lib/python3.12/site-packages/airflow/example_dags/example_dynamic_task_mapping_with_no_taskflow_operators.py
[2024-04-19T12:25:06.876+0000] {processor.py:840} INFO - DAG(s) 'example_dynamic_task_mapping_with_no_taskflow_operators' retrieved from /home/airflow/.local/lib/python3.12/site-packages/airflow/example_dags/example_dynamic_task_mapping_with_no_taskflow_operators.py
[2024-04-19T12:25:06.894+0000] {logging_mixin.py:188} INFO - [2024-04-19T12:25:06.894+0000] {dag.py:3096} INFO - Sync 1 DAGs
[2024-04-19T12:25:06.909+0000] {logging_mixin.py:188} INFO - [2024-04-19T12:25:06.909+0000] {dag.py:3954} INFO - Setting next_dagrun for example_dynamic_task_mapping_with_no_taskflow_operators to 2024-04-18 00:00:00+00:00, run_after=2024-04-19 00:00:00+00:00
[2024-04-19T12:25:06.927+0000] {processor.py:183} INFO - Processing /home/airflow/.local/lib/python3.12/site-packages/airflow/example_dags/example_dynamic_task_mapping_with_no_taskflow_operators.py took 0.063 seconds
[2024-04-19T12:25:36.987+0000] {processor.py:161} INFO - Started process (PID=616) to work on /home/airflow/.local/lib/python3.12/site-packages/airflow/example_dags/example_dynamic_task_mapping_with_no_taskflow_operators.py
[2024-04-19T12:25:36.988+0000] {processor.py:830} INFO - Processing file /home/airflow/.local/lib/python3.12/site-packages/airflow/example_dags/example_dynamic_task_mapping_with_no_taskflow_operators.py for tasks to queue
[2024-04-19T12:25:36.991+0000] {logging_mixin.py:188} INFO - [2024-04-19T12:25:36.990+0000] {dagbag.py:540} INFO - Filling up the DagBag from /home/airflow/.local/lib/python3.12/site-packages/airflow/example_dags/example_dynamic_task_mapping_with_no_taskflow_operators.py
[2024-04-19T12:25:36.997+0000] {processor.py:840} INFO - DAG(s) 'example_dynamic_task_mapping_with_no_taskflow_operators' retrieved from /home/airflow/.local/lib/python3.12/site-packages/airflow/example_dags/example_dynamic_task_mapping_with_no_taskflow_operators.py
[2024-04-19T12:25:37.018+0000] {logging_mixin.py:188} INFO - [2024-04-19T12:25:37.018+0000] {dag.py:3096} INFO - Sync 1 DAGs
[2024-04-19T12:25:37.041+0000] {logging_mixin.py:188} INFO - [2024-04-19T12:25:37.040+0000] {dag.py:3954} INFO - Setting next_dagrun for example_dynamic_task_mapping_with_no_taskflow_operators to 2024-04-18 00:00:00+00:00, run_after=2024-04-19 00:00:00+00:00
[2024-04-19T12:25:37.064+0000] {processor.py:183} INFO - Processing /home/airflow/.local/lib/python3.12/site-packages/airflow/example_dags/example_dynamic_task_mapping_with_no_taskflow_operators.py took 0.084 seconds
[2024-04-19T12:26:07.205+0000] {processor.py:161} INFO - Started process (PID=674) to work on /home/airflow/.local/lib/python3.12/site-packages/airflow/example_dags/example_dynamic_task_mapping_with_no_taskflow_operators.py
[2024-04-19T12:26:07.205+0000] {processor.py:830} INFO - Processing file /home/airflow/.local/lib/python3.12/site-packages/airflow/example_dags/example_dynamic_task_mapping_with_no_taskflow_operators.py for tasks to queue
[2024-04-19T12:26:07.207+0000] {logging_mixin.py:188} INFO - [2024-04-19T12:26:07.206+0000] {dagbag.py:540} INFO - Filling up the DagBag from /home/airflow/.local/lib/python3.12/site-packages/airflow/example_dags/example_dynamic_task_mapping_with_no_taskflow_operators.py
[2024-04-19T12:26:07.212+0000] {processor.py:840} INFO - DAG(s) 'example_dynamic_task_mapping_with_no_taskflow_operators' retrieved from /home/airflow/.local/lib/python3.12/site-packages/airflow/example_dags/example_dynamic_task_mapping_with_no_taskflow_operators.py
[2024-04-19T12:26:07.229+0000] {logging_mixin.py:188} INFO - [2024-04-19T12:26:07.229+0000] {dag.py:3096} INFO - Sync 1 DAGs
[2024-04-19T12:26:07.245+0000] {logging_mixin.py:188} INFO - [2024-04-19T12:26:07.245+0000] {dag.py:3954} INFO - Setting next_dagrun for example_dynamic_task_mapping_with_no_taskflow_operators to 2024-04-18 00:00:00+00:00, run_after=2024-04-19 00:00:00+00:00
[2024-04-19T12:26:07.268+0000] {processor.py:183} INFO - Processing /home/airflow/.local/lib/python3.12/site-packages/airflow/example_dags/example_dynamic_task_mapping_with_no_taskflow_operators.py took 0.069 seconds
[2024-04-19T12:26:37.619+0000] {processor.py:161} INFO - Started process (PID=732) to work on /home/airflow/.local/lib/python3.12/site-packages/airflow/example_dags/example_dynamic_task_mapping_with_no_taskflow_operators.py
[2024-04-19T12:26:37.620+0000] {processor.py:830} INFO - Processing file /home/airflow/.local/lib/python3.12/site-packages/airflow/example_dags/example_dynamic_task_mapping_with_no_taskflow_operators.py for tasks to queue
[2024-04-19T12:26:37.622+0000] {logging_mixin.py:188} INFO - [2024-04-19T12:26:37.622+0000] {dagbag.py:540} INFO - Filling up the DagBag from /home/airflow/.local/lib/python3.12/site-packages/airflow/example_dags/example_dynamic_task_mapping_with_no_taskflow_operators.py
[2024-04-19T12:26:37.626+0000] {processor.py:840} INFO - DAG(s) 'example_dynamic_task_mapping_with_no_taskflow_operators' retrieved from /home/airflow/.local/lib/python3.12/site-packages/airflow/example_dags/example_dynamic_task_mapping_with_no_taskflow_operators.py
[2024-04-19T12:26:37.640+0000] {logging_mixin.py:188} INFO - [2024-04-19T12:26:37.640+0000] {dag.py:3096} INFO - Sync 1 DAGs
[2024-04-19T12:26:37.656+0000] {logging_mixin.py:188} INFO - [2024-04-19T12:26:37.656+0000] {dag.py:3954} INFO - Setting next_dagrun for example_dynamic_task_mapping_with_no_taskflow_operators to 2024-04-18 00:00:00+00:00, run_after=2024-04-19 00:00:00+00:00
[2024-04-19T12:26:37.673+0000] {processor.py:183} INFO - Processing /home/airflow/.local/lib/python3.12/site-packages/airflow/example_dags/example_dynamic_task_mapping_with_no_taskflow_operators.py took 0.064 seconds
[2024-04-19T12:27:07.728+0000] {processor.py:161} INFO - Started process (PID=790) to work on /home/airflow/.local/lib/python3.12/site-packages/airflow/example_dags/example_dynamic_task_mapping_with_no_taskflow_operators.py
[2024-04-19T12:27:07.729+0000] {processor.py:830} INFO - Processing file /home/airflow/.local/lib/python3.12/site-packages/airflow/example_dags/example_dynamic_task_mapping_with_no_taskflow_operators.py for tasks to queue
[2024-04-19T12:27:07.730+0000] {logging_mixin.py:188} INFO - [2024-04-19T12:27:07.730+0000] {dagbag.py:540} INFO - Filling up the DagBag from /home/airflow/.local/lib/python3.12/site-packages/airflow/example_dags/example_dynamic_task_mapping_with_no_taskflow_operators.py
[2024-04-19T12:27:07.736+0000] {processor.py:840} INFO - DAG(s) 'example_dynamic_task_mapping_with_no_taskflow_operators' retrieved from /home/airflow/.local/lib/python3.12/site-packages/airflow/example_dags/example_dynamic_task_mapping_with_no_taskflow_operators.py
[2024-04-19T12:27:07.752+0000] {logging_mixin.py:188} INFO - [2024-04-19T12:27:07.752+0000] {dag.py:3096} INFO - Sync 1 DAGs
[2024-04-19T12:27:07.767+0000] {logging_mixin.py:188} INFO - [2024-04-19T12:27:07.766+0000] {dag.py:3954} INFO - Setting next_dagrun for example_dynamic_task_mapping_with_no_taskflow_operators to 2024-04-18 00:00:00+00:00, run_after=2024-04-19 00:00:00+00:00
[2024-04-19T12:27:07.786+0000] {processor.py:183} INFO - Processing /home/airflow/.local/lib/python3.12/site-packages/airflow/example_dags/example_dynamic_task_mapping_with_no_taskflow_operators.py took 0.062 seconds
[2024-04-19T12:27:38.435+0000] {processor.py:161} INFO - Started process (PID=848) to work on /home/airflow/.local/lib/python3.12/site-packages/airflow/example_dags/example_dynamic_task_mapping_with_no_taskflow_operators.py
[2024-04-19T12:27:38.438+0000] {processor.py:830} INFO - Processing file /home/airflow/.local/lib/python3.12/site-packages/airflow/example_dags/example_dynamic_task_mapping_with_no_taskflow_operators.py for tasks to queue
[2024-04-19T12:27:38.442+0000] {logging_mixin.py:188} INFO - [2024-04-19T12:27:38.441+0000] {dagbag.py:540} INFO - Filling up the DagBag from /home/airflow/.local/lib/python3.12/site-packages/airflow/example_dags/example_dynamic_task_mapping_with_no_taskflow_operators.py
[2024-04-19T12:27:38.447+0000] {processor.py:840} INFO - DAG(s) 'example_dynamic_task_mapping_with_no_taskflow_operators' retrieved from /home/airflow/.local/lib/python3.12/site-packages/airflow/example_dags/example_dynamic_task_mapping_with_no_taskflow_operators.py
[2024-04-19T12:27:38.468+0000] {logging_mixin.py:188} INFO - [2024-04-19T12:27:38.467+0000] {dag.py:3096} INFO - Sync 1 DAGs
[2024-04-19T12:27:38.483+0000] {logging_mixin.py:188} INFO - [2024-04-19T12:27:38.482+0000] {dag.py:3954} INFO - Setting next_dagrun for example_dynamic_task_mapping_with_no_taskflow_operators to 2024-04-18 00:00:00+00:00, run_after=2024-04-19 00:00:00+00:00
[2024-04-19T12:27:38.498+0000] {processor.py:183} INFO - Processing /home/airflow/.local/lib/python3.12/site-packages/airflow/example_dags/example_dynamic_task_mapping_with_no_taskflow_operators.py took 0.082 seconds
[2024-04-19T12:28:08.680+0000] {processor.py:161} INFO - Started process (PID=906) to work on /home/airflow/.local/lib/python3.12/site-packages/airflow/example_dags/example_dynamic_task_mapping_with_no_taskflow_operators.py
[2024-04-19T12:28:08.681+0000] {processor.py:830} INFO - Processing file /home/airflow/.local/lib/python3.12/site-packages/airflow/example_dags/example_dynamic_task_mapping_with_no_taskflow_operators.py for tasks to queue
[2024-04-19T12:28:08.683+0000] {logging_mixin.py:188} INFO - [2024-04-19T12:28:08.683+0000] {dagbag.py:540} INFO - Filling up the DagBag from /home/airflow/.local/lib/python3.12/site-packages/airflow/example_dags/example_dynamic_task_mapping_with_no_taskflow_operators.py
[2024-04-19T12:28:08.687+0000] {processor.py:840} INFO - DAG(s) 'example_dynamic_task_mapping_with_no_taskflow_operators' retrieved from /home/airflow/.local/lib/python3.12/site-packages/airflow/example_dags/example_dynamic_task_mapping_with_no_taskflow_operators.py
[2024-04-19T12:28:08.711+0000] {logging_mixin.py:188} INFO - [2024-04-19T12:28:08.711+0000] {dag.py:3096} INFO - Sync 1 DAGs
[2024-04-19T12:28:08.728+0000] {logging_mixin.py:188} INFO - [2024-04-19T12:28:08.728+0000] {dag.py:3954} INFO - Setting next_dagrun for example_dynamic_task_mapping_with_no_taskflow_operators to 2024-04-18 00:00:00+00:00, run_after=2024-04-19 00:00:00+00:00
[2024-04-19T12:28:08.743+0000] {processor.py:183} INFO - Processing /home/airflow/.local/lib/python3.12/site-packages/airflow/example_dags/example_dynamic_task_mapping_with_no_taskflow_operators.py took 0.066 seconds
[2024-04-19T12:28:38.774+0000] {processor.py:161} INFO - Started process (PID=964) to work on /home/airflow/.local/lib/python3.12/site-packages/airflow/example_dags/example_dynamic_task_mapping_with_no_taskflow_operators.py
[2024-04-19T12:28:38.775+0000] {processor.py:830} INFO - Processing file /home/airflow/.local/lib/python3.12/site-packages/airflow/example_dags/example_dynamic_task_mapping_with_no_taskflow_operators.py for tasks to queue
[2024-04-19T12:28:38.777+0000] {logging_mixin.py:188} INFO - [2024-04-19T12:28:38.777+0000] {dagbag.py:540} INFO - Filling up the DagBag from /home/airflow/.local/lib/python3.12/site-packages/airflow/example_dags/example_dynamic_task_mapping_with_no_taskflow_operators.py
[2024-04-19T12:28:38.781+0000] {processor.py:840} INFO - DAG(s) 'example_dynamic_task_mapping_with_no_taskflow_operators' retrieved from /home/airflow/.local/lib/python3.12/site-packages/airflow/example_dags/example_dynamic_task_mapping_with_no_taskflow_operators.py
[2024-04-19T12:28:38.797+0000] {logging_mixin.py:188} INFO - [2024-04-19T12:28:38.797+0000] {dag.py:3096} INFO - Sync 1 DAGs
[2024-04-19T12:28:38.814+0000] {logging_mixin.py:188} INFO - [2024-04-19T12:28:38.814+0000] {dag.py:3954} INFO - Setting next_dagrun for example_dynamic_task_mapping_with_no_taskflow_operators to 2024-04-18 00:00:00+00:00, run_after=2024-04-19 00:00:00+00:00
[2024-04-19T12:28:38.832+0000] {processor.py:183} INFO - Processing /home/airflow/.local/lib/python3.12/site-packages/airflow/example_dags/example_dynamic_task_mapping_with_no_taskflow_operators.py took 0.061 seconds
[2024-04-19T12:29:09.088+0000] {processor.py:161} INFO - Started process (PID=1022) to work on /home/airflow/.local/lib/python3.12/site-packages/airflow/example_dags/example_dynamic_task_mapping_with_no_taskflow_operators.py
[2024-04-19T12:29:09.089+0000] {processor.py:830} INFO - Processing file /home/airflow/.local/lib/python3.12/site-packages/airflow/example_dags/example_dynamic_task_mapping_with_no_taskflow_operators.py for tasks to queue
[2024-04-19T12:29:09.091+0000] {logging_mixin.py:188} INFO - [2024-04-19T12:29:09.091+0000] {dagbag.py:540} INFO - Filling up the DagBag from /home/airflow/.local/lib/python3.12/site-packages/airflow/example_dags/example_dynamic_task_mapping_with_no_taskflow_operators.py
[2024-04-19T12:29:09.094+0000] {processor.py:840} INFO - DAG(s) 'example_dynamic_task_mapping_with_no_taskflow_operators' retrieved from /home/airflow/.local/lib/python3.12/site-packages/airflow/example_dags/example_dynamic_task_mapping_with_no_taskflow_operators.py
[2024-04-19T12:29:09.108+0000] {logging_mixin.py:188} INFO - [2024-04-19T12:29:09.108+0000] {dag.py:3096} INFO - Sync 1 DAGs
[2024-04-19T12:29:09.123+0000] {logging_mixin.py:188} INFO - [2024-04-19T12:29:09.123+0000] {dag.py:3954} INFO - Setting next_dagrun for example_dynamic_task_mapping_with_no_taskflow_operators to 2024-04-18 00:00:00+00:00, run_after=2024-04-19 00:00:00+00:00
[2024-04-19T12:29:09.140+0000] {processor.py:183} INFO - Processing /home/airflow/.local/lib/python3.12/site-packages/airflow/example_dags/example_dynamic_task_mapping_with_no_taskflow_operators.py took 0.055 seconds
[2024-04-19T12:29:39.733+0000] {processor.py:161} INFO - Started process (PID=1080) to work on /home/airflow/.local/lib/python3.12/site-packages/airflow/example_dags/example_dynamic_task_mapping_with_no_taskflow_operators.py
[2024-04-19T12:29:39.734+0000] {processor.py:830} INFO - Processing file /home/airflow/.local/lib/python3.12/site-packages/airflow/example_dags/example_dynamic_task_mapping_with_no_taskflow_operators.py for tasks to queue
[2024-04-19T12:29:39.737+0000] {logging_mixin.py:188} INFO - [2024-04-19T12:29:39.736+0000] {dagbag.py:540} INFO - Filling up the DagBag from /home/airflow/.local/lib/python3.12/site-packages/airflow/example_dags/example_dynamic_task_mapping_with_no_taskflow_operators.py
[2024-04-19T12:29:39.741+0000] {processor.py:840} INFO - DAG(s) 'example_dynamic_task_mapping_with_no_taskflow_operators' retrieved from /home/airflow/.local/lib/python3.12/site-packages/airflow/example_dags/example_dynamic_task_mapping_with_no_taskflow_operators.py
[2024-04-19T12:29:39.752+0000] {logging_mixin.py:188} INFO - [2024-04-19T12:29:39.752+0000] {dag.py:3096} INFO - Sync 1 DAGs
[2024-04-19T12:29:39.770+0000] {logging_mixin.py:188} INFO - [2024-04-19T12:29:39.770+0000] {dag.py:3954} INFO - Setting next_dagrun for example_dynamic_task_mapping_with_no_taskflow_operators to 2024-04-18 00:00:00+00:00, run_after=2024-04-19 00:00:00+00:00
[2024-04-19T12:29:39.789+0000] {processor.py:183} INFO - Processing /home/airflow/.local/lib/python3.12/site-packages/airflow/example_dags/example_dynamic_task_mapping_with_no_taskflow_operators.py took 0.061 seconds
[2024-04-19T12:30:10.410+0000] {processor.py:161} INFO - Started process (PID=1138) to work on /home/airflow/.local/lib/python3.12/site-packages/airflow/example_dags/example_dynamic_task_mapping_with_no_taskflow_operators.py
[2024-04-19T12:30:10.412+0000] {processor.py:830} INFO - Processing file /home/airflow/.local/lib/python3.12/site-packages/airflow/example_dags/example_dynamic_task_mapping_with_no_taskflow_operators.py for tasks to queue
[2024-04-19T12:30:10.414+0000] {logging_mixin.py:188} INFO - [2024-04-19T12:30:10.414+0000] {dagbag.py:540} INFO - Filling up the DagBag from /home/airflow/.local/lib/python3.12/site-packages/airflow/example_dags/example_dynamic_task_mapping_with_no_taskflow_operators.py
[2024-04-19T12:30:10.419+0000] {processor.py:840} INFO - DAG(s) 'example_dynamic_task_mapping_with_no_taskflow_operators' retrieved from /home/airflow/.local/lib/python3.12/site-packages/airflow/example_dags/example_dynamic_task_mapping_with_no_taskflow_operators.py
[2024-04-19T12:30:10.593+0000] {logging_mixin.py:188} INFO - [2024-04-19T12:30:10.593+0000] {dag.py:3096} INFO - Sync 1 DAGs
[2024-04-19T12:30:10.606+0000] {logging_mixin.py:188} INFO - [2024-04-19T12:30:10.606+0000] {dag.py:3954} INFO - Setting next_dagrun for example_dynamic_task_mapping_with_no_taskflow_operators to 2024-04-18 00:00:00+00:00, run_after=2024-04-19 00:00:00+00:00
[2024-04-19T12:30:10.621+0000] {processor.py:183} INFO - Processing /home/airflow/.local/lib/python3.12/site-packages/airflow/example_dags/example_dynamic_task_mapping_with_no_taskflow_operators.py took 0.219 seconds
[2024-04-19T12:30:40.889+0000] {processor.py:161} INFO - Started process (PID=1196) to work on /home/airflow/.local/lib/python3.12/site-packages/airflow/example_dags/example_dynamic_task_mapping_with_no_taskflow_operators.py
[2024-04-19T12:30:40.890+0000] {processor.py:830} INFO - Processing file /home/airflow/.local/lib/python3.12/site-packages/airflow/example_dags/example_dynamic_task_mapping_with_no_taskflow_operators.py for tasks to queue
[2024-04-19T12:30:40.892+0000] {logging_mixin.py:188} INFO - [2024-04-19T12:30:40.891+0000] {dagbag.py:540} INFO - Filling up the DagBag from /home/airflow/.local/lib/python3.12/site-packages/airflow/example_dags/example_dynamic_task_mapping_with_no_taskflow_operators.py
[2024-04-19T12:30:40.895+0000] {processor.py:840} INFO - DAG(s) 'example_dynamic_task_mapping_with_no_taskflow_operators' retrieved from /home/airflow/.local/lib/python3.12/site-packages/airflow/example_dags/example_dynamic_task_mapping_with_no_taskflow_operators.py
[2024-04-19T12:30:40.910+0000] {logging_mixin.py:188} INFO - [2024-04-19T12:30:40.910+0000] {dag.py:3096} INFO - Sync 1 DAGs
[2024-04-19T12:30:41.019+0000] {logging_mixin.py:188} INFO - [2024-04-19T12:30:41.019+0000] {dag.py:3954} INFO - Setting next_dagrun for example_dynamic_task_mapping_with_no_taskflow_operators to 2024-04-18 00:00:00+00:00, run_after=2024-04-19 00:00:00+00:00
[2024-04-19T12:30:41.035+0000] {processor.py:183} INFO - Processing /home/airflow/.local/lib/python3.12/site-packages/airflow/example_dags/example_dynamic_task_mapping_with_no_taskflow_operators.py took 0.149 seconds
[2024-04-19T12:31:11.601+0000] {processor.py:161} INFO - Started process (PID=1254) to work on /home/airflow/.local/lib/python3.12/site-packages/airflow/example_dags/example_dynamic_task_mapping_with_no_taskflow_operators.py
[2024-04-19T12:31:11.601+0000] {processor.py:830} INFO - Processing file /home/airflow/.local/lib/python3.12/site-packages/airflow/example_dags/example_dynamic_task_mapping_with_no_taskflow_operators.py for tasks to queue
[2024-04-19T12:31:11.603+0000] {logging_mixin.py:188} INFO - [2024-04-19T12:31:11.602+0000] {dagbag.py:540} INFO - Filling up the DagBag from /home/airflow/.local/lib/python3.12/site-packages/airflow/example_dags/example_dynamic_task_mapping_with_no_taskflow_operators.py
[2024-04-19T12:31:11.606+0000] {processor.py:840} INFO - DAG(s) 'example_dynamic_task_mapping_with_no_taskflow_operators' retrieved from /home/airflow/.local/lib/python3.12/site-packages/airflow/example_dags/example_dynamic_task_mapping_with_no_taskflow_operators.py
[2024-04-19T12:31:11.624+0000] {logging_mixin.py:188} INFO - [2024-04-19T12:31:11.623+0000] {dag.py:3096} INFO - Sync 1 DAGs
[2024-04-19T12:31:11.639+0000] {logging_mixin.py:188} INFO - [2024-04-19T12:31:11.638+0000] {dag.py:3954} INFO - Setting next_dagrun for example_dynamic_task_mapping_with_no_taskflow_operators to 2024-04-18 00:00:00+00:00, run_after=2024-04-19 00:00:00+00:00
[2024-04-19T12:31:11.656+0000] {processor.py:183} INFO - Processing /home/airflow/.local/lib/python3.12/site-packages/airflow/example_dags/example_dynamic_task_mapping_with_no_taskflow_operators.py took 0.060 seconds
[2024-04-19T12:31:41.828+0000] {processor.py:161} INFO - Started process (PID=1311) to work on /home/airflow/.local/lib/python3.12/site-packages/airflow/example_dags/example_dynamic_task_mapping_with_no_taskflow_operators.py
[2024-04-19T12:31:41.830+0000] {processor.py:830} INFO - Processing file /home/airflow/.local/lib/python3.12/site-packages/airflow/example_dags/example_dynamic_task_mapping_with_no_taskflow_operators.py for tasks to queue
[2024-04-19T12:31:41.832+0000] {logging_mixin.py:188} INFO - [2024-04-19T12:31:41.832+0000] {dagbag.py:540} INFO - Filling up the DagBag from /home/airflow/.local/lib/python3.12/site-packages/airflow/example_dags/example_dynamic_task_mapping_with_no_taskflow_operators.py
[2024-04-19T12:31:41.840+0000] {processor.py:840} INFO - DAG(s) 'example_dynamic_task_mapping_with_no_taskflow_operators' retrieved from /home/airflow/.local/lib/python3.12/site-packages/airflow/example_dags/example_dynamic_task_mapping_with_no_taskflow_operators.py
[2024-04-19T12:31:41.859+0000] {logging_mixin.py:188} INFO - [2024-04-19T12:31:41.858+0000] {dag.py:3096} INFO - Sync 1 DAGs
[2024-04-19T12:31:41.880+0000] {logging_mixin.py:188} INFO - [2024-04-19T12:31:41.879+0000] {dag.py:3954} INFO - Setting next_dagrun for example_dynamic_task_mapping_with_no_taskflow_operators to 2024-04-18 00:00:00+00:00, run_after=2024-04-19 00:00:00+00:00
[2024-04-19T12:31:41.898+0000] {processor.py:183} INFO - Processing /home/airflow/.local/lib/python3.12/site-packages/airflow/example_dags/example_dynamic_task_mapping_with_no_taskflow_operators.py took 0.079 seconds
[2024-04-19T12:32:12.236+0000] {processor.py:161} INFO - Started process (PID=1369) to work on /home/airflow/.local/lib/python3.12/site-packages/airflow/example_dags/example_dynamic_task_mapping_with_no_taskflow_operators.py
[2024-04-19T12:32:12.237+0000] {processor.py:830} INFO - Processing file /home/airflow/.local/lib/python3.12/site-packages/airflow/example_dags/example_dynamic_task_mapping_with_no_taskflow_operators.py for tasks to queue
[2024-04-19T12:32:12.240+0000] {logging_mixin.py:188} INFO - [2024-04-19T12:32:12.240+0000] {dagbag.py:540} INFO - Filling up the DagBag from /home/airflow/.local/lib/python3.12/site-packages/airflow/example_dags/example_dynamic_task_mapping_with_no_taskflow_operators.py
[2024-04-19T12:32:12.246+0000] {processor.py:840} INFO - DAG(s) 'example_dynamic_task_mapping_with_no_taskflow_operators' retrieved from /home/airflow/.local/lib/python3.12/site-packages/airflow/example_dags/example_dynamic_task_mapping_with_no_taskflow_operators.py
[2024-04-19T12:32:12.260+0000] {logging_mixin.py:188} INFO - [2024-04-19T12:32:12.260+0000] {dag.py:3096} INFO - Sync 1 DAGs
[2024-04-19T12:32:12.277+0000] {logging_mixin.py:188} INFO - [2024-04-19T12:32:12.277+0000] {dag.py:3954} INFO - Setting next_dagrun for example_dynamic_task_mapping_with_no_taskflow_operators to 2024-04-18 00:00:00+00:00, run_after=2024-04-19 00:00:00+00:00
[2024-04-19T12:32:12.294+0000] {processor.py:183} INFO - Processing /home/airflow/.local/lib/python3.12/site-packages/airflow/example_dags/example_dynamic_task_mapping_with_no_taskflow_operators.py took 0.064 seconds
[2024-04-19T12:32:42.704+0000] {processor.py:161} INFO - Started process (PID=1427) to work on /home/airflow/.local/lib/python3.12/site-packages/airflow/example_dags/example_dynamic_task_mapping_with_no_taskflow_operators.py
[2024-04-19T12:32:42.705+0000] {processor.py:830} INFO - Processing file /home/airflow/.local/lib/python3.12/site-packages/airflow/example_dags/example_dynamic_task_mapping_with_no_taskflow_operators.py for tasks to queue
[2024-04-19T12:32:42.707+0000] {logging_mixin.py:188} INFO - [2024-04-19T12:32:42.706+0000] {dagbag.py:540} INFO - Filling up the DagBag from /home/airflow/.local/lib/python3.12/site-packages/airflow/example_dags/example_dynamic_task_mapping_with_no_taskflow_operators.py
[2024-04-19T12:32:42.711+0000] {processor.py:840} INFO - DAG(s) 'example_dynamic_task_mapping_with_no_taskflow_operators' retrieved from /home/airflow/.local/lib/python3.12/site-packages/airflow/example_dags/example_dynamic_task_mapping_with_no_taskflow_operators.py
[2024-04-19T12:32:42.725+0000] {logging_mixin.py:188} INFO - [2024-04-19T12:32:42.725+0000] {dag.py:3096} INFO - Sync 1 DAGs
[2024-04-19T12:32:42.741+0000] {logging_mixin.py:188} INFO - [2024-04-19T12:32:42.741+0000] {dag.py:3954} INFO - Setting next_dagrun for example_dynamic_task_mapping_with_no_taskflow_operators to 2024-04-18 00:00:00+00:00, run_after=2024-04-19 00:00:00+00:00
[2024-04-19T12:32:42.758+0000] {processor.py:183} INFO - Processing /home/airflow/.local/lib/python3.12/site-packages/airflow/example_dags/example_dynamic_task_mapping_with_no_taskflow_operators.py took 0.059 seconds
[2024-04-19T12:33:13.150+0000] {processor.py:161} INFO - Started process (PID=1485) to work on /home/airflow/.local/lib/python3.12/site-packages/airflow/example_dags/example_dynamic_task_mapping_with_no_taskflow_operators.py
[2024-04-19T12:33:13.150+0000] {processor.py:830} INFO - Processing file /home/airflow/.local/lib/python3.12/site-packages/airflow/example_dags/example_dynamic_task_mapping_with_no_taskflow_operators.py for tasks to queue
[2024-04-19T12:33:13.152+0000] {logging_mixin.py:188} INFO - [2024-04-19T12:33:13.152+0000] {dagbag.py:540} INFO - Filling up the DagBag from /home/airflow/.local/lib/python3.12/site-packages/airflow/example_dags/example_dynamic_task_mapping_with_no_taskflow_operators.py
[2024-04-19T12:33:13.156+0000] {processor.py:840} INFO - DAG(s) 'example_dynamic_task_mapping_with_no_taskflow_operators' retrieved from /home/airflow/.local/lib/python3.12/site-packages/airflow/example_dags/example_dynamic_task_mapping_with_no_taskflow_operators.py
[2024-04-19T12:33:13.172+0000] {logging_mixin.py:188} INFO - [2024-04-19T12:33:13.172+0000] {dag.py:3096} INFO - Sync 1 DAGs
[2024-04-19T12:33:13.188+0000] {logging_mixin.py:188} INFO - [2024-04-19T12:33:13.188+0000] {dag.py:3954} INFO - Setting next_dagrun for example_dynamic_task_mapping_with_no_taskflow_operators to 2024-04-18 00:00:00+00:00, run_after=2024-04-19 00:00:00+00:00
[2024-04-19T12:33:13.206+0000] {processor.py:183} INFO - Processing /home/airflow/.local/lib/python3.12/site-packages/airflow/example_dags/example_dynamic_task_mapping_with_no_taskflow_operators.py took 0.061 seconds
[2024-04-19T12:33:43.574+0000] {processor.py:161} INFO - Started process (PID=1543) to work on /home/airflow/.local/lib/python3.12/site-packages/airflow/example_dags/example_dynamic_task_mapping_with_no_taskflow_operators.py
[2024-04-19T12:33:43.575+0000] {processor.py:830} INFO - Processing file /home/airflow/.local/lib/python3.12/site-packages/airflow/example_dags/example_dynamic_task_mapping_with_no_taskflow_operators.py for tasks to queue
[2024-04-19T12:33:43.577+0000] {logging_mixin.py:188} INFO - [2024-04-19T12:33:43.577+0000] {dagbag.py:540} INFO - Filling up the DagBag from /home/airflow/.local/lib/python3.12/site-packages/airflow/example_dags/example_dynamic_task_mapping_with_no_taskflow_operators.py
[2024-04-19T12:33:43.584+0000] {processor.py:840} INFO - DAG(s) 'example_dynamic_task_mapping_with_no_taskflow_operators' retrieved from /home/airflow/.local/lib/python3.12/site-packages/airflow/example_dags/example_dynamic_task_mapping_with_no_taskflow_operators.py
[2024-04-19T12:33:43.599+0000] {logging_mixin.py:188} INFO - [2024-04-19T12:33:43.599+0000] {dag.py:3096} INFO - Sync 1 DAGs
[2024-04-19T12:33:43.615+0000] {logging_mixin.py:188} INFO - [2024-04-19T12:33:43.615+0000] {dag.py:3954} INFO - Setting next_dagrun for example_dynamic_task_mapping_with_no_taskflow_operators to 2024-04-18 00:00:00+00:00, run_after=2024-04-19 00:00:00+00:00
[2024-04-19T12:33:43.631+0000] {processor.py:183} INFO - Processing /home/airflow/.local/lib/python3.12/site-packages/airflow/example_dags/example_dynamic_task_mapping_with_no_taskflow_operators.py took 0.063 seconds
