[2024-04-19T12:17:12.037+0000] {processor.py:161} INFO - Started process (PID=51) to work on /home/airflow/.local/lib/python3.12/site-packages/airflow/example_dags/example_branch_operator.py
[2024-04-19T12:17:12.038+0000] {processor.py:830} INFO - Processing file /home/airflow/.local/lib/python3.12/site-packages/airflow/example_dags/example_branch_operator.py for tasks to queue
[2024-04-19T12:17:12.040+0000] {logging_mixin.py:188} INFO - [2024-04-19T12:17:12.040+0000] {dagbag.py:540} INFO - Filling up the DagBag from /home/airflow/.local/lib/python3.12/site-packages/airflow/example_dags/example_branch_operator.py
[2024-04-19T12:17:12.056+0000] {processor.py:840} INFO - DAG(s) 'example_branch_operator' retrieved from /home/airflow/.local/lib/python3.12/site-packages/airflow/example_dags/example_branch_operator.py
[2024-04-19T12:17:12.071+0000] {logging_mixin.py:188} INFO - [2024-04-19T12:17:12.070+0000] {dag.py:3096} INFO - Sync 1 DAGs
[2024-04-19T12:17:12.100+0000] {logging_mixin.py:188} INFO - [2024-04-19T12:17:12.099+0000] {dag.py:3954} INFO - Setting next_dagrun for example_branch_operator to 2024-04-18 00:00:00+00:00, run_after=2024-04-19 00:00:00+00:00
[2024-04-19T12:17:12.119+0000] {processor.py:183} INFO - Processing /home/airflow/.local/lib/python3.12/site-packages/airflow/example_dags/example_branch_operator.py took 0.086 seconds
[2024-04-19T12:17:42.486+0000] {processor.py:161} INFO - Started process (PID=109) to work on /home/airflow/.local/lib/python3.12/site-packages/airflow/example_dags/example_branch_operator.py
[2024-04-19T12:17:42.488+0000] {processor.py:830} INFO - Processing file /home/airflow/.local/lib/python3.12/site-packages/airflow/example_dags/example_branch_operator.py for tasks to queue
[2024-04-19T12:17:42.489+0000] {logging_mixin.py:188} INFO - [2024-04-19T12:17:42.489+0000] {dagbag.py:540} INFO - Filling up the DagBag from /home/airflow/.local/lib/python3.12/site-packages/airflow/example_dags/example_branch_operator.py
[2024-04-19T12:17:42.500+0000] {processor.py:840} INFO - DAG(s) 'example_branch_operator' retrieved from /home/airflow/.local/lib/python3.12/site-packages/airflow/example_dags/example_branch_operator.py
[2024-04-19T12:17:42.568+0000] {logging_mixin.py:188} INFO - [2024-04-19T12:17:42.568+0000] {dag.py:3096} INFO - Sync 1 DAGs
[2024-04-19T12:17:42.582+0000] {logging_mixin.py:188} INFO - [2024-04-19T12:17:42.582+0000] {dag.py:3954} INFO - Setting next_dagrun for example_branch_operator to 2024-04-18 00:00:00+00:00, run_after=2024-04-19 00:00:00+00:00
[2024-04-19T12:17:42.596+0000] {processor.py:183} INFO - Processing /home/airflow/.local/lib/python3.12/site-packages/airflow/example_dags/example_branch_operator.py took 0.116 seconds
[2024-04-19T12:18:13.365+0000] {processor.py:161} INFO - Started process (PID=167) to work on /home/airflow/.local/lib/python3.12/site-packages/airflow/example_dags/example_branch_operator.py
[2024-04-19T12:18:13.366+0000] {processor.py:830} INFO - Processing file /home/airflow/.local/lib/python3.12/site-packages/airflow/example_dags/example_branch_operator.py for tasks to queue
[2024-04-19T12:18:13.367+0000] {logging_mixin.py:188} INFO - [2024-04-19T12:18:13.367+0000] {dagbag.py:540} INFO - Filling up the DagBag from /home/airflow/.local/lib/python3.12/site-packages/airflow/example_dags/example_branch_operator.py
[2024-04-19T12:18:13.377+0000] {processor.py:840} INFO - DAG(s) 'example_branch_operator' retrieved from /home/airflow/.local/lib/python3.12/site-packages/airflow/example_dags/example_branch_operator.py
[2024-04-19T12:18:13.393+0000] {logging_mixin.py:188} INFO - [2024-04-19T12:18:13.393+0000] {dag.py:3096} INFO - Sync 1 DAGs
[2024-04-19T12:18:13.406+0000] {logging_mixin.py:188} INFO - [2024-04-19T12:18:13.406+0000] {dag.py:3954} INFO - Setting next_dagrun for example_branch_operator to 2024-04-18 00:00:00+00:00, run_after=2024-04-19 00:00:00+00:00
[2024-04-19T12:18:13.418+0000] {processor.py:183} INFO - Processing /home/airflow/.local/lib/python3.12/site-packages/airflow/example_dags/example_branch_operator.py took 0.056 seconds
[2024-04-19T12:20:33.873+0000] {processor.py:161} INFO - Started process (PID=51) to work on /home/airflow/.local/lib/python3.12/site-packages/airflow/example_dags/example_branch_operator.py
[2024-04-19T12:20:33.874+0000] {processor.py:830} INFO - Processing file /home/airflow/.local/lib/python3.12/site-packages/airflow/example_dags/example_branch_operator.py for tasks to queue
[2024-04-19T12:20:33.876+0000] {logging_mixin.py:188} INFO - [2024-04-19T12:20:33.876+0000] {dagbag.py:540} INFO - Filling up the DagBag from /home/airflow/.local/lib/python3.12/site-packages/airflow/example_dags/example_branch_operator.py
[2024-04-19T12:20:33.893+0000] {processor.py:840} INFO - DAG(s) 'example_branch_operator' retrieved from /home/airflow/.local/lib/python3.12/site-packages/airflow/example_dags/example_branch_operator.py
[2024-04-19T12:20:33.907+0000] {logging_mixin.py:188} INFO - [2024-04-19T12:20:33.906+0000] {dag.py:3096} INFO - Sync 1 DAGs
[2024-04-19T12:20:33.934+0000] {logging_mixin.py:188} INFO - [2024-04-19T12:20:33.933+0000] {dag.py:3954} INFO - Setting next_dagrun for example_branch_operator to 2024-04-18 00:00:00+00:00, run_after=2024-04-19 00:00:00+00:00
[2024-04-19T12:20:33.958+0000] {processor.py:183} INFO - Processing /home/airflow/.local/lib/python3.12/site-packages/airflow/example_dags/example_branch_operator.py took 0.090 seconds
[2024-04-19T12:21:04.331+0000] {processor.py:161} INFO - Started process (PID=109) to work on /home/airflow/.local/lib/python3.12/site-packages/airflow/example_dags/example_branch_operator.py
[2024-04-19T12:21:04.332+0000] {processor.py:830} INFO - Processing file /home/airflow/.local/lib/python3.12/site-packages/airflow/example_dags/example_branch_operator.py for tasks to queue
[2024-04-19T12:21:04.334+0000] {logging_mixin.py:188} INFO - [2024-04-19T12:21:04.334+0000] {dagbag.py:540} INFO - Filling up the DagBag from /home/airflow/.local/lib/python3.12/site-packages/airflow/example_dags/example_branch_operator.py
[2024-04-19T12:21:04.344+0000] {processor.py:840} INFO - DAG(s) 'example_branch_operator' retrieved from /home/airflow/.local/lib/python3.12/site-packages/airflow/example_dags/example_branch_operator.py
[2024-04-19T12:21:04.423+0000] {logging_mixin.py:188} INFO - [2024-04-19T12:21:04.423+0000] {dag.py:3096} INFO - Sync 1 DAGs
[2024-04-19T12:21:04.439+0000] {logging_mixin.py:188} INFO - [2024-04-19T12:21:04.439+0000] {dag.py:3954} INFO - Setting next_dagrun for example_branch_operator to 2024-04-18 00:00:00+00:00, run_after=2024-04-19 00:00:00+00:00
[2024-04-19T12:21:04.456+0000] {processor.py:183} INFO - Processing /home/airflow/.local/lib/python3.12/site-packages/airflow/example_dags/example_branch_operator.py took 0.128 seconds
[2024-04-19T12:21:35.400+0000] {processor.py:161} INFO - Started process (PID=167) to work on /home/airflow/.local/lib/python3.12/site-packages/airflow/example_dags/example_branch_operator.py
[2024-04-19T12:21:35.401+0000] {processor.py:830} INFO - Processing file /home/airflow/.local/lib/python3.12/site-packages/airflow/example_dags/example_branch_operator.py for tasks to queue
[2024-04-19T12:21:35.402+0000] {logging_mixin.py:188} INFO - [2024-04-19T12:21:35.402+0000] {dagbag.py:540} INFO - Filling up the DagBag from /home/airflow/.local/lib/python3.12/site-packages/airflow/example_dags/example_branch_operator.py
[2024-04-19T12:21:35.411+0000] {processor.py:840} INFO - DAG(s) 'example_branch_operator' retrieved from /home/airflow/.local/lib/python3.12/site-packages/airflow/example_dags/example_branch_operator.py
[2024-04-19T12:21:35.427+0000] {logging_mixin.py:188} INFO - [2024-04-19T12:21:35.427+0000] {dag.py:3096} INFO - Sync 1 DAGs
[2024-04-19T12:21:35.441+0000] {logging_mixin.py:188} INFO - [2024-04-19T12:21:35.441+0000] {dag.py:3954} INFO - Setting next_dagrun for example_branch_operator to 2024-04-18 00:00:00+00:00, run_after=2024-04-19 00:00:00+00:00
[2024-04-19T12:21:35.454+0000] {processor.py:183} INFO - Processing /home/airflow/.local/lib/python3.12/site-packages/airflow/example_dags/example_branch_operator.py took 0.057 seconds
[2024-04-19T12:22:05.732+0000] {processor.py:161} INFO - Started process (PID=225) to work on /home/airflow/.local/lib/python3.12/site-packages/airflow/example_dags/example_branch_operator.py
[2024-04-19T12:22:05.733+0000] {processor.py:830} INFO - Processing file /home/airflow/.local/lib/python3.12/site-packages/airflow/example_dags/example_branch_operator.py for tasks to queue
[2024-04-19T12:22:05.734+0000] {logging_mixin.py:188} INFO - [2024-04-19T12:22:05.734+0000] {dagbag.py:540} INFO - Filling up the DagBag from /home/airflow/.local/lib/python3.12/site-packages/airflow/example_dags/example_branch_operator.py
[2024-04-19T12:22:05.744+0000] {processor.py:840} INFO - DAG(s) 'example_branch_operator' retrieved from /home/airflow/.local/lib/python3.12/site-packages/airflow/example_dags/example_branch_operator.py
[2024-04-19T12:22:05.761+0000] {logging_mixin.py:188} INFO - [2024-04-19T12:22:05.761+0000] {dag.py:3096} INFO - Sync 1 DAGs
[2024-04-19T12:22:05.775+0000] {logging_mixin.py:188} INFO - [2024-04-19T12:22:05.775+0000] {dag.py:3954} INFO - Setting next_dagrun for example_branch_operator to 2024-04-18 00:00:00+00:00, run_after=2024-04-19 00:00:00+00:00
[2024-04-19T12:22:05.789+0000] {processor.py:183} INFO - Processing /home/airflow/.local/lib/python3.12/site-packages/airflow/example_dags/example_branch_operator.py took 0.060 seconds
[2024-04-19T12:22:36.127+0000] {processor.py:161} INFO - Started process (PID=283) to work on /home/airflow/.local/lib/python3.12/site-packages/airflow/example_dags/example_branch_operator.py
[2024-04-19T12:22:36.128+0000] {processor.py:830} INFO - Processing file /home/airflow/.local/lib/python3.12/site-packages/airflow/example_dags/example_branch_operator.py for tasks to queue
[2024-04-19T12:22:36.129+0000] {logging_mixin.py:188} INFO - [2024-04-19T12:22:36.129+0000] {dagbag.py:540} INFO - Filling up the DagBag from /home/airflow/.local/lib/python3.12/site-packages/airflow/example_dags/example_branch_operator.py
[2024-04-19T12:22:36.139+0000] {processor.py:840} INFO - DAG(s) 'example_branch_operator' retrieved from /home/airflow/.local/lib/python3.12/site-packages/airflow/example_dags/example_branch_operator.py
[2024-04-19T12:22:36.157+0000] {logging_mixin.py:188} INFO - [2024-04-19T12:22:36.156+0000] {dag.py:3096} INFO - Sync 1 DAGs
[2024-04-19T12:22:36.170+0000] {logging_mixin.py:188} INFO - [2024-04-19T12:22:36.170+0000] {dag.py:3954} INFO - Setting next_dagrun for example_branch_operator to 2024-04-18 00:00:00+00:00, run_after=2024-04-19 00:00:00+00:00
[2024-04-19T12:22:36.183+0000] {processor.py:183} INFO - Processing /home/airflow/.local/lib/python3.12/site-packages/airflow/example_dags/example_branch_operator.py took 0.061 seconds
[2024-04-19T12:23:06.412+0000] {processor.py:161} INFO - Started process (PID=341) to work on /home/airflow/.local/lib/python3.12/site-packages/airflow/example_dags/example_branch_operator.py
[2024-04-19T12:23:06.413+0000] {processor.py:830} INFO - Processing file /home/airflow/.local/lib/python3.12/site-packages/airflow/example_dags/example_branch_operator.py for tasks to queue
[2024-04-19T12:23:06.414+0000] {logging_mixin.py:188} INFO - [2024-04-19T12:23:06.414+0000] {dagbag.py:540} INFO - Filling up the DagBag from /home/airflow/.local/lib/python3.12/site-packages/airflow/example_dags/example_branch_operator.py
[2024-04-19T12:23:06.425+0000] {processor.py:840} INFO - DAG(s) 'example_branch_operator' retrieved from /home/airflow/.local/lib/python3.12/site-packages/airflow/example_dags/example_branch_operator.py
[2024-04-19T12:23:06.435+0000] {logging_mixin.py:188} INFO - [2024-04-19T12:23:06.435+0000] {dag.py:3096} INFO - Sync 1 DAGs
[2024-04-19T12:23:06.454+0000] {logging_mixin.py:188} INFO - [2024-04-19T12:23:06.454+0000] {dag.py:3954} INFO - Setting next_dagrun for example_branch_operator to 2024-04-18 00:00:00+00:00, run_after=2024-04-19 00:00:00+00:00
[2024-04-19T12:23:06.471+0000] {processor.py:183} INFO - Processing /home/airflow/.local/lib/python3.12/site-packages/airflow/example_dags/example_branch_operator.py took 0.064 seconds
[2024-04-19T12:23:36.632+0000] {processor.py:161} INFO - Started process (PID=400) to work on /home/airflow/.local/lib/python3.12/site-packages/airflow/example_dags/example_branch_operator.py
[2024-04-19T12:23:36.634+0000] {processor.py:830} INFO - Processing file /home/airflow/.local/lib/python3.12/site-packages/airflow/example_dags/example_branch_operator.py for tasks to queue
[2024-04-19T12:23:36.636+0000] {logging_mixin.py:188} INFO - [2024-04-19T12:23:36.636+0000] {dagbag.py:540} INFO - Filling up the DagBag from /home/airflow/.local/lib/python3.12/site-packages/airflow/example_dags/example_branch_operator.py
[2024-04-19T12:23:36.652+0000] {processor.py:840} INFO - DAG(s) 'example_branch_operator' retrieved from /home/airflow/.local/lib/python3.12/site-packages/airflow/example_dags/example_branch_operator.py
[2024-04-19T12:23:36.732+0000] {logging_mixin.py:188} INFO - [2024-04-19T12:23:36.732+0000] {dag.py:3096} INFO - Sync 1 DAGs
[2024-04-19T12:23:36.831+0000] {logging_mixin.py:188} INFO - [2024-04-19T12:23:36.831+0000] {dag.py:3954} INFO - Setting next_dagrun for example_branch_operator to 2024-04-18 00:00:00+00:00, run_after=2024-04-19 00:00:00+00:00
[2024-04-19T12:23:36.849+0000] {processor.py:183} INFO - Processing /home/airflow/.local/lib/python3.12/site-packages/airflow/example_dags/example_branch_operator.py took 0.224 seconds
[2024-04-19T12:24:07.602+0000] {processor.py:161} INFO - Started process (PID=459) to work on /home/airflow/.local/lib/python3.12/site-packages/airflow/example_dags/example_branch_operator.py
[2024-04-19T12:24:07.603+0000] {processor.py:830} INFO - Processing file /home/airflow/.local/lib/python3.12/site-packages/airflow/example_dags/example_branch_operator.py for tasks to queue
[2024-04-19T12:24:07.604+0000] {logging_mixin.py:188} INFO - [2024-04-19T12:24:07.604+0000] {dagbag.py:540} INFO - Filling up the DagBag from /home/airflow/.local/lib/python3.12/site-packages/airflow/example_dags/example_branch_operator.py
[2024-04-19T12:24:07.614+0000] {processor.py:840} INFO - DAG(s) 'example_branch_operator' retrieved from /home/airflow/.local/lib/python3.12/site-packages/airflow/example_dags/example_branch_operator.py
[2024-04-19T12:24:07.634+0000] {logging_mixin.py:188} INFO - [2024-04-19T12:24:07.633+0000] {dag.py:3096} INFO - Sync 1 DAGs
[2024-04-19T12:24:07.648+0000] {logging_mixin.py:188} INFO - [2024-04-19T12:24:07.648+0000] {dag.py:3954} INFO - Setting next_dagrun for example_branch_operator to 2024-04-18 00:00:00+00:00, run_after=2024-04-19 00:00:00+00:00
[2024-04-19T12:24:07.661+0000] {processor.py:183} INFO - Processing /home/airflow/.local/lib/python3.12/site-packages/airflow/example_dags/example_branch_operator.py took 0.064 seconds
[2024-04-19T12:24:38.024+0000] {processor.py:161} INFO - Started process (PID=517) to work on /home/airflow/.local/lib/python3.12/site-packages/airflow/example_dags/example_branch_operator.py
[2024-04-19T12:24:38.025+0000] {processor.py:830} INFO - Processing file /home/airflow/.local/lib/python3.12/site-packages/airflow/example_dags/example_branch_operator.py for tasks to queue
[2024-04-19T12:24:38.026+0000] {logging_mixin.py:188} INFO - [2024-04-19T12:24:38.026+0000] {dagbag.py:540} INFO - Filling up the DagBag from /home/airflow/.local/lib/python3.12/site-packages/airflow/example_dags/example_branch_operator.py
[2024-04-19T12:24:38.037+0000] {processor.py:840} INFO - DAG(s) 'example_branch_operator' retrieved from /home/airflow/.local/lib/python3.12/site-packages/airflow/example_dags/example_branch_operator.py
[2024-04-19T12:24:38.056+0000] {logging_mixin.py:188} INFO - [2024-04-19T12:24:38.056+0000] {dag.py:3096} INFO - Sync 1 DAGs
[2024-04-19T12:24:38.071+0000] {logging_mixin.py:188} INFO - [2024-04-19T12:24:38.071+0000] {dag.py:3954} INFO - Setting next_dagrun for example_branch_operator to 2024-04-18 00:00:00+00:00, run_after=2024-04-19 00:00:00+00:00
[2024-04-19T12:24:38.087+0000] {processor.py:183} INFO - Processing /home/airflow/.local/lib/python3.12/site-packages/airflow/example_dags/example_branch_operator.py took 0.067 seconds
[2024-04-19T12:25:08.711+0000] {processor.py:161} INFO - Started process (PID=575) to work on /home/airflow/.local/lib/python3.12/site-packages/airflow/example_dags/example_branch_operator.py
[2024-04-19T12:25:08.712+0000] {processor.py:830} INFO - Processing file /home/airflow/.local/lib/python3.12/site-packages/airflow/example_dags/example_branch_operator.py for tasks to queue
[2024-04-19T12:25:08.713+0000] {logging_mixin.py:188} INFO - [2024-04-19T12:25:08.713+0000] {dagbag.py:540} INFO - Filling up the DagBag from /home/airflow/.local/lib/python3.12/site-packages/airflow/example_dags/example_branch_operator.py
[2024-04-19T12:25:08.729+0000] {processor.py:840} INFO - DAG(s) 'example_branch_operator' retrieved from /home/airflow/.local/lib/python3.12/site-packages/airflow/example_dags/example_branch_operator.py
[2024-04-19T12:25:08.751+0000] {logging_mixin.py:188} INFO - [2024-04-19T12:25:08.751+0000] {dag.py:3096} INFO - Sync 1 DAGs
[2024-04-19T12:25:08.767+0000] {logging_mixin.py:188} INFO - [2024-04-19T12:25:08.766+0000] {dag.py:3954} INFO - Setting next_dagrun for example_branch_operator to 2024-04-18 00:00:00+00:00, run_after=2024-04-19 00:00:00+00:00
[2024-04-19T12:25:08.781+0000] {processor.py:183} INFO - Processing /home/airflow/.local/lib/python3.12/site-packages/airflow/example_dags/example_branch_operator.py took 0.073 seconds
[2024-04-19T12:25:39.007+0000] {processor.py:161} INFO - Started process (PID=633) to work on /home/airflow/.local/lib/python3.12/site-packages/airflow/example_dags/example_branch_operator.py
[2024-04-19T12:25:39.008+0000] {processor.py:830} INFO - Processing file /home/airflow/.local/lib/python3.12/site-packages/airflow/example_dags/example_branch_operator.py for tasks to queue
[2024-04-19T12:25:39.010+0000] {logging_mixin.py:188} INFO - [2024-04-19T12:25:39.010+0000] {dagbag.py:540} INFO - Filling up the DagBag from /home/airflow/.local/lib/python3.12/site-packages/airflow/example_dags/example_branch_operator.py
[2024-04-19T12:25:39.034+0000] {processor.py:840} INFO - DAG(s) 'example_branch_operator' retrieved from /home/airflow/.local/lib/python3.12/site-packages/airflow/example_dags/example_branch_operator.py
[2024-04-19T12:25:39.058+0000] {logging_mixin.py:188} INFO - [2024-04-19T12:25:39.058+0000] {dag.py:3096} INFO - Sync 1 DAGs
[2024-04-19T12:25:39.078+0000] {logging_mixin.py:188} INFO - [2024-04-19T12:25:39.078+0000] {dag.py:3954} INFO - Setting next_dagrun for example_branch_operator to 2024-04-18 00:00:00+00:00, run_after=2024-04-19 00:00:00+00:00
[2024-04-19T12:25:39.096+0000] {processor.py:183} INFO - Processing /home/airflow/.local/lib/python3.12/site-packages/airflow/example_dags/example_branch_operator.py took 0.101 seconds
[2024-04-19T12:26:09.176+0000] {processor.py:161} INFO - Started process (PID=691) to work on /home/airflow/.local/lib/python3.12/site-packages/airflow/example_dags/example_branch_operator.py
[2024-04-19T12:26:09.177+0000] {processor.py:830} INFO - Processing file /home/airflow/.local/lib/python3.12/site-packages/airflow/example_dags/example_branch_operator.py for tasks to queue
[2024-04-19T12:26:09.179+0000] {logging_mixin.py:188} INFO - [2024-04-19T12:26:09.179+0000] {dagbag.py:540} INFO - Filling up the DagBag from /home/airflow/.local/lib/python3.12/site-packages/airflow/example_dags/example_branch_operator.py
[2024-04-19T12:26:09.193+0000] {processor.py:840} INFO - DAG(s) 'example_branch_operator' retrieved from /home/airflow/.local/lib/python3.12/site-packages/airflow/example_dags/example_branch_operator.py
[2024-04-19T12:26:09.214+0000] {logging_mixin.py:188} INFO - [2024-04-19T12:26:09.214+0000] {dag.py:3096} INFO - Sync 1 DAGs
[2024-04-19T12:26:09.233+0000] {logging_mixin.py:188} INFO - [2024-04-19T12:26:09.233+0000] {dag.py:3954} INFO - Setting next_dagrun for example_branch_operator to 2024-04-18 00:00:00+00:00, run_after=2024-04-19 00:00:00+00:00
[2024-04-19T12:26:09.249+0000] {processor.py:183} INFO - Processing /home/airflow/.local/lib/python3.12/site-packages/airflow/example_dags/example_branch_operator.py took 0.078 seconds
[2024-04-19T12:26:39.425+0000] {processor.py:161} INFO - Started process (PID=749) to work on /home/airflow/.local/lib/python3.12/site-packages/airflow/example_dags/example_branch_operator.py
[2024-04-19T12:26:39.426+0000] {processor.py:830} INFO - Processing file /home/airflow/.local/lib/python3.12/site-packages/airflow/example_dags/example_branch_operator.py for tasks to queue
[2024-04-19T12:26:39.428+0000] {logging_mixin.py:188} INFO - [2024-04-19T12:26:39.427+0000] {dagbag.py:540} INFO - Filling up the DagBag from /home/airflow/.local/lib/python3.12/site-packages/airflow/example_dags/example_branch_operator.py
[2024-04-19T12:26:39.442+0000] {processor.py:840} INFO - DAG(s) 'example_branch_operator' retrieved from /home/airflow/.local/lib/python3.12/site-packages/airflow/example_dags/example_branch_operator.py
[2024-04-19T12:26:39.465+0000] {logging_mixin.py:188} INFO - [2024-04-19T12:26:39.465+0000] {dag.py:3096} INFO - Sync 1 DAGs
[2024-04-19T12:26:39.482+0000] {logging_mixin.py:188} INFO - [2024-04-19T12:26:39.481+0000] {dag.py:3954} INFO - Setting next_dagrun for example_branch_operator to 2024-04-18 00:00:00+00:00, run_after=2024-04-19 00:00:00+00:00
[2024-04-19T12:26:39.499+0000] {processor.py:183} INFO - Processing /home/airflow/.local/lib/python3.12/site-packages/airflow/example_dags/example_branch_operator.py took 0.078 seconds
[2024-04-19T12:27:09.559+0000] {processor.py:161} INFO - Started process (PID=807) to work on /home/airflow/.local/lib/python3.12/site-packages/airflow/example_dags/example_branch_operator.py
[2024-04-19T12:27:09.560+0000] {processor.py:830} INFO - Processing file /home/airflow/.local/lib/python3.12/site-packages/airflow/example_dags/example_branch_operator.py for tasks to queue
[2024-04-19T12:27:09.561+0000] {logging_mixin.py:188} INFO - [2024-04-19T12:27:09.561+0000] {dagbag.py:540} INFO - Filling up the DagBag from /home/airflow/.local/lib/python3.12/site-packages/airflow/example_dags/example_branch_operator.py
[2024-04-19T12:27:09.571+0000] {processor.py:840} INFO - DAG(s) 'example_branch_operator' retrieved from /home/airflow/.local/lib/python3.12/site-packages/airflow/example_dags/example_branch_operator.py
[2024-04-19T12:27:09.591+0000] {logging_mixin.py:188} INFO - [2024-04-19T12:27:09.590+0000] {dag.py:3096} INFO - Sync 1 DAGs
[2024-04-19T12:27:09.606+0000] {logging_mixin.py:188} INFO - [2024-04-19T12:27:09.606+0000] {dag.py:3954} INFO - Setting next_dagrun for example_branch_operator to 2024-04-18 00:00:00+00:00, run_after=2024-04-19 00:00:00+00:00
[2024-04-19T12:27:09.713+0000] {processor.py:183} INFO - Processing /home/airflow/.local/lib/python3.12/site-packages/airflow/example_dags/example_branch_operator.py took 0.157 seconds
[2024-04-19T12:27:40.291+0000] {processor.py:161} INFO - Started process (PID=865) to work on /home/airflow/.local/lib/python3.12/site-packages/airflow/example_dags/example_branch_operator.py
[2024-04-19T12:27:40.292+0000] {processor.py:830} INFO - Processing file /home/airflow/.local/lib/python3.12/site-packages/airflow/example_dags/example_branch_operator.py for tasks to queue
[2024-04-19T12:27:40.293+0000] {logging_mixin.py:188} INFO - [2024-04-19T12:27:40.293+0000] {dagbag.py:540} INFO - Filling up the DagBag from /home/airflow/.local/lib/python3.12/site-packages/airflow/example_dags/example_branch_operator.py
[2024-04-19T12:27:40.304+0000] {processor.py:840} INFO - DAG(s) 'example_branch_operator' retrieved from /home/airflow/.local/lib/python3.12/site-packages/airflow/example_dags/example_branch_operator.py
[2024-04-19T12:27:40.324+0000] {logging_mixin.py:188} INFO - [2024-04-19T12:27:40.324+0000] {dag.py:3096} INFO - Sync 1 DAGs
[2024-04-19T12:27:40.340+0000] {logging_mixin.py:188} INFO - [2024-04-19T12:27:40.340+0000] {dag.py:3954} INFO - Setting next_dagrun for example_branch_operator to 2024-04-18 00:00:00+00:00, run_after=2024-04-19 00:00:00+00:00
[2024-04-19T12:27:40.366+0000] {processor.py:183} INFO - Processing /home/airflow/.local/lib/python3.12/site-packages/airflow/example_dags/example_branch_operator.py took 0.080 seconds
[2024-04-19T12:28:10.407+0000] {processor.py:161} INFO - Started process (PID=923) to work on /home/airflow/.local/lib/python3.12/site-packages/airflow/example_dags/example_branch_operator.py
[2024-04-19T12:28:10.408+0000] {processor.py:830} INFO - Processing file /home/airflow/.local/lib/python3.12/site-packages/airflow/example_dags/example_branch_operator.py for tasks to queue
[2024-04-19T12:28:10.409+0000] {logging_mixin.py:188} INFO - [2024-04-19T12:28:10.409+0000] {dagbag.py:540} INFO - Filling up the DagBag from /home/airflow/.local/lib/python3.12/site-packages/airflow/example_dags/example_branch_operator.py
[2024-04-19T12:28:10.420+0000] {processor.py:840} INFO - DAG(s) 'example_branch_operator' retrieved from /home/airflow/.local/lib/python3.12/site-packages/airflow/example_dags/example_branch_operator.py
[2024-04-19T12:28:10.437+0000] {logging_mixin.py:188} INFO - [2024-04-19T12:28:10.437+0000] {dag.py:3096} INFO - Sync 1 DAGs
[2024-04-19T12:28:10.452+0000] {logging_mixin.py:188} INFO - [2024-04-19T12:28:10.452+0000] {dag.py:3954} INFO - Setting next_dagrun for example_branch_operator to 2024-04-18 00:00:00+00:00, run_after=2024-04-19 00:00:00+00:00
[2024-04-19T12:28:10.466+0000] {processor.py:183} INFO - Processing /home/airflow/.local/lib/python3.12/site-packages/airflow/example_dags/example_branch_operator.py took 0.062 seconds
[2024-04-19T12:28:40.582+0000] {processor.py:161} INFO - Started process (PID=981) to work on /home/airflow/.local/lib/python3.12/site-packages/airflow/example_dags/example_branch_operator.py
[2024-04-19T12:28:40.584+0000] {processor.py:830} INFO - Processing file /home/airflow/.local/lib/python3.12/site-packages/airflow/example_dags/example_branch_operator.py for tasks to queue
[2024-04-19T12:28:40.586+0000] {logging_mixin.py:188} INFO - [2024-04-19T12:28:40.585+0000] {dagbag.py:540} INFO - Filling up the DagBag from /home/airflow/.local/lib/python3.12/site-packages/airflow/example_dags/example_branch_operator.py
[2024-04-19T12:28:40.596+0000] {processor.py:840} INFO - DAG(s) 'example_branch_operator' retrieved from /home/airflow/.local/lib/python3.12/site-packages/airflow/example_dags/example_branch_operator.py
[2024-04-19T12:28:40.618+0000] {logging_mixin.py:188} INFO - [2024-04-19T12:28:40.618+0000] {dag.py:3096} INFO - Sync 1 DAGs
[2024-04-19T12:28:40.636+0000] {logging_mixin.py:188} INFO - [2024-04-19T12:28:40.636+0000] {dag.py:3954} INFO - Setting next_dagrun for example_branch_operator to 2024-04-18 00:00:00+00:00, run_after=2024-04-19 00:00:00+00:00
[2024-04-19T12:28:40.656+0000] {processor.py:183} INFO - Processing /home/airflow/.local/lib/python3.12/site-packages/airflow/example_dags/example_branch_operator.py took 0.077 seconds
[2024-04-19T12:29:11.050+0000] {processor.py:161} INFO - Started process (PID=1039) to work on /home/airflow/.local/lib/python3.12/site-packages/airflow/example_dags/example_branch_operator.py
[2024-04-19T12:29:11.050+0000] {processor.py:830} INFO - Processing file /home/airflow/.local/lib/python3.12/site-packages/airflow/example_dags/example_branch_operator.py for tasks to queue
[2024-04-19T12:29:11.052+0000] {logging_mixin.py:188} INFO - [2024-04-19T12:29:11.051+0000] {dagbag.py:540} INFO - Filling up the DagBag from /home/airflow/.local/lib/python3.12/site-packages/airflow/example_dags/example_branch_operator.py
[2024-04-19T12:29:11.061+0000] {processor.py:840} INFO - DAG(s) 'example_branch_operator' retrieved from /home/airflow/.local/lib/python3.12/site-packages/airflow/example_dags/example_branch_operator.py
[2024-04-19T12:29:11.078+0000] {logging_mixin.py:188} INFO - [2024-04-19T12:29:11.078+0000] {dag.py:3096} INFO - Sync 1 DAGs
[2024-04-19T12:29:11.165+0000] {logging_mixin.py:188} INFO - [2024-04-19T12:29:11.165+0000] {dag.py:3954} INFO - Setting next_dagrun for example_branch_operator to 2024-04-18 00:00:00+00:00, run_after=2024-04-19 00:00:00+00:00
[2024-04-19T12:29:11.181+0000] {processor.py:183} INFO - Processing /home/airflow/.local/lib/python3.12/site-packages/airflow/example_dags/example_branch_operator.py took 0.135 seconds
[2024-04-19T12:29:41.451+0000] {processor.py:161} INFO - Started process (PID=1097) to work on /home/airflow/.local/lib/python3.12/site-packages/airflow/example_dags/example_branch_operator.py
[2024-04-19T12:29:41.452+0000] {processor.py:830} INFO - Processing file /home/airflow/.local/lib/python3.12/site-packages/airflow/example_dags/example_branch_operator.py for tasks to queue
[2024-04-19T12:29:41.453+0000] {logging_mixin.py:188} INFO - [2024-04-19T12:29:41.453+0000] {dagbag.py:540} INFO - Filling up the DagBag from /home/airflow/.local/lib/python3.12/site-packages/airflow/example_dags/example_branch_operator.py
[2024-04-19T12:29:41.464+0000] {processor.py:840} INFO - DAG(s) 'example_branch_operator' retrieved from /home/airflow/.local/lib/python3.12/site-packages/airflow/example_dags/example_branch_operator.py
[2024-04-19T12:29:41.473+0000] {logging_mixin.py:188} INFO - [2024-04-19T12:29:41.472+0000] {dag.py:3096} INFO - Sync 1 DAGs
[2024-04-19T12:29:41.493+0000] {logging_mixin.py:188} INFO - [2024-04-19T12:29:41.493+0000] {dag.py:3954} INFO - Setting next_dagrun for example_branch_operator to 2024-04-18 00:00:00+00:00, run_after=2024-04-19 00:00:00+00:00
[2024-04-19T12:29:41.510+0000] {processor.py:183} INFO - Processing /home/airflow/.local/lib/python3.12/site-packages/airflow/example_dags/example_branch_operator.py took 0.062 seconds
[2024-04-19T12:30:12.618+0000] {processor.py:161} INFO - Started process (PID=1155) to work on /home/airflow/.local/lib/python3.12/site-packages/airflow/example_dags/example_branch_operator.py
[2024-04-19T12:30:12.618+0000] {processor.py:830} INFO - Processing file /home/airflow/.local/lib/python3.12/site-packages/airflow/example_dags/example_branch_operator.py for tasks to queue
[2024-04-19T12:30:12.619+0000] {logging_mixin.py:188} INFO - [2024-04-19T12:30:12.619+0000] {dagbag.py:540} INFO - Filling up the DagBag from /home/airflow/.local/lib/python3.12/site-packages/airflow/example_dags/example_branch_operator.py
[2024-04-19T12:30:12.629+0000] {processor.py:840} INFO - DAG(s) 'example_branch_operator' retrieved from /home/airflow/.local/lib/python3.12/site-packages/airflow/example_dags/example_branch_operator.py
[2024-04-19T12:30:12.780+0000] {logging_mixin.py:188} INFO - [2024-04-19T12:30:12.780+0000] {dag.py:3096} INFO - Sync 1 DAGs
[2024-04-19T12:30:12.792+0000] {logging_mixin.py:188} INFO - [2024-04-19T12:30:12.792+0000] {dag.py:3954} INFO - Setting next_dagrun for example_branch_operator to 2024-04-18 00:00:00+00:00, run_after=2024-04-19 00:00:00+00:00
[2024-04-19T12:30:12.806+0000] {processor.py:183} INFO - Processing /home/airflow/.local/lib/python3.12/site-packages/airflow/example_dags/example_branch_operator.py took 0.192 seconds
[2024-04-19T12:30:43.522+0000] {processor.py:161} INFO - Started process (PID=1213) to work on /home/airflow/.local/lib/python3.12/site-packages/airflow/example_dags/example_branch_operator.py
[2024-04-19T12:30:43.523+0000] {processor.py:830} INFO - Processing file /home/airflow/.local/lib/python3.12/site-packages/airflow/example_dags/example_branch_operator.py for tasks to queue
[2024-04-19T12:30:43.524+0000] {logging_mixin.py:188} INFO - [2024-04-19T12:30:43.524+0000] {dagbag.py:540} INFO - Filling up the DagBag from /home/airflow/.local/lib/python3.12/site-packages/airflow/example_dags/example_branch_operator.py
[2024-04-19T12:30:43.608+0000] {processor.py:840} INFO - DAG(s) 'example_branch_operator' retrieved from /home/airflow/.local/lib/python3.12/site-packages/airflow/example_dags/example_branch_operator.py
[2024-04-19T12:30:43.623+0000] {logging_mixin.py:188} INFO - [2024-04-19T12:30:43.623+0000] {dag.py:3096} INFO - Sync 1 DAGs
[2024-04-19T12:30:43.638+0000] {logging_mixin.py:188} INFO - [2024-04-19T12:30:43.637+0000] {dag.py:3954} INFO - Setting next_dagrun for example_branch_operator to 2024-04-18 00:00:00+00:00, run_after=2024-04-19 00:00:00+00:00
[2024-04-19T12:30:43.652+0000] {processor.py:183} INFO - Processing /home/airflow/.local/lib/python3.12/site-packages/airflow/example_dags/example_branch_operator.py took 0.133 seconds
[2024-04-19T12:31:14.306+0000] {processor.py:161} INFO - Started process (PID=1271) to work on /home/airflow/.local/lib/python3.12/site-packages/airflow/example_dags/example_branch_operator.py
[2024-04-19T12:31:14.307+0000] {processor.py:830} INFO - Processing file /home/airflow/.local/lib/python3.12/site-packages/airflow/example_dags/example_branch_operator.py for tasks to queue
[2024-04-19T12:31:14.308+0000] {logging_mixin.py:188} INFO - [2024-04-19T12:31:14.308+0000] {dagbag.py:540} INFO - Filling up the DagBag from /home/airflow/.local/lib/python3.12/site-packages/airflow/example_dags/example_branch_operator.py
[2024-04-19T12:31:14.319+0000] {processor.py:840} INFO - DAG(s) 'example_branch_operator' retrieved from /home/airflow/.local/lib/python3.12/site-packages/airflow/example_dags/example_branch_operator.py
[2024-04-19T12:31:14.339+0000] {logging_mixin.py:188} INFO - [2024-04-19T12:31:14.339+0000] {dag.py:3096} INFO - Sync 1 DAGs
[2024-04-19T12:31:14.354+0000] {logging_mixin.py:188} INFO - [2024-04-19T12:31:14.354+0000] {dag.py:3954} INFO - Setting next_dagrun for example_branch_operator to 2024-04-18 00:00:00+00:00, run_after=2024-04-19 00:00:00+00:00
[2024-04-19T12:31:14.370+0000] {processor.py:183} INFO - Processing /home/airflow/.local/lib/python3.12/site-packages/airflow/example_dags/example_branch_operator.py took 0.068 seconds
[2024-04-19T12:31:44.604+0000] {processor.py:161} INFO - Started process (PID=1328) to work on /home/airflow/.local/lib/python3.12/site-packages/airflow/example_dags/example_branch_operator.py
[2024-04-19T12:31:44.605+0000] {processor.py:830} INFO - Processing file /home/airflow/.local/lib/python3.12/site-packages/airflow/example_dags/example_branch_operator.py for tasks to queue
[2024-04-19T12:31:44.607+0000] {logging_mixin.py:188} INFO - [2024-04-19T12:31:44.606+0000] {dagbag.py:540} INFO - Filling up the DagBag from /home/airflow/.local/lib/python3.12/site-packages/airflow/example_dags/example_branch_operator.py
[2024-04-19T12:31:44.618+0000] {processor.py:840} INFO - DAG(s) 'example_branch_operator' retrieved from /home/airflow/.local/lib/python3.12/site-packages/airflow/example_dags/example_branch_operator.py
[2024-04-19T12:31:44.638+0000] {logging_mixin.py:188} INFO - [2024-04-19T12:31:44.638+0000] {dag.py:3096} INFO - Sync 1 DAGs
[2024-04-19T12:31:44.654+0000] {logging_mixin.py:188} INFO - [2024-04-19T12:31:44.654+0000] {dag.py:3954} INFO - Setting next_dagrun for example_branch_operator to 2024-04-18 00:00:00+00:00, run_after=2024-04-19 00:00:00+00:00
[2024-04-19T12:31:44.668+0000] {processor.py:183} INFO - Processing /home/airflow/.local/lib/python3.12/site-packages/airflow/example_dags/example_branch_operator.py took 0.067 seconds
[2024-04-19T12:32:14.991+0000] {processor.py:161} INFO - Started process (PID=1386) to work on /home/airflow/.local/lib/python3.12/site-packages/airflow/example_dags/example_branch_operator.py
[2024-04-19T12:32:14.992+0000] {processor.py:830} INFO - Processing file /home/airflow/.local/lib/python3.12/site-packages/airflow/example_dags/example_branch_operator.py for tasks to queue
[2024-04-19T12:32:14.993+0000] {logging_mixin.py:188} INFO - [2024-04-19T12:32:14.993+0000] {dagbag.py:540} INFO - Filling up the DagBag from /home/airflow/.local/lib/python3.12/site-packages/airflow/example_dags/example_branch_operator.py
[2024-04-19T12:32:15.004+0000] {processor.py:840} INFO - DAG(s) 'example_branch_operator' retrieved from /home/airflow/.local/lib/python3.12/site-packages/airflow/example_dags/example_branch_operator.py
[2024-04-19T12:32:15.023+0000] {logging_mixin.py:188} INFO - [2024-04-19T12:32:15.023+0000] {dag.py:3096} INFO - Sync 1 DAGs
[2024-04-19T12:32:15.039+0000] {logging_mixin.py:188} INFO - [2024-04-19T12:32:15.039+0000] {dag.py:3954} INFO - Setting next_dagrun for example_branch_operator to 2024-04-18 00:00:00+00:00, run_after=2024-04-19 00:00:00+00:00
[2024-04-19T12:32:15.055+0000] {processor.py:183} INFO - Processing /home/airflow/.local/lib/python3.12/site-packages/airflow/example_dags/example_branch_operator.py took 0.068 seconds
[2024-04-19T12:32:45.515+0000] {processor.py:161} INFO - Started process (PID=1444) to work on /home/airflow/.local/lib/python3.12/site-packages/airflow/example_dags/example_branch_operator.py
[2024-04-19T12:32:45.516+0000] {processor.py:830} INFO - Processing file /home/airflow/.local/lib/python3.12/site-packages/airflow/example_dags/example_branch_operator.py for tasks to queue
[2024-04-19T12:32:45.518+0000] {logging_mixin.py:188} INFO - [2024-04-19T12:32:45.518+0000] {dagbag.py:540} INFO - Filling up the DagBag from /home/airflow/.local/lib/python3.12/site-packages/airflow/example_dags/example_branch_operator.py
[2024-04-19T12:32:45.529+0000] {processor.py:840} INFO - DAG(s) 'example_branch_operator' retrieved from /home/airflow/.local/lib/python3.12/site-packages/airflow/example_dags/example_branch_operator.py
[2024-04-19T12:32:45.551+0000] {logging_mixin.py:188} INFO - [2024-04-19T12:32:45.551+0000] {dag.py:3096} INFO - Sync 1 DAGs
[2024-04-19T12:32:45.567+0000] {logging_mixin.py:188} INFO - [2024-04-19T12:32:45.567+0000] {dag.py:3954} INFO - Setting next_dagrun for example_branch_operator to 2024-04-18 00:00:00+00:00, run_after=2024-04-19 00:00:00+00:00
[2024-04-19T12:32:45.581+0000] {processor.py:183} INFO - Processing /home/airflow/.local/lib/python3.12/site-packages/airflow/example_dags/example_branch_operator.py took 0.070 seconds
[2024-04-19T12:33:15.848+0000] {processor.py:161} INFO - Started process (PID=1502) to work on /home/airflow/.local/lib/python3.12/site-packages/airflow/example_dags/example_branch_operator.py
[2024-04-19T12:33:15.850+0000] {processor.py:830} INFO - Processing file /home/airflow/.local/lib/python3.12/site-packages/airflow/example_dags/example_branch_operator.py for tasks to queue
[2024-04-19T12:33:15.851+0000] {logging_mixin.py:188} INFO - [2024-04-19T12:33:15.851+0000] {dagbag.py:540} INFO - Filling up the DagBag from /home/airflow/.local/lib/python3.12/site-packages/airflow/example_dags/example_branch_operator.py
[2024-04-19T12:33:15.861+0000] {processor.py:840} INFO - DAG(s) 'example_branch_operator' retrieved from /home/airflow/.local/lib/python3.12/site-packages/airflow/example_dags/example_branch_operator.py
[2024-04-19T12:33:15.879+0000] {logging_mixin.py:188} INFO - [2024-04-19T12:33:15.879+0000] {dag.py:3096} INFO - Sync 1 DAGs
[2024-04-19T12:33:15.894+0000] {logging_mixin.py:188} INFO - [2024-04-19T12:33:15.894+0000] {dag.py:3954} INFO - Setting next_dagrun for example_branch_operator to 2024-04-18 00:00:00+00:00, run_after=2024-04-19 00:00:00+00:00
[2024-04-19T12:33:15.907+0000] {processor.py:183} INFO - Processing /home/airflow/.local/lib/python3.12/site-packages/airflow/example_dags/example_branch_operator.py took 0.062 seconds
[2024-04-19T12:33:46.329+0000] {processor.py:161} INFO - Started process (PID=1560) to work on /home/airflow/.local/lib/python3.12/site-packages/airflow/example_dags/example_branch_operator.py
[2024-04-19T12:33:46.330+0000] {processor.py:830} INFO - Processing file /home/airflow/.local/lib/python3.12/site-packages/airflow/example_dags/example_branch_operator.py for tasks to queue
[2024-04-19T12:33:46.333+0000] {logging_mixin.py:188} INFO - [2024-04-19T12:33:46.332+0000] {dagbag.py:540} INFO - Filling up the DagBag from /home/airflow/.local/lib/python3.12/site-packages/airflow/example_dags/example_branch_operator.py
[2024-04-19T12:33:46.347+0000] {processor.py:840} INFO - DAG(s) 'example_branch_operator' retrieved from /home/airflow/.local/lib/python3.12/site-packages/airflow/example_dags/example_branch_operator.py
[2024-04-19T12:33:46.367+0000] {logging_mixin.py:188} INFO - [2024-04-19T12:33:46.367+0000] {dag.py:3096} INFO - Sync 1 DAGs
[2024-04-19T12:33:46.382+0000] {logging_mixin.py:188} INFO - [2024-04-19T12:33:46.382+0000] {dag.py:3954} INFO - Setting next_dagrun for example_branch_operator to 2024-04-18 00:00:00+00:00, run_after=2024-04-19 00:00:00+00:00
[2024-04-19T12:33:46.397+0000] {processor.py:183} INFO - Processing /home/airflow/.local/lib/python3.12/site-packages/airflow/example_dags/example_branch_operator.py took 0.072 seconds
