[2024-04-19T12:17:13.009+0000] {processor.py:161} INFO - Started process (PID=64) to work on /home/airflow/.local/lib/python3.12/site-packages/airflow/example_dags/example_latest_only.py
[2024-04-19T12:17:13.010+0000] {processor.py:830} INFO - Processing file /home/airflow/.local/lib/python3.12/site-packages/airflow/example_dags/example_latest_only.py for tasks to queue
[2024-04-19T12:17:13.012+0000] {logging_mixin.py:188} INFO - [2024-04-19T12:17:13.011+0000] {dagbag.py:540} INFO - Filling up the DagBag from /home/airflow/.local/lib/python3.12/site-packages/airflow/example_dags/example_latest_only.py
[2024-04-19T12:17:13.017+0000] {processor.py:840} INFO - DAG(s) 'latest_only' retrieved from /home/airflow/.local/lib/python3.12/site-packages/airflow/example_dags/example_latest_only.py
[2024-04-19T12:17:13.026+0000] {logging_mixin.py:188} INFO - [2024-04-19T12:17:13.026+0000] {dag.py:3096} INFO - Sync 1 DAGs
[2024-04-19T12:17:13.046+0000] {logging_mixin.py:188} INFO - [2024-04-19T12:17:13.046+0000] {dag.py:3954} INFO - Setting next_dagrun for latest_only to 2024-04-19 08:00:00+00:00, run_after=2024-04-19 12:00:00+00:00
[2024-04-19T12:17:13.066+0000] {processor.py:183} INFO - Processing /home/airflow/.local/lib/python3.12/site-packages/airflow/example_dags/example_latest_only.py took 0.060 seconds
[2024-04-19T12:17:43.300+0000] {processor.py:161} INFO - Started process (PID=122) to work on /home/airflow/.local/lib/python3.12/site-packages/airflow/example_dags/example_latest_only.py
[2024-04-19T12:17:43.301+0000] {processor.py:830} INFO - Processing file /home/airflow/.local/lib/python3.12/site-packages/airflow/example_dags/example_latest_only.py for tasks to queue
[2024-04-19T12:17:43.302+0000] {logging_mixin.py:188} INFO - [2024-04-19T12:17:43.302+0000] {dagbag.py:540} INFO - Filling up the DagBag from /home/airflow/.local/lib/python3.12/site-packages/airflow/example_dags/example_latest_only.py
[2024-04-19T12:17:43.305+0000] {processor.py:840} INFO - DAG(s) 'latest_only' retrieved from /home/airflow/.local/lib/python3.12/site-packages/airflow/example_dags/example_latest_only.py
[2024-04-19T12:17:43.371+0000] {logging_mixin.py:188} INFO - [2024-04-19T12:17:43.371+0000] {dag.py:3096} INFO - Sync 1 DAGs
[2024-04-19T12:17:43.385+0000] {logging_mixin.py:188} INFO - [2024-04-19T12:17:43.385+0000] {dag.py:3954} INFO - Setting next_dagrun for latest_only to 2024-04-19 08:00:00+00:00, run_after=2024-04-19 12:00:00+00:00
[2024-04-19T12:17:43.399+0000] {processor.py:183} INFO - Processing /home/airflow/.local/lib/python3.12/site-packages/airflow/example_dags/example_latest_only.py took 0.103 seconds
[2024-04-19T12:18:13.915+0000] {processor.py:161} INFO - Started process (PID=180) to work on /home/airflow/.local/lib/python3.12/site-packages/airflow/example_dags/example_latest_only.py
[2024-04-19T12:18:13.916+0000] {processor.py:830} INFO - Processing file /home/airflow/.local/lib/python3.12/site-packages/airflow/example_dags/example_latest_only.py for tasks to queue
[2024-04-19T12:18:13.917+0000] {logging_mixin.py:188} INFO - [2024-04-19T12:18:13.917+0000] {dagbag.py:540} INFO - Filling up the DagBag from /home/airflow/.local/lib/python3.12/site-packages/airflow/example_dags/example_latest_only.py
[2024-04-19T12:18:13.920+0000] {processor.py:840} INFO - DAG(s) 'latest_only' retrieved from /home/airflow/.local/lib/python3.12/site-packages/airflow/example_dags/example_latest_only.py
[2024-04-19T12:18:13.935+0000] {logging_mixin.py:188} INFO - [2024-04-19T12:18:13.935+0000] {dag.py:3096} INFO - Sync 1 DAGs
[2024-04-19T12:18:13.950+0000] {logging_mixin.py:188} INFO - [2024-04-19T12:18:13.950+0000] {dag.py:3954} INFO - Setting next_dagrun for latest_only to 2024-04-19 08:00:00+00:00, run_after=2024-04-19 12:00:00+00:00
[2024-04-19T12:18:13.965+0000] {processor.py:183} INFO - Processing /home/airflow/.local/lib/python3.12/site-packages/airflow/example_dags/example_latest_only.py took 0.054 seconds
[2024-04-19T12:20:34.878+0000] {processor.py:161} INFO - Started process (PID=64) to work on /home/airflow/.local/lib/python3.12/site-packages/airflow/example_dags/example_latest_only.py
[2024-04-19T12:20:34.880+0000] {processor.py:830} INFO - Processing file /home/airflow/.local/lib/python3.12/site-packages/airflow/example_dags/example_latest_only.py for tasks to queue
[2024-04-19T12:20:34.882+0000] {logging_mixin.py:188} INFO - [2024-04-19T12:20:34.882+0000] {dagbag.py:540} INFO - Filling up the DagBag from /home/airflow/.local/lib/python3.12/site-packages/airflow/example_dags/example_latest_only.py
[2024-04-19T12:20:34.887+0000] {processor.py:840} INFO - DAG(s) 'latest_only' retrieved from /home/airflow/.local/lib/python3.12/site-packages/airflow/example_dags/example_latest_only.py
[2024-04-19T12:20:34.902+0000] {logging_mixin.py:188} INFO - [2024-04-19T12:20:34.901+0000] {dag.py:3096} INFO - Sync 1 DAGs
[2024-04-19T12:20:34.927+0000] {logging_mixin.py:188} INFO - [2024-04-19T12:20:34.927+0000] {dag.py:3954} INFO - Setting next_dagrun for latest_only to 2024-04-19 08:00:00+00:00, run_after=2024-04-19 12:00:00+00:00
[2024-04-19T12:20:34.954+0000] {processor.py:183} INFO - Processing /home/airflow/.local/lib/python3.12/site-packages/airflow/example_dags/example_latest_only.py took 0.082 seconds
[2024-04-19T12:21:05.126+0000] {processor.py:161} INFO - Started process (PID=122) to work on /home/airflow/.local/lib/python3.12/site-packages/airflow/example_dags/example_latest_only.py
[2024-04-19T12:21:05.128+0000] {processor.py:830} INFO - Processing file /home/airflow/.local/lib/python3.12/site-packages/airflow/example_dags/example_latest_only.py for tasks to queue
[2024-04-19T12:21:05.130+0000] {logging_mixin.py:188} INFO - [2024-04-19T12:21:05.130+0000] {dagbag.py:540} INFO - Filling up the DagBag from /home/airflow/.local/lib/python3.12/site-packages/airflow/example_dags/example_latest_only.py
[2024-04-19T12:21:05.135+0000] {processor.py:840} INFO - DAG(s) 'latest_only' retrieved from /home/airflow/.local/lib/python3.12/site-packages/airflow/example_dags/example_latest_only.py
[2024-04-19T12:21:05.202+0000] {logging_mixin.py:188} INFO - [2024-04-19T12:21:05.201+0000] {dag.py:3096} INFO - Sync 1 DAGs
[2024-04-19T12:21:05.215+0000] {logging_mixin.py:188} INFO - [2024-04-19T12:21:05.214+0000] {dag.py:3954} INFO - Setting next_dagrun for latest_only to 2024-04-19 08:00:00+00:00, run_after=2024-04-19 12:00:00+00:00
[2024-04-19T12:21:05.230+0000] {processor.py:183} INFO - Processing /home/airflow/.local/lib/python3.12/site-packages/airflow/example_dags/example_latest_only.py took 0.108 seconds
[2024-04-19T12:21:35.953+0000] {processor.py:161} INFO - Started process (PID=180) to work on /home/airflow/.local/lib/python3.12/site-packages/airflow/example_dags/example_latest_only.py
[2024-04-19T12:21:35.953+0000] {processor.py:830} INFO - Processing file /home/airflow/.local/lib/python3.12/site-packages/airflow/example_dags/example_latest_only.py for tasks to queue
[2024-04-19T12:21:35.955+0000] {logging_mixin.py:188} INFO - [2024-04-19T12:21:35.955+0000] {dagbag.py:540} INFO - Filling up the DagBag from /home/airflow/.local/lib/python3.12/site-packages/airflow/example_dags/example_latest_only.py
[2024-04-19T12:21:35.958+0000] {processor.py:840} INFO - DAG(s) 'latest_only' retrieved from /home/airflow/.local/lib/python3.12/site-packages/airflow/example_dags/example_latest_only.py
[2024-04-19T12:21:35.969+0000] {logging_mixin.py:188} INFO - [2024-04-19T12:21:35.969+0000] {dag.py:3096} INFO - Sync 1 DAGs
[2024-04-19T12:21:35.981+0000] {logging_mixin.py:188} INFO - [2024-04-19T12:21:35.981+0000] {dag.py:3954} INFO - Setting next_dagrun for latest_only to 2024-04-19 08:00:00+00:00, run_after=2024-04-19 12:00:00+00:00
[2024-04-19T12:21:35.992+0000] {processor.py:183} INFO - Processing /home/airflow/.local/lib/python3.12/site-packages/airflow/example_dags/example_latest_only.py took 0.043 seconds
[2024-04-19T12:22:06.250+0000] {processor.py:161} INFO - Started process (PID=238) to work on /home/airflow/.local/lib/python3.12/site-packages/airflow/example_dags/example_latest_only.py
[2024-04-19T12:22:06.250+0000] {processor.py:830} INFO - Processing file /home/airflow/.local/lib/python3.12/site-packages/airflow/example_dags/example_latest_only.py for tasks to queue
[2024-04-19T12:22:06.252+0000] {logging_mixin.py:188} INFO - [2024-04-19T12:22:06.251+0000] {dagbag.py:540} INFO - Filling up the DagBag from /home/airflow/.local/lib/python3.12/site-packages/airflow/example_dags/example_latest_only.py
[2024-04-19T12:22:06.255+0000] {processor.py:840} INFO - DAG(s) 'latest_only' retrieved from /home/airflow/.local/lib/python3.12/site-packages/airflow/example_dags/example_latest_only.py
[2024-04-19T12:22:06.269+0000] {logging_mixin.py:188} INFO - [2024-04-19T12:22:06.269+0000] {dag.py:3096} INFO - Sync 1 DAGs
[2024-04-19T12:22:06.283+0000] {logging_mixin.py:188} INFO - [2024-04-19T12:22:06.283+0000] {dag.py:3954} INFO - Setting next_dagrun for latest_only to 2024-04-19 08:00:00+00:00, run_after=2024-04-19 12:00:00+00:00
[2024-04-19T12:22:06.299+0000] {processor.py:183} INFO - Processing /home/airflow/.local/lib/python3.12/site-packages/airflow/example_dags/example_latest_only.py took 0.052 seconds
[2024-04-19T12:22:36.699+0000] {processor.py:161} INFO - Started process (PID=296) to work on /home/airflow/.local/lib/python3.12/site-packages/airflow/example_dags/example_latest_only.py
[2024-04-19T12:22:36.699+0000] {processor.py:830} INFO - Processing file /home/airflow/.local/lib/python3.12/site-packages/airflow/example_dags/example_latest_only.py for tasks to queue
[2024-04-19T12:22:36.700+0000] {logging_mixin.py:188} INFO - [2024-04-19T12:22:36.700+0000] {dagbag.py:540} INFO - Filling up the DagBag from /home/airflow/.local/lib/python3.12/site-packages/airflow/example_dags/example_latest_only.py
[2024-04-19T12:22:36.703+0000] {processor.py:840} INFO - DAG(s) 'latest_only' retrieved from /home/airflow/.local/lib/python3.12/site-packages/airflow/example_dags/example_latest_only.py
[2024-04-19T12:22:36.714+0000] {logging_mixin.py:188} INFO - [2024-04-19T12:22:36.714+0000] {dag.py:3096} INFO - Sync 1 DAGs
[2024-04-19T12:22:36.727+0000] {logging_mixin.py:188} INFO - [2024-04-19T12:22:36.726+0000] {dag.py:3954} INFO - Setting next_dagrun for latest_only to 2024-04-19 08:00:00+00:00, run_after=2024-04-19 12:00:00+00:00
[2024-04-19T12:22:36.741+0000] {processor.py:183} INFO - Processing /home/airflow/.local/lib/python3.12/site-packages/airflow/example_dags/example_latest_only.py took 0.046 seconds
[2024-04-19T12:23:07.114+0000] {processor.py:161} INFO - Started process (PID=354) to work on /home/airflow/.local/lib/python3.12/site-packages/airflow/example_dags/example_latest_only.py
[2024-04-19T12:23:07.115+0000] {processor.py:830} INFO - Processing file /home/airflow/.local/lib/python3.12/site-packages/airflow/example_dags/example_latest_only.py for tasks to queue
[2024-04-19T12:23:07.117+0000] {logging_mixin.py:188} INFO - [2024-04-19T12:23:07.117+0000] {dagbag.py:540} INFO - Filling up the DagBag from /home/airflow/.local/lib/python3.12/site-packages/airflow/example_dags/example_latest_only.py
[2024-04-19T12:23:07.124+0000] {processor.py:840} INFO - DAG(s) 'latest_only' retrieved from /home/airflow/.local/lib/python3.12/site-packages/airflow/example_dags/example_latest_only.py
[2024-04-19T12:23:07.140+0000] {logging_mixin.py:188} INFO - [2024-04-19T12:23:07.140+0000] {dag.py:3096} INFO - Sync 1 DAGs
[2024-04-19T12:23:07.178+0000] {logging_mixin.py:188} INFO - [2024-04-19T12:23:07.178+0000] {dag.py:3954} INFO - Setting next_dagrun for latest_only to 2024-04-19 08:00:00+00:00, run_after=2024-04-19 12:00:00+00:00
[2024-04-19T12:23:07.209+0000] {processor.py:183} INFO - Processing /home/airflow/.local/lib/python3.12/site-packages/airflow/example_dags/example_latest_only.py took 0.102 seconds
[2024-04-19T12:23:37.898+0000] {processor.py:161} INFO - Started process (PID=413) to work on /home/airflow/.local/lib/python3.12/site-packages/airflow/example_dags/example_latest_only.py
[2024-04-19T12:23:37.899+0000] {processor.py:830} INFO - Processing file /home/airflow/.local/lib/python3.12/site-packages/airflow/example_dags/example_latest_only.py for tasks to queue
[2024-04-19T12:23:37.900+0000] {logging_mixin.py:188} INFO - [2024-04-19T12:23:37.900+0000] {dagbag.py:540} INFO - Filling up the DagBag from /home/airflow/.local/lib/python3.12/site-packages/airflow/example_dags/example_latest_only.py
[2024-04-19T12:23:37.904+0000] {processor.py:840} INFO - DAG(s) 'latest_only' retrieved from /home/airflow/.local/lib/python3.12/site-packages/airflow/example_dags/example_latest_only.py
[2024-04-19T12:23:37.965+0000] {logging_mixin.py:188} INFO - [2024-04-19T12:23:37.965+0000] {dag.py:3096} INFO - Sync 1 DAGs
[2024-04-19T12:23:38.068+0000] {logging_mixin.py:188} INFO - [2024-04-19T12:23:38.068+0000] {dag.py:3954} INFO - Setting next_dagrun for latest_only to 2024-04-19 08:00:00+00:00, run_after=2024-04-19 12:00:00+00:00
[2024-04-19T12:23:38.083+0000] {processor.py:183} INFO - Processing /home/airflow/.local/lib/python3.12/site-packages/airflow/example_dags/example_latest_only.py took 0.188 seconds
[2024-04-19T12:24:08.218+0000] {processor.py:161} INFO - Started process (PID=472) to work on /home/airflow/.local/lib/python3.12/site-packages/airflow/example_dags/example_latest_only.py
[2024-04-19T12:24:08.220+0000] {processor.py:830} INFO - Processing file /home/airflow/.local/lib/python3.12/site-packages/airflow/example_dags/example_latest_only.py for tasks to queue
[2024-04-19T12:24:08.223+0000] {logging_mixin.py:188} INFO - [2024-04-19T12:24:08.222+0000] {dagbag.py:540} INFO - Filling up the DagBag from /home/airflow/.local/lib/python3.12/site-packages/airflow/example_dags/example_latest_only.py
[2024-04-19T12:24:08.229+0000] {processor.py:840} INFO - DAG(s) 'latest_only' retrieved from /home/airflow/.local/lib/python3.12/site-packages/airflow/example_dags/example_latest_only.py
[2024-04-19T12:24:08.255+0000] {logging_mixin.py:188} INFO - [2024-04-19T12:24:08.254+0000] {dag.py:3096} INFO - Sync 1 DAGs
[2024-04-19T12:24:08.271+0000] {logging_mixin.py:188} INFO - [2024-04-19T12:24:08.271+0000] {dag.py:3954} INFO - Setting next_dagrun for latest_only to 2024-04-19 08:00:00+00:00, run_after=2024-04-19 12:00:00+00:00
[2024-04-19T12:24:08.286+0000] {processor.py:183} INFO - Processing /home/airflow/.local/lib/python3.12/site-packages/airflow/example_dags/example_latest_only.py took 0.075 seconds
[2024-04-19T12:24:38.640+0000] {processor.py:161} INFO - Started process (PID=530) to work on /home/airflow/.local/lib/python3.12/site-packages/airflow/example_dags/example_latest_only.py
[2024-04-19T12:24:38.641+0000] {processor.py:830} INFO - Processing file /home/airflow/.local/lib/python3.12/site-packages/airflow/example_dags/example_latest_only.py for tasks to queue
[2024-04-19T12:24:38.642+0000] {logging_mixin.py:188} INFO - [2024-04-19T12:24:38.642+0000] {dagbag.py:540} INFO - Filling up the DagBag from /home/airflow/.local/lib/python3.12/site-packages/airflow/example_dags/example_latest_only.py
[2024-04-19T12:24:38.645+0000] {processor.py:840} INFO - DAG(s) 'latest_only' retrieved from /home/airflow/.local/lib/python3.12/site-packages/airflow/example_dags/example_latest_only.py
[2024-04-19T12:24:38.663+0000] {logging_mixin.py:188} INFO - [2024-04-19T12:24:38.663+0000] {dag.py:3096} INFO - Sync 1 DAGs
[2024-04-19T12:24:38.687+0000] {logging_mixin.py:188} INFO - [2024-04-19T12:24:38.686+0000] {dag.py:3954} INFO - Setting next_dagrun for latest_only to 2024-04-19 08:00:00+00:00, run_after=2024-04-19 12:00:00+00:00
[2024-04-19T12:24:38.703+0000] {processor.py:183} INFO - Processing /home/airflow/.local/lib/python3.12/site-packages/airflow/example_dags/example_latest_only.py took 0.067 seconds
[2024-04-19T12:25:09.435+0000] {processor.py:161} INFO - Started process (PID=588) to work on /home/airflow/.local/lib/python3.12/site-packages/airflow/example_dags/example_latest_only.py
[2024-04-19T12:25:09.436+0000] {processor.py:830} INFO - Processing file /home/airflow/.local/lib/python3.12/site-packages/airflow/example_dags/example_latest_only.py for tasks to queue
[2024-04-19T12:25:09.438+0000] {logging_mixin.py:188} INFO - [2024-04-19T12:25:09.438+0000] {dagbag.py:540} INFO - Filling up the DagBag from /home/airflow/.local/lib/python3.12/site-packages/airflow/example_dags/example_latest_only.py
[2024-04-19T12:25:09.442+0000] {processor.py:840} INFO - DAG(s) 'latest_only' retrieved from /home/airflow/.local/lib/python3.12/site-packages/airflow/example_dags/example_latest_only.py
[2024-04-19T12:25:09.459+0000] {logging_mixin.py:188} INFO - [2024-04-19T12:25:09.459+0000] {dag.py:3096} INFO - Sync 1 DAGs
[2024-04-19T12:25:09.475+0000] {logging_mixin.py:188} INFO - [2024-04-19T12:25:09.475+0000] {dag.py:3954} INFO - Setting next_dagrun for latest_only to 2024-04-19 08:00:00+00:00, run_after=2024-04-19 12:00:00+00:00
[2024-04-19T12:25:09.492+0000] {processor.py:183} INFO - Processing /home/airflow/.local/lib/python3.12/site-packages/airflow/example_dags/example_latest_only.py took 0.061 seconds
[2024-04-19T12:25:39.733+0000] {processor.py:161} INFO - Started process (PID=646) to work on /home/airflow/.local/lib/python3.12/site-packages/airflow/example_dags/example_latest_only.py
[2024-04-19T12:25:39.734+0000] {processor.py:830} INFO - Processing file /home/airflow/.local/lib/python3.12/site-packages/airflow/example_dags/example_latest_only.py for tasks to queue
[2024-04-19T12:25:39.735+0000] {logging_mixin.py:188} INFO - [2024-04-19T12:25:39.735+0000] {dagbag.py:540} INFO - Filling up the DagBag from /home/airflow/.local/lib/python3.12/site-packages/airflow/example_dags/example_latest_only.py
[2024-04-19T12:25:39.738+0000] {processor.py:840} INFO - DAG(s) 'latest_only' retrieved from /home/airflow/.local/lib/python3.12/site-packages/airflow/example_dags/example_latest_only.py
[2024-04-19T12:25:39.753+0000] {logging_mixin.py:188} INFO - [2024-04-19T12:25:39.753+0000] {dag.py:3096} INFO - Sync 1 DAGs
[2024-04-19T12:25:39.769+0000] {logging_mixin.py:188} INFO - [2024-04-19T12:25:39.769+0000] {dag.py:3954} INFO - Setting next_dagrun for latest_only to 2024-04-19 08:00:00+00:00, run_after=2024-04-19 12:00:00+00:00
[2024-04-19T12:25:39.784+0000] {processor.py:183} INFO - Processing /home/airflow/.local/lib/python3.12/site-packages/airflow/example_dags/example_latest_only.py took 0.055 seconds
[2024-04-19T12:26:09.936+0000] {processor.py:161} INFO - Started process (PID=704) to work on /home/airflow/.local/lib/python3.12/site-packages/airflow/example_dags/example_latest_only.py
[2024-04-19T12:26:09.936+0000] {processor.py:830} INFO - Processing file /home/airflow/.local/lib/python3.12/site-packages/airflow/example_dags/example_latest_only.py for tasks to queue
[2024-04-19T12:26:09.938+0000] {logging_mixin.py:188} INFO - [2024-04-19T12:26:09.938+0000] {dagbag.py:540} INFO - Filling up the DagBag from /home/airflow/.local/lib/python3.12/site-packages/airflow/example_dags/example_latest_only.py
[2024-04-19T12:26:09.942+0000] {processor.py:840} INFO - DAG(s) 'latest_only' retrieved from /home/airflow/.local/lib/python3.12/site-packages/airflow/example_dags/example_latest_only.py
[2024-04-19T12:26:09.959+0000] {logging_mixin.py:188} INFO - [2024-04-19T12:26:09.958+0000] {dag.py:3096} INFO - Sync 1 DAGs
[2024-04-19T12:26:09.978+0000] {logging_mixin.py:188} INFO - [2024-04-19T12:26:09.978+0000] {dag.py:3954} INFO - Setting next_dagrun for latest_only to 2024-04-19 08:00:00+00:00, run_after=2024-04-19 12:00:00+00:00
[2024-04-19T12:26:09.998+0000] {processor.py:183} INFO - Processing /home/airflow/.local/lib/python3.12/site-packages/airflow/example_dags/example_latest_only.py took 0.068 seconds
[2024-04-19T12:26:40.327+0000] {processor.py:161} INFO - Started process (PID=762) to work on /home/airflow/.local/lib/python3.12/site-packages/airflow/example_dags/example_latest_only.py
[2024-04-19T12:26:40.328+0000] {processor.py:830} INFO - Processing file /home/airflow/.local/lib/python3.12/site-packages/airflow/example_dags/example_latest_only.py for tasks to queue
[2024-04-19T12:26:40.330+0000] {logging_mixin.py:188} INFO - [2024-04-19T12:26:40.330+0000] {dagbag.py:540} INFO - Filling up the DagBag from /home/airflow/.local/lib/python3.12/site-packages/airflow/example_dags/example_latest_only.py
[2024-04-19T12:26:40.337+0000] {processor.py:840} INFO - DAG(s) 'latest_only' retrieved from /home/airflow/.local/lib/python3.12/site-packages/airflow/example_dags/example_latest_only.py
[2024-04-19T12:26:40.357+0000] {logging_mixin.py:188} INFO - [2024-04-19T12:26:40.357+0000] {dag.py:3096} INFO - Sync 1 DAGs
[2024-04-19T12:26:40.376+0000] {logging_mixin.py:188} INFO - [2024-04-19T12:26:40.375+0000] {dag.py:3954} INFO - Setting next_dagrun for latest_only to 2024-04-19 08:00:00+00:00, run_after=2024-04-19 12:00:00+00:00
[2024-04-19T12:26:40.396+0000] {processor.py:183} INFO - Processing /home/airflow/.local/lib/python3.12/site-packages/airflow/example_dags/example_latest_only.py took 0.078 seconds
[2024-04-19T12:27:11.188+0000] {processor.py:161} INFO - Started process (PID=820) to work on /home/airflow/.local/lib/python3.12/site-packages/airflow/example_dags/example_latest_only.py
[2024-04-19T12:27:11.189+0000] {processor.py:830} INFO - Processing file /home/airflow/.local/lib/python3.12/site-packages/airflow/example_dags/example_latest_only.py for tasks to queue
[2024-04-19T12:27:11.190+0000] {logging_mixin.py:188} INFO - [2024-04-19T12:27:11.190+0000] {dagbag.py:540} INFO - Filling up the DagBag from /home/airflow/.local/lib/python3.12/site-packages/airflow/example_dags/example_latest_only.py
[2024-04-19T12:27:11.194+0000] {processor.py:840} INFO - DAG(s) 'latest_only' retrieved from /home/airflow/.local/lib/python3.12/site-packages/airflow/example_dags/example_latest_only.py
[2024-04-19T12:27:11.209+0000] {logging_mixin.py:188} INFO - [2024-04-19T12:27:11.209+0000] {dag.py:3096} INFO - Sync 1 DAGs
[2024-04-19T12:27:11.229+0000] {logging_mixin.py:188} INFO - [2024-04-19T12:27:11.229+0000] {dag.py:3954} INFO - Setting next_dagrun for latest_only to 2024-04-19 08:00:00+00:00, run_after=2024-04-19 12:00:00+00:00
[2024-04-19T12:27:11.245+0000] {processor.py:183} INFO - Processing /home/airflow/.local/lib/python3.12/site-packages/airflow/example_dags/example_latest_only.py took 0.061 seconds
[2024-04-19T12:27:41.967+0000] {processor.py:161} INFO - Started process (PID=878) to work on /home/airflow/.local/lib/python3.12/site-packages/airflow/example_dags/example_latest_only.py
[2024-04-19T12:27:41.969+0000] {processor.py:830} INFO - Processing file /home/airflow/.local/lib/python3.12/site-packages/airflow/example_dags/example_latest_only.py for tasks to queue
[2024-04-19T12:27:41.971+0000] {logging_mixin.py:188} INFO - [2024-04-19T12:27:41.971+0000] {dagbag.py:540} INFO - Filling up the DagBag from /home/airflow/.local/lib/python3.12/site-packages/airflow/example_dags/example_latest_only.py
[2024-04-19T12:27:41.976+0000] {processor.py:840} INFO - DAG(s) 'latest_only' retrieved from /home/airflow/.local/lib/python3.12/site-packages/airflow/example_dags/example_latest_only.py
[2024-04-19T12:27:41.996+0000] {logging_mixin.py:188} INFO - [2024-04-19T12:27:41.995+0000] {dag.py:3096} INFO - Sync 1 DAGs
[2024-04-19T12:27:42.013+0000] {logging_mixin.py:188} INFO - [2024-04-19T12:27:42.013+0000] {dag.py:3954} INFO - Setting next_dagrun for latest_only to 2024-04-19 08:00:00+00:00, run_after=2024-04-19 12:00:00+00:00
[2024-04-19T12:27:42.031+0000] {processor.py:183} INFO - Processing /home/airflow/.local/lib/python3.12/site-packages/airflow/example_dags/example_latest_only.py took 0.072 seconds
[2024-04-19T12:28:12.201+0000] {processor.py:161} INFO - Started process (PID=936) to work on /home/airflow/.local/lib/python3.12/site-packages/airflow/example_dags/example_latest_only.py
[2024-04-19T12:28:12.203+0000] {processor.py:830} INFO - Processing file /home/airflow/.local/lib/python3.12/site-packages/airflow/example_dags/example_latest_only.py for tasks to queue
[2024-04-19T12:28:12.205+0000] {logging_mixin.py:188} INFO - [2024-04-19T12:28:12.204+0000] {dagbag.py:540} INFO - Filling up the DagBag from /home/airflow/.local/lib/python3.12/site-packages/airflow/example_dags/example_latest_only.py
[2024-04-19T12:28:12.209+0000] {processor.py:840} INFO - DAG(s) 'latest_only' retrieved from /home/airflow/.local/lib/python3.12/site-packages/airflow/example_dags/example_latest_only.py
[2024-04-19T12:28:12.226+0000] {logging_mixin.py:188} INFO - [2024-04-19T12:28:12.226+0000] {dag.py:3096} INFO - Sync 1 DAGs
[2024-04-19T12:28:12.243+0000] {logging_mixin.py:188} INFO - [2024-04-19T12:28:12.243+0000] {dag.py:3954} INFO - Setting next_dagrun for latest_only to 2024-04-19 08:00:00+00:00, run_after=2024-04-19 12:00:00+00:00
[2024-04-19T12:28:12.268+0000] {processor.py:183} INFO - Processing /home/airflow/.local/lib/python3.12/site-packages/airflow/example_dags/example_latest_only.py took 0.072 seconds
[2024-04-19T12:28:43.071+0000] {processor.py:161} INFO - Started process (PID=994) to work on /home/airflow/.local/lib/python3.12/site-packages/airflow/example_dags/example_latest_only.py
[2024-04-19T12:28:43.072+0000] {processor.py:830} INFO - Processing file /home/airflow/.local/lib/python3.12/site-packages/airflow/example_dags/example_latest_only.py for tasks to queue
[2024-04-19T12:28:43.073+0000] {logging_mixin.py:188} INFO - [2024-04-19T12:28:43.073+0000] {dagbag.py:540} INFO - Filling up the DagBag from /home/airflow/.local/lib/python3.12/site-packages/airflow/example_dags/example_latest_only.py
[2024-04-19T12:28:43.077+0000] {processor.py:840} INFO - DAG(s) 'latest_only' retrieved from /home/airflow/.local/lib/python3.12/site-packages/airflow/example_dags/example_latest_only.py
[2024-04-19T12:28:43.090+0000] {logging_mixin.py:188} INFO - [2024-04-19T12:28:43.090+0000] {dag.py:3096} INFO - Sync 1 DAGs
[2024-04-19T12:28:43.105+0000] {logging_mixin.py:188} INFO - [2024-04-19T12:28:43.104+0000] {dag.py:3954} INFO - Setting next_dagrun for latest_only to 2024-04-19 08:00:00+00:00, run_after=2024-04-19 12:00:00+00:00
[2024-04-19T12:28:43.122+0000] {processor.py:183} INFO - Processing /home/airflow/.local/lib/python3.12/site-packages/airflow/example_dags/example_latest_only.py took 0.054 seconds
[2024-04-19T12:29:13.722+0000] {processor.py:161} INFO - Started process (PID=1052) to work on /home/airflow/.local/lib/python3.12/site-packages/airflow/example_dags/example_latest_only.py
[2024-04-19T12:29:13.722+0000] {processor.py:830} INFO - Processing file /home/airflow/.local/lib/python3.12/site-packages/airflow/example_dags/example_latest_only.py for tasks to queue
[2024-04-19T12:29:13.724+0000] {logging_mixin.py:188} INFO - [2024-04-19T12:29:13.723+0000] {dagbag.py:540} INFO - Filling up the DagBag from /home/airflow/.local/lib/python3.12/site-packages/airflow/example_dags/example_latest_only.py
[2024-04-19T12:29:13.727+0000] {processor.py:840} INFO - DAG(s) 'latest_only' retrieved from /home/airflow/.local/lib/python3.12/site-packages/airflow/example_dags/example_latest_only.py
[2024-04-19T12:29:13.740+0000] {logging_mixin.py:188} INFO - [2024-04-19T12:29:13.739+0000] {dag.py:3096} INFO - Sync 1 DAGs
[2024-04-19T12:29:13.754+0000] {logging_mixin.py:188} INFO - [2024-04-19T12:29:13.754+0000] {dag.py:3954} INFO - Setting next_dagrun for latest_only to 2024-04-19 08:00:00+00:00, run_after=2024-04-19 12:00:00+00:00
[2024-04-19T12:29:13.768+0000] {processor.py:183} INFO - Processing /home/airflow/.local/lib/python3.12/site-packages/airflow/example_dags/example_latest_only.py took 0.050 seconds
[2024-04-19T12:29:44.090+0000] {processor.py:161} INFO - Started process (PID=1110) to work on /home/airflow/.local/lib/python3.12/site-packages/airflow/example_dags/example_latest_only.py
[2024-04-19T12:29:44.091+0000] {processor.py:830} INFO - Processing file /home/airflow/.local/lib/python3.12/site-packages/airflow/example_dags/example_latest_only.py for tasks to queue
[2024-04-19T12:29:44.093+0000] {logging_mixin.py:188} INFO - [2024-04-19T12:29:44.092+0000] {dagbag.py:540} INFO - Filling up the DagBag from /home/airflow/.local/lib/python3.12/site-packages/airflow/example_dags/example_latest_only.py
[2024-04-19T12:29:44.098+0000] {processor.py:840} INFO - DAG(s) 'latest_only' retrieved from /home/airflow/.local/lib/python3.12/site-packages/airflow/example_dags/example_latest_only.py
[2024-04-19T12:29:44.109+0000] {logging_mixin.py:188} INFO - [2024-04-19T12:29:44.108+0000] {dag.py:3096} INFO - Sync 1 DAGs
[2024-04-19T12:29:44.129+0000] {logging_mixin.py:188} INFO - [2024-04-19T12:29:44.129+0000] {dag.py:3954} INFO - Setting next_dagrun for latest_only to 2024-04-19 08:00:00+00:00, run_after=2024-04-19 12:00:00+00:00
[2024-04-19T12:29:44.151+0000] {processor.py:183} INFO - Processing /home/airflow/.local/lib/python3.12/site-packages/airflow/example_dags/example_latest_only.py took 0.065 seconds
[2024-04-19T12:30:15.281+0000] {processor.py:161} INFO - Started process (PID=1168) to work on /home/airflow/.local/lib/python3.12/site-packages/airflow/example_dags/example_latest_only.py
[2024-04-19T12:30:15.282+0000] {processor.py:830} INFO - Processing file /home/airflow/.local/lib/python3.12/site-packages/airflow/example_dags/example_latest_only.py for tasks to queue
[2024-04-19T12:30:15.283+0000] {logging_mixin.py:188} INFO - [2024-04-19T12:30:15.283+0000] {dagbag.py:540} INFO - Filling up the DagBag from /home/airflow/.local/lib/python3.12/site-packages/airflow/example_dags/example_latest_only.py
[2024-04-19T12:30:15.286+0000] {processor.py:840} INFO - DAG(s) 'latest_only' retrieved from /home/airflow/.local/lib/python3.12/site-packages/airflow/example_dags/example_latest_only.py
[2024-04-19T12:30:15.432+0000] {logging_mixin.py:188} INFO - [2024-04-19T12:30:15.432+0000] {dag.py:3096} INFO - Sync 1 DAGs
[2024-04-19T12:30:15.443+0000] {logging_mixin.py:188} INFO - [2024-04-19T12:30:15.443+0000] {dag.py:3954} INFO - Setting next_dagrun for latest_only to 2024-04-19 08:00:00+00:00, run_after=2024-04-19 12:00:00+00:00
[2024-04-19T12:30:15.456+0000] {processor.py:183} INFO - Processing /home/airflow/.local/lib/python3.12/site-packages/airflow/example_dags/example_latest_only.py took 0.181 seconds
[2024-04-19T12:30:46.415+0000] {processor.py:161} INFO - Started process (PID=1226) to work on /home/airflow/.local/lib/python3.12/site-packages/airflow/example_dags/example_latest_only.py
[2024-04-19T12:30:46.416+0000] {processor.py:830} INFO - Processing file /home/airflow/.local/lib/python3.12/site-packages/airflow/example_dags/example_latest_only.py for tasks to queue
[2024-04-19T12:30:46.421+0000] {logging_mixin.py:188} INFO - [2024-04-19T12:30:46.420+0000] {dagbag.py:540} INFO - Filling up the DagBag from /home/airflow/.local/lib/python3.12/site-packages/airflow/example_dags/example_latest_only.py
[2024-04-19T12:30:46.437+0000] {processor.py:840} INFO - DAG(s) 'latest_only' retrieved from /home/airflow/.local/lib/python3.12/site-packages/airflow/example_dags/example_latest_only.py
[2024-04-19T12:30:46.476+0000] {logging_mixin.py:188} INFO - [2024-04-19T12:30:46.476+0000] {dag.py:3096} INFO - Sync 1 DAGs
[2024-04-19T12:30:46.498+0000] {logging_mixin.py:188} INFO - [2024-04-19T12:30:46.498+0000] {dag.py:3954} INFO - Setting next_dagrun for latest_only to 2024-04-19 08:00:00+00:00, run_after=2024-04-19 12:00:00+00:00
[2024-04-19T12:30:46.518+0000] {processor.py:183} INFO - Processing /home/airflow/.local/lib/python3.12/site-packages/airflow/example_dags/example_latest_only.py took 0.111 seconds
[2024-04-19T12:31:16.776+0000] {processor.py:161} INFO - Started process (PID=1284) to work on /home/airflow/.local/lib/python3.12/site-packages/airflow/example_dags/example_latest_only.py
[2024-04-19T12:31:16.777+0000] {processor.py:830} INFO - Processing file /home/airflow/.local/lib/python3.12/site-packages/airflow/example_dags/example_latest_only.py for tasks to queue
[2024-04-19T12:31:16.779+0000] {logging_mixin.py:188} INFO - [2024-04-19T12:31:16.778+0000] {dagbag.py:540} INFO - Filling up the DagBag from /home/airflow/.local/lib/python3.12/site-packages/airflow/example_dags/example_latest_only.py
[2024-04-19T12:31:16.782+0000] {processor.py:840} INFO - DAG(s) 'latest_only' retrieved from /home/airflow/.local/lib/python3.12/site-packages/airflow/example_dags/example_latest_only.py
[2024-04-19T12:31:16.796+0000] {logging_mixin.py:188} INFO - [2024-04-19T12:31:16.796+0000] {dag.py:3096} INFO - Sync 1 DAGs
[2024-04-19T12:31:16.811+0000] {logging_mixin.py:188} INFO - [2024-04-19T12:31:16.811+0000] {dag.py:3954} INFO - Setting next_dagrun for latest_only to 2024-04-19 08:00:00+00:00, run_after=2024-04-19 12:00:00+00:00
[2024-04-19T12:31:16.824+0000] {processor.py:183} INFO - Processing /home/airflow/.local/lib/python3.12/site-packages/airflow/example_dags/example_latest_only.py took 0.052 seconds
[2024-04-19T12:31:47.143+0000] {processor.py:161} INFO - Started process (PID=1341) to work on /home/airflow/.local/lib/python3.12/site-packages/airflow/example_dags/example_latest_only.py
[2024-04-19T12:31:47.144+0000] {processor.py:830} INFO - Processing file /home/airflow/.local/lib/python3.12/site-packages/airflow/example_dags/example_latest_only.py for tasks to queue
[2024-04-19T12:31:47.145+0000] {logging_mixin.py:188} INFO - [2024-04-19T12:31:47.145+0000] {dagbag.py:540} INFO - Filling up the DagBag from /home/airflow/.local/lib/python3.12/site-packages/airflow/example_dags/example_latest_only.py
[2024-04-19T12:31:47.149+0000] {processor.py:840} INFO - DAG(s) 'latest_only' retrieved from /home/airflow/.local/lib/python3.12/site-packages/airflow/example_dags/example_latest_only.py
[2024-04-19T12:31:47.164+0000] {logging_mixin.py:188} INFO - [2024-04-19T12:31:47.164+0000] {dag.py:3096} INFO - Sync 1 DAGs
[2024-04-19T12:31:47.179+0000] {logging_mixin.py:188} INFO - [2024-04-19T12:31:47.179+0000] {dag.py:3954} INFO - Setting next_dagrun for latest_only to 2024-04-19 08:00:00+00:00, run_after=2024-04-19 12:00:00+00:00
[2024-04-19T12:31:47.197+0000] {processor.py:183} INFO - Processing /home/airflow/.local/lib/python3.12/site-packages/airflow/example_dags/example_latest_only.py took 0.064 seconds
[2024-04-19T12:32:17.645+0000] {processor.py:161} INFO - Started process (PID=1399) to work on /home/airflow/.local/lib/python3.12/site-packages/airflow/example_dags/example_latest_only.py
[2024-04-19T12:32:17.646+0000] {processor.py:830} INFO - Processing file /home/airflow/.local/lib/python3.12/site-packages/airflow/example_dags/example_latest_only.py for tasks to queue
[2024-04-19T12:32:17.647+0000] {logging_mixin.py:188} INFO - [2024-04-19T12:32:17.647+0000] {dagbag.py:540} INFO - Filling up the DagBag from /home/airflow/.local/lib/python3.12/site-packages/airflow/example_dags/example_latest_only.py
[2024-04-19T12:32:17.651+0000] {processor.py:840} INFO - DAG(s) 'latest_only' retrieved from /home/airflow/.local/lib/python3.12/site-packages/airflow/example_dags/example_latest_only.py
[2024-04-19T12:32:17.665+0000] {logging_mixin.py:188} INFO - [2024-04-19T12:32:17.665+0000] {dag.py:3096} INFO - Sync 1 DAGs
[2024-04-19T12:32:17.684+0000] {logging_mixin.py:188} INFO - [2024-04-19T12:32:17.684+0000] {dag.py:3954} INFO - Setting next_dagrun for latest_only to 2024-04-19 08:00:00+00:00, run_after=2024-04-19 12:00:00+00:00
[2024-04-19T12:32:17.701+0000] {processor.py:183} INFO - Processing /home/airflow/.local/lib/python3.12/site-packages/airflow/example_dags/example_latest_only.py took 0.059 seconds
[2024-04-19T12:32:48.071+0000] {processor.py:161} INFO - Started process (PID=1457) to work on /home/airflow/.local/lib/python3.12/site-packages/airflow/example_dags/example_latest_only.py
[2024-04-19T12:32:48.072+0000] {processor.py:830} INFO - Processing file /home/airflow/.local/lib/python3.12/site-packages/airflow/example_dags/example_latest_only.py for tasks to queue
[2024-04-19T12:32:48.073+0000] {logging_mixin.py:188} INFO - [2024-04-19T12:32:48.073+0000] {dagbag.py:540} INFO - Filling up the DagBag from /home/airflow/.local/lib/python3.12/site-packages/airflow/example_dags/example_latest_only.py
[2024-04-19T12:32:48.077+0000] {processor.py:840} INFO - DAG(s) 'latest_only' retrieved from /home/airflow/.local/lib/python3.12/site-packages/airflow/example_dags/example_latest_only.py
[2024-04-19T12:32:48.092+0000] {logging_mixin.py:188} INFO - [2024-04-19T12:32:48.091+0000] {dag.py:3096} INFO - Sync 1 DAGs
[2024-04-19T12:32:48.108+0000] {logging_mixin.py:188} INFO - [2024-04-19T12:32:48.108+0000] {dag.py:3954} INFO - Setting next_dagrun for latest_only to 2024-04-19 08:00:00+00:00, run_after=2024-04-19 12:00:00+00:00
[2024-04-19T12:32:48.125+0000] {processor.py:183} INFO - Processing /home/airflow/.local/lib/python3.12/site-packages/airflow/example_dags/example_latest_only.py took 0.060 seconds
[2024-04-19T12:33:18.476+0000] {processor.py:161} INFO - Started process (PID=1515) to work on /home/airflow/.local/lib/python3.12/site-packages/airflow/example_dags/example_latest_only.py
[2024-04-19T12:33:18.477+0000] {processor.py:830} INFO - Processing file /home/airflow/.local/lib/python3.12/site-packages/airflow/example_dags/example_latest_only.py for tasks to queue
[2024-04-19T12:33:18.479+0000] {logging_mixin.py:188} INFO - [2024-04-19T12:33:18.478+0000] {dagbag.py:540} INFO - Filling up the DagBag from /home/airflow/.local/lib/python3.12/site-packages/airflow/example_dags/example_latest_only.py
[2024-04-19T12:33:18.485+0000] {processor.py:840} INFO - DAG(s) 'latest_only' retrieved from /home/airflow/.local/lib/python3.12/site-packages/airflow/example_dags/example_latest_only.py
[2024-04-19T12:33:18.501+0000] {logging_mixin.py:188} INFO - [2024-04-19T12:33:18.501+0000] {dag.py:3096} INFO - Sync 1 DAGs
[2024-04-19T12:33:18.516+0000] {logging_mixin.py:188} INFO - [2024-04-19T12:33:18.516+0000] {dag.py:3954} INFO - Setting next_dagrun for latest_only to 2024-04-19 08:00:00+00:00, run_after=2024-04-19 12:00:00+00:00
[2024-04-19T12:33:18.533+0000] {processor.py:183} INFO - Processing /home/airflow/.local/lib/python3.12/site-packages/airflow/example_dags/example_latest_only.py took 0.061 seconds
[2024-04-19T12:33:48.889+0000] {processor.py:161} INFO - Started process (PID=1573) to work on /home/airflow/.local/lib/python3.12/site-packages/airflow/example_dags/example_latest_only.py
[2024-04-19T12:33:48.890+0000] {processor.py:830} INFO - Processing file /home/airflow/.local/lib/python3.12/site-packages/airflow/example_dags/example_latest_only.py for tasks to queue
[2024-04-19T12:33:48.891+0000] {logging_mixin.py:188} INFO - [2024-04-19T12:33:48.891+0000] {dagbag.py:540} INFO - Filling up the DagBag from /home/airflow/.local/lib/python3.12/site-packages/airflow/example_dags/example_latest_only.py
[2024-04-19T12:33:48.894+0000] {processor.py:840} INFO - DAG(s) 'latest_only' retrieved from /home/airflow/.local/lib/python3.12/site-packages/airflow/example_dags/example_latest_only.py
[2024-04-19T12:33:48.918+0000] {logging_mixin.py:188} INFO - [2024-04-19T12:33:48.918+0000] {dag.py:3096} INFO - Sync 1 DAGs
[2024-04-19T12:33:48.935+0000] {logging_mixin.py:188} INFO - [2024-04-19T12:33:48.935+0000] {dag.py:3954} INFO - Setting next_dagrun for latest_only to 2024-04-19 08:00:00+00:00, run_after=2024-04-19 12:00:00+00:00
[2024-04-19T12:33:48.952+0000] {processor.py:183} INFO - Processing /home/airflow/.local/lib/python3.12/site-packages/airflow/example_dags/example_latest_only.py took 0.069 seconds
