[2024-04-19T12:17:13.324+0000] {processor.py:161} INFO - Started process (PID=72) to work on /home/airflow/.local/lib/python3.12/site-packages/airflow/example_dags/example_branch_operator_decorator.py
[2024-04-19T12:17:13.325+0000] {processor.py:830} INFO - Processing file /home/airflow/.local/lib/python3.12/site-packages/airflow/example_dags/example_branch_operator_decorator.py for tasks to queue
[2024-04-19T12:17:13.327+0000] {logging_mixin.py:188} INFO - [2024-04-19T12:17:13.327+0000] {dagbag.py:540} INFO - Filling up the DagBag from /home/airflow/.local/lib/python3.12/site-packages/airflow/example_dags/example_branch_operator_decorator.py
[2024-04-19T12:17:13.344+0000] {processor.py:840} INFO - DAG(s) 'example_branch_python_operator_decorator' retrieved from /home/airflow/.local/lib/python3.12/site-packages/airflow/example_dags/example_branch_operator_decorator.py
[2024-04-19T12:17:13.355+0000] {logging_mixin.py:188} INFO - [2024-04-19T12:17:13.355+0000] {dag.py:3096} INFO - Sync 1 DAGs
[2024-04-19T12:17:13.375+0000] {logging_mixin.py:188} INFO - [2024-04-19T12:17:13.375+0000] {dag.py:3954} INFO - Setting next_dagrun for example_branch_python_operator_decorator to 2024-04-18 00:00:00+00:00, run_after=2024-04-19 00:00:00+00:00
[2024-04-19T12:17:13.393+0000] {processor.py:183} INFO - Processing /home/airflow/.local/lib/python3.12/site-packages/airflow/example_dags/example_branch_operator_decorator.py took 0.073 seconds
[2024-04-19T12:17:43.764+0000] {processor.py:161} INFO - Started process (PID=130) to work on /home/airflow/.local/lib/python3.12/site-packages/airflow/example_dags/example_branch_operator_decorator.py
[2024-04-19T12:17:43.765+0000] {processor.py:830} INFO - Processing file /home/airflow/.local/lib/python3.12/site-packages/airflow/example_dags/example_branch_operator_decorator.py for tasks to queue
[2024-04-19T12:17:43.767+0000] {logging_mixin.py:188} INFO - [2024-04-19T12:17:43.766+0000] {dagbag.py:540} INFO - Filling up the DagBag from /home/airflow/.local/lib/python3.12/site-packages/airflow/example_dags/example_branch_operator_decorator.py
[2024-04-19T12:17:43.779+0000] {processor.py:840} INFO - DAG(s) 'example_branch_python_operator_decorator' retrieved from /home/airflow/.local/lib/python3.12/site-packages/airflow/example_dags/example_branch_operator_decorator.py
[2024-04-19T12:17:43.846+0000] {logging_mixin.py:188} INFO - [2024-04-19T12:17:43.846+0000] {dag.py:3096} INFO - Sync 1 DAGs
[2024-04-19T12:17:43.860+0000] {logging_mixin.py:188} INFO - [2024-04-19T12:17:43.860+0000] {dag.py:3954} INFO - Setting next_dagrun for example_branch_python_operator_decorator to 2024-04-18 00:00:00+00:00, run_after=2024-04-19 00:00:00+00:00
[2024-04-19T12:17:43.875+0000] {processor.py:183} INFO - Processing /home/airflow/.local/lib/python3.12/site-packages/airflow/example_dags/example_branch_operator_decorator.py took 0.114 seconds
[2024-04-19T12:18:14.310+0000] {processor.py:161} INFO - Started process (PID=188) to work on /home/airflow/.local/lib/python3.12/site-packages/airflow/example_dags/example_branch_operator_decorator.py
[2024-04-19T12:18:14.311+0000] {processor.py:830} INFO - Processing file /home/airflow/.local/lib/python3.12/site-packages/airflow/example_dags/example_branch_operator_decorator.py for tasks to queue
[2024-04-19T12:18:14.314+0000] {logging_mixin.py:188} INFO - [2024-04-19T12:18:14.313+0000] {dagbag.py:540} INFO - Filling up the DagBag from /home/airflow/.local/lib/python3.12/site-packages/airflow/example_dags/example_branch_operator_decorator.py
[2024-04-19T12:18:14.326+0000] {processor.py:840} INFO - DAG(s) 'example_branch_python_operator_decorator' retrieved from /home/airflow/.local/lib/python3.12/site-packages/airflow/example_dags/example_branch_operator_decorator.py
[2024-04-19T12:18:14.345+0000] {logging_mixin.py:188} INFO - [2024-04-19T12:18:14.345+0000] {dag.py:3096} INFO - Sync 1 DAGs
[2024-04-19T12:18:14.360+0000] {logging_mixin.py:188} INFO - [2024-04-19T12:18:14.360+0000] {dag.py:3954} INFO - Setting next_dagrun for example_branch_python_operator_decorator to 2024-04-18 00:00:00+00:00, run_after=2024-04-19 00:00:00+00:00
[2024-04-19T12:18:14.376+0000] {processor.py:183} INFO - Processing /home/airflow/.local/lib/python3.12/site-packages/airflow/example_dags/example_branch_operator_decorator.py took 0.072 seconds
[2024-04-19T12:20:35.280+0000] {processor.py:161} INFO - Started process (PID=72) to work on /home/airflow/.local/lib/python3.12/site-packages/airflow/example_dags/example_branch_operator_decorator.py
[2024-04-19T12:20:35.281+0000] {processor.py:830} INFO - Processing file /home/airflow/.local/lib/python3.12/site-packages/airflow/example_dags/example_branch_operator_decorator.py for tasks to queue
[2024-04-19T12:20:35.282+0000] {logging_mixin.py:188} INFO - [2024-04-19T12:20:35.282+0000] {dagbag.py:540} INFO - Filling up the DagBag from /home/airflow/.local/lib/python3.12/site-packages/airflow/example_dags/example_branch_operator_decorator.py
[2024-04-19T12:20:35.299+0000] {processor.py:840} INFO - DAG(s) 'example_branch_python_operator_decorator' retrieved from /home/airflow/.local/lib/python3.12/site-packages/airflow/example_dags/example_branch_operator_decorator.py
[2024-04-19T12:20:35.310+0000] {logging_mixin.py:188} INFO - [2024-04-19T12:20:35.310+0000] {dag.py:3096} INFO - Sync 1 DAGs
[2024-04-19T12:20:35.330+0000] {logging_mixin.py:188} INFO - [2024-04-19T12:20:35.330+0000] {dag.py:3954} INFO - Setting next_dagrun for example_branch_python_operator_decorator to 2024-04-18 00:00:00+00:00, run_after=2024-04-19 00:00:00+00:00
[2024-04-19T12:20:35.350+0000] {processor.py:183} INFO - Processing /home/airflow/.local/lib/python3.12/site-packages/airflow/example_dags/example_branch_operator_decorator.py took 0.074 seconds
[2024-04-19T12:21:05.876+0000] {processor.py:161} INFO - Started process (PID=130) to work on /home/airflow/.local/lib/python3.12/site-packages/airflow/example_dags/example_branch_operator_decorator.py
[2024-04-19T12:21:05.877+0000] {processor.py:830} INFO - Processing file /home/airflow/.local/lib/python3.12/site-packages/airflow/example_dags/example_branch_operator_decorator.py for tasks to queue
[2024-04-19T12:21:05.878+0000] {logging_mixin.py:188} INFO - [2024-04-19T12:21:05.878+0000] {dagbag.py:540} INFO - Filling up the DagBag from /home/airflow/.local/lib/python3.12/site-packages/airflow/example_dags/example_branch_operator_decorator.py
[2024-04-19T12:21:05.894+0000] {processor.py:840} INFO - DAG(s) 'example_branch_python_operator_decorator' retrieved from /home/airflow/.local/lib/python3.12/site-packages/airflow/example_dags/example_branch_operator_decorator.py
[2024-04-19T12:21:05.971+0000] {logging_mixin.py:188} INFO - [2024-04-19T12:21:05.971+0000] {dag.py:3096} INFO - Sync 1 DAGs
[2024-04-19T12:21:05.986+0000] {logging_mixin.py:188} INFO - [2024-04-19T12:21:05.986+0000] {dag.py:3954} INFO - Setting next_dagrun for example_branch_python_operator_decorator to 2024-04-18 00:00:00+00:00, run_after=2024-04-19 00:00:00+00:00
[2024-04-19T12:21:06.002+0000] {processor.py:183} INFO - Processing /home/airflow/.local/lib/python3.12/site-packages/airflow/example_dags/example_branch_operator_decorator.py took 0.131 seconds
[2024-04-19T12:21:36.331+0000] {processor.py:161} INFO - Started process (PID=188) to work on /home/airflow/.local/lib/python3.12/site-packages/airflow/example_dags/example_branch_operator_decorator.py
[2024-04-19T12:21:36.332+0000] {processor.py:830} INFO - Processing file /home/airflow/.local/lib/python3.12/site-packages/airflow/example_dags/example_branch_operator_decorator.py for tasks to queue
[2024-04-19T12:21:36.333+0000] {logging_mixin.py:188} INFO - [2024-04-19T12:21:36.333+0000] {dagbag.py:540} INFO - Filling up the DagBag from /home/airflow/.local/lib/python3.12/site-packages/airflow/example_dags/example_branch_operator_decorator.py
[2024-04-19T12:21:36.345+0000] {processor.py:840} INFO - DAG(s) 'example_branch_python_operator_decorator' retrieved from /home/airflow/.local/lib/python3.12/site-packages/airflow/example_dags/example_branch_operator_decorator.py
[2024-04-19T12:21:36.363+0000] {logging_mixin.py:188} INFO - [2024-04-19T12:21:36.363+0000] {dag.py:3096} INFO - Sync 1 DAGs
[2024-04-19T12:21:36.378+0000] {logging_mixin.py:188} INFO - [2024-04-19T12:21:36.378+0000] {dag.py:3954} INFO - Setting next_dagrun for example_branch_python_operator_decorator to 2024-04-18 00:00:00+00:00, run_after=2024-04-19 00:00:00+00:00
[2024-04-19T12:21:36.393+0000] {processor.py:183} INFO - Processing /home/airflow/.local/lib/python3.12/site-packages/airflow/example_dags/example_branch_operator_decorator.py took 0.066 seconds
[2024-04-19T12:22:06.666+0000] {processor.py:161} INFO - Started process (PID=246) to work on /home/airflow/.local/lib/python3.12/site-packages/airflow/example_dags/example_branch_operator_decorator.py
[2024-04-19T12:22:06.667+0000] {processor.py:830} INFO - Processing file /home/airflow/.local/lib/python3.12/site-packages/airflow/example_dags/example_branch_operator_decorator.py for tasks to queue
[2024-04-19T12:22:06.669+0000] {logging_mixin.py:188} INFO - [2024-04-19T12:22:06.668+0000] {dagbag.py:540} INFO - Filling up the DagBag from /home/airflow/.local/lib/python3.12/site-packages/airflow/example_dags/example_branch_operator_decorator.py
[2024-04-19T12:22:06.684+0000] {processor.py:840} INFO - DAG(s) 'example_branch_python_operator_decorator' retrieved from /home/airflow/.local/lib/python3.12/site-packages/airflow/example_dags/example_branch_operator_decorator.py
[2024-04-19T12:22:06.704+0000] {logging_mixin.py:188} INFO - [2024-04-19T12:22:06.704+0000] {dag.py:3096} INFO - Sync 1 DAGs
[2024-04-19T12:22:06.721+0000] {logging_mixin.py:188} INFO - [2024-04-19T12:22:06.721+0000] {dag.py:3954} INFO - Setting next_dagrun for example_branch_python_operator_decorator to 2024-04-18 00:00:00+00:00, run_after=2024-04-19 00:00:00+00:00
[2024-04-19T12:22:06.742+0000] {processor.py:183} INFO - Processing /home/airflow/.local/lib/python3.12/site-packages/airflow/example_dags/example_branch_operator_decorator.py took 0.080 seconds
[2024-04-19T12:22:37.021+0000] {processor.py:161} INFO - Started process (PID=304) to work on /home/airflow/.local/lib/python3.12/site-packages/airflow/example_dags/example_branch_operator_decorator.py
[2024-04-19T12:22:37.022+0000] {processor.py:830} INFO - Processing file /home/airflow/.local/lib/python3.12/site-packages/airflow/example_dags/example_branch_operator_decorator.py for tasks to queue
[2024-04-19T12:22:37.023+0000] {logging_mixin.py:188} INFO - [2024-04-19T12:22:37.023+0000] {dagbag.py:540} INFO - Filling up the DagBag from /home/airflow/.local/lib/python3.12/site-packages/airflow/example_dags/example_branch_operator_decorator.py
[2024-04-19T12:22:37.037+0000] {processor.py:840} INFO - DAG(s) 'example_branch_python_operator_decorator' retrieved from /home/airflow/.local/lib/python3.12/site-packages/airflow/example_dags/example_branch_operator_decorator.py
[2024-04-19T12:22:37.058+0000] {logging_mixin.py:188} INFO - [2024-04-19T12:22:37.058+0000] {dag.py:3096} INFO - Sync 1 DAGs
[2024-04-19T12:22:37.076+0000] {logging_mixin.py:188} INFO - [2024-04-19T12:22:37.076+0000] {dag.py:3954} INFO - Setting next_dagrun for example_branch_python_operator_decorator to 2024-04-18 00:00:00+00:00, run_after=2024-04-19 00:00:00+00:00
[2024-04-19T12:22:37.096+0000] {processor.py:183} INFO - Processing /home/airflow/.local/lib/python3.12/site-packages/airflow/example_dags/example_branch_operator_decorator.py took 0.078 seconds
[2024-04-19T12:23:07.543+0000] {processor.py:161} INFO - Started process (PID=362) to work on /home/airflow/.local/lib/python3.12/site-packages/airflow/example_dags/example_branch_operator_decorator.py
[2024-04-19T12:23:07.544+0000] {processor.py:830} INFO - Processing file /home/airflow/.local/lib/python3.12/site-packages/airflow/example_dags/example_branch_operator_decorator.py for tasks to queue
[2024-04-19T12:23:07.546+0000] {logging_mixin.py:188} INFO - [2024-04-19T12:23:07.545+0000] {dagbag.py:540} INFO - Filling up the DagBag from /home/airflow/.local/lib/python3.12/site-packages/airflow/example_dags/example_branch_operator_decorator.py
[2024-04-19T12:23:07.566+0000] {processor.py:840} INFO - DAG(s) 'example_branch_python_operator_decorator' retrieved from /home/airflow/.local/lib/python3.12/site-packages/airflow/example_dags/example_branch_operator_decorator.py
[2024-04-19T12:23:07.579+0000] {logging_mixin.py:188} INFO - [2024-04-19T12:23:07.579+0000] {dag.py:3096} INFO - Sync 1 DAGs
[2024-04-19T12:23:07.608+0000] {logging_mixin.py:188} INFO - [2024-04-19T12:23:07.607+0000] {dag.py:3954} INFO - Setting next_dagrun for example_branch_python_operator_decorator to 2024-04-18 00:00:00+00:00, run_after=2024-04-19 00:00:00+00:00
[2024-04-19T12:23:07.631+0000] {processor.py:183} INFO - Processing /home/airflow/.local/lib/python3.12/site-packages/airflow/example_dags/example_branch_operator_decorator.py took 0.093 seconds
[2024-04-19T12:23:38.723+0000] {processor.py:161} INFO - Started process (PID=421) to work on /home/airflow/.local/lib/python3.12/site-packages/airflow/example_dags/example_branch_operator_decorator.py
[2024-04-19T12:23:38.724+0000] {processor.py:830} INFO - Processing file /home/airflow/.local/lib/python3.12/site-packages/airflow/example_dags/example_branch_operator_decorator.py for tasks to queue
[2024-04-19T12:23:38.726+0000] {logging_mixin.py:188} INFO - [2024-04-19T12:23:38.725+0000] {dagbag.py:540} INFO - Filling up the DagBag from /home/airflow/.local/lib/python3.12/site-packages/airflow/example_dags/example_branch_operator_decorator.py
[2024-04-19T12:23:38.738+0000] {processor.py:840} INFO - DAG(s) 'example_branch_python_operator_decorator' retrieved from /home/airflow/.local/lib/python3.12/site-packages/airflow/example_dags/example_branch_operator_decorator.py
[2024-04-19T12:23:38.809+0000] {logging_mixin.py:188} INFO - [2024-04-19T12:23:38.809+0000] {dag.py:3096} INFO - Sync 1 DAGs
[2024-04-19T12:23:38.826+0000] {logging_mixin.py:188} INFO - [2024-04-19T12:23:38.826+0000] {dag.py:3954} INFO - Setting next_dagrun for example_branch_python_operator_decorator to 2024-04-18 00:00:00+00:00, run_after=2024-04-19 00:00:00+00:00
[2024-04-19T12:23:38.852+0000] {processor.py:183} INFO - Processing /home/airflow/.local/lib/python3.12/site-packages/airflow/example_dags/example_branch_operator_decorator.py took 0.134 seconds
[2024-04-19T12:24:09.601+0000] {processor.py:161} INFO - Started process (PID=480) to work on /home/airflow/.local/lib/python3.12/site-packages/airflow/example_dags/example_branch_operator_decorator.py
[2024-04-19T12:24:09.602+0000] {processor.py:830} INFO - Processing file /home/airflow/.local/lib/python3.12/site-packages/airflow/example_dags/example_branch_operator_decorator.py for tasks to queue
[2024-04-19T12:24:09.603+0000] {logging_mixin.py:188} INFO - [2024-04-19T12:24:09.603+0000] {dagbag.py:540} INFO - Filling up the DagBag from /home/airflow/.local/lib/python3.12/site-packages/airflow/example_dags/example_branch_operator_decorator.py
[2024-04-19T12:24:09.614+0000] {processor.py:840} INFO - DAG(s) 'example_branch_python_operator_decorator' retrieved from /home/airflow/.local/lib/python3.12/site-packages/airflow/example_dags/example_branch_operator_decorator.py
[2024-04-19T12:24:09.631+0000] {logging_mixin.py:188} INFO - [2024-04-19T12:24:09.630+0000] {dag.py:3096} INFO - Sync 1 DAGs
[2024-04-19T12:24:09.644+0000] {logging_mixin.py:188} INFO - [2024-04-19T12:24:09.644+0000] {dag.py:3954} INFO - Setting next_dagrun for example_branch_python_operator_decorator to 2024-04-18 00:00:00+00:00, run_after=2024-04-19 00:00:00+00:00
[2024-04-19T12:24:09.656+0000] {processor.py:183} INFO - Processing /home/airflow/.local/lib/python3.12/site-packages/airflow/example_dags/example_branch_operator_decorator.py took 0.058 seconds
[2024-04-19T12:24:40.055+0000] {processor.py:161} INFO - Started process (PID=538) to work on /home/airflow/.local/lib/python3.12/site-packages/airflow/example_dags/example_branch_operator_decorator.py
[2024-04-19T12:24:40.056+0000] {processor.py:830} INFO - Processing file /home/airflow/.local/lib/python3.12/site-packages/airflow/example_dags/example_branch_operator_decorator.py for tasks to queue
[2024-04-19T12:24:40.057+0000] {logging_mixin.py:188} INFO - [2024-04-19T12:24:40.057+0000] {dagbag.py:540} INFO - Filling up the DagBag from /home/airflow/.local/lib/python3.12/site-packages/airflow/example_dags/example_branch_operator_decorator.py
[2024-04-19T12:24:40.070+0000] {processor.py:840} INFO - DAG(s) 'example_branch_python_operator_decorator' retrieved from /home/airflow/.local/lib/python3.12/site-packages/airflow/example_dags/example_branch_operator_decorator.py
[2024-04-19T12:24:40.089+0000] {logging_mixin.py:188} INFO - [2024-04-19T12:24:40.089+0000] {dag.py:3096} INFO - Sync 1 DAGs
[2024-04-19T12:24:40.103+0000] {logging_mixin.py:188} INFO - [2024-04-19T12:24:40.103+0000] {dag.py:3954} INFO - Setting next_dagrun for example_branch_python_operator_decorator to 2024-04-18 00:00:00+00:00, run_after=2024-04-19 00:00:00+00:00
[2024-04-19T12:24:40.116+0000] {processor.py:183} INFO - Processing /home/airflow/.local/lib/python3.12/site-packages/airflow/example_dags/example_branch_operator_decorator.py took 0.065 seconds
[2024-04-19T12:25:10.880+0000] {processor.py:161} INFO - Started process (PID=596) to work on /home/airflow/.local/lib/python3.12/site-packages/airflow/example_dags/example_branch_operator_decorator.py
[2024-04-19T12:25:10.880+0000] {processor.py:830} INFO - Processing file /home/airflow/.local/lib/python3.12/site-packages/airflow/example_dags/example_branch_operator_decorator.py for tasks to queue
[2024-04-19T12:25:10.882+0000] {logging_mixin.py:188} INFO - [2024-04-19T12:25:10.881+0000] {dagbag.py:540} INFO - Filling up the DagBag from /home/airflow/.local/lib/python3.12/site-packages/airflow/example_dags/example_branch_operator_decorator.py
[2024-04-19T12:25:10.895+0000] {processor.py:840} INFO - DAG(s) 'example_branch_python_operator_decorator' retrieved from /home/airflow/.local/lib/python3.12/site-packages/airflow/example_dags/example_branch_operator_decorator.py
[2024-04-19T12:25:10.915+0000] {logging_mixin.py:188} INFO - [2024-04-19T12:25:10.915+0000] {dag.py:3096} INFO - Sync 1 DAGs
[2024-04-19T12:25:10.938+0000] {logging_mixin.py:188} INFO - [2024-04-19T12:25:10.938+0000] {dag.py:3954} INFO - Setting next_dagrun for example_branch_python_operator_decorator to 2024-04-18 00:00:00+00:00, run_after=2024-04-19 00:00:00+00:00
[2024-04-19T12:25:10.964+0000] {processor.py:183} INFO - Processing /home/airflow/.local/lib/python3.12/site-packages/airflow/example_dags/example_branch_operator_decorator.py took 0.088 seconds
[2024-04-19T12:25:41.104+0000] {processor.py:161} INFO - Started process (PID=654) to work on /home/airflow/.local/lib/python3.12/site-packages/airflow/example_dags/example_branch_operator_decorator.py
[2024-04-19T12:25:41.105+0000] {processor.py:830} INFO - Processing file /home/airflow/.local/lib/python3.12/site-packages/airflow/example_dags/example_branch_operator_decorator.py for tasks to queue
[2024-04-19T12:25:41.106+0000] {logging_mixin.py:188} INFO - [2024-04-19T12:25:41.106+0000] {dagbag.py:540} INFO - Filling up the DagBag from /home/airflow/.local/lib/python3.12/site-packages/airflow/example_dags/example_branch_operator_decorator.py
[2024-04-19T12:25:41.122+0000] {processor.py:840} INFO - DAG(s) 'example_branch_python_operator_decorator' retrieved from /home/airflow/.local/lib/python3.12/site-packages/airflow/example_dags/example_branch_operator_decorator.py
[2024-04-19T12:25:41.143+0000] {logging_mixin.py:188} INFO - [2024-04-19T12:25:41.143+0000] {dag.py:3096} INFO - Sync 1 DAGs
[2024-04-19T12:25:41.161+0000] {logging_mixin.py:188} INFO - [2024-04-19T12:25:41.161+0000] {dag.py:3954} INFO - Setting next_dagrun for example_branch_python_operator_decorator to 2024-04-18 00:00:00+00:00, run_after=2024-04-19 00:00:00+00:00
[2024-04-19T12:25:41.178+0000] {processor.py:183} INFO - Processing /home/airflow/.local/lib/python3.12/site-packages/airflow/example_dags/example_branch_operator_decorator.py took 0.080 seconds
[2024-04-19T12:26:11.409+0000] {processor.py:161} INFO - Started process (PID=712) to work on /home/airflow/.local/lib/python3.12/site-packages/airflow/example_dags/example_branch_operator_decorator.py
[2024-04-19T12:26:11.410+0000] {processor.py:830} INFO - Processing file /home/airflow/.local/lib/python3.12/site-packages/airflow/example_dags/example_branch_operator_decorator.py for tasks to queue
[2024-04-19T12:26:11.411+0000] {logging_mixin.py:188} INFO - [2024-04-19T12:26:11.411+0000] {dagbag.py:540} INFO - Filling up the DagBag from /home/airflow/.local/lib/python3.12/site-packages/airflow/example_dags/example_branch_operator_decorator.py
[2024-04-19T12:26:11.425+0000] {processor.py:840} INFO - DAG(s) 'example_branch_python_operator_decorator' retrieved from /home/airflow/.local/lib/python3.12/site-packages/airflow/example_dags/example_branch_operator_decorator.py
[2024-04-19T12:26:11.443+0000] {logging_mixin.py:188} INFO - [2024-04-19T12:26:11.442+0000] {dag.py:3096} INFO - Sync 1 DAGs
[2024-04-19T12:26:11.458+0000] {logging_mixin.py:188} INFO - [2024-04-19T12:26:11.458+0000] {dag.py:3954} INFO - Setting next_dagrun for example_branch_python_operator_decorator to 2024-04-18 00:00:00+00:00, run_after=2024-04-19 00:00:00+00:00
[2024-04-19T12:26:11.471+0000] {processor.py:183} INFO - Processing /home/airflow/.local/lib/python3.12/site-packages/airflow/example_dags/example_branch_operator_decorator.py took 0.066 seconds
[2024-04-19T12:26:41.825+0000] {processor.py:161} INFO - Started process (PID=770) to work on /home/airflow/.local/lib/python3.12/site-packages/airflow/example_dags/example_branch_operator_decorator.py
[2024-04-19T12:26:41.826+0000] {processor.py:830} INFO - Processing file /home/airflow/.local/lib/python3.12/site-packages/airflow/example_dags/example_branch_operator_decorator.py for tasks to queue
[2024-04-19T12:26:41.828+0000] {logging_mixin.py:188} INFO - [2024-04-19T12:26:41.827+0000] {dagbag.py:540} INFO - Filling up the DagBag from /home/airflow/.local/lib/python3.12/site-packages/airflow/example_dags/example_branch_operator_decorator.py
[2024-04-19T12:26:41.843+0000] {processor.py:840} INFO - DAG(s) 'example_branch_python_operator_decorator' retrieved from /home/airflow/.local/lib/python3.12/site-packages/airflow/example_dags/example_branch_operator_decorator.py
[2024-04-19T12:26:41.870+0000] {logging_mixin.py:188} INFO - [2024-04-19T12:26:41.870+0000] {dag.py:3096} INFO - Sync 1 DAGs
[2024-04-19T12:26:41.892+0000] {logging_mixin.py:188} INFO - [2024-04-19T12:26:41.892+0000] {dag.py:3954} INFO - Setting next_dagrun for example_branch_python_operator_decorator to 2024-04-18 00:00:00+00:00, run_after=2024-04-19 00:00:00+00:00
[2024-04-19T12:26:41.912+0000] {processor.py:183} INFO - Processing /home/airflow/.local/lib/python3.12/site-packages/airflow/example_dags/example_branch_operator_decorator.py took 0.093 seconds
[2024-04-19T12:27:12.529+0000] {processor.py:161} INFO - Started process (PID=828) to work on /home/airflow/.local/lib/python3.12/site-packages/airflow/example_dags/example_branch_operator_decorator.py
[2024-04-19T12:27:12.529+0000] {processor.py:830} INFO - Processing file /home/airflow/.local/lib/python3.12/site-packages/airflow/example_dags/example_branch_operator_decorator.py for tasks to queue
[2024-04-19T12:27:12.530+0000] {logging_mixin.py:188} INFO - [2024-04-19T12:27:12.530+0000] {dagbag.py:540} INFO - Filling up the DagBag from /home/airflow/.local/lib/python3.12/site-packages/airflow/example_dags/example_branch_operator_decorator.py
[2024-04-19T12:27:12.543+0000] {processor.py:840} INFO - DAG(s) 'example_branch_python_operator_decorator' retrieved from /home/airflow/.local/lib/python3.12/site-packages/airflow/example_dags/example_branch_operator_decorator.py
[2024-04-19T12:27:12.564+0000] {logging_mixin.py:188} INFO - [2024-04-19T12:27:12.564+0000] {dag.py:3096} INFO - Sync 1 DAGs
[2024-04-19T12:27:12.582+0000] {logging_mixin.py:188} INFO - [2024-04-19T12:27:12.581+0000] {dag.py:3954} INFO - Setting next_dagrun for example_branch_python_operator_decorator to 2024-04-18 00:00:00+00:00, run_after=2024-04-19 00:00:00+00:00
[2024-04-19T12:27:12.599+0000] {processor.py:183} INFO - Processing /home/airflow/.local/lib/python3.12/site-packages/airflow/example_dags/example_branch_operator_decorator.py took 0.074 seconds
[2024-04-19T12:27:43.378+0000] {processor.py:161} INFO - Started process (PID=886) to work on /home/airflow/.local/lib/python3.12/site-packages/airflow/example_dags/example_branch_operator_decorator.py
[2024-04-19T12:27:43.379+0000] {processor.py:830} INFO - Processing file /home/airflow/.local/lib/python3.12/site-packages/airflow/example_dags/example_branch_operator_decorator.py for tasks to queue
[2024-04-19T12:27:43.380+0000] {logging_mixin.py:188} INFO - [2024-04-19T12:27:43.380+0000] {dagbag.py:540} INFO - Filling up the DagBag from /home/airflow/.local/lib/python3.12/site-packages/airflow/example_dags/example_branch_operator_decorator.py
[2024-04-19T12:27:43.397+0000] {processor.py:840} INFO - DAG(s) 'example_branch_python_operator_decorator' retrieved from /home/airflow/.local/lib/python3.12/site-packages/airflow/example_dags/example_branch_operator_decorator.py
[2024-04-19T12:27:43.421+0000] {logging_mixin.py:188} INFO - [2024-04-19T12:27:43.421+0000] {dag.py:3096} INFO - Sync 1 DAGs
[2024-04-19T12:27:43.444+0000] {logging_mixin.py:188} INFO - [2024-04-19T12:27:43.444+0000] {dag.py:3954} INFO - Setting next_dagrun for example_branch_python_operator_decorator to 2024-04-18 00:00:00+00:00, run_after=2024-04-19 00:00:00+00:00
[2024-04-19T12:27:43.572+0000] {processor.py:183} INFO - Processing /home/airflow/.local/lib/python3.12/site-packages/airflow/example_dags/example_branch_operator_decorator.py took 0.198 seconds
[2024-04-19T12:28:13.609+0000] {processor.py:161} INFO - Started process (PID=944) to work on /home/airflow/.local/lib/python3.12/site-packages/airflow/example_dags/example_branch_operator_decorator.py
[2024-04-19T12:28:13.610+0000] {processor.py:830} INFO - Processing file /home/airflow/.local/lib/python3.12/site-packages/airflow/example_dags/example_branch_operator_decorator.py for tasks to queue
[2024-04-19T12:28:13.611+0000] {logging_mixin.py:188} INFO - [2024-04-19T12:28:13.611+0000] {dagbag.py:540} INFO - Filling up the DagBag from /home/airflow/.local/lib/python3.12/site-packages/airflow/example_dags/example_branch_operator_decorator.py
[2024-04-19T12:28:13.627+0000] {processor.py:840} INFO - DAG(s) 'example_branch_python_operator_decorator' retrieved from /home/airflow/.local/lib/python3.12/site-packages/airflow/example_dags/example_branch_operator_decorator.py
[2024-04-19T12:28:13.647+0000] {logging_mixin.py:188} INFO - [2024-04-19T12:28:13.647+0000] {dag.py:3096} INFO - Sync 1 DAGs
[2024-04-19T12:28:13.664+0000] {logging_mixin.py:188} INFO - [2024-04-19T12:28:13.664+0000] {dag.py:3954} INFO - Setting next_dagrun for example_branch_python_operator_decorator to 2024-04-18 00:00:00+00:00, run_after=2024-04-19 00:00:00+00:00
[2024-04-19T12:28:13.678+0000] {processor.py:183} INFO - Processing /home/airflow/.local/lib/python3.12/site-packages/airflow/example_dags/example_branch_operator_decorator.py took 0.073 seconds
[2024-04-19T12:28:44.407+0000] {processor.py:161} INFO - Started process (PID=1002) to work on /home/airflow/.local/lib/python3.12/site-packages/airflow/example_dags/example_branch_operator_decorator.py
[2024-04-19T12:28:44.408+0000] {processor.py:830} INFO - Processing file /home/airflow/.local/lib/python3.12/site-packages/airflow/example_dags/example_branch_operator_decorator.py for tasks to queue
[2024-04-19T12:28:44.409+0000] {logging_mixin.py:188} INFO - [2024-04-19T12:28:44.409+0000] {dagbag.py:540} INFO - Filling up the DagBag from /home/airflow/.local/lib/python3.12/site-packages/airflow/example_dags/example_branch_operator_decorator.py
[2024-04-19T12:28:44.422+0000] {processor.py:840} INFO - DAG(s) 'example_branch_python_operator_decorator' retrieved from /home/airflow/.local/lib/python3.12/site-packages/airflow/example_dags/example_branch_operator_decorator.py
[2024-04-19T12:28:44.439+0000] {logging_mixin.py:188} INFO - [2024-04-19T12:28:44.439+0000] {dag.py:3096} INFO - Sync 1 DAGs
[2024-04-19T12:28:44.454+0000] {logging_mixin.py:188} INFO - [2024-04-19T12:28:44.454+0000] {dag.py:3954} INFO - Setting next_dagrun for example_branch_python_operator_decorator to 2024-04-18 00:00:00+00:00, run_after=2024-04-19 00:00:00+00:00
[2024-04-19T12:28:44.468+0000] {processor.py:183} INFO - Processing /home/airflow/.local/lib/python3.12/site-packages/airflow/example_dags/example_branch_operator_decorator.py took 0.065 seconds
[2024-04-19T12:29:15.078+0000] {processor.py:161} INFO - Started process (PID=1060) to work on /home/airflow/.local/lib/python3.12/site-packages/airflow/example_dags/example_branch_operator_decorator.py
[2024-04-19T12:29:15.079+0000] {processor.py:830} INFO - Processing file /home/airflow/.local/lib/python3.12/site-packages/airflow/example_dags/example_branch_operator_decorator.py for tasks to queue
[2024-04-19T12:29:15.080+0000] {logging_mixin.py:188} INFO - [2024-04-19T12:29:15.080+0000] {dagbag.py:540} INFO - Filling up the DagBag from /home/airflow/.local/lib/python3.12/site-packages/airflow/example_dags/example_branch_operator_decorator.py
[2024-04-19T12:29:15.092+0000] {processor.py:840} INFO - DAG(s) 'example_branch_python_operator_decorator' retrieved from /home/airflow/.local/lib/python3.12/site-packages/airflow/example_dags/example_branch_operator_decorator.py
[2024-04-19T12:29:15.109+0000] {logging_mixin.py:188} INFO - [2024-04-19T12:29:15.109+0000] {dag.py:3096} INFO - Sync 1 DAGs
[2024-04-19T12:29:15.122+0000] {logging_mixin.py:188} INFO - [2024-04-19T12:29:15.122+0000] {dag.py:3954} INFO - Setting next_dagrun for example_branch_python_operator_decorator to 2024-04-18 00:00:00+00:00, run_after=2024-04-19 00:00:00+00:00
[2024-04-19T12:29:15.135+0000] {processor.py:183} INFO - Processing /home/airflow/.local/lib/python3.12/site-packages/airflow/example_dags/example_branch_operator_decorator.py took 0.059 seconds
[2024-04-19T12:29:45.400+0000] {processor.py:161} INFO - Started process (PID=1118) to work on /home/airflow/.local/lib/python3.12/site-packages/airflow/example_dags/example_branch_operator_decorator.py
[2024-04-19T12:29:45.402+0000] {processor.py:830} INFO - Processing file /home/airflow/.local/lib/python3.12/site-packages/airflow/example_dags/example_branch_operator_decorator.py for tasks to queue
[2024-04-19T12:29:45.403+0000] {logging_mixin.py:188} INFO - [2024-04-19T12:29:45.403+0000] {dagbag.py:540} INFO - Filling up the DagBag from /home/airflow/.local/lib/python3.12/site-packages/airflow/example_dags/example_branch_operator_decorator.py
[2024-04-19T12:29:45.415+0000] {processor.py:840} INFO - DAG(s) 'example_branch_python_operator_decorator' retrieved from /home/airflow/.local/lib/python3.12/site-packages/airflow/example_dags/example_branch_operator_decorator.py
[2024-04-19T12:29:45.426+0000] {logging_mixin.py:188} INFO - [2024-04-19T12:29:45.425+0000] {dag.py:3096} INFO - Sync 1 DAGs
[2024-04-19T12:29:45.442+0000] {logging_mixin.py:188} INFO - [2024-04-19T12:29:45.442+0000] {dag.py:3954} INFO - Setting next_dagrun for example_branch_python_operator_decorator to 2024-04-18 00:00:00+00:00, run_after=2024-04-19 00:00:00+00:00
[2024-04-19T12:29:45.553+0000] {processor.py:183} INFO - Processing /home/airflow/.local/lib/python3.12/site-packages/airflow/example_dags/example_branch_operator_decorator.py took 0.157 seconds
[2024-04-19T12:30:16.277+0000] {processor.py:161} INFO - Started process (PID=1176) to work on /home/airflow/.local/lib/python3.12/site-packages/airflow/example_dags/example_branch_operator_decorator.py
[2024-04-19T12:30:16.277+0000] {processor.py:830} INFO - Processing file /home/airflow/.local/lib/python3.12/site-packages/airflow/example_dags/example_branch_operator_decorator.py for tasks to queue
[2024-04-19T12:30:16.278+0000] {logging_mixin.py:188} INFO - [2024-04-19T12:30:16.278+0000] {dagbag.py:540} INFO - Filling up the DagBag from /home/airflow/.local/lib/python3.12/site-packages/airflow/example_dags/example_branch_operator_decorator.py
[2024-04-19T12:30:16.290+0000] {processor.py:840} INFO - DAG(s) 'example_branch_python_operator_decorator' retrieved from /home/airflow/.local/lib/python3.12/site-packages/airflow/example_dags/example_branch_operator_decorator.py
[2024-04-19T12:30:16.467+0000] {logging_mixin.py:188} INFO - [2024-04-19T12:30:16.467+0000] {dag.py:3096} INFO - Sync 1 DAGs
[2024-04-19T12:30:16.489+0000] {logging_mixin.py:188} INFO - [2024-04-19T12:30:16.489+0000] {dag.py:3954} INFO - Setting next_dagrun for example_branch_python_operator_decorator to 2024-04-18 00:00:00+00:00, run_after=2024-04-19 00:00:00+00:00
[2024-04-19T12:30:16.507+0000] {processor.py:183} INFO - Processing /home/airflow/.local/lib/python3.12/site-packages/airflow/example_dags/example_branch_operator_decorator.py took 0.234 seconds
[2024-04-19T12:30:46.835+0000] {processor.py:161} INFO - Started process (PID=1234) to work on /home/airflow/.local/lib/python3.12/site-packages/airflow/example_dags/example_branch_operator_decorator.py
[2024-04-19T12:30:46.836+0000] {processor.py:830} INFO - Processing file /home/airflow/.local/lib/python3.12/site-packages/airflow/example_dags/example_branch_operator_decorator.py for tasks to queue
[2024-04-19T12:30:46.837+0000] {logging_mixin.py:188} INFO - [2024-04-19T12:30:46.837+0000] {dagbag.py:540} INFO - Filling up the DagBag from /home/airflow/.local/lib/python3.12/site-packages/airflow/example_dags/example_branch_operator_decorator.py
[2024-04-19T12:30:46.849+0000] {processor.py:840} INFO - DAG(s) 'example_branch_python_operator_decorator' retrieved from /home/airflow/.local/lib/python3.12/site-packages/airflow/example_dags/example_branch_operator_decorator.py
[2024-04-19T12:30:46.869+0000] {logging_mixin.py:188} INFO - [2024-04-19T12:30:46.869+0000] {dag.py:3096} INFO - Sync 1 DAGs
[2024-04-19T12:30:46.884+0000] {logging_mixin.py:188} INFO - [2024-04-19T12:30:46.883+0000] {dag.py:3954} INFO - Setting next_dagrun for example_branch_python_operator_decorator to 2024-04-18 00:00:00+00:00, run_after=2024-04-19 00:00:00+00:00
[2024-04-19T12:30:46.899+0000] {processor.py:183} INFO - Processing /home/airflow/.local/lib/python3.12/site-packages/airflow/example_dags/example_branch_operator_decorator.py took 0.070 seconds
[2024-04-19T12:31:17.191+0000] {processor.py:161} INFO - Started process (PID=1292) to work on /home/airflow/.local/lib/python3.12/site-packages/airflow/example_dags/example_branch_operator_decorator.py
[2024-04-19T12:31:17.191+0000] {processor.py:830} INFO - Processing file /home/airflow/.local/lib/python3.12/site-packages/airflow/example_dags/example_branch_operator_decorator.py for tasks to queue
[2024-04-19T12:31:17.193+0000] {logging_mixin.py:188} INFO - [2024-04-19T12:31:17.192+0000] {dagbag.py:540} INFO - Filling up the DagBag from /home/airflow/.local/lib/python3.12/site-packages/airflow/example_dags/example_branch_operator_decorator.py
[2024-04-19T12:31:17.204+0000] {processor.py:840} INFO - DAG(s) 'example_branch_python_operator_decorator' retrieved from /home/airflow/.local/lib/python3.12/site-packages/airflow/example_dags/example_branch_operator_decorator.py
[2024-04-19T12:31:17.222+0000] {logging_mixin.py:188} INFO - [2024-04-19T12:31:17.221+0000] {dag.py:3096} INFO - Sync 1 DAGs
[2024-04-19T12:31:17.235+0000] {logging_mixin.py:188} INFO - [2024-04-19T12:31:17.235+0000] {dag.py:3954} INFO - Setting next_dagrun for example_branch_python_operator_decorator to 2024-04-18 00:00:00+00:00, run_after=2024-04-19 00:00:00+00:00
[2024-04-19T12:31:17.248+0000] {processor.py:183} INFO - Processing /home/airflow/.local/lib/python3.12/site-packages/airflow/example_dags/example_branch_operator_decorator.py took 0.061 seconds
[2024-04-19T12:31:47.534+0000] {processor.py:161} INFO - Started process (PID=1349) to work on /home/airflow/.local/lib/python3.12/site-packages/airflow/example_dags/example_branch_operator_decorator.py
[2024-04-19T12:31:47.535+0000] {processor.py:830} INFO - Processing file /home/airflow/.local/lib/python3.12/site-packages/airflow/example_dags/example_branch_operator_decorator.py for tasks to queue
[2024-04-19T12:31:47.537+0000] {logging_mixin.py:188} INFO - [2024-04-19T12:31:47.536+0000] {dagbag.py:540} INFO - Filling up the DagBag from /home/airflow/.local/lib/python3.12/site-packages/airflow/example_dags/example_branch_operator_decorator.py
[2024-04-19T12:31:47.551+0000] {processor.py:840} INFO - DAG(s) 'example_branch_python_operator_decorator' retrieved from /home/airflow/.local/lib/python3.12/site-packages/airflow/example_dags/example_branch_operator_decorator.py
[2024-04-19T12:31:47.569+0000] {logging_mixin.py:188} INFO - [2024-04-19T12:31:47.569+0000] {dag.py:3096} INFO - Sync 1 DAGs
[2024-04-19T12:31:47.585+0000] {logging_mixin.py:188} INFO - [2024-04-19T12:31:47.584+0000] {dag.py:3954} INFO - Setting next_dagrun for example_branch_python_operator_decorator to 2024-04-18 00:00:00+00:00, run_after=2024-04-19 00:00:00+00:00
[2024-04-19T12:31:47.597+0000] {processor.py:183} INFO - Processing /home/airflow/.local/lib/python3.12/site-packages/airflow/example_dags/example_branch_operator_decorator.py took 0.067 seconds
[2024-04-19T12:32:18.036+0000] {processor.py:161} INFO - Started process (PID=1407) to work on /home/airflow/.local/lib/python3.12/site-packages/airflow/example_dags/example_branch_operator_decorator.py
[2024-04-19T12:32:18.037+0000] {processor.py:830} INFO - Processing file /home/airflow/.local/lib/python3.12/site-packages/airflow/example_dags/example_branch_operator_decorator.py for tasks to queue
[2024-04-19T12:32:18.038+0000] {logging_mixin.py:188} INFO - [2024-04-19T12:32:18.038+0000] {dagbag.py:540} INFO - Filling up the DagBag from /home/airflow/.local/lib/python3.12/site-packages/airflow/example_dags/example_branch_operator_decorator.py
[2024-04-19T12:32:18.051+0000] {processor.py:840} INFO - DAG(s) 'example_branch_python_operator_decorator' retrieved from /home/airflow/.local/lib/python3.12/site-packages/airflow/example_dags/example_branch_operator_decorator.py
[2024-04-19T12:32:18.070+0000] {logging_mixin.py:188} INFO - [2024-04-19T12:32:18.070+0000] {dag.py:3096} INFO - Sync 1 DAGs
[2024-04-19T12:32:18.084+0000] {logging_mixin.py:188} INFO - [2024-04-19T12:32:18.084+0000] {dag.py:3954} INFO - Setting next_dagrun for example_branch_python_operator_decorator to 2024-04-18 00:00:00+00:00, run_after=2024-04-19 00:00:00+00:00
[2024-04-19T12:32:18.097+0000] {processor.py:183} INFO - Processing /home/airflow/.local/lib/python3.12/site-packages/airflow/example_dags/example_branch_operator_decorator.py took 0.065 seconds
[2024-04-19T12:32:48.510+0000] {processor.py:161} INFO - Started process (PID=1465) to work on /home/airflow/.local/lib/python3.12/site-packages/airflow/example_dags/example_branch_operator_decorator.py
[2024-04-19T12:32:48.510+0000] {processor.py:830} INFO - Processing file /home/airflow/.local/lib/python3.12/site-packages/airflow/example_dags/example_branch_operator_decorator.py for tasks to queue
[2024-04-19T12:32:48.512+0000] {logging_mixin.py:188} INFO - [2024-04-19T12:32:48.512+0000] {dagbag.py:540} INFO - Filling up the DagBag from /home/airflow/.local/lib/python3.12/site-packages/airflow/example_dags/example_branch_operator_decorator.py
[2024-04-19T12:32:48.524+0000] {processor.py:840} INFO - DAG(s) 'example_branch_python_operator_decorator' retrieved from /home/airflow/.local/lib/python3.12/site-packages/airflow/example_dags/example_branch_operator_decorator.py
[2024-04-19T12:32:48.543+0000] {logging_mixin.py:188} INFO - [2024-04-19T12:32:48.543+0000] {dag.py:3096} INFO - Sync 1 DAGs
[2024-04-19T12:32:48.558+0000] {logging_mixin.py:188} INFO - [2024-04-19T12:32:48.558+0000] {dag.py:3954} INFO - Setting next_dagrun for example_branch_python_operator_decorator to 2024-04-18 00:00:00+00:00, run_after=2024-04-19 00:00:00+00:00
[2024-04-19T12:32:48.572+0000] {processor.py:183} INFO - Processing /home/airflow/.local/lib/python3.12/site-packages/airflow/example_dags/example_branch_operator_decorator.py took 0.066 seconds
[2024-04-19T12:33:18.845+0000] {processor.py:161} INFO - Started process (PID=1523) to work on /home/airflow/.local/lib/python3.12/site-packages/airflow/example_dags/example_branch_operator_decorator.py
[2024-04-19T12:33:18.845+0000] {processor.py:830} INFO - Processing file /home/airflow/.local/lib/python3.12/site-packages/airflow/example_dags/example_branch_operator_decorator.py for tasks to queue
[2024-04-19T12:33:18.847+0000] {logging_mixin.py:188} INFO - [2024-04-19T12:33:18.847+0000] {dagbag.py:540} INFO - Filling up the DagBag from /home/airflow/.local/lib/python3.12/site-packages/airflow/example_dags/example_branch_operator_decorator.py
[2024-04-19T12:33:18.860+0000] {processor.py:840} INFO - DAG(s) 'example_branch_python_operator_decorator' retrieved from /home/airflow/.local/lib/python3.12/site-packages/airflow/example_dags/example_branch_operator_decorator.py
[2024-04-19T12:33:18.880+0000] {logging_mixin.py:188} INFO - [2024-04-19T12:33:18.880+0000] {dag.py:3096} INFO - Sync 1 DAGs
[2024-04-19T12:33:18.897+0000] {logging_mixin.py:188} INFO - [2024-04-19T12:33:18.897+0000] {dag.py:3954} INFO - Setting next_dagrun for example_branch_python_operator_decorator to 2024-04-18 00:00:00+00:00, run_after=2024-04-19 00:00:00+00:00
[2024-04-19T12:33:18.909+0000] {processor.py:183} INFO - Processing /home/airflow/.local/lib/python3.12/site-packages/airflow/example_dags/example_branch_operator_decorator.py took 0.068 seconds
[2024-04-19T12:33:49.344+0000] {processor.py:161} INFO - Started process (PID=1581) to work on /home/airflow/.local/lib/python3.12/site-packages/airflow/example_dags/example_branch_operator_decorator.py
[2024-04-19T12:33:49.344+0000] {processor.py:830} INFO - Processing file /home/airflow/.local/lib/python3.12/site-packages/airflow/example_dags/example_branch_operator_decorator.py for tasks to queue
[2024-04-19T12:33:49.346+0000] {logging_mixin.py:188} INFO - [2024-04-19T12:33:49.345+0000] {dagbag.py:540} INFO - Filling up the DagBag from /home/airflow/.local/lib/python3.12/site-packages/airflow/example_dags/example_branch_operator_decorator.py
[2024-04-19T12:33:49.359+0000] {processor.py:840} INFO - DAG(s) 'example_branch_python_operator_decorator' retrieved from /home/airflow/.local/lib/python3.12/site-packages/airflow/example_dags/example_branch_operator_decorator.py
[2024-04-19T12:33:49.383+0000] {logging_mixin.py:188} INFO - [2024-04-19T12:33:49.383+0000] {dag.py:3096} INFO - Sync 1 DAGs
[2024-04-19T12:33:49.398+0000] {logging_mixin.py:188} INFO - [2024-04-19T12:33:49.398+0000] {dag.py:3954} INFO - Setting next_dagrun for example_branch_python_operator_decorator to 2024-04-18 00:00:00+00:00, run_after=2024-04-19 00:00:00+00:00
[2024-04-19T12:33:49.416+0000] {processor.py:183} INFO - Processing /home/airflow/.local/lib/python3.12/site-packages/airflow/example_dags/example_branch_operator_decorator.py took 0.077 seconds
