[2024-04-19T12:17:12.157+0000] {processor.py:161} INFO - Started process (PID=53) to work on /home/airflow/.local/lib/python3.12/site-packages/airflow/example_dags/example_nested_branch_dag.py
[2024-04-19T12:17:12.158+0000] {processor.py:830} INFO - Processing file /home/airflow/.local/lib/python3.12/site-packages/airflow/example_dags/example_nested_branch_dag.py for tasks to queue
[2024-04-19T12:17:12.160+0000] {logging_mixin.py:188} INFO - [2024-04-19T12:17:12.160+0000] {dagbag.py:540} INFO - Filling up the DagBag from /home/airflow/.local/lib/python3.12/site-packages/airflow/example_dags/example_nested_branch_dag.py
[2024-04-19T12:17:12.168+0000] {processor.py:840} INFO - DAG(s) 'example_nested_branch_dag' retrieved from /home/airflow/.local/lib/python3.12/site-packages/airflow/example_dags/example_nested_branch_dag.py
[2024-04-19T12:17:12.183+0000] {logging_mixin.py:188} INFO - [2024-04-19T12:17:12.183+0000] {dag.py:3096} INFO - Sync 1 DAGs
[2024-04-19T12:17:12.218+0000] {logging_mixin.py:188} INFO - [2024-04-19T12:17:12.218+0000] {dag.py:3954} INFO - Setting next_dagrun for example_nested_branch_dag to 2024-04-18 00:00:00+00:00, run_after=2024-04-19 00:00:00+00:00
[2024-04-19T12:17:12.239+0000] {processor.py:183} INFO - Processing /home/airflow/.local/lib/python3.12/site-packages/airflow/example_dags/example_nested_branch_dag.py took 0.088 seconds
[2024-04-19T12:17:42.607+0000] {processor.py:161} INFO - Started process (PID=111) to work on /home/airflow/.local/lib/python3.12/site-packages/airflow/example_dags/example_nested_branch_dag.py
[2024-04-19T12:17:42.608+0000] {processor.py:830} INFO - Processing file /home/airflow/.local/lib/python3.12/site-packages/airflow/example_dags/example_nested_branch_dag.py for tasks to queue
[2024-04-19T12:17:42.609+0000] {logging_mixin.py:188} INFO - [2024-04-19T12:17:42.609+0000] {dagbag.py:540} INFO - Filling up the DagBag from /home/airflow/.local/lib/python3.12/site-packages/airflow/example_dags/example_nested_branch_dag.py
[2024-04-19T12:17:42.616+0000] {processor.py:840} INFO - DAG(s) 'example_nested_branch_dag' retrieved from /home/airflow/.local/lib/python3.12/site-packages/airflow/example_dags/example_nested_branch_dag.py
[2024-04-19T12:17:42.680+0000] {logging_mixin.py:188} INFO - [2024-04-19T12:17:42.680+0000] {dag.py:3096} INFO - Sync 1 DAGs
[2024-04-19T12:17:42.693+0000] {logging_mixin.py:188} INFO - [2024-04-19T12:17:42.693+0000] {dag.py:3954} INFO - Setting next_dagrun for example_nested_branch_dag to 2024-04-18 00:00:00+00:00, run_after=2024-04-19 00:00:00+00:00
[2024-04-19T12:17:42.709+0000] {processor.py:183} INFO - Processing /home/airflow/.local/lib/python3.12/site-packages/airflow/example_dags/example_nested_branch_dag.py took 0.105 seconds
[2024-04-19T12:18:13.438+0000] {processor.py:161} INFO - Started process (PID=169) to work on /home/airflow/.local/lib/python3.12/site-packages/airflow/example_dags/example_nested_branch_dag.py
[2024-04-19T12:18:13.439+0000] {processor.py:830} INFO - Processing file /home/airflow/.local/lib/python3.12/site-packages/airflow/example_dags/example_nested_branch_dag.py for tasks to queue
[2024-04-19T12:18:13.440+0000] {logging_mixin.py:188} INFO - [2024-04-19T12:18:13.440+0000] {dagbag.py:540} INFO - Filling up the DagBag from /home/airflow/.local/lib/python3.12/site-packages/airflow/example_dags/example_nested_branch_dag.py
[2024-04-19T12:18:13.446+0000] {processor.py:840} INFO - DAG(s) 'example_nested_branch_dag' retrieved from /home/airflow/.local/lib/python3.12/site-packages/airflow/example_dags/example_nested_branch_dag.py
[2024-04-19T12:18:13.460+0000] {logging_mixin.py:188} INFO - [2024-04-19T12:18:13.460+0000] {dag.py:3096} INFO - Sync 1 DAGs
[2024-04-19T12:18:13.474+0000] {logging_mixin.py:188} INFO - [2024-04-19T12:18:13.474+0000] {dag.py:3954} INFO - Setting next_dagrun for example_nested_branch_dag to 2024-04-18 00:00:00+00:00, run_after=2024-04-19 00:00:00+00:00
[2024-04-19T12:18:13.488+0000] {processor.py:183} INFO - Processing /home/airflow/.local/lib/python3.12/site-packages/airflow/example_dags/example_nested_branch_dag.py took 0.053 seconds
[2024-04-19T12:20:33.999+0000] {processor.py:161} INFO - Started process (PID=53) to work on /home/airflow/.local/lib/python3.12/site-packages/airflow/example_dags/example_nested_branch_dag.py
[2024-04-19T12:20:34.001+0000] {processor.py:830} INFO - Processing file /home/airflow/.local/lib/python3.12/site-packages/airflow/example_dags/example_nested_branch_dag.py for tasks to queue
[2024-04-19T12:20:34.003+0000] {logging_mixin.py:188} INFO - [2024-04-19T12:20:34.002+0000] {dagbag.py:540} INFO - Filling up the DagBag from /home/airflow/.local/lib/python3.12/site-packages/airflow/example_dags/example_nested_branch_dag.py
[2024-04-19T12:20:34.015+0000] {processor.py:840} INFO - DAG(s) 'example_nested_branch_dag' retrieved from /home/airflow/.local/lib/python3.12/site-packages/airflow/example_dags/example_nested_branch_dag.py
[2024-04-19T12:20:34.029+0000] {logging_mixin.py:188} INFO - [2024-04-19T12:20:34.029+0000] {dag.py:3096} INFO - Sync 1 DAGs
[2024-04-19T12:20:34.061+0000] {logging_mixin.py:188} INFO - [2024-04-19T12:20:34.060+0000] {dag.py:3954} INFO - Setting next_dagrun for example_nested_branch_dag to 2024-04-18 00:00:00+00:00, run_after=2024-04-19 00:00:00+00:00
[2024-04-19T12:20:34.087+0000] {processor.py:183} INFO - Processing /home/airflow/.local/lib/python3.12/site-packages/airflow/example_dags/example_nested_branch_dag.py took 0.094 seconds
[2024-04-19T12:21:04.479+0000] {processor.py:161} INFO - Started process (PID=111) to work on /home/airflow/.local/lib/python3.12/site-packages/airflow/example_dags/example_nested_branch_dag.py
[2024-04-19T12:21:04.480+0000] {processor.py:830} INFO - Processing file /home/airflow/.local/lib/python3.12/site-packages/airflow/example_dags/example_nested_branch_dag.py for tasks to queue
[2024-04-19T12:21:04.481+0000] {logging_mixin.py:188} INFO - [2024-04-19T12:21:04.481+0000] {dagbag.py:540} INFO - Filling up the DagBag from /home/airflow/.local/lib/python3.12/site-packages/airflow/example_dags/example_nested_branch_dag.py
[2024-04-19T12:21:04.488+0000] {processor.py:840} INFO - DAG(s) 'example_nested_branch_dag' retrieved from /home/airflow/.local/lib/python3.12/site-packages/airflow/example_dags/example_nested_branch_dag.py
[2024-04-19T12:21:04.552+0000] {logging_mixin.py:188} INFO - [2024-04-19T12:21:04.552+0000] {dag.py:3096} INFO - Sync 1 DAGs
[2024-04-19T12:21:04.565+0000] {logging_mixin.py:188} INFO - [2024-04-19T12:21:04.564+0000] {dag.py:3954} INFO - Setting next_dagrun for example_nested_branch_dag to 2024-04-18 00:00:00+00:00, run_after=2024-04-19 00:00:00+00:00
[2024-04-19T12:21:04.581+0000] {processor.py:183} INFO - Processing /home/airflow/.local/lib/python3.12/site-packages/airflow/example_dags/example_nested_branch_dag.py took 0.106 seconds
[2024-04-19T12:21:35.477+0000] {processor.py:161} INFO - Started process (PID=169) to work on /home/airflow/.local/lib/python3.12/site-packages/airflow/example_dags/example_nested_branch_dag.py
[2024-04-19T12:21:35.477+0000] {processor.py:830} INFO - Processing file /home/airflow/.local/lib/python3.12/site-packages/airflow/example_dags/example_nested_branch_dag.py for tasks to queue
[2024-04-19T12:21:35.478+0000] {logging_mixin.py:188} INFO - [2024-04-19T12:21:35.478+0000] {dagbag.py:540} INFO - Filling up the DagBag from /home/airflow/.local/lib/python3.12/site-packages/airflow/example_dags/example_nested_branch_dag.py
[2024-04-19T12:21:35.484+0000] {processor.py:840} INFO - DAG(s) 'example_nested_branch_dag' retrieved from /home/airflow/.local/lib/python3.12/site-packages/airflow/example_dags/example_nested_branch_dag.py
[2024-04-19T12:21:35.497+0000] {logging_mixin.py:188} INFO - [2024-04-19T12:21:35.497+0000] {dag.py:3096} INFO - Sync 1 DAGs
[2024-04-19T12:21:35.511+0000] {logging_mixin.py:188} INFO - [2024-04-19T12:21:35.511+0000] {dag.py:3954} INFO - Setting next_dagrun for example_nested_branch_dag to 2024-04-18 00:00:00+00:00, run_after=2024-04-19 00:00:00+00:00
[2024-04-19T12:21:35.525+0000] {processor.py:183} INFO - Processing /home/airflow/.local/lib/python3.12/site-packages/airflow/example_dags/example_nested_branch_dag.py took 0.052 seconds
[2024-04-19T12:22:05.807+0000] {processor.py:161} INFO - Started process (PID=227) to work on /home/airflow/.local/lib/python3.12/site-packages/airflow/example_dags/example_nested_branch_dag.py
[2024-04-19T12:22:05.807+0000] {processor.py:830} INFO - Processing file /home/airflow/.local/lib/python3.12/site-packages/airflow/example_dags/example_nested_branch_dag.py for tasks to queue
[2024-04-19T12:22:05.808+0000] {logging_mixin.py:188} INFO - [2024-04-19T12:22:05.808+0000] {dagbag.py:540} INFO - Filling up the DagBag from /home/airflow/.local/lib/python3.12/site-packages/airflow/example_dags/example_nested_branch_dag.py
[2024-04-19T12:22:05.814+0000] {processor.py:840} INFO - DAG(s) 'example_nested_branch_dag' retrieved from /home/airflow/.local/lib/python3.12/site-packages/airflow/example_dags/example_nested_branch_dag.py
[2024-04-19T12:22:05.828+0000] {logging_mixin.py:188} INFO - [2024-04-19T12:22:05.828+0000] {dag.py:3096} INFO - Sync 1 DAGs
[2024-04-19T12:22:05.841+0000] {logging_mixin.py:188} INFO - [2024-04-19T12:22:05.841+0000] {dag.py:3954} INFO - Setting next_dagrun for example_nested_branch_dag to 2024-04-18 00:00:00+00:00, run_after=2024-04-19 00:00:00+00:00
[2024-04-19T12:22:05.853+0000] {processor.py:183} INFO - Processing /home/airflow/.local/lib/python3.12/site-packages/airflow/example_dags/example_nested_branch_dag.py took 0.050 seconds
[2024-04-19T12:22:36.210+0000] {processor.py:161} INFO - Started process (PID=285) to work on /home/airflow/.local/lib/python3.12/site-packages/airflow/example_dags/example_nested_branch_dag.py
[2024-04-19T12:22:36.211+0000] {processor.py:830} INFO - Processing file /home/airflow/.local/lib/python3.12/site-packages/airflow/example_dags/example_nested_branch_dag.py for tasks to queue
[2024-04-19T12:22:36.213+0000] {logging_mixin.py:188} INFO - [2024-04-19T12:22:36.213+0000] {dagbag.py:540} INFO - Filling up the DagBag from /home/airflow/.local/lib/python3.12/site-packages/airflow/example_dags/example_nested_branch_dag.py
[2024-04-19T12:22:36.219+0000] {processor.py:840} INFO - DAG(s) 'example_nested_branch_dag' retrieved from /home/airflow/.local/lib/python3.12/site-packages/airflow/example_dags/example_nested_branch_dag.py
[2024-04-19T12:22:36.232+0000] {logging_mixin.py:188} INFO - [2024-04-19T12:22:36.232+0000] {dag.py:3096} INFO - Sync 1 DAGs
[2024-04-19T12:22:36.247+0000] {logging_mixin.py:188} INFO - [2024-04-19T12:22:36.247+0000] {dag.py:3954} INFO - Setting next_dagrun for example_nested_branch_dag to 2024-04-18 00:00:00+00:00, run_after=2024-04-19 00:00:00+00:00
[2024-04-19T12:22:36.264+0000] {processor.py:183} INFO - Processing /home/airflow/.local/lib/python3.12/site-packages/airflow/example_dags/example_nested_branch_dag.py took 0.059 seconds
[2024-04-19T12:23:06.504+0000] {processor.py:161} INFO - Started process (PID=343) to work on /home/airflow/.local/lib/python3.12/site-packages/airflow/example_dags/example_nested_branch_dag.py
[2024-04-19T12:23:06.505+0000] {processor.py:830} INFO - Processing file /home/airflow/.local/lib/python3.12/site-packages/airflow/example_dags/example_nested_branch_dag.py for tasks to queue
[2024-04-19T12:23:06.506+0000] {logging_mixin.py:188} INFO - [2024-04-19T12:23:06.506+0000] {dagbag.py:540} INFO - Filling up the DagBag from /home/airflow/.local/lib/python3.12/site-packages/airflow/example_dags/example_nested_branch_dag.py
[2024-04-19T12:23:06.514+0000] {processor.py:840} INFO - DAG(s) 'example_nested_branch_dag' retrieved from /home/airflow/.local/lib/python3.12/site-packages/airflow/example_dags/example_nested_branch_dag.py
[2024-04-19T12:23:06.526+0000] {logging_mixin.py:188} INFO - [2024-04-19T12:23:06.526+0000] {dag.py:3096} INFO - Sync 1 DAGs
[2024-04-19T12:23:06.546+0000] {logging_mixin.py:188} INFO - [2024-04-19T12:23:06.546+0000] {dag.py:3954} INFO - Setting next_dagrun for example_nested_branch_dag to 2024-04-18 00:00:00+00:00, run_after=2024-04-19 00:00:00+00:00
[2024-04-19T12:23:06.566+0000] {processor.py:183} INFO - Processing /home/airflow/.local/lib/python3.12/site-packages/airflow/example_dags/example_nested_branch_dag.py took 0.067 seconds
[2024-04-19T12:23:36.874+0000] {processor.py:161} INFO - Started process (PID=402) to work on /home/airflow/.local/lib/python3.12/site-packages/airflow/example_dags/example_nested_branch_dag.py
[2024-04-19T12:23:36.875+0000] {processor.py:830} INFO - Processing file /home/airflow/.local/lib/python3.12/site-packages/airflow/example_dags/example_nested_branch_dag.py for tasks to queue
[2024-04-19T12:23:36.877+0000] {logging_mixin.py:188} INFO - [2024-04-19T12:23:36.877+0000] {dagbag.py:540} INFO - Filling up the DagBag from /home/airflow/.local/lib/python3.12/site-packages/airflow/example_dags/example_nested_branch_dag.py
[2024-04-19T12:23:36.883+0000] {processor.py:840} INFO - DAG(s) 'example_nested_branch_dag' retrieved from /home/airflow/.local/lib/python3.12/site-packages/airflow/example_dags/example_nested_branch_dag.py
[2024-04-19T12:23:36.946+0000] {logging_mixin.py:188} INFO - [2024-04-19T12:23:36.946+0000] {dag.py:3096} INFO - Sync 1 DAGs
[2024-04-19T12:23:36.961+0000] {logging_mixin.py:188} INFO - [2024-04-19T12:23:36.961+0000] {dag.py:3954} INFO - Setting next_dagrun for example_nested_branch_dag to 2024-04-18 00:00:00+00:00, run_after=2024-04-19 00:00:00+00:00
[2024-04-19T12:23:37.064+0000] {processor.py:183} INFO - Processing /home/airflow/.local/lib/python3.12/site-packages/airflow/example_dags/example_nested_branch_dag.py took 0.194 seconds
[2024-04-19T12:24:07.686+0000] {processor.py:161} INFO - Started process (PID=461) to work on /home/airflow/.local/lib/python3.12/site-packages/airflow/example_dags/example_nested_branch_dag.py
[2024-04-19T12:24:07.687+0000] {processor.py:830} INFO - Processing file /home/airflow/.local/lib/python3.12/site-packages/airflow/example_dags/example_nested_branch_dag.py for tasks to queue
[2024-04-19T12:24:07.689+0000] {logging_mixin.py:188} INFO - [2024-04-19T12:24:07.688+0000] {dagbag.py:540} INFO - Filling up the DagBag from /home/airflow/.local/lib/python3.12/site-packages/airflow/example_dags/example_nested_branch_dag.py
[2024-04-19T12:24:07.695+0000] {processor.py:840} INFO - DAG(s) 'example_nested_branch_dag' retrieved from /home/airflow/.local/lib/python3.12/site-packages/airflow/example_dags/example_nested_branch_dag.py
[2024-04-19T12:24:07.710+0000] {logging_mixin.py:188} INFO - [2024-04-19T12:24:07.710+0000] {dag.py:3096} INFO - Sync 1 DAGs
[2024-04-19T12:24:07.725+0000] {logging_mixin.py:188} INFO - [2024-04-19T12:24:07.725+0000] {dag.py:3954} INFO - Setting next_dagrun for example_nested_branch_dag to 2024-04-18 00:00:00+00:00, run_after=2024-04-19 00:00:00+00:00
[2024-04-19T12:24:07.741+0000] {processor.py:183} INFO - Processing /home/airflow/.local/lib/python3.12/site-packages/airflow/example_dags/example_nested_branch_dag.py took 0.058 seconds
[2024-04-19T12:24:38.113+0000] {processor.py:161} INFO - Started process (PID=519) to work on /home/airflow/.local/lib/python3.12/site-packages/airflow/example_dags/example_nested_branch_dag.py
[2024-04-19T12:24:38.113+0000] {processor.py:830} INFO - Processing file /home/airflow/.local/lib/python3.12/site-packages/airflow/example_dags/example_nested_branch_dag.py for tasks to queue
[2024-04-19T12:24:38.114+0000] {logging_mixin.py:188} INFO - [2024-04-19T12:24:38.114+0000] {dagbag.py:540} INFO - Filling up the DagBag from /home/airflow/.local/lib/python3.12/site-packages/airflow/example_dags/example_nested_branch_dag.py
[2024-04-19T12:24:38.124+0000] {processor.py:840} INFO - DAG(s) 'example_nested_branch_dag' retrieved from /home/airflow/.local/lib/python3.12/site-packages/airflow/example_dags/example_nested_branch_dag.py
[2024-04-19T12:24:38.138+0000] {logging_mixin.py:188} INFO - [2024-04-19T12:24:38.138+0000] {dag.py:3096} INFO - Sync 1 DAGs
[2024-04-19T12:24:38.154+0000] {logging_mixin.py:188} INFO - [2024-04-19T12:24:38.154+0000] {dag.py:3954} INFO - Setting next_dagrun for example_nested_branch_dag to 2024-04-18 00:00:00+00:00, run_after=2024-04-19 00:00:00+00:00
[2024-04-19T12:24:38.168+0000] {processor.py:183} INFO - Processing /home/airflow/.local/lib/python3.12/site-packages/airflow/example_dags/example_nested_branch_dag.py took 0.059 seconds
[2024-04-19T12:25:08.836+0000] {processor.py:161} INFO - Started process (PID=577) to work on /home/airflow/.local/lib/python3.12/site-packages/airflow/example_dags/example_nested_branch_dag.py
[2024-04-19T12:25:08.838+0000] {processor.py:830} INFO - Processing file /home/airflow/.local/lib/python3.12/site-packages/airflow/example_dags/example_nested_branch_dag.py for tasks to queue
[2024-04-19T12:25:08.841+0000] {logging_mixin.py:188} INFO - [2024-04-19T12:25:08.840+0000] {dagbag.py:540} INFO - Filling up the DagBag from /home/airflow/.local/lib/python3.12/site-packages/airflow/example_dags/example_nested_branch_dag.py
[2024-04-19T12:25:08.855+0000] {processor.py:840} INFO - DAG(s) 'example_nested_branch_dag' retrieved from /home/airflow/.local/lib/python3.12/site-packages/airflow/example_dags/example_nested_branch_dag.py
[2024-04-19T12:25:08.880+0000] {logging_mixin.py:188} INFO - [2024-04-19T12:25:08.880+0000] {dag.py:3096} INFO - Sync 1 DAGs
[2024-04-19T12:25:08.900+0000] {logging_mixin.py:188} INFO - [2024-04-19T12:25:08.900+0000] {dag.py:3954} INFO - Setting next_dagrun for example_nested_branch_dag to 2024-04-18 00:00:00+00:00, run_after=2024-04-19 00:00:00+00:00
[2024-04-19T12:25:08.918+0000] {processor.py:183} INFO - Processing /home/airflow/.local/lib/python3.12/site-packages/airflow/example_dags/example_nested_branch_dag.py took 0.091 seconds
[2024-04-19T12:25:39.129+0000] {processor.py:161} INFO - Started process (PID=635) to work on /home/airflow/.local/lib/python3.12/site-packages/airflow/example_dags/example_nested_branch_dag.py
[2024-04-19T12:25:39.130+0000] {processor.py:830} INFO - Processing file /home/airflow/.local/lib/python3.12/site-packages/airflow/example_dags/example_nested_branch_dag.py for tasks to queue
[2024-04-19T12:25:39.132+0000] {logging_mixin.py:188} INFO - [2024-04-19T12:25:39.131+0000] {dagbag.py:540} INFO - Filling up the DagBag from /home/airflow/.local/lib/python3.12/site-packages/airflow/example_dags/example_nested_branch_dag.py
[2024-04-19T12:25:39.142+0000] {processor.py:840} INFO - DAG(s) 'example_nested_branch_dag' retrieved from /home/airflow/.local/lib/python3.12/site-packages/airflow/example_dags/example_nested_branch_dag.py
[2024-04-19T12:25:39.161+0000] {logging_mixin.py:188} INFO - [2024-04-19T12:25:39.161+0000] {dag.py:3096} INFO - Sync 1 DAGs
[2024-04-19T12:25:39.182+0000] {logging_mixin.py:188} INFO - [2024-04-19T12:25:39.182+0000] {dag.py:3954} INFO - Setting next_dagrun for example_nested_branch_dag to 2024-04-18 00:00:00+00:00, run_after=2024-04-19 00:00:00+00:00
[2024-04-19T12:25:39.225+0000] {processor.py:183} INFO - Processing /home/airflow/.local/lib/python3.12/site-packages/airflow/example_dags/example_nested_branch_dag.py took 0.100 seconds
[2024-04-19T12:26:09.281+0000] {processor.py:161} INFO - Started process (PID=693) to work on /home/airflow/.local/lib/python3.12/site-packages/airflow/example_dags/example_nested_branch_dag.py
[2024-04-19T12:26:09.281+0000] {processor.py:830} INFO - Processing file /home/airflow/.local/lib/python3.12/site-packages/airflow/example_dags/example_nested_branch_dag.py for tasks to queue
[2024-04-19T12:26:09.284+0000] {logging_mixin.py:188} INFO - [2024-04-19T12:26:09.284+0000] {dagbag.py:540} INFO - Filling up the DagBag from /home/airflow/.local/lib/python3.12/site-packages/airflow/example_dags/example_nested_branch_dag.py
[2024-04-19T12:26:09.292+0000] {processor.py:840} INFO - DAG(s) 'example_nested_branch_dag' retrieved from /home/airflow/.local/lib/python3.12/site-packages/airflow/example_dags/example_nested_branch_dag.py
[2024-04-19T12:26:09.314+0000] {logging_mixin.py:188} INFO - [2024-04-19T12:26:09.314+0000] {dag.py:3096} INFO - Sync 1 DAGs
[2024-04-19T12:26:09.331+0000] {logging_mixin.py:188} INFO - [2024-04-19T12:26:09.331+0000] {dag.py:3954} INFO - Setting next_dagrun for example_nested_branch_dag to 2024-04-18 00:00:00+00:00, run_after=2024-04-19 00:00:00+00:00
[2024-04-19T12:26:09.350+0000] {processor.py:183} INFO - Processing /home/airflow/.local/lib/python3.12/site-packages/airflow/example_dags/example_nested_branch_dag.py took 0.075 seconds
[2024-04-19T12:26:39.526+0000] {processor.py:161} INFO - Started process (PID=751) to work on /home/airflow/.local/lib/python3.12/site-packages/airflow/example_dags/example_nested_branch_dag.py
[2024-04-19T12:26:39.527+0000] {processor.py:830} INFO - Processing file /home/airflow/.local/lib/python3.12/site-packages/airflow/example_dags/example_nested_branch_dag.py for tasks to queue
[2024-04-19T12:26:39.528+0000] {logging_mixin.py:188} INFO - [2024-04-19T12:26:39.528+0000] {dagbag.py:540} INFO - Filling up the DagBag from /home/airflow/.local/lib/python3.12/site-packages/airflow/example_dags/example_nested_branch_dag.py
[2024-04-19T12:26:39.535+0000] {processor.py:840} INFO - DAG(s) 'example_nested_branch_dag' retrieved from /home/airflow/.local/lib/python3.12/site-packages/airflow/example_dags/example_nested_branch_dag.py
[2024-04-19T12:26:39.552+0000] {logging_mixin.py:188} INFO - [2024-04-19T12:26:39.552+0000] {dag.py:3096} INFO - Sync 1 DAGs
[2024-04-19T12:26:39.568+0000] {logging_mixin.py:188} INFO - [2024-04-19T12:26:39.568+0000] {dag.py:3954} INFO - Setting next_dagrun for example_nested_branch_dag to 2024-04-18 00:00:00+00:00, run_after=2024-04-19 00:00:00+00:00
[2024-04-19T12:26:39.588+0000] {processor.py:183} INFO - Processing /home/airflow/.local/lib/python3.12/site-packages/airflow/example_dags/example_nested_branch_dag.py took 0.066 seconds
[2024-04-19T12:27:09.631+0000] {processor.py:161} INFO - Started process (PID=809) to work on /home/airflow/.local/lib/python3.12/site-packages/airflow/example_dags/example_nested_branch_dag.py
[2024-04-19T12:27:09.632+0000] {processor.py:830} INFO - Processing file /home/airflow/.local/lib/python3.12/site-packages/airflow/example_dags/example_nested_branch_dag.py for tasks to queue
[2024-04-19T12:27:09.634+0000] {logging_mixin.py:188} INFO - [2024-04-19T12:27:09.634+0000] {dagbag.py:540} INFO - Filling up the DagBag from /home/airflow/.local/lib/python3.12/site-packages/airflow/example_dags/example_nested_branch_dag.py
[2024-04-19T12:27:09.640+0000] {processor.py:840} INFO - DAG(s) 'example_nested_branch_dag' retrieved from /home/airflow/.local/lib/python3.12/site-packages/airflow/example_dags/example_nested_branch_dag.py
[2024-04-19T12:27:09.657+0000] {logging_mixin.py:188} INFO - [2024-04-19T12:27:09.657+0000] {dag.py:3096} INFO - Sync 1 DAGs
[2024-04-19T12:27:09.673+0000] {logging_mixin.py:188} INFO - [2024-04-19T12:27:09.672+0000] {dag.py:3954} INFO - Setting next_dagrun for example_nested_branch_dag to 2024-04-18 00:00:00+00:00, run_after=2024-04-19 00:00:00+00:00
[2024-04-19T12:27:09.689+0000] {processor.py:183} INFO - Processing /home/airflow/.local/lib/python3.12/site-packages/airflow/example_dags/example_nested_branch_dag.py took 0.062 seconds
[2024-04-19T12:27:40.399+0000] {processor.py:161} INFO - Started process (PID=867) to work on /home/airflow/.local/lib/python3.12/site-packages/airflow/example_dags/example_nested_branch_dag.py
[2024-04-19T12:27:40.400+0000] {processor.py:830} INFO - Processing file /home/airflow/.local/lib/python3.12/site-packages/airflow/example_dags/example_nested_branch_dag.py for tasks to queue
[2024-04-19T12:27:40.402+0000] {logging_mixin.py:188} INFO - [2024-04-19T12:27:40.402+0000] {dagbag.py:540} INFO - Filling up the DagBag from /home/airflow/.local/lib/python3.12/site-packages/airflow/example_dags/example_nested_branch_dag.py
[2024-04-19T12:27:40.409+0000] {processor.py:840} INFO - DAG(s) 'example_nested_branch_dag' retrieved from /home/airflow/.local/lib/python3.12/site-packages/airflow/example_dags/example_nested_branch_dag.py
[2024-04-19T12:27:40.427+0000] {logging_mixin.py:188} INFO - [2024-04-19T12:27:40.427+0000] {dag.py:3096} INFO - Sync 1 DAGs
[2024-04-19T12:27:40.446+0000] {logging_mixin.py:188} INFO - [2024-04-19T12:27:40.446+0000] {dag.py:3954} INFO - Setting next_dagrun for example_nested_branch_dag to 2024-04-18 00:00:00+00:00, run_after=2024-04-19 00:00:00+00:00
[2024-04-19T12:27:40.464+0000] {processor.py:183} INFO - Processing /home/airflow/.local/lib/python3.12/site-packages/airflow/example_dags/example_nested_branch_dag.py took 0.070 seconds
[2024-04-19T12:28:10.562+0000] {processor.py:161} INFO - Started process (PID=925) to work on /home/airflow/.local/lib/python3.12/site-packages/airflow/example_dags/example_nested_branch_dag.py
[2024-04-19T12:28:10.563+0000] {processor.py:830} INFO - Processing file /home/airflow/.local/lib/python3.12/site-packages/airflow/example_dags/example_nested_branch_dag.py for tasks to queue
[2024-04-19T12:28:10.564+0000] {logging_mixin.py:188} INFO - [2024-04-19T12:28:10.564+0000] {dagbag.py:540} INFO - Filling up the DagBag from /home/airflow/.local/lib/python3.12/site-packages/airflow/example_dags/example_nested_branch_dag.py
[2024-04-19T12:28:10.570+0000] {processor.py:840} INFO - DAG(s) 'example_nested_branch_dag' retrieved from /home/airflow/.local/lib/python3.12/site-packages/airflow/example_dags/example_nested_branch_dag.py
[2024-04-19T12:28:10.585+0000] {logging_mixin.py:188} INFO - [2024-04-19T12:28:10.585+0000] {dag.py:3096} INFO - Sync 1 DAGs
[2024-04-19T12:28:10.600+0000] {logging_mixin.py:188} INFO - [2024-04-19T12:28:10.599+0000] {dag.py:3954} INFO - Setting next_dagrun for example_nested_branch_dag to 2024-04-18 00:00:00+00:00, run_after=2024-04-19 00:00:00+00:00
[2024-04-19T12:28:10.612+0000] {processor.py:183} INFO - Processing /home/airflow/.local/lib/python3.12/site-packages/airflow/example_dags/example_nested_branch_dag.py took 0.054 seconds
[2024-04-19T12:28:40.685+0000] {processor.py:161} INFO - Started process (PID=983) to work on /home/airflow/.local/lib/python3.12/site-packages/airflow/example_dags/example_nested_branch_dag.py
[2024-04-19T12:28:40.686+0000] {processor.py:830} INFO - Processing file /home/airflow/.local/lib/python3.12/site-packages/airflow/example_dags/example_nested_branch_dag.py for tasks to queue
[2024-04-19T12:28:40.688+0000] {logging_mixin.py:188} INFO - [2024-04-19T12:28:40.687+0000] {dagbag.py:540} INFO - Filling up the DagBag from /home/airflow/.local/lib/python3.12/site-packages/airflow/example_dags/example_nested_branch_dag.py
[2024-04-19T12:28:40.694+0000] {processor.py:840} INFO - DAG(s) 'example_nested_branch_dag' retrieved from /home/airflow/.local/lib/python3.12/site-packages/airflow/example_dags/example_nested_branch_dag.py
[2024-04-19T12:28:40.711+0000] {logging_mixin.py:188} INFO - [2024-04-19T12:28:40.710+0000] {dag.py:3096} INFO - Sync 1 DAGs
[2024-04-19T12:28:40.728+0000] {logging_mixin.py:188} INFO - [2024-04-19T12:28:40.728+0000] {dag.py:3954} INFO - Setting next_dagrun for example_nested_branch_dag to 2024-04-18 00:00:00+00:00, run_after=2024-04-19 00:00:00+00:00
[2024-04-19T12:28:40.746+0000] {processor.py:183} INFO - Processing /home/airflow/.local/lib/python3.12/site-packages/airflow/example_dags/example_nested_branch_dag.py took 0.067 seconds
[2024-04-19T12:29:11.208+0000] {processor.py:161} INFO - Started process (PID=1041) to work on /home/airflow/.local/lib/python3.12/site-packages/airflow/example_dags/example_nested_branch_dag.py
[2024-04-19T12:29:11.209+0000] {processor.py:830} INFO - Processing file /home/airflow/.local/lib/python3.12/site-packages/airflow/example_dags/example_nested_branch_dag.py for tasks to queue
[2024-04-19T12:29:11.210+0000] {logging_mixin.py:188} INFO - [2024-04-19T12:29:11.210+0000] {dagbag.py:540} INFO - Filling up the DagBag from /home/airflow/.local/lib/python3.12/site-packages/airflow/example_dags/example_nested_branch_dag.py
[2024-04-19T12:29:11.216+0000] {processor.py:840} INFO - DAG(s) 'example_nested_branch_dag' retrieved from /home/airflow/.local/lib/python3.12/site-packages/airflow/example_dags/example_nested_branch_dag.py
[2024-04-19T12:29:11.231+0000] {logging_mixin.py:188} INFO - [2024-04-19T12:29:11.231+0000] {dag.py:3096} INFO - Sync 1 DAGs
[2024-04-19T12:29:11.338+0000] {logging_mixin.py:188} INFO - [2024-04-19T12:29:11.338+0000] {dag.py:3954} INFO - Setting next_dagrun for example_nested_branch_dag to 2024-04-18 00:00:00+00:00, run_after=2024-04-19 00:00:00+00:00
[2024-04-19T12:29:11.351+0000] {processor.py:183} INFO - Processing /home/airflow/.local/lib/python3.12/site-packages/airflow/example_dags/example_nested_branch_dag.py took 0.146 seconds
[2024-04-19T12:29:41.538+0000] {processor.py:161} INFO - Started process (PID=1099) to work on /home/airflow/.local/lib/python3.12/site-packages/airflow/example_dags/example_nested_branch_dag.py
[2024-04-19T12:29:41.538+0000] {processor.py:830} INFO - Processing file /home/airflow/.local/lib/python3.12/site-packages/airflow/example_dags/example_nested_branch_dag.py for tasks to queue
[2024-04-19T12:29:41.540+0000] {logging_mixin.py:188} INFO - [2024-04-19T12:29:41.540+0000] {dagbag.py:540} INFO - Filling up the DagBag from /home/airflow/.local/lib/python3.12/site-packages/airflow/example_dags/example_nested_branch_dag.py
[2024-04-19T12:29:41.547+0000] {processor.py:840} INFO - DAG(s) 'example_nested_branch_dag' retrieved from /home/airflow/.local/lib/python3.12/site-packages/airflow/example_dags/example_nested_branch_dag.py
[2024-04-19T12:29:41.557+0000] {logging_mixin.py:188} INFO - [2024-04-19T12:29:41.557+0000] {dag.py:3096} INFO - Sync 1 DAGs
[2024-04-19T12:29:41.574+0000] {logging_mixin.py:188} INFO - [2024-04-19T12:29:41.574+0000] {dag.py:3954} INFO - Setting next_dagrun for example_nested_branch_dag to 2024-04-18 00:00:00+00:00, run_after=2024-04-19 00:00:00+00:00
[2024-04-19T12:29:41.592+0000] {processor.py:183} INFO - Processing /home/airflow/.local/lib/python3.12/site-packages/airflow/example_dags/example_nested_branch_dag.py took 0.059 seconds
[2024-04-19T12:30:13.039+0000] {processor.py:161} INFO - Started process (PID=1157) to work on /home/airflow/.local/lib/python3.12/site-packages/airflow/example_dags/example_nested_branch_dag.py
[2024-04-19T12:30:13.040+0000] {processor.py:830} INFO - Processing file /home/airflow/.local/lib/python3.12/site-packages/airflow/example_dags/example_nested_branch_dag.py for tasks to queue
[2024-04-19T12:30:13.041+0000] {logging_mixin.py:188} INFO - [2024-04-19T12:30:13.041+0000] {dagbag.py:540} INFO - Filling up the DagBag from /home/airflow/.local/lib/python3.12/site-packages/airflow/example_dags/example_nested_branch_dag.py
[2024-04-19T12:30:13.047+0000] {processor.py:840} INFO - DAG(s) 'example_nested_branch_dag' retrieved from /home/airflow/.local/lib/python3.12/site-packages/airflow/example_dags/example_nested_branch_dag.py
[2024-04-19T12:30:13.188+0000] {logging_mixin.py:188} INFO - [2024-04-19T12:30:13.188+0000] {dag.py:3096} INFO - Sync 1 DAGs
[2024-04-19T12:30:13.201+0000] {logging_mixin.py:188} INFO - [2024-04-19T12:30:13.201+0000] {dag.py:3954} INFO - Setting next_dagrun for example_nested_branch_dag to 2024-04-18 00:00:00+00:00, run_after=2024-04-19 00:00:00+00:00
[2024-04-19T12:30:13.216+0000] {processor.py:183} INFO - Processing /home/airflow/.local/lib/python3.12/site-packages/airflow/example_dags/example_nested_branch_dag.py took 0.181 seconds
[2024-04-19T12:30:43.681+0000] {processor.py:161} INFO - Started process (PID=1215) to work on /home/airflow/.local/lib/python3.12/site-packages/airflow/example_dags/example_nested_branch_dag.py
[2024-04-19T12:30:43.681+0000] {processor.py:830} INFO - Processing file /home/airflow/.local/lib/python3.12/site-packages/airflow/example_dags/example_nested_branch_dag.py for tasks to queue
[2024-04-19T12:30:43.682+0000] {logging_mixin.py:188} INFO - [2024-04-19T12:30:43.682+0000] {dagbag.py:540} INFO - Filling up the DagBag from /home/airflow/.local/lib/python3.12/site-packages/airflow/example_dags/example_nested_branch_dag.py
[2024-04-19T12:30:43.784+0000] {processor.py:840} INFO - DAG(s) 'example_nested_branch_dag' retrieved from /home/airflow/.local/lib/python3.12/site-packages/airflow/example_dags/example_nested_branch_dag.py
[2024-04-19T12:30:43.798+0000] {logging_mixin.py:188} INFO - [2024-04-19T12:30:43.797+0000] {dag.py:3096} INFO - Sync 1 DAGs
[2024-04-19T12:30:43.809+0000] {logging_mixin.py:188} INFO - [2024-04-19T12:30:43.809+0000] {dag.py:3954} INFO - Setting next_dagrun for example_nested_branch_dag to 2024-04-18 00:00:00+00:00, run_after=2024-04-19 00:00:00+00:00
[2024-04-19T12:30:43.822+0000] {processor.py:183} INFO - Processing /home/airflow/.local/lib/python3.12/site-packages/airflow/example_dags/example_nested_branch_dag.py took 0.146 seconds
[2024-04-19T12:31:14.390+0000] {processor.py:161} INFO - Started process (PID=1273) to work on /home/airflow/.local/lib/python3.12/site-packages/airflow/example_dags/example_nested_branch_dag.py
[2024-04-19T12:31:14.391+0000] {processor.py:830} INFO - Processing file /home/airflow/.local/lib/python3.12/site-packages/airflow/example_dags/example_nested_branch_dag.py for tasks to queue
[2024-04-19T12:31:14.393+0000] {logging_mixin.py:188} INFO - [2024-04-19T12:31:14.392+0000] {dagbag.py:540} INFO - Filling up the DagBag from /home/airflow/.local/lib/python3.12/site-packages/airflow/example_dags/example_nested_branch_dag.py
[2024-04-19T12:31:14.398+0000] {processor.py:840} INFO - DAG(s) 'example_nested_branch_dag' retrieved from /home/airflow/.local/lib/python3.12/site-packages/airflow/example_dags/example_nested_branch_dag.py
[2024-04-19T12:31:14.413+0000] {logging_mixin.py:188} INFO - [2024-04-19T12:31:14.413+0000] {dag.py:3096} INFO - Sync 1 DAGs
[2024-04-19T12:31:14.427+0000] {logging_mixin.py:188} INFO - [2024-04-19T12:31:14.427+0000] {dag.py:3954} INFO - Setting next_dagrun for example_nested_branch_dag to 2024-04-18 00:00:00+00:00, run_after=2024-04-19 00:00:00+00:00
[2024-04-19T12:31:14.443+0000] {processor.py:183} INFO - Processing /home/airflow/.local/lib/python3.12/site-packages/airflow/example_dags/example_nested_branch_dag.py took 0.056 seconds
[2024-04-19T12:31:44.693+0000] {processor.py:161} INFO - Started process (PID=1330) to work on /home/airflow/.local/lib/python3.12/site-packages/airflow/example_dags/example_nested_branch_dag.py
[2024-04-19T12:31:44.694+0000] {processor.py:830} INFO - Processing file /home/airflow/.local/lib/python3.12/site-packages/airflow/example_dags/example_nested_branch_dag.py for tasks to queue
[2024-04-19T12:31:44.695+0000] {logging_mixin.py:188} INFO - [2024-04-19T12:31:44.695+0000] {dagbag.py:540} INFO - Filling up the DagBag from /home/airflow/.local/lib/python3.12/site-packages/airflow/example_dags/example_nested_branch_dag.py
[2024-04-19T12:31:44.703+0000] {processor.py:840} INFO - DAG(s) 'example_nested_branch_dag' retrieved from /home/airflow/.local/lib/python3.12/site-packages/airflow/example_dags/example_nested_branch_dag.py
[2024-04-19T12:31:44.717+0000] {logging_mixin.py:188} INFO - [2024-04-19T12:31:44.717+0000] {dag.py:3096} INFO - Sync 1 DAGs
[2024-04-19T12:31:44.732+0000] {logging_mixin.py:188} INFO - [2024-04-19T12:31:44.732+0000] {dag.py:3954} INFO - Setting next_dagrun for example_nested_branch_dag to 2024-04-18 00:00:00+00:00, run_after=2024-04-19 00:00:00+00:00
[2024-04-19T12:31:44.745+0000] {processor.py:183} INFO - Processing /home/airflow/.local/lib/python3.12/site-packages/airflow/example_dags/example_nested_branch_dag.py took 0.056 seconds
[2024-04-19T12:32:15.081+0000] {processor.py:161} INFO - Started process (PID=1388) to work on /home/airflow/.local/lib/python3.12/site-packages/airflow/example_dags/example_nested_branch_dag.py
[2024-04-19T12:32:15.081+0000] {processor.py:830} INFO - Processing file /home/airflow/.local/lib/python3.12/site-packages/airflow/example_dags/example_nested_branch_dag.py for tasks to queue
[2024-04-19T12:32:15.083+0000] {logging_mixin.py:188} INFO - [2024-04-19T12:32:15.082+0000] {dagbag.py:540} INFO - Filling up the DagBag from /home/airflow/.local/lib/python3.12/site-packages/airflow/example_dags/example_nested_branch_dag.py
[2024-04-19T12:32:15.089+0000] {processor.py:840} INFO - DAG(s) 'example_nested_branch_dag' retrieved from /home/airflow/.local/lib/python3.12/site-packages/airflow/example_dags/example_nested_branch_dag.py
[2024-04-19T12:32:15.103+0000] {logging_mixin.py:188} INFO - [2024-04-19T12:32:15.103+0000] {dag.py:3096} INFO - Sync 1 DAGs
[2024-04-19T12:32:15.118+0000] {logging_mixin.py:188} INFO - [2024-04-19T12:32:15.117+0000] {dag.py:3954} INFO - Setting next_dagrun for example_nested_branch_dag to 2024-04-18 00:00:00+00:00, run_after=2024-04-19 00:00:00+00:00
[2024-04-19T12:32:15.131+0000] {processor.py:183} INFO - Processing /home/airflow/.local/lib/python3.12/site-packages/airflow/example_dags/example_nested_branch_dag.py took 0.054 seconds
[2024-04-19T12:32:45.605+0000] {processor.py:161} INFO - Started process (PID=1446) to work on /home/airflow/.local/lib/python3.12/site-packages/airflow/example_dags/example_nested_branch_dag.py
[2024-04-19T12:32:45.606+0000] {processor.py:830} INFO - Processing file /home/airflow/.local/lib/python3.12/site-packages/airflow/example_dags/example_nested_branch_dag.py for tasks to queue
[2024-04-19T12:32:45.608+0000] {logging_mixin.py:188} INFO - [2024-04-19T12:32:45.607+0000] {dagbag.py:540} INFO - Filling up the DagBag from /home/airflow/.local/lib/python3.12/site-packages/airflow/example_dags/example_nested_branch_dag.py
[2024-04-19T12:32:45.614+0000] {processor.py:840} INFO - DAG(s) 'example_nested_branch_dag' retrieved from /home/airflow/.local/lib/python3.12/site-packages/airflow/example_dags/example_nested_branch_dag.py
[2024-04-19T12:32:45.628+0000] {logging_mixin.py:188} INFO - [2024-04-19T12:32:45.628+0000] {dag.py:3096} INFO - Sync 1 DAGs
[2024-04-19T12:32:45.644+0000] {logging_mixin.py:188} INFO - [2024-04-19T12:32:45.644+0000] {dag.py:3954} INFO - Setting next_dagrun for example_nested_branch_dag to 2024-04-18 00:00:00+00:00, run_after=2024-04-19 00:00:00+00:00
[2024-04-19T12:32:45.656+0000] {processor.py:183} INFO - Processing /home/airflow/.local/lib/python3.12/site-packages/airflow/example_dags/example_nested_branch_dag.py took 0.054 seconds
[2024-04-19T12:33:15.936+0000] {processor.py:161} INFO - Started process (PID=1504) to work on /home/airflow/.local/lib/python3.12/site-packages/airflow/example_dags/example_nested_branch_dag.py
[2024-04-19T12:33:15.937+0000] {processor.py:830} INFO - Processing file /home/airflow/.local/lib/python3.12/site-packages/airflow/example_dags/example_nested_branch_dag.py for tasks to queue
[2024-04-19T12:33:15.938+0000] {logging_mixin.py:188} INFO - [2024-04-19T12:33:15.938+0000] {dagbag.py:540} INFO - Filling up the DagBag from /home/airflow/.local/lib/python3.12/site-packages/airflow/example_dags/example_nested_branch_dag.py
[2024-04-19T12:33:15.944+0000] {processor.py:840} INFO - DAG(s) 'example_nested_branch_dag' retrieved from /home/airflow/.local/lib/python3.12/site-packages/airflow/example_dags/example_nested_branch_dag.py
[2024-04-19T12:33:15.964+0000] {logging_mixin.py:188} INFO - [2024-04-19T12:33:15.964+0000] {dag.py:3096} INFO - Sync 1 DAGs
[2024-04-19T12:33:15.985+0000] {logging_mixin.py:188} INFO - [2024-04-19T12:33:15.984+0000] {dag.py:3954} INFO - Setting next_dagrun for example_nested_branch_dag to 2024-04-18 00:00:00+00:00, run_after=2024-04-19 00:00:00+00:00
[2024-04-19T12:33:16.004+0000] {processor.py:183} INFO - Processing /home/airflow/.local/lib/python3.12/site-packages/airflow/example_dags/example_nested_branch_dag.py took 0.076 seconds
[2024-04-19T12:33:46.422+0000] {processor.py:161} INFO - Started process (PID=1562) to work on /home/airflow/.local/lib/python3.12/site-packages/airflow/example_dags/example_nested_branch_dag.py
[2024-04-19T12:33:46.423+0000] {processor.py:830} INFO - Processing file /home/airflow/.local/lib/python3.12/site-packages/airflow/example_dags/example_nested_branch_dag.py for tasks to queue
[2024-04-19T12:33:46.425+0000] {logging_mixin.py:188} INFO - [2024-04-19T12:33:46.424+0000] {dagbag.py:540} INFO - Filling up the DagBag from /home/airflow/.local/lib/python3.12/site-packages/airflow/example_dags/example_nested_branch_dag.py
[2024-04-19T12:33:46.431+0000] {processor.py:840} INFO - DAG(s) 'example_nested_branch_dag' retrieved from /home/airflow/.local/lib/python3.12/site-packages/airflow/example_dags/example_nested_branch_dag.py
[2024-04-19T12:33:46.448+0000] {logging_mixin.py:188} INFO - [2024-04-19T12:33:46.448+0000] {dag.py:3096} INFO - Sync 1 DAGs
[2024-04-19T12:33:46.469+0000] {logging_mixin.py:188} INFO - [2024-04-19T12:33:46.469+0000] {dag.py:3954} INFO - Setting next_dagrun for example_nested_branch_dag to 2024-04-18 00:00:00+00:00, run_after=2024-04-19 00:00:00+00:00
[2024-04-19T12:33:46.484+0000] {processor.py:183} INFO - Processing /home/airflow/.local/lib/python3.12/site-packages/airflow/example_dags/example_nested_branch_dag.py took 0.066 seconds
