[2024-04-19T12:17:12.750+0000] {processor.py:161} INFO - Started process (PID=59) to work on /home/airflow/.local/lib/python3.12/site-packages/airflow/example_dags/example_sla_dag.py
[2024-04-19T12:17:12.751+0000] {processor.py:830} INFO - Processing file /home/airflow/.local/lib/python3.12/site-packages/airflow/example_dags/example_sla_dag.py for tasks to queue
[2024-04-19T12:17:12.753+0000] {logging_mixin.py:188} INFO - [2024-04-19T12:17:12.752+0000] {dagbag.py:540} INFO - Filling up the DagBag from /home/airflow/.local/lib/python3.12/site-packages/airflow/example_dags/example_sla_dag.py
[2024-04-19T12:17:12.762+0000] {processor.py:840} INFO - DAG(s) 'example_sla_dag' retrieved from /home/airflow/.local/lib/python3.12/site-packages/airflow/example_dags/example_sla_dag.py
[2024-04-19T12:17:12.774+0000] {logging_mixin.py:188} INFO - [2024-04-19T12:17:12.774+0000] {dag.py:3096} INFO - Sync 1 DAGs
[2024-04-19T12:17:12.797+0000] {logging_mixin.py:188} INFO - [2024-04-19T12:17:12.797+0000] {dag.py:3954} INFO - Setting next_dagrun for example_sla_dag to 2024-04-19 12:14:00+00:00, run_after=2024-04-19 12:16:00+00:00
[2024-04-19T12:17:12.818+0000] {processor.py:183} INFO - Processing /home/airflow/.local/lib/python3.12/site-packages/airflow/example_dags/example_sla_dag.py took 0.074 seconds
[2024-04-19T12:17:42.968+0000] {processor.py:161} INFO - Started process (PID=117) to work on /home/airflow/.local/lib/python3.12/site-packages/airflow/example_dags/example_sla_dag.py
[2024-04-19T12:17:42.969+0000] {processor.py:830} INFO - Processing file /home/airflow/.local/lib/python3.12/site-packages/airflow/example_dags/example_sla_dag.py for tasks to queue
[2024-04-19T12:17:42.970+0000] {logging_mixin.py:188} INFO - [2024-04-19T12:17:42.970+0000] {dagbag.py:540} INFO - Filling up the DagBag from /home/airflow/.local/lib/python3.12/site-packages/airflow/example_dags/example_sla_dag.py
[2024-04-19T12:17:42.975+0000] {processor.py:840} INFO - DAG(s) 'example_sla_dag' retrieved from /home/airflow/.local/lib/python3.12/site-packages/airflow/example_dags/example_sla_dag.py
[2024-04-19T12:17:43.037+0000] {logging_mixin.py:188} INFO - [2024-04-19T12:17:43.037+0000] {dag.py:3096} INFO - Sync 1 DAGs
[2024-04-19T12:17:43.051+0000] {logging_mixin.py:188} INFO - [2024-04-19T12:17:43.051+0000] {dag.py:3954} INFO - Setting next_dagrun for example_sla_dag to 2024-04-19 12:14:00+00:00, run_after=2024-04-19 12:16:00+00:00
[2024-04-19T12:17:43.068+0000] {processor.py:183} INFO - Processing /home/airflow/.local/lib/python3.12/site-packages/airflow/example_dags/example_sla_dag.py took 0.104 seconds
[2024-04-19T12:18:13.719+0000] {processor.py:161} INFO - Started process (PID=175) to work on /home/airflow/.local/lib/python3.12/site-packages/airflow/example_dags/example_sla_dag.py
[2024-04-19T12:18:13.719+0000] {processor.py:830} INFO - Processing file /home/airflow/.local/lib/python3.12/site-packages/airflow/example_dags/example_sla_dag.py for tasks to queue
[2024-04-19T12:18:13.721+0000] {logging_mixin.py:188} INFO - [2024-04-19T12:18:13.720+0000] {dagbag.py:540} INFO - Filling up the DagBag from /home/airflow/.local/lib/python3.12/site-packages/airflow/example_dags/example_sla_dag.py
[2024-04-19T12:18:13.725+0000] {processor.py:840} INFO - DAG(s) 'example_sla_dag' retrieved from /home/airflow/.local/lib/python3.12/site-packages/airflow/example_dags/example_sla_dag.py
[2024-04-19T12:18:13.736+0000] {logging_mixin.py:188} INFO - [2024-04-19T12:18:13.736+0000] {dag.py:3096} INFO - Sync 1 DAGs
[2024-04-19T12:18:13.750+0000] {logging_mixin.py:188} INFO - [2024-04-19T12:18:13.750+0000] {dag.py:3954} INFO - Setting next_dagrun for example_sla_dag to 2024-04-19 12:16:00+00:00, run_after=2024-04-19 12:18:00+00:00
[2024-04-19T12:18:13.764+0000] {processor.py:183} INFO - Processing /home/airflow/.local/lib/python3.12/site-packages/airflow/example_dags/example_sla_dag.py took 0.049 seconds
[2024-04-19T12:20:34.573+0000] {processor.py:161} INFO - Started process (PID=59) to work on /home/airflow/.local/lib/python3.12/site-packages/airflow/example_dags/example_sla_dag.py
[2024-04-19T12:20:34.575+0000] {processor.py:830} INFO - Processing file /home/airflow/.local/lib/python3.12/site-packages/airflow/example_dags/example_sla_dag.py for tasks to queue
[2024-04-19T12:20:34.577+0000] {logging_mixin.py:188} INFO - [2024-04-19T12:20:34.576+0000] {dagbag.py:540} INFO - Filling up the DagBag from /home/airflow/.local/lib/python3.12/site-packages/airflow/example_dags/example_sla_dag.py
[2024-04-19T12:20:34.587+0000] {processor.py:840} INFO - DAG(s) 'example_sla_dag' retrieved from /home/airflow/.local/lib/python3.12/site-packages/airflow/example_dags/example_sla_dag.py
[2024-04-19T12:20:34.598+0000] {logging_mixin.py:188} INFO - [2024-04-19T12:20:34.598+0000] {dag.py:3096} INFO - Sync 1 DAGs
[2024-04-19T12:20:34.625+0000] {logging_mixin.py:188} INFO - [2024-04-19T12:20:34.625+0000] {dag.py:3954} INFO - Setting next_dagrun for example_sla_dag to 2024-04-19 12:18:00+00:00, run_after=2024-04-19 12:20:00+00:00
[2024-04-19T12:20:34.650+0000] {processor.py:183} INFO - Processing /home/airflow/.local/lib/python3.12/site-packages/airflow/example_dags/example_sla_dag.py took 0.082 seconds
[2024-04-19T12:21:04.858+0000] {processor.py:161} INFO - Started process (PID=117) to work on /home/airflow/.local/lib/python3.12/site-packages/airflow/example_dags/example_sla_dag.py
[2024-04-19T12:21:04.858+0000] {processor.py:830} INFO - Processing file /home/airflow/.local/lib/python3.12/site-packages/airflow/example_dags/example_sla_dag.py for tasks to queue
[2024-04-19T12:21:04.860+0000] {logging_mixin.py:188} INFO - [2024-04-19T12:21:04.860+0000] {dagbag.py:540} INFO - Filling up the DagBag from /home/airflow/.local/lib/python3.12/site-packages/airflow/example_dags/example_sla_dag.py
[2024-04-19T12:21:04.866+0000] {processor.py:840} INFO - DAG(s) 'example_sla_dag' retrieved from /home/airflow/.local/lib/python3.12/site-packages/airflow/example_dags/example_sla_dag.py
[2024-04-19T12:21:04.934+0000] {logging_mixin.py:188} INFO - [2024-04-19T12:21:04.933+0000] {dag.py:3096} INFO - Sync 1 DAGs
[2024-04-19T12:21:04.948+0000] {logging_mixin.py:188} INFO - [2024-04-19T12:21:04.948+0000] {dag.py:3954} INFO - Setting next_dagrun for example_sla_dag to 2024-04-19 12:18:00+00:00, run_after=2024-04-19 12:20:00+00:00
[2024-04-19T12:21:04.965+0000] {processor.py:183} INFO - Processing /home/airflow/.local/lib/python3.12/site-packages/airflow/example_dags/example_sla_dag.py took 0.111 seconds
[2024-04-19T12:21:35.745+0000] {processor.py:161} INFO - Started process (PID=175) to work on /home/airflow/.local/lib/python3.12/site-packages/airflow/example_dags/example_sla_dag.py
[2024-04-19T12:21:35.746+0000] {processor.py:830} INFO - Processing file /home/airflow/.local/lib/python3.12/site-packages/airflow/example_dags/example_sla_dag.py for tasks to queue
[2024-04-19T12:21:35.748+0000] {logging_mixin.py:188} INFO - [2024-04-19T12:21:35.748+0000] {dagbag.py:540} INFO - Filling up the DagBag from /home/airflow/.local/lib/python3.12/site-packages/airflow/example_dags/example_sla_dag.py
[2024-04-19T12:21:35.753+0000] {processor.py:840} INFO - DAG(s) 'example_sla_dag' retrieved from /home/airflow/.local/lib/python3.12/site-packages/airflow/example_dags/example_sla_dag.py
[2024-04-19T12:21:35.767+0000] {logging_mixin.py:188} INFO - [2024-04-19T12:21:35.766+0000] {dag.py:3096} INFO - Sync 1 DAGs
[2024-04-19T12:21:35.781+0000] {logging_mixin.py:188} INFO - [2024-04-19T12:21:35.781+0000] {dag.py:3954} INFO - Setting next_dagrun for example_sla_dag to 2024-04-19 12:18:00+00:00, run_after=2024-04-19 12:20:00+00:00
[2024-04-19T12:21:35.795+0000] {processor.py:183} INFO - Processing /home/airflow/.local/lib/python3.12/site-packages/airflow/example_dags/example_sla_dag.py took 0.053 seconds
[2024-04-19T12:22:06.101+0000] {processor.py:161} INFO - Started process (PID=233) to work on /home/airflow/.local/lib/python3.12/site-packages/airflow/example_dags/example_sla_dag.py
[2024-04-19T12:22:06.102+0000] {processor.py:830} INFO - Processing file /home/airflow/.local/lib/python3.12/site-packages/airflow/example_dags/example_sla_dag.py for tasks to queue
[2024-04-19T12:22:06.104+0000] {logging_mixin.py:188} INFO - [2024-04-19T12:22:06.103+0000] {dagbag.py:540} INFO - Filling up the DagBag from /home/airflow/.local/lib/python3.12/site-packages/airflow/example_dags/example_sla_dag.py
[2024-04-19T12:22:06.109+0000] {processor.py:840} INFO - DAG(s) 'example_sla_dag' retrieved from /home/airflow/.local/lib/python3.12/site-packages/airflow/example_dags/example_sla_dag.py
[2024-04-19T12:22:06.121+0000] {logging_mixin.py:188} INFO - [2024-04-19T12:22:06.121+0000] {dag.py:3096} INFO - Sync 1 DAGs
[2024-04-19T12:22:06.137+0000] {logging_mixin.py:188} INFO - [2024-04-19T12:22:06.137+0000] {dag.py:3954} INFO - Setting next_dagrun for example_sla_dag to 2024-04-19 12:20:00+00:00, run_after=2024-04-19 12:22:00+00:00
[2024-04-19T12:22:06.151+0000] {processor.py:183} INFO - Processing /home/airflow/.local/lib/python3.12/site-packages/airflow/example_dags/example_sla_dag.py took 0.054 seconds
[2024-04-19T12:22:36.488+0000] {processor.py:161} INFO - Started process (PID=291) to work on /home/airflow/.local/lib/python3.12/site-packages/airflow/example_dags/example_sla_dag.py
[2024-04-19T12:22:36.488+0000] {processor.py:830} INFO - Processing file /home/airflow/.local/lib/python3.12/site-packages/airflow/example_dags/example_sla_dag.py for tasks to queue
[2024-04-19T12:22:36.490+0000] {logging_mixin.py:188} INFO - [2024-04-19T12:22:36.490+0000] {dagbag.py:540} INFO - Filling up the DagBag from /home/airflow/.local/lib/python3.12/site-packages/airflow/example_dags/example_sla_dag.py
[2024-04-19T12:22:36.495+0000] {processor.py:840} INFO - DAG(s) 'example_sla_dag' retrieved from /home/airflow/.local/lib/python3.12/site-packages/airflow/example_dags/example_sla_dag.py
[2024-04-19T12:22:36.511+0000] {logging_mixin.py:188} INFO - [2024-04-19T12:22:36.511+0000] {dag.py:3096} INFO - Sync 1 DAGs
[2024-04-19T12:22:36.528+0000] {logging_mixin.py:188} INFO - [2024-04-19T12:22:36.528+0000] {dag.py:3954} INFO - Setting next_dagrun for example_sla_dag to 2024-04-19 12:20:00+00:00, run_after=2024-04-19 12:22:00+00:00
[2024-04-19T12:22:36.546+0000] {processor.py:183} INFO - Processing /home/airflow/.local/lib/python3.12/site-packages/airflow/example_dags/example_sla_dag.py took 0.062 seconds
[2024-04-19T12:23:06.850+0000] {processor.py:161} INFO - Started process (PID=349) to work on /home/airflow/.local/lib/python3.12/site-packages/airflow/example_dags/example_sla_dag.py
[2024-04-19T12:23:06.851+0000] {processor.py:830} INFO - Processing file /home/airflow/.local/lib/python3.12/site-packages/airflow/example_dags/example_sla_dag.py for tasks to queue
[2024-04-19T12:23:06.853+0000] {logging_mixin.py:188} INFO - [2024-04-19T12:23:06.853+0000] {dagbag.py:540} INFO - Filling up the DagBag from /home/airflow/.local/lib/python3.12/site-packages/airflow/example_dags/example_sla_dag.py
[2024-04-19T12:23:06.861+0000] {processor.py:840} INFO - DAG(s) 'example_sla_dag' retrieved from /home/airflow/.local/lib/python3.12/site-packages/airflow/example_dags/example_sla_dag.py
[2024-04-19T12:23:06.871+0000] {logging_mixin.py:188} INFO - [2024-04-19T12:23:06.871+0000] {dag.py:3096} INFO - Sync 1 DAGs
[2024-04-19T12:23:06.895+0000] {logging_mixin.py:188} INFO - [2024-04-19T12:23:06.894+0000] {dag.py:3954} INFO - Setting next_dagrun for example_sla_dag to 2024-04-19 12:20:00+00:00, run_after=2024-04-19 12:22:00+00:00
[2024-04-19T12:23:06.914+0000] {processor.py:183} INFO - Processing /home/airflow/.local/lib/python3.12/site-packages/airflow/example_dags/example_sla_dag.py took 0.069 seconds
[2024-04-19T12:23:37.418+0000] {processor.py:161} INFO - Started process (PID=408) to work on /home/airflow/.local/lib/python3.12/site-packages/airflow/example_dags/example_sla_dag.py
[2024-04-19T12:23:37.419+0000] {processor.py:830} INFO - Processing file /home/airflow/.local/lib/python3.12/site-packages/airflow/example_dags/example_sla_dag.py for tasks to queue
[2024-04-19T12:23:37.421+0000] {logging_mixin.py:188} INFO - [2024-04-19T12:23:37.420+0000] {dagbag.py:540} INFO - Filling up the DagBag from /home/airflow/.local/lib/python3.12/site-packages/airflow/example_dags/example_sla_dag.py
[2024-04-19T12:23:37.425+0000] {processor.py:840} INFO - DAG(s) 'example_sla_dag' retrieved from /home/airflow/.local/lib/python3.12/site-packages/airflow/example_dags/example_sla_dag.py
[2024-04-19T12:23:37.489+0000] {logging_mixin.py:188} INFO - [2024-04-19T12:23:37.489+0000] {dag.py:3096} INFO - Sync 1 DAGs
[2024-04-19T12:23:37.507+0000] {logging_mixin.py:188} INFO - [2024-04-19T12:23:37.506+0000] {dag.py:3954} INFO - Setting next_dagrun for example_sla_dag to 2024-04-19 12:20:00+00:00, run_after=2024-04-19 12:22:00+00:00
[2024-04-19T12:23:37.608+0000] {processor.py:183} INFO - Processing /home/airflow/.local/lib/python3.12/site-packages/airflow/example_dags/example_sla_dag.py took 0.193 seconds
[2024-04-19T12:24:07.998+0000] {processor.py:161} INFO - Started process (PID=467) to work on /home/airflow/.local/lib/python3.12/site-packages/airflow/example_dags/example_sla_dag.py
[2024-04-19T12:24:07.999+0000] {processor.py:830} INFO - Processing file /home/airflow/.local/lib/python3.12/site-packages/airflow/example_dags/example_sla_dag.py for tasks to queue
[2024-04-19T12:24:08.002+0000] {logging_mixin.py:188} INFO - [2024-04-19T12:24:08.001+0000] {dagbag.py:540} INFO - Filling up the DagBag from /home/airflow/.local/lib/python3.12/site-packages/airflow/example_dags/example_sla_dag.py
[2024-04-19T12:24:08.009+0000] {processor.py:840} INFO - DAG(s) 'example_sla_dag' retrieved from /home/airflow/.local/lib/python3.12/site-packages/airflow/example_dags/example_sla_dag.py
[2024-04-19T12:24:08.028+0000] {logging_mixin.py:188} INFO - [2024-04-19T12:24:08.028+0000] {dag.py:3096} INFO - Sync 1 DAGs
[2024-04-19T12:24:08.047+0000] {logging_mixin.py:188} INFO - [2024-04-19T12:24:08.046+0000] {dag.py:3954} INFO - Setting next_dagrun for example_sla_dag to 2024-04-19 12:22:00+00:00, run_after=2024-04-19 12:24:00+00:00
[2024-04-19T12:24:08.064+0000] {processor.py:183} INFO - Processing /home/airflow/.local/lib/python3.12/site-packages/airflow/example_dags/example_sla_dag.py took 0.071 seconds
[2024-04-19T12:24:38.436+0000] {processor.py:161} INFO - Started process (PID=525) to work on /home/airflow/.local/lib/python3.12/site-packages/airflow/example_dags/example_sla_dag.py
[2024-04-19T12:24:38.437+0000] {processor.py:830} INFO - Processing file /home/airflow/.local/lib/python3.12/site-packages/airflow/example_dags/example_sla_dag.py for tasks to queue
[2024-04-19T12:24:38.438+0000] {logging_mixin.py:188} INFO - [2024-04-19T12:24:38.438+0000] {dagbag.py:540} INFO - Filling up the DagBag from /home/airflow/.local/lib/python3.12/site-packages/airflow/example_dags/example_sla_dag.py
[2024-04-19T12:24:38.444+0000] {processor.py:840} INFO - DAG(s) 'example_sla_dag' retrieved from /home/airflow/.local/lib/python3.12/site-packages/airflow/example_dags/example_sla_dag.py
[2024-04-19T12:24:38.461+0000] {logging_mixin.py:188} INFO - [2024-04-19T12:24:38.460+0000] {dag.py:3096} INFO - Sync 1 DAGs
[2024-04-19T12:24:38.477+0000] {logging_mixin.py:188} INFO - [2024-04-19T12:24:38.476+0000] {dag.py:3954} INFO - Setting next_dagrun for example_sla_dag to 2024-04-19 12:22:00+00:00, run_after=2024-04-19 12:24:00+00:00
[2024-04-19T12:24:38.494+0000] {processor.py:183} INFO - Processing /home/airflow/.local/lib/python3.12/site-packages/airflow/example_dags/example_sla_dag.py took 0.063 seconds
[2024-04-19T12:25:09.243+0000] {processor.py:161} INFO - Started process (PID=583) to work on /home/airflow/.local/lib/python3.12/site-packages/airflow/example_dags/example_sla_dag.py
[2024-04-19T12:25:09.244+0000] {processor.py:830} INFO - Processing file /home/airflow/.local/lib/python3.12/site-packages/airflow/example_dags/example_sla_dag.py for tasks to queue
[2024-04-19T12:25:09.246+0000] {logging_mixin.py:188} INFO - [2024-04-19T12:25:09.245+0000] {dagbag.py:540} INFO - Filling up the DagBag from /home/airflow/.local/lib/python3.12/site-packages/airflow/example_dags/example_sla_dag.py
[2024-04-19T12:25:09.253+0000] {processor.py:840} INFO - DAG(s) 'example_sla_dag' retrieved from /home/airflow/.local/lib/python3.12/site-packages/airflow/example_dags/example_sla_dag.py
[2024-04-19T12:25:09.269+0000] {logging_mixin.py:188} INFO - [2024-04-19T12:25:09.269+0000] {dag.py:3096} INFO - Sync 1 DAGs
[2024-04-19T12:25:09.290+0000] {logging_mixin.py:188} INFO - [2024-04-19T12:25:09.290+0000] {dag.py:3954} INFO - Setting next_dagrun for example_sla_dag to 2024-04-19 12:22:00+00:00, run_after=2024-04-19 12:24:00+00:00
[2024-04-19T12:25:09.310+0000] {processor.py:183} INFO - Processing /home/airflow/.local/lib/python3.12/site-packages/airflow/example_dags/example_sla_dag.py took 0.071 seconds
[2024-04-19T12:25:39.507+0000] {processor.py:161} INFO - Started process (PID=641) to work on /home/airflow/.local/lib/python3.12/site-packages/airflow/example_dags/example_sla_dag.py
[2024-04-19T12:25:39.508+0000] {processor.py:830} INFO - Processing file /home/airflow/.local/lib/python3.12/site-packages/airflow/example_dags/example_sla_dag.py for tasks to queue
[2024-04-19T12:25:39.510+0000] {logging_mixin.py:188} INFO - [2024-04-19T12:25:39.509+0000] {dagbag.py:540} INFO - Filling up the DagBag from /home/airflow/.local/lib/python3.12/site-packages/airflow/example_dags/example_sla_dag.py
[2024-04-19T12:25:39.516+0000] {processor.py:840} INFO - DAG(s) 'example_sla_dag' retrieved from /home/airflow/.local/lib/python3.12/site-packages/airflow/example_dags/example_sla_dag.py
[2024-04-19T12:25:39.531+0000] {logging_mixin.py:188} INFO - [2024-04-19T12:25:39.531+0000] {dag.py:3096} INFO - Sync 1 DAGs
[2024-04-19T12:25:39.548+0000] {logging_mixin.py:188} INFO - [2024-04-19T12:25:39.547+0000] {dag.py:3954} INFO - Setting next_dagrun for example_sla_dag to 2024-04-19 12:22:00+00:00, run_after=2024-04-19 12:24:00+00:00
[2024-04-19T12:25:39.563+0000] {processor.py:183} INFO - Processing /home/airflow/.local/lib/python3.12/site-packages/airflow/example_dags/example_sla_dag.py took 0.060 seconds
[2024-04-19T12:26:09.723+0000] {processor.py:161} INFO - Started process (PID=699) to work on /home/airflow/.local/lib/python3.12/site-packages/airflow/example_dags/example_sla_dag.py
[2024-04-19T12:26:09.724+0000] {processor.py:830} INFO - Processing file /home/airflow/.local/lib/python3.12/site-packages/airflow/example_dags/example_sla_dag.py for tasks to queue
[2024-04-19T12:26:09.726+0000] {logging_mixin.py:188} INFO - [2024-04-19T12:26:09.726+0000] {dagbag.py:540} INFO - Filling up the DagBag from /home/airflow/.local/lib/python3.12/site-packages/airflow/example_dags/example_sla_dag.py
[2024-04-19T12:26:09.737+0000] {processor.py:840} INFO - DAG(s) 'example_sla_dag' retrieved from /home/airflow/.local/lib/python3.12/site-packages/airflow/example_dags/example_sla_dag.py
[2024-04-19T12:26:09.759+0000] {logging_mixin.py:188} INFO - [2024-04-19T12:26:09.759+0000] {dag.py:3096} INFO - Sync 1 DAGs
[2024-04-19T12:26:09.784+0000] {logging_mixin.py:188} INFO - [2024-04-19T12:26:09.783+0000] {dag.py:3954} INFO - Setting next_dagrun for example_sla_dag to 2024-04-19 12:24:00+00:00, run_after=2024-04-19 12:26:00+00:00
[2024-04-19T12:26:09.807+0000] {processor.py:183} INFO - Processing /home/airflow/.local/lib/python3.12/site-packages/airflow/example_dags/example_sla_dag.py took 0.088 seconds
[2024-04-19T12:26:39.987+0000] {processor.py:161} INFO - Started process (PID=757) to work on /home/airflow/.local/lib/python3.12/site-packages/airflow/example_dags/example_sla_dag.py
[2024-04-19T12:26:39.988+0000] {processor.py:830} INFO - Processing file /home/airflow/.local/lib/python3.12/site-packages/airflow/example_dags/example_sla_dag.py for tasks to queue
[2024-04-19T12:26:39.991+0000] {logging_mixin.py:188} INFO - [2024-04-19T12:26:39.990+0000] {dagbag.py:540} INFO - Filling up the DagBag from /home/airflow/.local/lib/python3.12/site-packages/airflow/example_dags/example_sla_dag.py
[2024-04-19T12:26:40.002+0000] {processor.py:840} INFO - DAG(s) 'example_sla_dag' retrieved from /home/airflow/.local/lib/python3.12/site-packages/airflow/example_dags/example_sla_dag.py
[2024-04-19T12:26:40.024+0000] {logging_mixin.py:188} INFO - [2024-04-19T12:26:40.023+0000] {dag.py:3096} INFO - Sync 1 DAGs
[2024-04-19T12:26:40.051+0000] {logging_mixin.py:188} INFO - [2024-04-19T12:26:40.050+0000] {dag.py:3954} INFO - Setting next_dagrun for example_sla_dag to 2024-04-19 12:24:00+00:00, run_after=2024-04-19 12:26:00+00:00
[2024-04-19T12:26:40.074+0000] {processor.py:183} INFO - Processing /home/airflow/.local/lib/python3.12/site-packages/airflow/example_dags/example_sla_dag.py took 0.093 seconds
[2024-04-19T12:27:10.960+0000] {processor.py:161} INFO - Started process (PID=815) to work on /home/airflow/.local/lib/python3.12/site-packages/airflow/example_dags/example_sla_dag.py
[2024-04-19T12:27:10.961+0000] {processor.py:830} INFO - Processing file /home/airflow/.local/lib/python3.12/site-packages/airflow/example_dags/example_sla_dag.py for tasks to queue
[2024-04-19T12:27:10.963+0000] {logging_mixin.py:188} INFO - [2024-04-19T12:27:10.963+0000] {dagbag.py:540} INFO - Filling up the DagBag from /home/airflow/.local/lib/python3.12/site-packages/airflow/example_dags/example_sla_dag.py
[2024-04-19T12:27:10.968+0000] {processor.py:840} INFO - DAG(s) 'example_sla_dag' retrieved from /home/airflow/.local/lib/python3.12/site-packages/airflow/example_dags/example_sla_dag.py
[2024-04-19T12:27:10.980+0000] {logging_mixin.py:188} INFO - [2024-04-19T12:27:10.980+0000] {dag.py:3096} INFO - Sync 1 DAGs
[2024-04-19T12:27:11.000+0000] {logging_mixin.py:188} INFO - [2024-04-19T12:27:11.000+0000] {dag.py:3954} INFO - Setting next_dagrun for example_sla_dag to 2024-04-19 12:24:00+00:00, run_after=2024-04-19 12:26:00+00:00
[2024-04-19T12:27:11.016+0000] {processor.py:183} INFO - Processing /home/airflow/.local/lib/python3.12/site-packages/airflow/example_dags/example_sla_dag.py took 0.060 seconds
[2024-04-19T12:27:41.708+0000] {processor.py:161} INFO - Started process (PID=873) to work on /home/airflow/.local/lib/python3.12/site-packages/airflow/example_dags/example_sla_dag.py
[2024-04-19T12:27:41.708+0000] {processor.py:830} INFO - Processing file /home/airflow/.local/lib/python3.12/site-packages/airflow/example_dags/example_sla_dag.py for tasks to queue
[2024-04-19T12:27:41.710+0000] {logging_mixin.py:188} INFO - [2024-04-19T12:27:41.710+0000] {dagbag.py:540} INFO - Filling up the DagBag from /home/airflow/.local/lib/python3.12/site-packages/airflow/example_dags/example_sla_dag.py
[2024-04-19T12:27:41.715+0000] {processor.py:840} INFO - DAG(s) 'example_sla_dag' retrieved from /home/airflow/.local/lib/python3.12/site-packages/airflow/example_dags/example_sla_dag.py
[2024-04-19T12:27:41.730+0000] {logging_mixin.py:188} INFO - [2024-04-19T12:27:41.730+0000] {dag.py:3096} INFO - Sync 1 DAGs
[2024-04-19T12:27:41.746+0000] {logging_mixin.py:188} INFO - [2024-04-19T12:27:41.746+0000] {dag.py:3954} INFO - Setting next_dagrun for example_sla_dag to 2024-04-19 12:24:00+00:00, run_after=2024-04-19 12:26:00+00:00
[2024-04-19T12:27:41.763+0000] {processor.py:183} INFO - Processing /home/airflow/.local/lib/python3.12/site-packages/airflow/example_dags/example_sla_dag.py took 0.059 seconds
[2024-04-19T12:28:11.898+0000] {processor.py:161} INFO - Started process (PID=931) to work on /home/airflow/.local/lib/python3.12/site-packages/airflow/example_dags/example_sla_dag.py
[2024-04-19T12:28:11.899+0000] {processor.py:830} INFO - Processing file /home/airflow/.local/lib/python3.12/site-packages/airflow/example_dags/example_sla_dag.py for tasks to queue
[2024-04-19T12:28:11.901+0000] {logging_mixin.py:188} INFO - [2024-04-19T12:28:11.901+0000] {dagbag.py:540} INFO - Filling up the DagBag from /home/airflow/.local/lib/python3.12/site-packages/airflow/example_dags/example_sla_dag.py
[2024-04-19T12:28:11.909+0000] {processor.py:840} INFO - DAG(s) 'example_sla_dag' retrieved from /home/airflow/.local/lib/python3.12/site-packages/airflow/example_dags/example_sla_dag.py
[2024-04-19T12:28:11.934+0000] {logging_mixin.py:188} INFO - [2024-04-19T12:28:11.933+0000] {dag.py:3096} INFO - Sync 1 DAGs
[2024-04-19T12:28:11.966+0000] {logging_mixin.py:188} INFO - [2024-04-19T12:28:11.966+0000] {dag.py:3954} INFO - Setting next_dagrun for example_sla_dag to 2024-04-19 12:26:00+00:00, run_after=2024-04-19 12:28:00+00:00
[2024-04-19T12:28:11.991+0000] {processor.py:183} INFO - Processing /home/airflow/.local/lib/python3.12/site-packages/airflow/example_dags/example_sla_dag.py took 0.098 seconds
[2024-04-19T12:28:42.861+0000] {processor.py:161} INFO - Started process (PID=989) to work on /home/airflow/.local/lib/python3.12/site-packages/airflow/example_dags/example_sla_dag.py
[2024-04-19T12:28:42.862+0000] {processor.py:830} INFO - Processing file /home/airflow/.local/lib/python3.12/site-packages/airflow/example_dags/example_sla_dag.py for tasks to queue
[2024-04-19T12:28:42.863+0000] {logging_mixin.py:188} INFO - [2024-04-19T12:28:42.863+0000] {dagbag.py:540} INFO - Filling up the DagBag from /home/airflow/.local/lib/python3.12/site-packages/airflow/example_dags/example_sla_dag.py
[2024-04-19T12:28:42.868+0000] {processor.py:840} INFO - DAG(s) 'example_sla_dag' retrieved from /home/airflow/.local/lib/python3.12/site-packages/airflow/example_dags/example_sla_dag.py
[2024-04-19T12:28:42.879+0000] {logging_mixin.py:188} INFO - [2024-04-19T12:28:42.879+0000] {dag.py:3096} INFO - Sync 1 DAGs
[2024-04-19T12:28:42.893+0000] {logging_mixin.py:188} INFO - [2024-04-19T12:28:42.893+0000] {dag.py:3954} INFO - Setting next_dagrun for example_sla_dag to 2024-04-19 12:26:00+00:00, run_after=2024-04-19 12:28:00+00:00
[2024-04-19T12:28:42.906+0000] {processor.py:183} INFO - Processing /home/airflow/.local/lib/python3.12/site-packages/airflow/example_dags/example_sla_dag.py took 0.048 seconds
[2024-04-19T12:29:13.508+0000] {processor.py:161} INFO - Started process (PID=1047) to work on /home/airflow/.local/lib/python3.12/site-packages/airflow/example_dags/example_sla_dag.py
[2024-04-19T12:29:13.509+0000] {processor.py:830} INFO - Processing file /home/airflow/.local/lib/python3.12/site-packages/airflow/example_dags/example_sla_dag.py for tasks to queue
[2024-04-19T12:29:13.510+0000] {logging_mixin.py:188} INFO - [2024-04-19T12:29:13.510+0000] {dagbag.py:540} INFO - Filling up the DagBag from /home/airflow/.local/lib/python3.12/site-packages/airflow/example_dags/example_sla_dag.py
[2024-04-19T12:29:13.515+0000] {processor.py:840} INFO - DAG(s) 'example_sla_dag' retrieved from /home/airflow/.local/lib/python3.12/site-packages/airflow/example_dags/example_sla_dag.py
[2024-04-19T12:29:13.526+0000] {logging_mixin.py:188} INFO - [2024-04-19T12:29:13.526+0000] {dag.py:3096} INFO - Sync 1 DAGs
[2024-04-19T12:29:13.541+0000] {logging_mixin.py:188} INFO - [2024-04-19T12:29:13.541+0000] {dag.py:3954} INFO - Setting next_dagrun for example_sla_dag to 2024-04-19 12:26:00+00:00, run_after=2024-04-19 12:28:00+00:00
[2024-04-19T12:29:13.557+0000] {processor.py:183} INFO - Processing /home/airflow/.local/lib/python3.12/site-packages/airflow/example_dags/example_sla_dag.py took 0.053 seconds
[2024-04-19T12:29:43.796+0000] {processor.py:161} INFO - Started process (PID=1105) to work on /home/airflow/.local/lib/python3.12/site-packages/airflow/example_dags/example_sla_dag.py
[2024-04-19T12:29:43.797+0000] {processor.py:830} INFO - Processing file /home/airflow/.local/lib/python3.12/site-packages/airflow/example_dags/example_sla_dag.py for tasks to queue
[2024-04-19T12:29:43.800+0000] {logging_mixin.py:188} INFO - [2024-04-19T12:29:43.800+0000] {dagbag.py:540} INFO - Filling up the DagBag from /home/airflow/.local/lib/python3.12/site-packages/airflow/example_dags/example_sla_dag.py
[2024-04-19T12:29:43.808+0000] {processor.py:840} INFO - DAG(s) 'example_sla_dag' retrieved from /home/airflow/.local/lib/python3.12/site-packages/airflow/example_dags/example_sla_dag.py
[2024-04-19T12:29:43.822+0000] {logging_mixin.py:188} INFO - [2024-04-19T12:29:43.822+0000] {dag.py:3096} INFO - Sync 1 DAGs
[2024-04-19T12:29:43.848+0000] {logging_mixin.py:188} INFO - [2024-04-19T12:29:43.848+0000] {dag.py:3954} INFO - Setting next_dagrun for example_sla_dag to 2024-04-19 12:26:00+00:00, run_after=2024-04-19 12:28:00+00:00
[2024-04-19T12:29:43.873+0000] {processor.py:183} INFO - Processing /home/airflow/.local/lib/python3.12/site-packages/airflow/example_dags/example_sla_dag.py took 0.085 seconds
[2024-04-19T12:30:14.690+0000] {processor.py:161} INFO - Started process (PID=1163) to work on /home/airflow/.local/lib/python3.12/site-packages/airflow/example_dags/example_sla_dag.py
[2024-04-19T12:30:14.691+0000] {processor.py:830} INFO - Processing file /home/airflow/.local/lib/python3.12/site-packages/airflow/example_dags/example_sla_dag.py for tasks to queue
[2024-04-19T12:30:14.692+0000] {logging_mixin.py:188} INFO - [2024-04-19T12:30:14.692+0000] {dagbag.py:540} INFO - Filling up the DagBag from /home/airflow/.local/lib/python3.12/site-packages/airflow/example_dags/example_sla_dag.py
[2024-04-19T12:30:14.697+0000] {processor.py:840} INFO - DAG(s) 'example_sla_dag' retrieved from /home/airflow/.local/lib/python3.12/site-packages/airflow/example_dags/example_sla_dag.py
[2024-04-19T12:30:14.833+0000] {logging_mixin.py:188} INFO - [2024-04-19T12:30:14.833+0000] {dag.py:3096} INFO - Sync 1 DAGs
[2024-04-19T12:30:14.847+0000] {logging_mixin.py:188} INFO - [2024-04-19T12:30:14.847+0000] {dag.py:3954} INFO - Setting next_dagrun for example_sla_dag to 2024-04-19 12:28:00+00:00, run_after=2024-04-19 12:30:00+00:00
[2024-04-19T12:30:14.863+0000] {processor.py:183} INFO - Processing /home/airflow/.local/lib/python3.12/site-packages/airflow/example_dags/example_sla_dag.py took 0.176 seconds
[2024-04-19T12:30:45.229+0000] {processor.py:161} INFO - Started process (PID=1221) to work on /home/airflow/.local/lib/python3.12/site-packages/airflow/example_dags/example_sla_dag.py
[2024-04-19T12:30:45.230+0000] {processor.py:830} INFO - Processing file /home/airflow/.local/lib/python3.12/site-packages/airflow/example_dags/example_sla_dag.py for tasks to queue
[2024-04-19T12:30:45.231+0000] {logging_mixin.py:188} INFO - [2024-04-19T12:30:45.231+0000] {dagbag.py:540} INFO - Filling up the DagBag from /home/airflow/.local/lib/python3.12/site-packages/airflow/example_dags/example_sla_dag.py
[2024-04-19T12:30:45.236+0000] {processor.py:840} INFO - DAG(s) 'example_sla_dag' retrieved from /home/airflow/.local/lib/python3.12/site-packages/airflow/example_dags/example_sla_dag.py
[2024-04-19T12:30:45.247+0000] {logging_mixin.py:188} INFO - [2024-04-19T12:30:45.247+0000] {dag.py:3096} INFO - Sync 1 DAGs
[2024-04-19T12:30:45.263+0000] {logging_mixin.py:188} INFO - [2024-04-19T12:30:45.263+0000] {dag.py:3954} INFO - Setting next_dagrun for example_sla_dag to 2024-04-19 12:28:00+00:00, run_after=2024-04-19 12:30:00+00:00
[2024-04-19T12:30:45.275+0000] {processor.py:183} INFO - Processing /home/airflow/.local/lib/python3.12/site-packages/airflow/example_dags/example_sla_dag.py took 0.050 seconds
[2024-04-19T12:31:15.631+0000] {processor.py:161} INFO - Started process (PID=1279) to work on /home/airflow/.local/lib/python3.12/site-packages/airflow/example_dags/example_sla_dag.py
[2024-04-19T12:31:15.632+0000] {processor.py:830} INFO - Processing file /home/airflow/.local/lib/python3.12/site-packages/airflow/example_dags/example_sla_dag.py for tasks to queue
[2024-04-19T12:31:15.634+0000] {logging_mixin.py:188} INFO - [2024-04-19T12:31:15.633+0000] {dagbag.py:540} INFO - Filling up the DagBag from /home/airflow/.local/lib/python3.12/site-packages/airflow/example_dags/example_sla_dag.py
[2024-04-19T12:31:15.640+0000] {processor.py:840} INFO - DAG(s) 'example_sla_dag' retrieved from /home/airflow/.local/lib/python3.12/site-packages/airflow/example_dags/example_sla_dag.py
[2024-04-19T12:31:15.651+0000] {logging_mixin.py:188} INFO - [2024-04-19T12:31:15.651+0000] {dag.py:3096} INFO - Sync 1 DAGs
[2024-04-19T12:31:15.664+0000] {logging_mixin.py:188} INFO - [2024-04-19T12:31:15.664+0000] {dag.py:3954} INFO - Setting next_dagrun for example_sla_dag to 2024-04-19 12:28:00+00:00, run_after=2024-04-19 12:30:00+00:00
[2024-04-19T12:31:15.676+0000] {processor.py:183} INFO - Processing /home/airflow/.local/lib/python3.12/site-packages/airflow/example_dags/example_sla_dag.py took 0.048 seconds
[2024-04-19T12:31:45.957+0000] {processor.py:161} INFO - Started process (PID=1336) to work on /home/airflow/.local/lib/python3.12/site-packages/airflow/example_dags/example_sla_dag.py
[2024-04-19T12:31:45.958+0000] {processor.py:830} INFO - Processing file /home/airflow/.local/lib/python3.12/site-packages/airflow/example_dags/example_sla_dag.py for tasks to queue
[2024-04-19T12:31:45.959+0000] {logging_mixin.py:188} INFO - [2024-04-19T12:31:45.959+0000] {dagbag.py:540} INFO - Filling up the DagBag from /home/airflow/.local/lib/python3.12/site-packages/airflow/example_dags/example_sla_dag.py
[2024-04-19T12:31:45.965+0000] {processor.py:840} INFO - DAG(s) 'example_sla_dag' retrieved from /home/airflow/.local/lib/python3.12/site-packages/airflow/example_dags/example_sla_dag.py
[2024-04-19T12:31:45.978+0000] {logging_mixin.py:188} INFO - [2024-04-19T12:31:45.977+0000] {dag.py:3096} INFO - Sync 1 DAGs
[2024-04-19T12:31:45.993+0000] {logging_mixin.py:188} INFO - [2024-04-19T12:31:45.993+0000] {dag.py:3954} INFO - Setting next_dagrun for example_sla_dag to 2024-04-19 12:28:00+00:00, run_after=2024-04-19 12:30:00+00:00
[2024-04-19T12:31:46.008+0000] {processor.py:183} INFO - Processing /home/airflow/.local/lib/python3.12/site-packages/airflow/example_dags/example_sla_dag.py took 0.055 seconds
[2024-04-19T12:32:16.390+0000] {processor.py:161} INFO - Started process (PID=1394) to work on /home/airflow/.local/lib/python3.12/site-packages/airflow/example_dags/example_sla_dag.py
[2024-04-19T12:32:16.391+0000] {processor.py:830} INFO - Processing file /home/airflow/.local/lib/python3.12/site-packages/airflow/example_dags/example_sla_dag.py for tasks to queue
[2024-04-19T12:32:16.393+0000] {logging_mixin.py:188} INFO - [2024-04-19T12:32:16.393+0000] {dagbag.py:540} INFO - Filling up the DagBag from /home/airflow/.local/lib/python3.12/site-packages/airflow/example_dags/example_sla_dag.py
[2024-04-19T12:32:16.399+0000] {processor.py:840} INFO - DAG(s) 'example_sla_dag' retrieved from /home/airflow/.local/lib/python3.12/site-packages/airflow/example_dags/example_sla_dag.py
[2024-04-19T12:32:16.413+0000] {logging_mixin.py:188} INFO - [2024-04-19T12:32:16.412+0000] {dag.py:3096} INFO - Sync 1 DAGs
[2024-04-19T12:32:16.430+0000] {logging_mixin.py:188} INFO - [2024-04-19T12:32:16.430+0000] {dag.py:3954} INFO - Setting next_dagrun for example_sla_dag to 2024-04-19 12:30:00+00:00, run_after=2024-04-19 12:32:00+00:00
[2024-04-19T12:32:16.445+0000] {processor.py:183} INFO - Processing /home/airflow/.local/lib/python3.12/site-packages/airflow/example_dags/example_sla_dag.py took 0.060 seconds
[2024-04-19T12:32:46.890+0000] {processor.py:161} INFO - Started process (PID=1452) to work on /home/airflow/.local/lib/python3.12/site-packages/airflow/example_dags/example_sla_dag.py
[2024-04-19T12:32:46.891+0000] {processor.py:830} INFO - Processing file /home/airflow/.local/lib/python3.12/site-packages/airflow/example_dags/example_sla_dag.py for tasks to queue
[2024-04-19T12:32:46.892+0000] {logging_mixin.py:188} INFO - [2024-04-19T12:32:46.892+0000] {dagbag.py:540} INFO - Filling up the DagBag from /home/airflow/.local/lib/python3.12/site-packages/airflow/example_dags/example_sla_dag.py
[2024-04-19T12:32:46.897+0000] {processor.py:840} INFO - DAG(s) 'example_sla_dag' retrieved from /home/airflow/.local/lib/python3.12/site-packages/airflow/example_dags/example_sla_dag.py
[2024-04-19T12:32:46.911+0000] {logging_mixin.py:188} INFO - [2024-04-19T12:32:46.911+0000] {dag.py:3096} INFO - Sync 1 DAGs
[2024-04-19T12:32:46.927+0000] {logging_mixin.py:188} INFO - [2024-04-19T12:32:46.927+0000] {dag.py:3954} INFO - Setting next_dagrun for example_sla_dag to 2024-04-19 12:30:00+00:00, run_after=2024-04-19 12:32:00+00:00
[2024-04-19T12:32:46.941+0000] {processor.py:183} INFO - Processing /home/airflow/.local/lib/python3.12/site-packages/airflow/example_dags/example_sla_dag.py took 0.055 seconds
[2024-04-19T12:33:17.286+0000] {processor.py:161} INFO - Started process (PID=1510) to work on /home/airflow/.local/lib/python3.12/site-packages/airflow/example_dags/example_sla_dag.py
[2024-04-19T12:33:17.287+0000] {processor.py:830} INFO - Processing file /home/airflow/.local/lib/python3.12/site-packages/airflow/example_dags/example_sla_dag.py for tasks to queue
[2024-04-19T12:33:17.288+0000] {logging_mixin.py:188} INFO - [2024-04-19T12:33:17.288+0000] {dagbag.py:540} INFO - Filling up the DagBag from /home/airflow/.local/lib/python3.12/site-packages/airflow/example_dags/example_sla_dag.py
[2024-04-19T12:33:17.293+0000] {processor.py:840} INFO - DAG(s) 'example_sla_dag' retrieved from /home/airflow/.local/lib/python3.12/site-packages/airflow/example_dags/example_sla_dag.py
[2024-04-19T12:33:17.306+0000] {logging_mixin.py:188} INFO - [2024-04-19T12:33:17.306+0000] {dag.py:3096} INFO - Sync 1 DAGs
[2024-04-19T12:33:17.322+0000] {logging_mixin.py:188} INFO - [2024-04-19T12:33:17.322+0000] {dag.py:3954} INFO - Setting next_dagrun for example_sla_dag to 2024-04-19 12:30:00+00:00, run_after=2024-04-19 12:32:00+00:00
[2024-04-19T12:33:17.338+0000] {processor.py:183} INFO - Processing /home/airflow/.local/lib/python3.12/site-packages/airflow/example_dags/example_sla_dag.py took 0.057 seconds
[2024-04-19T12:33:47.714+0000] {processor.py:161} INFO - Started process (PID=1568) to work on /home/airflow/.local/lib/python3.12/site-packages/airflow/example_dags/example_sla_dag.py
[2024-04-19T12:33:47.714+0000] {processor.py:830} INFO - Processing file /home/airflow/.local/lib/python3.12/site-packages/airflow/example_dags/example_sla_dag.py for tasks to queue
[2024-04-19T12:33:47.716+0000] {logging_mixin.py:188} INFO - [2024-04-19T12:33:47.716+0000] {dagbag.py:540} INFO - Filling up the DagBag from /home/airflow/.local/lib/python3.12/site-packages/airflow/example_dags/example_sla_dag.py
[2024-04-19T12:33:47.721+0000] {processor.py:840} INFO - DAG(s) 'example_sla_dag' retrieved from /home/airflow/.local/lib/python3.12/site-packages/airflow/example_dags/example_sla_dag.py
[2024-04-19T12:33:47.735+0000] {logging_mixin.py:188} INFO - [2024-04-19T12:33:47.734+0000] {dag.py:3096} INFO - Sync 1 DAGs
[2024-04-19T12:33:47.750+0000] {logging_mixin.py:188} INFO - [2024-04-19T12:33:47.750+0000] {dag.py:3954} INFO - Setting next_dagrun for example_sla_dag to 2024-04-19 12:30:00+00:00, run_after=2024-04-19 12:32:00+00:00
[2024-04-19T12:33:47.763+0000] {processor.py:183} INFO - Processing /home/airflow/.local/lib/python3.12/site-packages/airflow/example_dags/example_sla_dag.py took 0.053 seconds
