[2024-04-19T12:17:11.247+0000] {processor.py:161} INFO - Started process (PID=41) to work on /home/airflow/.local/lib/python3.12/site-packages/airflow/example_dags/example_display_name.py
[2024-04-19T12:17:11.248+0000] {processor.py:830} INFO - Processing file /home/airflow/.local/lib/python3.12/site-packages/airflow/example_dags/example_display_name.py for tasks to queue
[2024-04-19T12:17:11.251+0000] {logging_mixin.py:188} INFO - [2024-04-19T12:17:11.251+0000] {dagbag.py:540} INFO - Filling up the DagBag from /home/airflow/.local/lib/python3.12/site-packages/airflow/example_dags/example_display_name.py
[2024-04-19T12:17:11.257+0000] {processor.py:840} INFO - DAG(s) 'example_display_name' retrieved from /home/airflow/.local/lib/python3.12/site-packages/airflow/example_dags/example_display_name.py
[2024-04-19T12:17:11.273+0000] {logging_mixin.py:188} INFO - [2024-04-19T12:17:11.272+0000] {dag.py:3096} INFO - Sync 1 DAGs
[2024-04-19T12:17:11.293+0000] {logging_mixin.py:188} INFO - [2024-04-19T12:17:11.292+0000] {dag.py:3954} INFO - Setting next_dagrun for example_display_name to None, run_after=None
[2024-04-19T12:17:11.325+0000] {processor.py:183} INFO - Processing /home/airflow/.local/lib/python3.12/site-packages/airflow/example_dags/example_display_name.py took 0.084 seconds
[2024-04-19T12:17:41.651+0000] {processor.py:161} INFO - Started process (PID=99) to work on /home/airflow/.local/lib/python3.12/site-packages/airflow/example_dags/example_display_name.py
[2024-04-19T12:17:41.652+0000] {processor.py:830} INFO - Processing file /home/airflow/.local/lib/python3.12/site-packages/airflow/example_dags/example_display_name.py for tasks to queue
[2024-04-19T12:17:41.653+0000] {logging_mixin.py:188} INFO - [2024-04-19T12:17:41.653+0000] {dagbag.py:540} INFO - Filling up the DagBag from /home/airflow/.local/lib/python3.12/site-packages/airflow/example_dags/example_display_name.py
[2024-04-19T12:17:41.657+0000] {processor.py:840} INFO - DAG(s) 'example_display_name' retrieved from /home/airflow/.local/lib/python3.12/site-packages/airflow/example_dags/example_display_name.py
[2024-04-19T12:17:41.711+0000] {logging_mixin.py:188} INFO - [2024-04-19T12:17:41.711+0000] {dag.py:3096} INFO - Sync 1 DAGs
[2024-04-19T12:17:41.717+0000] {logging_mixin.py:188} INFO - [2024-04-19T12:17:41.717+0000] {dag.py:3954} INFO - Setting next_dagrun for example_display_name to None, run_after=None
[2024-04-19T12:17:41.728+0000] {processor.py:183} INFO - Processing /home/airflow/.local/lib/python3.12/site-packages/airflow/example_dags/example_display_name.py took 0.080 seconds
[2024-04-19T12:18:11.952+0000] {processor.py:161} INFO - Started process (PID=157) to work on /home/airflow/.local/lib/python3.12/site-packages/airflow/example_dags/example_display_name.py
[2024-04-19T12:18:11.953+0000] {processor.py:830} INFO - Processing file /home/airflow/.local/lib/python3.12/site-packages/airflow/example_dags/example_display_name.py for tasks to queue
[2024-04-19T12:18:11.954+0000] {logging_mixin.py:188} INFO - [2024-04-19T12:18:11.954+0000] {dagbag.py:540} INFO - Filling up the DagBag from /home/airflow/.local/lib/python3.12/site-packages/airflow/example_dags/example_display_name.py
[2024-04-19T12:18:11.959+0000] {processor.py:840} INFO - DAG(s) 'example_display_name' retrieved from /home/airflow/.local/lib/python3.12/site-packages/airflow/example_dags/example_display_name.py
[2024-04-19T12:18:11.971+0000] {logging_mixin.py:188} INFO - [2024-04-19T12:18:11.971+0000] {dag.py:3096} INFO - Sync 1 DAGs
[2024-04-19T12:18:11.979+0000] {logging_mixin.py:188} INFO - [2024-04-19T12:18:11.979+0000] {dag.py:3954} INFO - Setting next_dagrun for example_display_name to None, run_after=None
[2024-04-19T12:18:11.995+0000] {processor.py:183} INFO - Processing /home/airflow/.local/lib/python3.12/site-packages/airflow/example_dags/example_display_name.py took 0.046 seconds
[2024-04-19T12:18:42.340+0000] {processor.py:161} INFO - Started process (PID=215) to work on /home/airflow/.local/lib/python3.12/site-packages/airflow/example_dags/example_display_name.py
[2024-04-19T12:18:42.341+0000] {processor.py:830} INFO - Processing file /home/airflow/.local/lib/python3.12/site-packages/airflow/example_dags/example_display_name.py for tasks to queue
[2024-04-19T12:18:42.343+0000] {logging_mixin.py:188} INFO - [2024-04-19T12:18:42.342+0000] {dagbag.py:540} INFO - Filling up the DagBag from /home/airflow/.local/lib/python3.12/site-packages/airflow/example_dags/example_display_name.py
[2024-04-19T12:18:42.346+0000] {processor.py:840} INFO - DAG(s) 'example_display_name' retrieved from /home/airflow/.local/lib/python3.12/site-packages/airflow/example_dags/example_display_name.py
[2024-04-19T12:18:42.359+0000] {logging_mixin.py:188} INFO - [2024-04-19T12:18:42.359+0000] {dag.py:3096} INFO - Sync 1 DAGs
[2024-04-19T12:18:42.367+0000] {logging_mixin.py:188} INFO - [2024-04-19T12:18:42.367+0000] {dag.py:3954} INFO - Setting next_dagrun for example_display_name to None, run_after=None
[2024-04-19T12:18:42.382+0000] {processor.py:183} INFO - Processing /home/airflow/.local/lib/python3.12/site-packages/airflow/example_dags/example_display_name.py took 0.045 seconds
[2024-04-19T12:20:33.147+0000] {processor.py:161} INFO - Started process (PID=41) to work on /home/airflow/.local/lib/python3.12/site-packages/airflow/example_dags/example_display_name.py
[2024-04-19T12:20:33.148+0000] {processor.py:830} INFO - Processing file /home/airflow/.local/lib/python3.12/site-packages/airflow/example_dags/example_display_name.py for tasks to queue
[2024-04-19T12:20:33.150+0000] {logging_mixin.py:188} INFO - [2024-04-19T12:20:33.149+0000] {dagbag.py:540} INFO - Filling up the DagBag from /home/airflow/.local/lib/python3.12/site-packages/airflow/example_dags/example_display_name.py
[2024-04-19T12:20:33.154+0000] {processor.py:840} INFO - DAG(s) 'example_display_name' retrieved from /home/airflow/.local/lib/python3.12/site-packages/airflow/example_dags/example_display_name.py
[2024-04-19T12:20:33.168+0000] {logging_mixin.py:188} INFO - [2024-04-19T12:20:33.167+0000] {dag.py:3096} INFO - Sync 1 DAGs
[2024-04-19T12:20:33.180+0000] {logging_mixin.py:188} INFO - [2024-04-19T12:20:33.180+0000] {dag.py:3954} INFO - Setting next_dagrun for example_display_name to None, run_after=None
[2024-04-19T12:20:33.202+0000] {processor.py:183} INFO - Processing /home/airflow/.local/lib/python3.12/site-packages/airflow/example_dags/example_display_name.py took 0.061 seconds
[2024-04-19T12:21:03.625+0000] {processor.py:161} INFO - Started process (PID=99) to work on /home/airflow/.local/lib/python3.12/site-packages/airflow/example_dags/example_display_name.py
[2024-04-19T12:21:03.626+0000] {processor.py:830} INFO - Processing file /home/airflow/.local/lib/python3.12/site-packages/airflow/example_dags/example_display_name.py for tasks to queue
[2024-04-19T12:21:03.628+0000] {logging_mixin.py:188} INFO - [2024-04-19T12:21:03.628+0000] {dagbag.py:540} INFO - Filling up the DagBag from /home/airflow/.local/lib/python3.12/site-packages/airflow/example_dags/example_display_name.py
[2024-04-19T12:21:03.633+0000] {processor.py:840} INFO - DAG(s) 'example_display_name' retrieved from /home/airflow/.local/lib/python3.12/site-packages/airflow/example_dags/example_display_name.py
[2024-04-19T12:21:03.705+0000] {logging_mixin.py:188} INFO - [2024-04-19T12:21:03.705+0000] {dag.py:3096} INFO - Sync 1 DAGs
[2024-04-19T12:21:03.711+0000] {logging_mixin.py:188} INFO - [2024-04-19T12:21:03.711+0000] {dag.py:3954} INFO - Setting next_dagrun for example_display_name to None, run_after=None
[2024-04-19T12:21:03.726+0000] {processor.py:183} INFO - Processing /home/airflow/.local/lib/python3.12/site-packages/airflow/example_dags/example_display_name.py took 0.105 seconds
[2024-04-19T12:21:34.004+0000] {processor.py:161} INFO - Started process (PID=157) to work on /home/airflow/.local/lib/python3.12/site-packages/airflow/example_dags/example_display_name.py
[2024-04-19T12:21:34.004+0000] {processor.py:830} INFO - Processing file /home/airflow/.local/lib/python3.12/site-packages/airflow/example_dags/example_display_name.py for tasks to queue
[2024-04-19T12:21:34.006+0000] {logging_mixin.py:188} INFO - [2024-04-19T12:21:34.005+0000] {dagbag.py:540} INFO - Filling up the DagBag from /home/airflow/.local/lib/python3.12/site-packages/airflow/example_dags/example_display_name.py
[2024-04-19T12:21:34.009+0000] {processor.py:840} INFO - DAG(s) 'example_display_name' retrieved from /home/airflow/.local/lib/python3.12/site-packages/airflow/example_dags/example_display_name.py
[2024-04-19T12:21:34.023+0000] {logging_mixin.py:188} INFO - [2024-04-19T12:21:34.023+0000] {dag.py:3096} INFO - Sync 1 DAGs
[2024-04-19T12:21:34.033+0000] {logging_mixin.py:188} INFO - [2024-04-19T12:21:34.033+0000] {dag.py:3954} INFO - Setting next_dagrun for example_display_name to None, run_after=None
[2024-04-19T12:21:34.050+0000] {processor.py:183} INFO - Processing /home/airflow/.local/lib/python3.12/site-packages/airflow/example_dags/example_display_name.py took 0.050 seconds
[2024-04-19T12:22:04.305+0000] {processor.py:161} INFO - Started process (PID=215) to work on /home/airflow/.local/lib/python3.12/site-packages/airflow/example_dags/example_display_name.py
[2024-04-19T12:22:04.306+0000] {processor.py:830} INFO - Processing file /home/airflow/.local/lib/python3.12/site-packages/airflow/example_dags/example_display_name.py for tasks to queue
[2024-04-19T12:22:04.307+0000] {logging_mixin.py:188} INFO - [2024-04-19T12:22:04.307+0000] {dagbag.py:540} INFO - Filling up the DagBag from /home/airflow/.local/lib/python3.12/site-packages/airflow/example_dags/example_display_name.py
[2024-04-19T12:22:04.311+0000] {processor.py:840} INFO - DAG(s) 'example_display_name' retrieved from /home/airflow/.local/lib/python3.12/site-packages/airflow/example_dags/example_display_name.py
[2024-04-19T12:22:04.325+0000] {logging_mixin.py:188} INFO - [2024-04-19T12:22:04.325+0000] {dag.py:3096} INFO - Sync 1 DAGs
[2024-04-19T12:22:04.333+0000] {logging_mixin.py:188} INFO - [2024-04-19T12:22:04.333+0000] {dag.py:3954} INFO - Setting next_dagrun for example_display_name to None, run_after=None
[2024-04-19T12:22:04.348+0000] {processor.py:183} INFO - Processing /home/airflow/.local/lib/python3.12/site-packages/airflow/example_dags/example_display_name.py took 0.046 seconds
[2024-04-19T12:22:34.703+0000] {processor.py:161} INFO - Started process (PID=273) to work on /home/airflow/.local/lib/python3.12/site-packages/airflow/example_dags/example_display_name.py
[2024-04-19T12:22:34.703+0000] {processor.py:830} INFO - Processing file /home/airflow/.local/lib/python3.12/site-packages/airflow/example_dags/example_display_name.py for tasks to queue
[2024-04-19T12:22:34.705+0000] {logging_mixin.py:188} INFO - [2024-04-19T12:22:34.704+0000] {dagbag.py:540} INFO - Filling up the DagBag from /home/airflow/.local/lib/python3.12/site-packages/airflow/example_dags/example_display_name.py
[2024-04-19T12:22:34.708+0000] {processor.py:840} INFO - DAG(s) 'example_display_name' retrieved from /home/airflow/.local/lib/python3.12/site-packages/airflow/example_dags/example_display_name.py
[2024-04-19T12:22:34.720+0000] {logging_mixin.py:188} INFO - [2024-04-19T12:22:34.720+0000] {dag.py:3096} INFO - Sync 1 DAGs
[2024-04-19T12:22:34.729+0000] {logging_mixin.py:188} INFO - [2024-04-19T12:22:34.729+0000] {dag.py:3954} INFO - Setting next_dagrun for example_display_name to None, run_after=None
[2024-04-19T12:22:34.745+0000] {processor.py:183} INFO - Processing /home/airflow/.local/lib/python3.12/site-packages/airflow/example_dags/example_display_name.py took 0.046 seconds
[2024-04-19T12:23:05.000+0000] {processor.py:161} INFO - Started process (PID=331) to work on /home/airflow/.local/lib/python3.12/site-packages/airflow/example_dags/example_display_name.py
[2024-04-19T12:23:05.001+0000] {processor.py:830} INFO - Processing file /home/airflow/.local/lib/python3.12/site-packages/airflow/example_dags/example_display_name.py for tasks to queue
[2024-04-19T12:23:05.002+0000] {logging_mixin.py:188} INFO - [2024-04-19T12:23:05.002+0000] {dagbag.py:540} INFO - Filling up the DagBag from /home/airflow/.local/lib/python3.12/site-packages/airflow/example_dags/example_display_name.py
[2024-04-19T12:23:05.007+0000] {processor.py:840} INFO - DAG(s) 'example_display_name' retrieved from /home/airflow/.local/lib/python3.12/site-packages/airflow/example_dags/example_display_name.py
[2024-04-19T12:23:05.016+0000] {logging_mixin.py:188} INFO - [2024-04-19T12:23:05.016+0000] {dag.py:3096} INFO - Sync 1 DAGs
[2024-04-19T12:23:05.026+0000] {logging_mixin.py:188} INFO - [2024-04-19T12:23:05.026+0000] {dag.py:3954} INFO - Setting next_dagrun for example_display_name to None, run_after=None
[2024-04-19T12:23:05.044+0000] {processor.py:183} INFO - Processing /home/airflow/.local/lib/python3.12/site-packages/airflow/example_dags/example_display_name.py took 0.047 seconds
[2024-04-19T12:23:35.772+0000] {processor.py:161} INFO - Started process (PID=390) to work on /home/airflow/.local/lib/python3.12/site-packages/airflow/example_dags/example_display_name.py
[2024-04-19T12:23:35.773+0000] {processor.py:830} INFO - Processing file /home/airflow/.local/lib/python3.12/site-packages/airflow/example_dags/example_display_name.py for tasks to queue
[2024-04-19T12:23:35.774+0000] {logging_mixin.py:188} INFO - [2024-04-19T12:23:35.774+0000] {dagbag.py:540} INFO - Filling up the DagBag from /home/airflow/.local/lib/python3.12/site-packages/airflow/example_dags/example_display_name.py
[2024-04-19T12:23:35.778+0000] {processor.py:840} INFO - DAG(s) 'example_display_name' retrieved from /home/airflow/.local/lib/python3.12/site-packages/airflow/example_dags/example_display_name.py
[2024-04-19T12:23:35.836+0000] {logging_mixin.py:188} INFO - [2024-04-19T12:23:35.836+0000] {dag.py:3096} INFO - Sync 1 DAGs
[2024-04-19T12:23:35.843+0000] {logging_mixin.py:188} INFO - [2024-04-19T12:23:35.843+0000] {dag.py:3954} INFO - Setting next_dagrun for example_display_name to None, run_after=None
[2024-04-19T12:23:35.858+0000] {processor.py:183} INFO - Processing /home/airflow/.local/lib/python3.12/site-packages/airflow/example_dags/example_display_name.py took 0.090 seconds
[2024-04-19T12:24:06.068+0000] {processor.py:161} INFO - Started process (PID=449) to work on /home/airflow/.local/lib/python3.12/site-packages/airflow/example_dags/example_display_name.py
[2024-04-19T12:24:06.069+0000] {processor.py:830} INFO - Processing file /home/airflow/.local/lib/python3.12/site-packages/airflow/example_dags/example_display_name.py for tasks to queue
[2024-04-19T12:24:06.071+0000] {logging_mixin.py:188} INFO - [2024-04-19T12:24:06.071+0000] {dagbag.py:540} INFO - Filling up the DagBag from /home/airflow/.local/lib/python3.12/site-packages/airflow/example_dags/example_display_name.py
[2024-04-19T12:24:06.077+0000] {processor.py:840} INFO - DAG(s) 'example_display_name' retrieved from /home/airflow/.local/lib/python3.12/site-packages/airflow/example_dags/example_display_name.py
[2024-04-19T12:24:06.098+0000] {logging_mixin.py:188} INFO - [2024-04-19T12:24:06.097+0000] {dag.py:3096} INFO - Sync 1 DAGs
[2024-04-19T12:24:06.110+0000] {logging_mixin.py:188} INFO - [2024-04-19T12:24:06.110+0000] {dag.py:3954} INFO - Setting next_dagrun for example_display_name to None, run_after=None
[2024-04-19T12:24:06.130+0000] {processor.py:183} INFO - Processing /home/airflow/.local/lib/python3.12/site-packages/airflow/example_dags/example_display_name.py took 0.068 seconds
[2024-04-19T12:24:36.664+0000] {processor.py:161} INFO - Started process (PID=507) to work on /home/airflow/.local/lib/python3.12/site-packages/airflow/example_dags/example_display_name.py
[2024-04-19T12:24:36.665+0000] {processor.py:830} INFO - Processing file /home/airflow/.local/lib/python3.12/site-packages/airflow/example_dags/example_display_name.py for tasks to queue
[2024-04-19T12:24:36.667+0000] {logging_mixin.py:188} INFO - [2024-04-19T12:24:36.667+0000] {dagbag.py:540} INFO - Filling up the DagBag from /home/airflow/.local/lib/python3.12/site-packages/airflow/example_dags/example_display_name.py
[2024-04-19T12:24:36.671+0000] {processor.py:840} INFO - DAG(s) 'example_display_name' retrieved from /home/airflow/.local/lib/python3.12/site-packages/airflow/example_dags/example_display_name.py
[2024-04-19T12:24:36.686+0000] {logging_mixin.py:188} INFO - [2024-04-19T12:24:36.685+0000] {dag.py:3096} INFO - Sync 1 DAGs
[2024-04-19T12:24:36.694+0000] {logging_mixin.py:188} INFO - [2024-04-19T12:24:36.694+0000] {dag.py:3954} INFO - Setting next_dagrun for example_display_name to None, run_after=None
[2024-04-19T12:24:36.710+0000] {processor.py:183} INFO - Processing /home/airflow/.local/lib/python3.12/site-packages/airflow/example_dags/example_display_name.py took 0.050 seconds
[2024-04-19T12:25:07.217+0000] {processor.py:161} INFO - Started process (PID=565) to work on /home/airflow/.local/lib/python3.12/site-packages/airflow/example_dags/example_display_name.py
[2024-04-19T12:25:07.218+0000] {processor.py:830} INFO - Processing file /home/airflow/.local/lib/python3.12/site-packages/airflow/example_dags/example_display_name.py for tasks to queue
[2024-04-19T12:25:07.221+0000] {logging_mixin.py:188} INFO - [2024-04-19T12:25:07.220+0000] {dagbag.py:540} INFO - Filling up the DagBag from /home/airflow/.local/lib/python3.12/site-packages/airflow/example_dags/example_display_name.py
[2024-04-19T12:25:07.225+0000] {processor.py:840} INFO - DAG(s) 'example_display_name' retrieved from /home/airflow/.local/lib/python3.12/site-packages/airflow/example_dags/example_display_name.py
[2024-04-19T12:25:07.244+0000] {logging_mixin.py:188} INFO - [2024-04-19T12:25:07.244+0000] {dag.py:3096} INFO - Sync 1 DAGs
[2024-04-19T12:25:07.255+0000] {logging_mixin.py:188} INFO - [2024-04-19T12:25:07.255+0000] {dag.py:3954} INFO - Setting next_dagrun for example_display_name to None, run_after=None
[2024-04-19T12:25:07.276+0000] {processor.py:183} INFO - Processing /home/airflow/.local/lib/python3.12/site-packages/airflow/example_dags/example_display_name.py took 0.063 seconds
[2024-04-19T12:25:37.402+0000] {processor.py:161} INFO - Started process (PID=623) to work on /home/airflow/.local/lib/python3.12/site-packages/airflow/example_dags/example_display_name.py
[2024-04-19T12:25:37.403+0000] {processor.py:830} INFO - Processing file /home/airflow/.local/lib/python3.12/site-packages/airflow/example_dags/example_display_name.py for tasks to queue
[2024-04-19T12:25:37.404+0000] {logging_mixin.py:188} INFO - [2024-04-19T12:25:37.404+0000] {dagbag.py:540} INFO - Filling up the DagBag from /home/airflow/.local/lib/python3.12/site-packages/airflow/example_dags/example_display_name.py
[2024-04-19T12:25:37.408+0000] {processor.py:840} INFO - DAG(s) 'example_display_name' retrieved from /home/airflow/.local/lib/python3.12/site-packages/airflow/example_dags/example_display_name.py
[2024-04-19T12:25:37.427+0000] {logging_mixin.py:188} INFO - [2024-04-19T12:25:37.427+0000] {dag.py:3096} INFO - Sync 1 DAGs
[2024-04-19T12:25:37.438+0000] {logging_mixin.py:188} INFO - [2024-04-19T12:25:37.438+0000] {dag.py:3954} INFO - Setting next_dagrun for example_display_name to None, run_after=None
[2024-04-19T12:25:37.457+0000] {processor.py:183} INFO - Processing /home/airflow/.local/lib/python3.12/site-packages/airflow/example_dags/example_display_name.py took 0.060 seconds
[2024-04-19T12:26:07.563+0000] {processor.py:161} INFO - Started process (PID=681) to work on /home/airflow/.local/lib/python3.12/site-packages/airflow/example_dags/example_display_name.py
[2024-04-19T12:26:07.564+0000] {processor.py:830} INFO - Processing file /home/airflow/.local/lib/python3.12/site-packages/airflow/example_dags/example_display_name.py for tasks to queue
[2024-04-19T12:26:07.566+0000] {logging_mixin.py:188} INFO - [2024-04-19T12:26:07.566+0000] {dagbag.py:540} INFO - Filling up the DagBag from /home/airflow/.local/lib/python3.12/site-packages/airflow/example_dags/example_display_name.py
[2024-04-19T12:26:07.571+0000] {processor.py:840} INFO - DAG(s) 'example_display_name' retrieved from /home/airflow/.local/lib/python3.12/site-packages/airflow/example_dags/example_display_name.py
[2024-04-19T12:26:07.587+0000] {logging_mixin.py:188} INFO - [2024-04-19T12:26:07.587+0000] {dag.py:3096} INFO - Sync 1 DAGs
[2024-04-19T12:26:07.597+0000] {logging_mixin.py:188} INFO - [2024-04-19T12:26:07.596+0000] {dag.py:3954} INFO - Setting next_dagrun for example_display_name to None, run_after=None
[2024-04-19T12:26:07.619+0000] {processor.py:183} INFO - Processing /home/airflow/.local/lib/python3.12/site-packages/airflow/example_dags/example_display_name.py took 0.059 seconds
[2024-04-19T12:26:37.925+0000] {processor.py:161} INFO - Started process (PID=739) to work on /home/airflow/.local/lib/python3.12/site-packages/airflow/example_dags/example_display_name.py
[2024-04-19T12:26:37.926+0000] {processor.py:830} INFO - Processing file /home/airflow/.local/lib/python3.12/site-packages/airflow/example_dags/example_display_name.py for tasks to queue
[2024-04-19T12:26:37.929+0000] {logging_mixin.py:188} INFO - [2024-04-19T12:26:37.928+0000] {dagbag.py:540} INFO - Filling up the DagBag from /home/airflow/.local/lib/python3.12/site-packages/airflow/example_dags/example_display_name.py
[2024-04-19T12:26:37.934+0000] {processor.py:840} INFO - DAG(s) 'example_display_name' retrieved from /home/airflow/.local/lib/python3.12/site-packages/airflow/example_dags/example_display_name.py
[2024-04-19T12:26:37.956+0000] {logging_mixin.py:188} INFO - [2024-04-19T12:26:37.955+0000] {dag.py:3096} INFO - Sync 1 DAGs
[2024-04-19T12:26:37.971+0000] {logging_mixin.py:188} INFO - [2024-04-19T12:26:37.971+0000] {dag.py:3954} INFO - Setting next_dagrun for example_display_name to None, run_after=None
[2024-04-19T12:26:37.996+0000] {processor.py:183} INFO - Processing /home/airflow/.local/lib/python3.12/site-packages/airflow/example_dags/example_display_name.py took 0.077 seconds
[2024-04-19T12:27:08.073+0000] {processor.py:161} INFO - Started process (PID=797) to work on /home/airflow/.local/lib/python3.12/site-packages/airflow/example_dags/example_display_name.py
[2024-04-19T12:27:08.074+0000] {processor.py:830} INFO - Processing file /home/airflow/.local/lib/python3.12/site-packages/airflow/example_dags/example_display_name.py for tasks to queue
[2024-04-19T12:27:08.077+0000] {logging_mixin.py:188} INFO - [2024-04-19T12:27:08.076+0000] {dagbag.py:540} INFO - Filling up the DagBag from /home/airflow/.local/lib/python3.12/site-packages/airflow/example_dags/example_display_name.py
[2024-04-19T12:27:08.080+0000] {processor.py:840} INFO - DAG(s) 'example_display_name' retrieved from /home/airflow/.local/lib/python3.12/site-packages/airflow/example_dags/example_display_name.py
[2024-04-19T12:27:08.098+0000] {logging_mixin.py:188} INFO - [2024-04-19T12:27:08.098+0000] {dag.py:3096} INFO - Sync 1 DAGs
[2024-04-19T12:27:08.108+0000] {logging_mixin.py:188} INFO - [2024-04-19T12:27:08.107+0000] {dag.py:3954} INFO - Setting next_dagrun for example_display_name to None, run_after=None
[2024-04-19T12:27:08.126+0000] {processor.py:183} INFO - Processing /home/airflow/.local/lib/python3.12/site-packages/airflow/example_dags/example_display_name.py took 0.057 seconds
[2024-04-19T12:27:38.790+0000] {processor.py:161} INFO - Started process (PID=855) to work on /home/airflow/.local/lib/python3.12/site-packages/airflow/example_dags/example_display_name.py
[2024-04-19T12:27:38.791+0000] {processor.py:830} INFO - Processing file /home/airflow/.local/lib/python3.12/site-packages/airflow/example_dags/example_display_name.py for tasks to queue
[2024-04-19T12:27:38.792+0000] {logging_mixin.py:188} INFO - [2024-04-19T12:27:38.792+0000] {dagbag.py:540} INFO - Filling up the DagBag from /home/airflow/.local/lib/python3.12/site-packages/airflow/example_dags/example_display_name.py
[2024-04-19T12:27:38.797+0000] {processor.py:840} INFO - DAG(s) 'example_display_name' retrieved from /home/airflow/.local/lib/python3.12/site-packages/airflow/example_dags/example_display_name.py
[2024-04-19T12:27:38.821+0000] {logging_mixin.py:188} INFO - [2024-04-19T12:27:38.820+0000] {dag.py:3096} INFO - Sync 1 DAGs
[2024-04-19T12:27:38.830+0000] {logging_mixin.py:188} INFO - [2024-04-19T12:27:38.830+0000] {dag.py:3954} INFO - Setting next_dagrun for example_display_name to None, run_after=None
[2024-04-19T12:27:38.848+0000] {processor.py:183} INFO - Processing /home/airflow/.local/lib/python3.12/site-packages/airflow/example_dags/example_display_name.py took 0.062 seconds
[2024-04-19T12:28:08.988+0000] {processor.py:161} INFO - Started process (PID=913) to work on /home/airflow/.local/lib/python3.12/site-packages/airflow/example_dags/example_display_name.py
[2024-04-19T12:28:08.989+0000] {processor.py:830} INFO - Processing file /home/airflow/.local/lib/python3.12/site-packages/airflow/example_dags/example_display_name.py for tasks to queue
[2024-04-19T12:28:08.991+0000] {logging_mixin.py:188} INFO - [2024-04-19T12:28:08.990+0000] {dagbag.py:540} INFO - Filling up the DagBag from /home/airflow/.local/lib/python3.12/site-packages/airflow/example_dags/example_display_name.py
[2024-04-19T12:28:08.995+0000] {processor.py:840} INFO - DAG(s) 'example_display_name' retrieved from /home/airflow/.local/lib/python3.12/site-packages/airflow/example_dags/example_display_name.py
[2024-04-19T12:28:09.008+0000] {logging_mixin.py:188} INFO - [2024-04-19T12:28:09.008+0000] {dag.py:3096} INFO - Sync 1 DAGs
[2024-04-19T12:28:09.018+0000] {logging_mixin.py:188} INFO - [2024-04-19T12:28:09.018+0000] {dag.py:3954} INFO - Setting next_dagrun for example_display_name to None, run_after=None
[2024-04-19T12:28:09.033+0000] {processor.py:183} INFO - Processing /home/airflow/.local/lib/python3.12/site-packages/airflow/example_dags/example_display_name.py took 0.049 seconds
[2024-04-19T12:28:39.134+0000] {processor.py:161} INFO - Started process (PID=971) to work on /home/airflow/.local/lib/python3.12/site-packages/airflow/example_dags/example_display_name.py
[2024-04-19T12:28:39.136+0000] {processor.py:830} INFO - Processing file /home/airflow/.local/lib/python3.12/site-packages/airflow/example_dags/example_display_name.py for tasks to queue
[2024-04-19T12:28:39.138+0000] {logging_mixin.py:188} INFO - [2024-04-19T12:28:39.138+0000] {dagbag.py:540} INFO - Filling up the DagBag from /home/airflow/.local/lib/python3.12/site-packages/airflow/example_dags/example_display_name.py
[2024-04-19T12:28:39.142+0000] {processor.py:840} INFO - DAG(s) 'example_display_name' retrieved from /home/airflow/.local/lib/python3.12/site-packages/airflow/example_dags/example_display_name.py
[2024-04-19T12:28:39.159+0000] {logging_mixin.py:188} INFO - [2024-04-19T12:28:39.159+0000] {dag.py:3096} INFO - Sync 1 DAGs
[2024-04-19T12:28:39.170+0000] {logging_mixin.py:188} INFO - [2024-04-19T12:28:39.170+0000] {dag.py:3954} INFO - Setting next_dagrun for example_display_name to None, run_after=None
[2024-04-19T12:28:39.190+0000] {processor.py:183} INFO - Processing /home/airflow/.local/lib/python3.12/site-packages/airflow/example_dags/example_display_name.py took 0.062 seconds
[2024-04-19T12:29:09.410+0000] {processor.py:161} INFO - Started process (PID=1029) to work on /home/airflow/.local/lib/python3.12/site-packages/airflow/example_dags/example_display_name.py
[2024-04-19T12:29:09.411+0000] {processor.py:830} INFO - Processing file /home/airflow/.local/lib/python3.12/site-packages/airflow/example_dags/example_display_name.py for tasks to queue
[2024-04-19T12:29:09.412+0000] {logging_mixin.py:188} INFO - [2024-04-19T12:29:09.412+0000] {dagbag.py:540} INFO - Filling up the DagBag from /home/airflow/.local/lib/python3.12/site-packages/airflow/example_dags/example_display_name.py
[2024-04-19T12:29:09.416+0000] {processor.py:840} INFO - DAG(s) 'example_display_name' retrieved from /home/airflow/.local/lib/python3.12/site-packages/airflow/example_dags/example_display_name.py
[2024-04-19T12:29:09.430+0000] {logging_mixin.py:188} INFO - [2024-04-19T12:29:09.430+0000] {dag.py:3096} INFO - Sync 1 DAGs
[2024-04-19T12:29:09.438+0000] {logging_mixin.py:188} INFO - [2024-04-19T12:29:09.438+0000] {dag.py:3954} INFO - Setting next_dagrun for example_display_name to None, run_after=None
[2024-04-19T12:29:09.454+0000] {processor.py:183} INFO - Processing /home/airflow/.local/lib/python3.12/site-packages/airflow/example_dags/example_display_name.py took 0.047 seconds
[2024-04-19T12:29:40.045+0000] {processor.py:161} INFO - Started process (PID=1087) to work on /home/airflow/.local/lib/python3.12/site-packages/airflow/example_dags/example_display_name.py
[2024-04-19T12:29:40.046+0000] {processor.py:830} INFO - Processing file /home/airflow/.local/lib/python3.12/site-packages/airflow/example_dags/example_display_name.py for tasks to queue
[2024-04-19T12:29:40.048+0000] {logging_mixin.py:188} INFO - [2024-04-19T12:29:40.048+0000] {dagbag.py:540} INFO - Filling up the DagBag from /home/airflow/.local/lib/python3.12/site-packages/airflow/example_dags/example_display_name.py
[2024-04-19T12:29:40.053+0000] {processor.py:840} INFO - DAG(s) 'example_display_name' retrieved from /home/airflow/.local/lib/python3.12/site-packages/airflow/example_dags/example_display_name.py
[2024-04-19T12:29:40.062+0000] {logging_mixin.py:188} INFO - [2024-04-19T12:29:40.062+0000] {dag.py:3096} INFO - Sync 1 DAGs
[2024-04-19T12:29:40.072+0000] {logging_mixin.py:188} INFO - [2024-04-19T12:29:40.072+0000] {dag.py:3954} INFO - Setting next_dagrun for example_display_name to None, run_after=None
[2024-04-19T12:29:40.090+0000] {processor.py:183} INFO - Processing /home/airflow/.local/lib/python3.12/site-packages/airflow/example_dags/example_display_name.py took 0.048 seconds
[2024-04-19T12:30:11.347+0000] {processor.py:161} INFO - Started process (PID=1145) to work on /home/airflow/.local/lib/python3.12/site-packages/airflow/example_dags/example_display_name.py
[2024-04-19T12:30:11.348+0000] {processor.py:830} INFO - Processing file /home/airflow/.local/lib/python3.12/site-packages/airflow/example_dags/example_display_name.py for tasks to queue
[2024-04-19T12:30:11.349+0000] {logging_mixin.py:188} INFO - [2024-04-19T12:30:11.349+0000] {dagbag.py:540} INFO - Filling up the DagBag from /home/airflow/.local/lib/python3.12/site-packages/airflow/example_dags/example_display_name.py
[2024-04-19T12:30:11.353+0000] {processor.py:840} INFO - DAG(s) 'example_display_name' retrieved from /home/airflow/.local/lib/python3.12/site-packages/airflow/example_dags/example_display_name.py
[2024-04-19T12:30:11.497+0000] {logging_mixin.py:188} INFO - [2024-04-19T12:30:11.497+0000] {dag.py:3096} INFO - Sync 1 DAGs
[2024-04-19T12:30:11.504+0000] {logging_mixin.py:188} INFO - [2024-04-19T12:30:11.504+0000] {dag.py:3954} INFO - Setting next_dagrun for example_display_name to None, run_after=None
[2024-04-19T12:30:11.517+0000] {processor.py:183} INFO - Processing /home/airflow/.local/lib/python3.12/site-packages/airflow/example_dags/example_display_name.py took 0.173 seconds
[2024-04-19T12:30:41.551+0000] {processor.py:161} INFO - Started process (PID=1203) to work on /home/airflow/.local/lib/python3.12/site-packages/airflow/example_dags/example_display_name.py
[2024-04-19T12:30:41.552+0000] {processor.py:830} INFO - Processing file /home/airflow/.local/lib/python3.12/site-packages/airflow/example_dags/example_display_name.py for tasks to queue
[2024-04-19T12:30:41.553+0000] {logging_mixin.py:188} INFO - [2024-04-19T12:30:41.553+0000] {dagbag.py:540} INFO - Filling up the DagBag from /home/airflow/.local/lib/python3.12/site-packages/airflow/example_dags/example_display_name.py
[2024-04-19T12:30:41.557+0000] {processor.py:840} INFO - DAG(s) 'example_display_name' retrieved from /home/airflow/.local/lib/python3.12/site-packages/airflow/example_dags/example_display_name.py
[2024-04-19T12:30:41.568+0000] {logging_mixin.py:188} INFO - [2024-04-19T12:30:41.568+0000] {dag.py:3096} INFO - Sync 1 DAGs
[2024-04-19T12:30:41.661+0000] {logging_mixin.py:188} INFO - [2024-04-19T12:30:41.661+0000] {dag.py:3954} INFO - Setting next_dagrun for example_display_name to None, run_after=None
[2024-04-19T12:30:41.673+0000] {processor.py:183} INFO - Processing /home/airflow/.local/lib/python3.12/site-packages/airflow/example_dags/example_display_name.py took 0.125 seconds
[2024-04-19T12:31:11.908+0000] {processor.py:161} INFO - Started process (PID=1261) to work on /home/airflow/.local/lib/python3.12/site-packages/airflow/example_dags/example_display_name.py
[2024-04-19T12:31:11.909+0000] {processor.py:830} INFO - Processing file /home/airflow/.local/lib/python3.12/site-packages/airflow/example_dags/example_display_name.py for tasks to queue
[2024-04-19T12:31:11.910+0000] {logging_mixin.py:188} INFO - [2024-04-19T12:31:11.910+0000] {dagbag.py:540} INFO - Filling up the DagBag from /home/airflow/.local/lib/python3.12/site-packages/airflow/example_dags/example_display_name.py
[2024-04-19T12:31:11.914+0000] {processor.py:840} INFO - DAG(s) 'example_display_name' retrieved from /home/airflow/.local/lib/python3.12/site-packages/airflow/example_dags/example_display_name.py
[2024-04-19T12:31:11.926+0000] {logging_mixin.py:188} INFO - [2024-04-19T12:31:11.926+0000] {dag.py:3096} INFO - Sync 1 DAGs
[2024-04-19T12:31:11.934+0000] {logging_mixin.py:188} INFO - [2024-04-19T12:31:11.934+0000] {dag.py:3954} INFO - Setting next_dagrun for example_display_name to None, run_after=None
[2024-04-19T12:31:11.947+0000] {processor.py:183} INFO - Processing /home/airflow/.local/lib/python3.12/site-packages/airflow/example_dags/example_display_name.py took 0.044 seconds
[2024-04-19T12:31:42.161+0000] {processor.py:161} INFO - Started process (PID=1318) to work on /home/airflow/.local/lib/python3.12/site-packages/airflow/example_dags/example_display_name.py
[2024-04-19T12:31:42.161+0000] {processor.py:830} INFO - Processing file /home/airflow/.local/lib/python3.12/site-packages/airflow/example_dags/example_display_name.py for tasks to queue
[2024-04-19T12:31:42.162+0000] {logging_mixin.py:188} INFO - [2024-04-19T12:31:42.162+0000] {dagbag.py:540} INFO - Filling up the DagBag from /home/airflow/.local/lib/python3.12/site-packages/airflow/example_dags/example_display_name.py
[2024-04-19T12:31:42.166+0000] {processor.py:840} INFO - DAG(s) 'example_display_name' retrieved from /home/airflow/.local/lib/python3.12/site-packages/airflow/example_dags/example_display_name.py
[2024-04-19T12:31:42.178+0000] {logging_mixin.py:188} INFO - [2024-04-19T12:31:42.178+0000] {dag.py:3096} INFO - Sync 1 DAGs
[2024-04-19T12:31:42.188+0000] {logging_mixin.py:188} INFO - [2024-04-19T12:31:42.187+0000] {dag.py:3954} INFO - Setting next_dagrun for example_display_name to None, run_after=None
[2024-04-19T12:31:42.200+0000] {processor.py:183} INFO - Processing /home/airflow/.local/lib/python3.12/site-packages/airflow/example_dags/example_display_name.py took 0.043 seconds
[2024-04-19T12:32:12.559+0000] {processor.py:161} INFO - Started process (PID=1376) to work on /home/airflow/.local/lib/python3.12/site-packages/airflow/example_dags/example_display_name.py
[2024-04-19T12:32:12.560+0000] {processor.py:830} INFO - Processing file /home/airflow/.local/lib/python3.12/site-packages/airflow/example_dags/example_display_name.py for tasks to queue
[2024-04-19T12:32:12.562+0000] {logging_mixin.py:188} INFO - [2024-04-19T12:32:12.561+0000] {dagbag.py:540} INFO - Filling up the DagBag from /home/airflow/.local/lib/python3.12/site-packages/airflow/example_dags/example_display_name.py
[2024-04-19T12:32:12.566+0000] {processor.py:840} INFO - DAG(s) 'example_display_name' retrieved from /home/airflow/.local/lib/python3.12/site-packages/airflow/example_dags/example_display_name.py
[2024-04-19T12:32:12.578+0000] {logging_mixin.py:188} INFO - [2024-04-19T12:32:12.578+0000] {dag.py:3096} INFO - Sync 1 DAGs
[2024-04-19T12:32:12.587+0000] {logging_mixin.py:188} INFO - [2024-04-19T12:32:12.587+0000] {dag.py:3954} INFO - Setting next_dagrun for example_display_name to None, run_after=None
[2024-04-19T12:32:12.603+0000] {processor.py:183} INFO - Processing /home/airflow/.local/lib/python3.12/site-packages/airflow/example_dags/example_display_name.py took 0.047 seconds
[2024-04-19T12:32:43.057+0000] {processor.py:161} INFO - Started process (PID=1434) to work on /home/airflow/.local/lib/python3.12/site-packages/airflow/example_dags/example_display_name.py
[2024-04-19T12:32:43.058+0000] {processor.py:830} INFO - Processing file /home/airflow/.local/lib/python3.12/site-packages/airflow/example_dags/example_display_name.py for tasks to queue
[2024-04-19T12:32:43.059+0000] {logging_mixin.py:188} INFO - [2024-04-19T12:32:43.059+0000] {dagbag.py:540} INFO - Filling up the DagBag from /home/airflow/.local/lib/python3.12/site-packages/airflow/example_dags/example_display_name.py
[2024-04-19T12:32:43.063+0000] {processor.py:840} INFO - DAG(s) 'example_display_name' retrieved from /home/airflow/.local/lib/python3.12/site-packages/airflow/example_dags/example_display_name.py
[2024-04-19T12:32:43.076+0000] {logging_mixin.py:188} INFO - [2024-04-19T12:32:43.076+0000] {dag.py:3096} INFO - Sync 1 DAGs
[2024-04-19T12:32:43.086+0000] {logging_mixin.py:188} INFO - [2024-04-19T12:32:43.085+0000] {dag.py:3954} INFO - Setting next_dagrun for example_display_name to None, run_after=None
[2024-04-19T12:32:43.098+0000] {processor.py:183} INFO - Processing /home/airflow/.local/lib/python3.12/site-packages/airflow/example_dags/example_display_name.py took 0.044 seconds
[2024-04-19T12:33:13.470+0000] {processor.py:161} INFO - Started process (PID=1492) to work on /home/airflow/.local/lib/python3.12/site-packages/airflow/example_dags/example_display_name.py
[2024-04-19T12:33:13.471+0000] {processor.py:830} INFO - Processing file /home/airflow/.local/lib/python3.12/site-packages/airflow/example_dags/example_display_name.py for tasks to queue
[2024-04-19T12:33:13.473+0000] {logging_mixin.py:188} INFO - [2024-04-19T12:33:13.473+0000] {dagbag.py:540} INFO - Filling up the DagBag from /home/airflow/.local/lib/python3.12/site-packages/airflow/example_dags/example_display_name.py
[2024-04-19T12:33:13.477+0000] {processor.py:840} INFO - DAG(s) 'example_display_name' retrieved from /home/airflow/.local/lib/python3.12/site-packages/airflow/example_dags/example_display_name.py
[2024-04-19T12:33:13.492+0000] {logging_mixin.py:188} INFO - [2024-04-19T12:33:13.492+0000] {dag.py:3096} INFO - Sync 1 DAGs
[2024-04-19T12:33:13.504+0000] {logging_mixin.py:188} INFO - [2024-04-19T12:33:13.503+0000] {dag.py:3954} INFO - Setting next_dagrun for example_display_name to None, run_after=None
[2024-04-19T12:33:13.519+0000] {processor.py:183} INFO - Processing /home/airflow/.local/lib/python3.12/site-packages/airflow/example_dags/example_display_name.py took 0.054 seconds
[2024-04-19T12:33:43.891+0000] {processor.py:161} INFO - Started process (PID=1550) to work on /home/airflow/.local/lib/python3.12/site-packages/airflow/example_dags/example_display_name.py
[2024-04-19T12:33:43.892+0000] {processor.py:830} INFO - Processing file /home/airflow/.local/lib/python3.12/site-packages/airflow/example_dags/example_display_name.py for tasks to queue
[2024-04-19T12:33:43.894+0000] {logging_mixin.py:188} INFO - [2024-04-19T12:33:43.894+0000] {dagbag.py:540} INFO - Filling up the DagBag from /home/airflow/.local/lib/python3.12/site-packages/airflow/example_dags/example_display_name.py
[2024-04-19T12:33:43.897+0000] {processor.py:840} INFO - DAG(s) 'example_display_name' retrieved from /home/airflow/.local/lib/python3.12/site-packages/airflow/example_dags/example_display_name.py
[2024-04-19T12:33:43.910+0000] {logging_mixin.py:188} INFO - [2024-04-19T12:33:43.910+0000] {dag.py:3096} INFO - Sync 1 DAGs
[2024-04-19T12:33:43.918+0000] {logging_mixin.py:188} INFO - [2024-04-19T12:33:43.918+0000] {dag.py:3954} INFO - Setting next_dagrun for example_display_name to None, run_after=None
[2024-04-19T12:33:43.934+0000] {processor.py:183} INFO - Processing /home/airflow/.local/lib/python3.12/site-packages/airflow/example_dags/example_display_name.py took 0.047 seconds
