[2024-04-19T12:17:13.183+0000] {processor.py:161} INFO - Started process (PID=69) to work on /home/airflow/.local/lib/python3.12/site-packages/airflow/example_dags/example_short_circuit_operator.py
[2024-04-19T12:17:13.184+0000] {processor.py:830} INFO - Processing file /home/airflow/.local/lib/python3.12/site-packages/airflow/example_dags/example_short_circuit_operator.py for tasks to queue
[2024-04-19T12:17:13.186+0000] {logging_mixin.py:188} INFO - [2024-04-19T12:17:13.185+0000] {dagbag.py:540} INFO - Filling up the DagBag from /home/airflow/.local/lib/python3.12/site-packages/airflow/example_dags/example_short_circuit_operator.py
[2024-04-19T12:17:13.193+0000] {processor.py:840} INFO - DAG(s) 'example_short_circuit_operator' retrieved from /home/airflow/.local/lib/python3.12/site-packages/airflow/example_dags/example_short_circuit_operator.py
[2024-04-19T12:17:13.204+0000] {logging_mixin.py:188} INFO - [2024-04-19T12:17:13.203+0000] {dag.py:3096} INFO - Sync 1 DAGs
[2024-04-19T12:17:13.222+0000] {logging_mixin.py:188} INFO - [2024-04-19T12:17:13.221+0000] {dag.py:3954} INFO - Setting next_dagrun for example_short_circuit_operator to 2024-04-18 00:00:00+00:00, run_after=2024-04-19 00:00:00+00:00
[2024-04-19T12:17:13.240+0000] {processor.py:183} INFO - Processing /home/airflow/.local/lib/python3.12/site-packages/airflow/example_dags/example_short_circuit_operator.py took 0.062 seconds
[2024-04-19T12:17:43.564+0000] {processor.py:161} INFO - Started process (PID=127) to work on /home/airflow/.local/lib/python3.12/site-packages/airflow/example_dags/example_short_circuit_operator.py
[2024-04-19T12:17:43.565+0000] {processor.py:830} INFO - Processing file /home/airflow/.local/lib/python3.12/site-packages/airflow/example_dags/example_short_circuit_operator.py for tasks to queue
[2024-04-19T12:17:43.566+0000] {logging_mixin.py:188} INFO - [2024-04-19T12:17:43.566+0000] {dagbag.py:540} INFO - Filling up the DagBag from /home/airflow/.local/lib/python3.12/site-packages/airflow/example_dags/example_short_circuit_operator.py
[2024-04-19T12:17:43.571+0000] {processor.py:840} INFO - DAG(s) 'example_short_circuit_operator' retrieved from /home/airflow/.local/lib/python3.12/site-packages/airflow/example_dags/example_short_circuit_operator.py
[2024-04-19T12:17:43.632+0000] {logging_mixin.py:188} INFO - [2024-04-19T12:17:43.632+0000] {dag.py:3096} INFO - Sync 1 DAGs
[2024-04-19T12:17:43.646+0000] {logging_mixin.py:188} INFO - [2024-04-19T12:17:43.646+0000] {dag.py:3954} INFO - Setting next_dagrun for example_short_circuit_operator to 2024-04-18 00:00:00+00:00, run_after=2024-04-19 00:00:00+00:00
[2024-04-19T12:17:43.661+0000] {processor.py:183} INFO - Processing /home/airflow/.local/lib/python3.12/site-packages/airflow/example_dags/example_short_circuit_operator.py took 0.101 seconds
[2024-04-19T12:18:14.182+0000] {processor.py:161} INFO - Started process (PID=185) to work on /home/airflow/.local/lib/python3.12/site-packages/airflow/example_dags/example_short_circuit_operator.py
[2024-04-19T12:18:14.183+0000] {processor.py:830} INFO - Processing file /home/airflow/.local/lib/python3.12/site-packages/airflow/example_dags/example_short_circuit_operator.py for tasks to queue
[2024-04-19T12:18:14.185+0000] {logging_mixin.py:188} INFO - [2024-04-19T12:18:14.184+0000] {dagbag.py:540} INFO - Filling up the DagBag from /home/airflow/.local/lib/python3.12/site-packages/airflow/example_dags/example_short_circuit_operator.py
[2024-04-19T12:18:14.189+0000] {processor.py:840} INFO - DAG(s) 'example_short_circuit_operator' retrieved from /home/airflow/.local/lib/python3.12/site-packages/airflow/example_dags/example_short_circuit_operator.py
[2024-04-19T12:18:14.203+0000] {logging_mixin.py:188} INFO - [2024-04-19T12:18:14.203+0000] {dag.py:3096} INFO - Sync 1 DAGs
[2024-04-19T12:18:14.217+0000] {logging_mixin.py:188} INFO - [2024-04-19T12:18:14.217+0000] {dag.py:3954} INFO - Setting next_dagrun for example_short_circuit_operator to 2024-04-18 00:00:00+00:00, run_after=2024-04-19 00:00:00+00:00
[2024-04-19T12:18:14.231+0000] {processor.py:183} INFO - Processing /home/airflow/.local/lib/python3.12/site-packages/airflow/example_dags/example_short_circuit_operator.py took 0.052 seconds
[2024-04-19T12:20:35.149+0000] {processor.py:161} INFO - Started process (PID=69) to work on /home/airflow/.local/lib/python3.12/site-packages/airflow/example_dags/example_short_circuit_operator.py
[2024-04-19T12:20:35.151+0000] {processor.py:830} INFO - Processing file /home/airflow/.local/lib/python3.12/site-packages/airflow/example_dags/example_short_circuit_operator.py for tasks to queue
[2024-04-19T12:20:35.154+0000] {logging_mixin.py:188} INFO - [2024-04-19T12:20:35.154+0000] {dagbag.py:540} INFO - Filling up the DagBag from /home/airflow/.local/lib/python3.12/site-packages/airflow/example_dags/example_short_circuit_operator.py
[2024-04-19T12:20:35.162+0000] {processor.py:840} INFO - DAG(s) 'example_short_circuit_operator' retrieved from /home/airflow/.local/lib/python3.12/site-packages/airflow/example_dags/example_short_circuit_operator.py
[2024-04-19T12:20:35.176+0000] {logging_mixin.py:188} INFO - [2024-04-19T12:20:35.175+0000] {dag.py:3096} INFO - Sync 1 DAGs
[2024-04-19T12:20:35.201+0000] {logging_mixin.py:188} INFO - [2024-04-19T12:20:35.200+0000] {dag.py:3954} INFO - Setting next_dagrun for example_short_circuit_operator to 2024-04-18 00:00:00+00:00, run_after=2024-04-19 00:00:00+00:00
[2024-04-19T12:20:35.223+0000] {processor.py:183} INFO - Processing /home/airflow/.local/lib/python3.12/site-packages/airflow/example_dags/example_short_circuit_operator.py took 0.080 seconds
[2024-04-19T12:21:05.494+0000] {processor.py:161} INFO - Started process (PID=127) to work on /home/airflow/.local/lib/python3.12/site-packages/airflow/example_dags/example_short_circuit_operator.py
[2024-04-19T12:21:05.494+0000] {processor.py:830} INFO - Processing file /home/airflow/.local/lib/python3.12/site-packages/airflow/example_dags/example_short_circuit_operator.py for tasks to queue
[2024-04-19T12:21:05.496+0000] {logging_mixin.py:188} INFO - [2024-04-19T12:21:05.495+0000] {dagbag.py:540} INFO - Filling up the DagBag from /home/airflow/.local/lib/python3.12/site-packages/airflow/example_dags/example_short_circuit_operator.py
[2024-04-19T12:21:05.500+0000] {processor.py:840} INFO - DAG(s) 'example_short_circuit_operator' retrieved from /home/airflow/.local/lib/python3.12/site-packages/airflow/example_dags/example_short_circuit_operator.py
[2024-04-19T12:21:05.561+0000] {logging_mixin.py:188} INFO - [2024-04-19T12:21:05.561+0000] {dag.py:3096} INFO - Sync 1 DAGs
[2024-04-19T12:21:05.575+0000] {logging_mixin.py:188} INFO - [2024-04-19T12:21:05.575+0000] {dag.py:3954} INFO - Setting next_dagrun for example_short_circuit_operator to 2024-04-18 00:00:00+00:00, run_after=2024-04-19 00:00:00+00:00
[2024-04-19T12:21:05.589+0000] {processor.py:183} INFO - Processing /home/airflow/.local/lib/python3.12/site-packages/airflow/example_dags/example_short_circuit_operator.py took 0.100 seconds
[2024-04-19T12:21:36.137+0000] {processor.py:161} INFO - Started process (PID=185) to work on /home/airflow/.local/lib/python3.12/site-packages/airflow/example_dags/example_short_circuit_operator.py
[2024-04-19T12:21:36.138+0000] {processor.py:830} INFO - Processing file /home/airflow/.local/lib/python3.12/site-packages/airflow/example_dags/example_short_circuit_operator.py for tasks to queue
[2024-04-19T12:21:36.139+0000] {logging_mixin.py:188} INFO - [2024-04-19T12:21:36.139+0000] {dagbag.py:540} INFO - Filling up the DagBag from /home/airflow/.local/lib/python3.12/site-packages/airflow/example_dags/example_short_circuit_operator.py
[2024-04-19T12:21:36.144+0000] {processor.py:840} INFO - DAG(s) 'example_short_circuit_operator' retrieved from /home/airflow/.local/lib/python3.12/site-packages/airflow/example_dags/example_short_circuit_operator.py
[2024-04-19T12:21:36.159+0000] {logging_mixin.py:188} INFO - [2024-04-19T12:21:36.159+0000] {dag.py:3096} INFO - Sync 1 DAGs
[2024-04-19T12:21:36.173+0000] {logging_mixin.py:188} INFO - [2024-04-19T12:21:36.173+0000] {dag.py:3954} INFO - Setting next_dagrun for example_short_circuit_operator to 2024-04-18 00:00:00+00:00, run_after=2024-04-19 00:00:00+00:00
[2024-04-19T12:21:36.187+0000] {processor.py:183} INFO - Processing /home/airflow/.local/lib/python3.12/site-packages/airflow/example_dags/example_short_circuit_operator.py took 0.054 seconds
[2024-04-19T12:22:06.519+0000] {processor.py:161} INFO - Started process (PID=243) to work on /home/airflow/.local/lib/python3.12/site-packages/airflow/example_dags/example_short_circuit_operator.py
[2024-04-19T12:22:06.520+0000] {processor.py:830} INFO - Processing file /home/airflow/.local/lib/python3.12/site-packages/airflow/example_dags/example_short_circuit_operator.py for tasks to queue
[2024-04-19T12:22:06.521+0000] {logging_mixin.py:188} INFO - [2024-04-19T12:22:06.521+0000] {dagbag.py:540} INFO - Filling up the DagBag from /home/airflow/.local/lib/python3.12/site-packages/airflow/example_dags/example_short_circuit_operator.py
[2024-04-19T12:22:06.525+0000] {processor.py:840} INFO - DAG(s) 'example_short_circuit_operator' retrieved from /home/airflow/.local/lib/python3.12/site-packages/airflow/example_dags/example_short_circuit_operator.py
[2024-04-19T12:22:06.539+0000] {logging_mixin.py:188} INFO - [2024-04-19T12:22:06.538+0000] {dag.py:3096} INFO - Sync 1 DAGs
[2024-04-19T12:22:06.553+0000] {logging_mixin.py:188} INFO - [2024-04-19T12:22:06.553+0000] {dag.py:3954} INFO - Setting next_dagrun for example_short_circuit_operator to 2024-04-18 00:00:00+00:00, run_after=2024-04-19 00:00:00+00:00
[2024-04-19T12:22:06.566+0000] {processor.py:183} INFO - Processing /home/airflow/.local/lib/python3.12/site-packages/airflow/example_dags/example_short_circuit_operator.py took 0.050 seconds
[2024-04-19T12:22:36.897+0000] {processor.py:161} INFO - Started process (PID=301) to work on /home/airflow/.local/lib/python3.12/site-packages/airflow/example_dags/example_short_circuit_operator.py
[2024-04-19T12:22:36.898+0000] {processor.py:830} INFO - Processing file /home/airflow/.local/lib/python3.12/site-packages/airflow/example_dags/example_short_circuit_operator.py for tasks to queue
[2024-04-19T12:22:36.899+0000] {logging_mixin.py:188} INFO - [2024-04-19T12:22:36.899+0000] {dagbag.py:540} INFO - Filling up the DagBag from /home/airflow/.local/lib/python3.12/site-packages/airflow/example_dags/example_short_circuit_operator.py
[2024-04-19T12:22:36.904+0000] {processor.py:840} INFO - DAG(s) 'example_short_circuit_operator' retrieved from /home/airflow/.local/lib/python3.12/site-packages/airflow/example_dags/example_short_circuit_operator.py
[2024-04-19T12:22:36.918+0000] {logging_mixin.py:188} INFO - [2024-04-19T12:22:36.917+0000] {dag.py:3096} INFO - Sync 1 DAGs
[2024-04-19T12:22:36.932+0000] {logging_mixin.py:188} INFO - [2024-04-19T12:22:36.931+0000] {dag.py:3954} INFO - Setting next_dagrun for example_short_circuit_operator to 2024-04-18 00:00:00+00:00, run_after=2024-04-19 00:00:00+00:00
[2024-04-19T12:22:36.945+0000] {processor.py:183} INFO - Processing /home/airflow/.local/lib/python3.12/site-packages/airflow/example_dags/example_short_circuit_operator.py took 0.051 seconds
[2024-04-19T12:23:07.379+0000] {processor.py:161} INFO - Started process (PID=359) to work on /home/airflow/.local/lib/python3.12/site-packages/airflow/example_dags/example_short_circuit_operator.py
[2024-04-19T12:23:07.380+0000] {processor.py:830} INFO - Processing file /home/airflow/.local/lib/python3.12/site-packages/airflow/example_dags/example_short_circuit_operator.py for tasks to queue
[2024-04-19T12:23:07.382+0000] {logging_mixin.py:188} INFO - [2024-04-19T12:23:07.381+0000] {dagbag.py:540} INFO - Filling up the DagBag from /home/airflow/.local/lib/python3.12/site-packages/airflow/example_dags/example_short_circuit_operator.py
[2024-04-19T12:23:07.390+0000] {processor.py:840} INFO - DAG(s) 'example_short_circuit_operator' retrieved from /home/airflow/.local/lib/python3.12/site-packages/airflow/example_dags/example_short_circuit_operator.py
[2024-04-19T12:23:07.403+0000] {logging_mixin.py:188} INFO - [2024-04-19T12:23:07.403+0000] {dag.py:3096} INFO - Sync 1 DAGs
[2024-04-19T12:23:07.427+0000] {logging_mixin.py:188} INFO - [2024-04-19T12:23:07.426+0000] {dag.py:3954} INFO - Setting next_dagrun for example_short_circuit_operator to 2024-04-18 00:00:00+00:00, run_after=2024-04-19 00:00:00+00:00
[2024-04-19T12:23:07.451+0000] {processor.py:183} INFO - Processing /home/airflow/.local/lib/python3.12/site-packages/airflow/example_dags/example_short_circuit_operator.py took 0.079 seconds
[2024-04-19T12:23:38.476+0000] {processor.py:161} INFO - Started process (PID=418) to work on /home/airflow/.local/lib/python3.12/site-packages/airflow/example_dags/example_short_circuit_operator.py
[2024-04-19T12:23:38.477+0000] {processor.py:830} INFO - Processing file /home/airflow/.local/lib/python3.12/site-packages/airflow/example_dags/example_short_circuit_operator.py for tasks to queue
[2024-04-19T12:23:38.478+0000] {logging_mixin.py:188} INFO - [2024-04-19T12:23:38.478+0000] {dagbag.py:540} INFO - Filling up the DagBag from /home/airflow/.local/lib/python3.12/site-packages/airflow/example_dags/example_short_circuit_operator.py
[2024-04-19T12:23:38.483+0000] {processor.py:840} INFO - DAG(s) 'example_short_circuit_operator' retrieved from /home/airflow/.local/lib/python3.12/site-packages/airflow/example_dags/example_short_circuit_operator.py
[2024-04-19T12:23:38.547+0000] {logging_mixin.py:188} INFO - [2024-04-19T12:23:38.547+0000] {dag.py:3096} INFO - Sync 1 DAGs
[2024-04-19T12:23:38.648+0000] {logging_mixin.py:188} INFO - [2024-04-19T12:23:38.648+0000] {dag.py:3954} INFO - Setting next_dagrun for example_short_circuit_operator to 2024-04-18 00:00:00+00:00, run_after=2024-04-19 00:00:00+00:00
[2024-04-19T12:23:38.667+0000] {processor.py:183} INFO - Processing /home/airflow/.local/lib/python3.12/site-packages/airflow/example_dags/example_short_circuit_operator.py took 0.194 seconds
[2024-04-19T12:24:09.471+0000] {processor.py:161} INFO - Started process (PID=477) to work on /home/airflow/.local/lib/python3.12/site-packages/airflow/example_dags/example_short_circuit_operator.py
[2024-04-19T12:24:09.472+0000] {processor.py:830} INFO - Processing file /home/airflow/.local/lib/python3.12/site-packages/airflow/example_dags/example_short_circuit_operator.py for tasks to queue
[2024-04-19T12:24:09.473+0000] {logging_mixin.py:188} INFO - [2024-04-19T12:24:09.473+0000] {dagbag.py:540} INFO - Filling up the DagBag from /home/airflow/.local/lib/python3.12/site-packages/airflow/example_dags/example_short_circuit_operator.py
[2024-04-19T12:24:09.477+0000] {processor.py:840} INFO - DAG(s) 'example_short_circuit_operator' retrieved from /home/airflow/.local/lib/python3.12/site-packages/airflow/example_dags/example_short_circuit_operator.py
[2024-04-19T12:24:09.491+0000] {logging_mixin.py:188} INFO - [2024-04-19T12:24:09.491+0000] {dag.py:3096} INFO - Sync 1 DAGs
[2024-04-19T12:24:09.505+0000] {logging_mixin.py:188} INFO - [2024-04-19T12:24:09.505+0000] {dag.py:3954} INFO - Setting next_dagrun for example_short_circuit_operator to 2024-04-18 00:00:00+00:00, run_after=2024-04-19 00:00:00+00:00
[2024-04-19T12:24:09.516+0000] {processor.py:183} INFO - Processing /home/airflow/.local/lib/python3.12/site-packages/airflow/example_dags/example_short_circuit_operator.py took 0.049 seconds
[2024-04-19T12:24:39.913+0000] {processor.py:161} INFO - Started process (PID=535) to work on /home/airflow/.local/lib/python3.12/site-packages/airflow/example_dags/example_short_circuit_operator.py
[2024-04-19T12:24:39.914+0000] {processor.py:830} INFO - Processing file /home/airflow/.local/lib/python3.12/site-packages/airflow/example_dags/example_short_circuit_operator.py for tasks to queue
[2024-04-19T12:24:39.915+0000] {logging_mixin.py:188} INFO - [2024-04-19T12:24:39.915+0000] {dagbag.py:540} INFO - Filling up the DagBag from /home/airflow/.local/lib/python3.12/site-packages/airflow/example_dags/example_short_circuit_operator.py
[2024-04-19T12:24:39.921+0000] {processor.py:840} INFO - DAG(s) 'example_short_circuit_operator' retrieved from /home/airflow/.local/lib/python3.12/site-packages/airflow/example_dags/example_short_circuit_operator.py
[2024-04-19T12:24:39.935+0000] {logging_mixin.py:188} INFO - [2024-04-19T12:24:39.934+0000] {dag.py:3096} INFO - Sync 1 DAGs
[2024-04-19T12:24:39.948+0000] {logging_mixin.py:188} INFO - [2024-04-19T12:24:39.947+0000] {dag.py:3954} INFO - Setting next_dagrun for example_short_circuit_operator to 2024-04-18 00:00:00+00:00, run_after=2024-04-19 00:00:00+00:00
[2024-04-19T12:24:39.961+0000] {processor.py:183} INFO - Processing /home/airflow/.local/lib/python3.12/site-packages/airflow/example_dags/example_short_circuit_operator.py took 0.051 seconds
[2024-04-19T12:25:10.711+0000] {processor.py:161} INFO - Started process (PID=593) to work on /home/airflow/.local/lib/python3.12/site-packages/airflow/example_dags/example_short_circuit_operator.py
[2024-04-19T12:25:10.712+0000] {processor.py:830} INFO - Processing file /home/airflow/.local/lib/python3.12/site-packages/airflow/example_dags/example_short_circuit_operator.py for tasks to queue
[2024-04-19T12:25:10.713+0000] {logging_mixin.py:188} INFO - [2024-04-19T12:25:10.713+0000] {dagbag.py:540} INFO - Filling up the DagBag from /home/airflow/.local/lib/python3.12/site-packages/airflow/example_dags/example_short_circuit_operator.py
[2024-04-19T12:25:10.719+0000] {processor.py:840} INFO - DAG(s) 'example_short_circuit_operator' retrieved from /home/airflow/.local/lib/python3.12/site-packages/airflow/example_dags/example_short_circuit_operator.py
[2024-04-19T12:25:10.736+0000] {logging_mixin.py:188} INFO - [2024-04-19T12:25:10.736+0000] {dag.py:3096} INFO - Sync 1 DAGs
[2024-04-19T12:25:10.752+0000] {logging_mixin.py:188} INFO - [2024-04-19T12:25:10.752+0000] {dag.py:3954} INFO - Setting next_dagrun for example_short_circuit_operator to 2024-04-18 00:00:00+00:00, run_after=2024-04-19 00:00:00+00:00
[2024-04-19T12:25:10.767+0000] {processor.py:183} INFO - Processing /home/airflow/.local/lib/python3.12/site-packages/airflow/example_dags/example_short_circuit_operator.py took 0.061 seconds
[2024-04-19T12:25:40.914+0000] {processor.py:161} INFO - Started process (PID=651) to work on /home/airflow/.local/lib/python3.12/site-packages/airflow/example_dags/example_short_circuit_operator.py
[2024-04-19T12:25:40.915+0000] {processor.py:830} INFO - Processing file /home/airflow/.local/lib/python3.12/site-packages/airflow/example_dags/example_short_circuit_operator.py for tasks to queue
[2024-04-19T12:25:40.917+0000] {logging_mixin.py:188} INFO - [2024-04-19T12:25:40.917+0000] {dagbag.py:540} INFO - Filling up the DagBag from /home/airflow/.local/lib/python3.12/site-packages/airflow/example_dags/example_short_circuit_operator.py
[2024-04-19T12:25:40.925+0000] {processor.py:840} INFO - DAG(s) 'example_short_circuit_operator' retrieved from /home/airflow/.local/lib/python3.12/site-packages/airflow/example_dags/example_short_circuit_operator.py
[2024-04-19T12:25:40.944+0000] {logging_mixin.py:188} INFO - [2024-04-19T12:25:40.944+0000] {dag.py:3096} INFO - Sync 1 DAGs
[2024-04-19T12:25:40.962+0000] {logging_mixin.py:188} INFO - [2024-04-19T12:25:40.962+0000] {dag.py:3954} INFO - Setting next_dagrun for example_short_circuit_operator to 2024-04-18 00:00:00+00:00, run_after=2024-04-19 00:00:00+00:00
[2024-04-19T12:25:40.978+0000] {processor.py:183} INFO - Processing /home/airflow/.local/lib/python3.12/site-packages/airflow/example_dags/example_short_circuit_operator.py took 0.068 seconds
[2024-04-19T12:26:11.264+0000] {processor.py:161} INFO - Started process (PID=709) to work on /home/airflow/.local/lib/python3.12/site-packages/airflow/example_dags/example_short_circuit_operator.py
[2024-04-19T12:26:11.265+0000] {processor.py:830} INFO - Processing file /home/airflow/.local/lib/python3.12/site-packages/airflow/example_dags/example_short_circuit_operator.py for tasks to queue
[2024-04-19T12:26:11.267+0000] {logging_mixin.py:188} INFO - [2024-04-19T12:26:11.267+0000] {dagbag.py:540} INFO - Filling up the DagBag from /home/airflow/.local/lib/python3.12/site-packages/airflow/example_dags/example_short_circuit_operator.py
[2024-04-19T12:26:11.274+0000] {processor.py:840} INFO - DAG(s) 'example_short_circuit_operator' retrieved from /home/airflow/.local/lib/python3.12/site-packages/airflow/example_dags/example_short_circuit_operator.py
[2024-04-19T12:26:11.290+0000] {logging_mixin.py:188} INFO - [2024-04-19T12:26:11.290+0000] {dag.py:3096} INFO - Sync 1 DAGs
[2024-04-19T12:26:11.304+0000] {logging_mixin.py:188} INFO - [2024-04-19T12:26:11.304+0000] {dag.py:3954} INFO - Setting next_dagrun for example_short_circuit_operator to 2024-04-18 00:00:00+00:00, run_after=2024-04-19 00:00:00+00:00
[2024-04-19T12:26:11.318+0000] {processor.py:183} INFO - Processing /home/airflow/.local/lib/python3.12/site-packages/airflow/example_dags/example_short_circuit_operator.py took 0.058 seconds
[2024-04-19T12:26:41.631+0000] {processor.py:161} INFO - Started process (PID=767) to work on /home/airflow/.local/lib/python3.12/site-packages/airflow/example_dags/example_short_circuit_operator.py
[2024-04-19T12:26:41.632+0000] {processor.py:830} INFO - Processing file /home/airflow/.local/lib/python3.12/site-packages/airflow/example_dags/example_short_circuit_operator.py for tasks to queue
[2024-04-19T12:26:41.633+0000] {logging_mixin.py:188} INFO - [2024-04-19T12:26:41.633+0000] {dagbag.py:540} INFO - Filling up the DagBag from /home/airflow/.local/lib/python3.12/site-packages/airflow/example_dags/example_short_circuit_operator.py
[2024-04-19T12:26:41.641+0000] {processor.py:840} INFO - DAG(s) 'example_short_circuit_operator' retrieved from /home/airflow/.local/lib/python3.12/site-packages/airflow/example_dags/example_short_circuit_operator.py
[2024-04-19T12:26:41.663+0000] {logging_mixin.py:188} INFO - [2024-04-19T12:26:41.662+0000] {dag.py:3096} INFO - Sync 1 DAGs
[2024-04-19T12:26:41.682+0000] {logging_mixin.py:188} INFO - [2024-04-19T12:26:41.682+0000] {dag.py:3954} INFO - Setting next_dagrun for example_short_circuit_operator to 2024-04-18 00:00:00+00:00, run_after=2024-04-19 00:00:00+00:00
[2024-04-19T12:26:41.704+0000] {processor.py:183} INFO - Processing /home/airflow/.local/lib/python3.12/site-packages/airflow/example_dags/example_short_circuit_operator.py took 0.077 seconds
[2024-04-19T12:27:12.364+0000] {processor.py:161} INFO - Started process (PID=825) to work on /home/airflow/.local/lib/python3.12/site-packages/airflow/example_dags/example_short_circuit_operator.py
[2024-04-19T12:27:12.364+0000] {processor.py:830} INFO - Processing file /home/airflow/.local/lib/python3.12/site-packages/airflow/example_dags/example_short_circuit_operator.py for tasks to queue
[2024-04-19T12:27:12.366+0000] {logging_mixin.py:188} INFO - [2024-04-19T12:27:12.366+0000] {dagbag.py:540} INFO - Filling up the DagBag from /home/airflow/.local/lib/python3.12/site-packages/airflow/example_dags/example_short_circuit_operator.py
[2024-04-19T12:27:12.370+0000] {processor.py:840} INFO - DAG(s) 'example_short_circuit_operator' retrieved from /home/airflow/.local/lib/python3.12/site-packages/airflow/example_dags/example_short_circuit_operator.py
[2024-04-19T12:27:12.388+0000] {logging_mixin.py:188} INFO - [2024-04-19T12:27:12.387+0000] {dag.py:3096} INFO - Sync 1 DAGs
[2024-04-19T12:27:12.403+0000] {logging_mixin.py:188} INFO - [2024-04-19T12:27:12.402+0000] {dag.py:3954} INFO - Setting next_dagrun for example_short_circuit_operator to 2024-04-18 00:00:00+00:00, run_after=2024-04-19 00:00:00+00:00
[2024-04-19T12:27:12.419+0000] {processor.py:183} INFO - Processing /home/airflow/.local/lib/python3.12/site-packages/airflow/example_dags/example_short_circuit_operator.py took 0.059 seconds
[2024-04-19T12:27:43.181+0000] {processor.py:161} INFO - Started process (PID=883) to work on /home/airflow/.local/lib/python3.12/site-packages/airflow/example_dags/example_short_circuit_operator.py
[2024-04-19T12:27:43.183+0000] {processor.py:830} INFO - Processing file /home/airflow/.local/lib/python3.12/site-packages/airflow/example_dags/example_short_circuit_operator.py for tasks to queue
[2024-04-19T12:27:43.186+0000] {logging_mixin.py:188} INFO - [2024-04-19T12:27:43.185+0000] {dagbag.py:540} INFO - Filling up the DagBag from /home/airflow/.local/lib/python3.12/site-packages/airflow/example_dags/example_short_circuit_operator.py
[2024-04-19T12:27:43.193+0000] {processor.py:840} INFO - DAG(s) 'example_short_circuit_operator' retrieved from /home/airflow/.local/lib/python3.12/site-packages/airflow/example_dags/example_short_circuit_operator.py
[2024-04-19T12:27:43.213+0000] {logging_mixin.py:188} INFO - [2024-04-19T12:27:43.212+0000] {dag.py:3096} INFO - Sync 1 DAGs
[2024-04-19T12:27:43.231+0000] {logging_mixin.py:188} INFO - [2024-04-19T12:27:43.231+0000] {dag.py:3954} INFO - Setting next_dagrun for example_short_circuit_operator to 2024-04-18 00:00:00+00:00, run_after=2024-04-19 00:00:00+00:00
[2024-04-19T12:27:43.253+0000] {processor.py:183} INFO - Processing /home/airflow/.local/lib/python3.12/site-packages/airflow/example_dags/example_short_circuit_operator.py took 0.075 seconds
[2024-04-19T12:28:13.446+0000] {processor.py:161} INFO - Started process (PID=941) to work on /home/airflow/.local/lib/python3.12/site-packages/airflow/example_dags/example_short_circuit_operator.py
[2024-04-19T12:28:13.447+0000] {processor.py:830} INFO - Processing file /home/airflow/.local/lib/python3.12/site-packages/airflow/example_dags/example_short_circuit_operator.py for tasks to queue
[2024-04-19T12:28:13.448+0000] {logging_mixin.py:188} INFO - [2024-04-19T12:28:13.448+0000] {dagbag.py:540} INFO - Filling up the DagBag from /home/airflow/.local/lib/python3.12/site-packages/airflow/example_dags/example_short_circuit_operator.py
[2024-04-19T12:28:13.456+0000] {processor.py:840} INFO - DAG(s) 'example_short_circuit_operator' retrieved from /home/airflow/.local/lib/python3.12/site-packages/airflow/example_dags/example_short_circuit_operator.py
[2024-04-19T12:28:13.473+0000] {logging_mixin.py:188} INFO - [2024-04-19T12:28:13.473+0000] {dag.py:3096} INFO - Sync 1 DAGs
[2024-04-19T12:28:13.490+0000] {logging_mixin.py:188} INFO - [2024-04-19T12:28:13.490+0000] {dag.py:3954} INFO - Setting next_dagrun for example_short_circuit_operator to 2024-04-18 00:00:00+00:00, run_after=2024-04-19 00:00:00+00:00
[2024-04-19T12:28:13.506+0000] {processor.py:183} INFO - Processing /home/airflow/.local/lib/python3.12/site-packages/airflow/example_dags/example_short_circuit_operator.py took 0.063 seconds
[2024-04-19T12:28:44.255+0000] {processor.py:161} INFO - Started process (PID=999) to work on /home/airflow/.local/lib/python3.12/site-packages/airflow/example_dags/example_short_circuit_operator.py
[2024-04-19T12:28:44.255+0000] {processor.py:830} INFO - Processing file /home/airflow/.local/lib/python3.12/site-packages/airflow/example_dags/example_short_circuit_operator.py for tasks to queue
[2024-04-19T12:28:44.257+0000] {logging_mixin.py:188} INFO - [2024-04-19T12:28:44.257+0000] {dagbag.py:540} INFO - Filling up the DagBag from /home/airflow/.local/lib/python3.12/site-packages/airflow/example_dags/example_short_circuit_operator.py
[2024-04-19T12:28:44.261+0000] {processor.py:840} INFO - DAG(s) 'example_short_circuit_operator' retrieved from /home/airflow/.local/lib/python3.12/site-packages/airflow/example_dags/example_short_circuit_operator.py
[2024-04-19T12:28:44.275+0000] {logging_mixin.py:188} INFO - [2024-04-19T12:28:44.275+0000] {dag.py:3096} INFO - Sync 1 DAGs
[2024-04-19T12:28:44.290+0000] {logging_mixin.py:188} INFO - [2024-04-19T12:28:44.290+0000] {dag.py:3954} INFO - Setting next_dagrun for example_short_circuit_operator to 2024-04-18 00:00:00+00:00, run_after=2024-04-19 00:00:00+00:00
[2024-04-19T12:28:44.305+0000] {processor.py:183} INFO - Processing /home/airflow/.local/lib/python3.12/site-packages/airflow/example_dags/example_short_circuit_operator.py took 0.053 seconds
[2024-04-19T12:29:14.949+0000] {processor.py:161} INFO - Started process (PID=1057) to work on /home/airflow/.local/lib/python3.12/site-packages/airflow/example_dags/example_short_circuit_operator.py
[2024-04-19T12:29:14.950+0000] {processor.py:830} INFO - Processing file /home/airflow/.local/lib/python3.12/site-packages/airflow/example_dags/example_short_circuit_operator.py for tasks to queue
[2024-04-19T12:29:14.951+0000] {logging_mixin.py:188} INFO - [2024-04-19T12:29:14.951+0000] {dagbag.py:540} INFO - Filling up the DagBag from /home/airflow/.local/lib/python3.12/site-packages/airflow/example_dags/example_short_circuit_operator.py
[2024-04-19T12:29:14.956+0000] {processor.py:840} INFO - DAG(s) 'example_short_circuit_operator' retrieved from /home/airflow/.local/lib/python3.12/site-packages/airflow/example_dags/example_short_circuit_operator.py
[2024-04-19T12:29:14.969+0000] {logging_mixin.py:188} INFO - [2024-04-19T12:29:14.969+0000] {dag.py:3096} INFO - Sync 1 DAGs
[2024-04-19T12:29:14.981+0000] {logging_mixin.py:188} INFO - [2024-04-19T12:29:14.981+0000] {dag.py:3954} INFO - Setting next_dagrun for example_short_circuit_operator to 2024-04-18 00:00:00+00:00, run_after=2024-04-19 00:00:00+00:00
[2024-04-19T12:29:14.994+0000] {processor.py:183} INFO - Processing /home/airflow/.local/lib/python3.12/site-packages/airflow/example_dags/example_short_circuit_operator.py took 0.048 seconds
[2024-04-19T12:29:45.262+0000] {processor.py:161} INFO - Started process (PID=1115) to work on /home/airflow/.local/lib/python3.12/site-packages/airflow/example_dags/example_short_circuit_operator.py
[2024-04-19T12:29:45.263+0000] {processor.py:830} INFO - Processing file /home/airflow/.local/lib/python3.12/site-packages/airflow/example_dags/example_short_circuit_operator.py for tasks to queue
[2024-04-19T12:29:45.264+0000] {logging_mixin.py:188} INFO - [2024-04-19T12:29:45.264+0000] {dagbag.py:540} INFO - Filling up the DagBag from /home/airflow/.local/lib/python3.12/site-packages/airflow/example_dags/example_short_circuit_operator.py
[2024-04-19T12:29:45.270+0000] {processor.py:840} INFO - DAG(s) 'example_short_circuit_operator' retrieved from /home/airflow/.local/lib/python3.12/site-packages/airflow/example_dags/example_short_circuit_operator.py
[2024-04-19T12:29:45.278+0000] {logging_mixin.py:188} INFO - [2024-04-19T12:29:45.278+0000] {dag.py:3096} INFO - Sync 1 DAGs
[2024-04-19T12:29:45.294+0000] {logging_mixin.py:188} INFO - [2024-04-19T12:29:45.294+0000] {dag.py:3954} INFO - Setting next_dagrun for example_short_circuit_operator to 2024-04-18 00:00:00+00:00, run_after=2024-04-19 00:00:00+00:00
[2024-04-19T12:29:45.309+0000] {processor.py:183} INFO - Processing /home/airflow/.local/lib/python3.12/site-packages/airflow/example_dags/example_short_circuit_operator.py took 0.050 seconds
[2024-04-19T12:30:16.061+0000] {processor.py:161} INFO - Started process (PID=1173) to work on /home/airflow/.local/lib/python3.12/site-packages/airflow/example_dags/example_short_circuit_operator.py
[2024-04-19T12:30:16.061+0000] {processor.py:830} INFO - Processing file /home/airflow/.local/lib/python3.12/site-packages/airflow/example_dags/example_short_circuit_operator.py for tasks to queue
[2024-04-19T12:30:16.063+0000] {logging_mixin.py:188} INFO - [2024-04-19T12:30:16.062+0000] {dagbag.py:540} INFO - Filling up the DagBag from /home/airflow/.local/lib/python3.12/site-packages/airflow/example_dags/example_short_circuit_operator.py
[2024-04-19T12:30:16.068+0000] {processor.py:840} INFO - DAG(s) 'example_short_circuit_operator' retrieved from /home/airflow/.local/lib/python3.12/site-packages/airflow/example_dags/example_short_circuit_operator.py
[2024-04-19T12:30:16.226+0000] {logging_mixin.py:188} INFO - [2024-04-19T12:30:16.225+0000] {dag.py:3096} INFO - Sync 1 DAGs
[2024-04-19T12:30:16.239+0000] {logging_mixin.py:188} INFO - [2024-04-19T12:30:16.238+0000] {dag.py:3954} INFO - Setting next_dagrun for example_short_circuit_operator to 2024-04-18 00:00:00+00:00, run_after=2024-04-19 00:00:00+00:00
[2024-04-19T12:30:16.253+0000] {processor.py:183} INFO - Processing /home/airflow/.local/lib/python3.12/site-packages/airflow/example_dags/example_short_circuit_operator.py took 0.195 seconds
[2024-04-19T12:30:46.697+0000] {processor.py:161} INFO - Started process (PID=1231) to work on /home/airflow/.local/lib/python3.12/site-packages/airflow/example_dags/example_short_circuit_operator.py
[2024-04-19T12:30:46.698+0000] {processor.py:830} INFO - Processing file /home/airflow/.local/lib/python3.12/site-packages/airflow/example_dags/example_short_circuit_operator.py for tasks to queue
[2024-04-19T12:30:46.700+0000] {logging_mixin.py:188} INFO - [2024-04-19T12:30:46.699+0000] {dagbag.py:540} INFO - Filling up the DagBag from /home/airflow/.local/lib/python3.12/site-packages/airflow/example_dags/example_short_circuit_operator.py
[2024-04-19T12:30:46.704+0000] {processor.py:840} INFO - DAG(s) 'example_short_circuit_operator' retrieved from /home/airflow/.local/lib/python3.12/site-packages/airflow/example_dags/example_short_circuit_operator.py
[2024-04-19T12:30:46.719+0000] {logging_mixin.py:188} INFO - [2024-04-19T12:30:46.719+0000] {dag.py:3096} INFO - Sync 1 DAGs
[2024-04-19T12:30:46.733+0000] {logging_mixin.py:188} INFO - [2024-04-19T12:30:46.733+0000] {dag.py:3954} INFO - Setting next_dagrun for example_short_circuit_operator to 2024-04-18 00:00:00+00:00, run_after=2024-04-19 00:00:00+00:00
[2024-04-19T12:30:46.746+0000] {processor.py:183} INFO - Processing /home/airflow/.local/lib/python3.12/site-packages/airflow/example_dags/example_short_circuit_operator.py took 0.053 seconds
[2024-04-19T12:31:17.045+0000] {processor.py:161} INFO - Started process (PID=1289) to work on /home/airflow/.local/lib/python3.12/site-packages/airflow/example_dags/example_short_circuit_operator.py
[2024-04-19T12:31:17.046+0000] {processor.py:830} INFO - Processing file /home/airflow/.local/lib/python3.12/site-packages/airflow/example_dags/example_short_circuit_operator.py for tasks to queue
[2024-04-19T12:31:17.047+0000] {logging_mixin.py:188} INFO - [2024-04-19T12:31:17.047+0000] {dagbag.py:540} INFO - Filling up the DagBag from /home/airflow/.local/lib/python3.12/site-packages/airflow/example_dags/example_short_circuit_operator.py
[2024-04-19T12:31:17.052+0000] {processor.py:840} INFO - DAG(s) 'example_short_circuit_operator' retrieved from /home/airflow/.local/lib/python3.12/site-packages/airflow/example_dags/example_short_circuit_operator.py
[2024-04-19T12:31:17.066+0000] {logging_mixin.py:188} INFO - [2024-04-19T12:31:17.065+0000] {dag.py:3096} INFO - Sync 1 DAGs
[2024-04-19T12:31:17.078+0000] {logging_mixin.py:188} INFO - [2024-04-19T12:31:17.078+0000] {dag.py:3954} INFO - Setting next_dagrun for example_short_circuit_operator to 2024-04-18 00:00:00+00:00, run_after=2024-04-19 00:00:00+00:00
[2024-04-19T12:31:17.094+0000] {processor.py:183} INFO - Processing /home/airflow/.local/lib/python3.12/site-packages/airflow/example_dags/example_short_circuit_operator.py took 0.053 seconds
[2024-04-19T12:31:47.378+0000] {processor.py:161} INFO - Started process (PID=1346) to work on /home/airflow/.local/lib/python3.12/site-packages/airflow/example_dags/example_short_circuit_operator.py
[2024-04-19T12:31:47.379+0000] {processor.py:830} INFO - Processing file /home/airflow/.local/lib/python3.12/site-packages/airflow/example_dags/example_short_circuit_operator.py for tasks to queue
[2024-04-19T12:31:47.380+0000] {logging_mixin.py:188} INFO - [2024-04-19T12:31:47.380+0000] {dagbag.py:540} INFO - Filling up the DagBag from /home/airflow/.local/lib/python3.12/site-packages/airflow/example_dags/example_short_circuit_operator.py
[2024-04-19T12:31:47.387+0000] {processor.py:840} INFO - DAG(s) 'example_short_circuit_operator' retrieved from /home/airflow/.local/lib/python3.12/site-packages/airflow/example_dags/example_short_circuit_operator.py
[2024-04-19T12:31:47.403+0000] {logging_mixin.py:188} INFO - [2024-04-19T12:31:47.403+0000] {dag.py:3096} INFO - Sync 1 DAGs
[2024-04-19T12:31:47.419+0000] {logging_mixin.py:188} INFO - [2024-04-19T12:31:47.418+0000] {dag.py:3954} INFO - Setting next_dagrun for example_short_circuit_operator to 2024-04-18 00:00:00+00:00, run_after=2024-04-19 00:00:00+00:00
[2024-04-19T12:31:47.433+0000] {processor.py:183} INFO - Processing /home/airflow/.local/lib/python3.12/site-packages/airflow/example_dags/example_short_circuit_operator.py took 0.061 seconds
[2024-04-19T12:32:17.873+0000] {processor.py:161} INFO - Started process (PID=1404) to work on /home/airflow/.local/lib/python3.12/site-packages/airflow/example_dags/example_short_circuit_operator.py
[2024-04-19T12:32:17.874+0000] {processor.py:830} INFO - Processing file /home/airflow/.local/lib/python3.12/site-packages/airflow/example_dags/example_short_circuit_operator.py for tasks to queue
[2024-04-19T12:32:17.875+0000] {logging_mixin.py:188} INFO - [2024-04-19T12:32:17.875+0000] {dagbag.py:540} INFO - Filling up the DagBag from /home/airflow/.local/lib/python3.12/site-packages/airflow/example_dags/example_short_circuit_operator.py
[2024-04-19T12:32:17.880+0000] {processor.py:840} INFO - DAG(s) 'example_short_circuit_operator' retrieved from /home/airflow/.local/lib/python3.12/site-packages/airflow/example_dags/example_short_circuit_operator.py
[2024-04-19T12:32:17.897+0000] {logging_mixin.py:188} INFO - [2024-04-19T12:32:17.897+0000] {dag.py:3096} INFO - Sync 1 DAGs
[2024-04-19T12:32:17.913+0000] {logging_mixin.py:188} INFO - [2024-04-19T12:32:17.913+0000] {dag.py:3954} INFO - Setting next_dagrun for example_short_circuit_operator to 2024-04-18 00:00:00+00:00, run_after=2024-04-19 00:00:00+00:00
[2024-04-19T12:32:17.930+0000] {processor.py:183} INFO - Processing /home/airflow/.local/lib/python3.12/site-packages/airflow/example_dags/example_short_circuit_operator.py took 0.060 seconds
[2024-04-19T12:32:48.300+0000] {processor.py:161} INFO - Started process (PID=1462) to work on /home/airflow/.local/lib/python3.12/site-packages/airflow/example_dags/example_short_circuit_operator.py
[2024-04-19T12:32:48.301+0000] {processor.py:830} INFO - Processing file /home/airflow/.local/lib/python3.12/site-packages/airflow/example_dags/example_short_circuit_operator.py for tasks to queue
[2024-04-19T12:32:48.302+0000] {logging_mixin.py:188} INFO - [2024-04-19T12:32:48.302+0000] {dagbag.py:540} INFO - Filling up the DagBag from /home/airflow/.local/lib/python3.12/site-packages/airflow/example_dags/example_short_circuit_operator.py
[2024-04-19T12:32:48.307+0000] {processor.py:840} INFO - DAG(s) 'example_short_circuit_operator' retrieved from /home/airflow/.local/lib/python3.12/site-packages/airflow/example_dags/example_short_circuit_operator.py
[2024-04-19T12:32:48.321+0000] {logging_mixin.py:188} INFO - [2024-04-19T12:32:48.321+0000] {dag.py:3096} INFO - Sync 1 DAGs
[2024-04-19T12:32:48.336+0000] {logging_mixin.py:188} INFO - [2024-04-19T12:32:48.336+0000] {dag.py:3954} INFO - Setting next_dagrun for example_short_circuit_operator to 2024-04-18 00:00:00+00:00, run_after=2024-04-19 00:00:00+00:00
[2024-04-19T12:32:48.349+0000] {processor.py:183} INFO - Processing /home/airflow/.local/lib/python3.12/site-packages/airflow/example_dags/example_short_circuit_operator.py took 0.054 seconds
[2024-04-19T12:33:18.766+0000] {processor.py:161} INFO - Started process (PID=1520) to work on /home/airflow/.local/lib/python3.12/site-packages/airflow/example_dags/example_short_circuit_operator.py
[2024-04-19T12:33:18.767+0000] {processor.py:830} INFO - Processing file /home/airflow/.local/lib/python3.12/site-packages/airflow/example_dags/example_short_circuit_operator.py for tasks to queue
[2024-04-19T12:33:18.768+0000] {logging_mixin.py:188} INFO - [2024-04-19T12:33:18.768+0000] {dagbag.py:540} INFO - Filling up the DagBag from /home/airflow/.local/lib/python3.12/site-packages/airflow/example_dags/example_short_circuit_operator.py
[2024-04-19T12:33:18.773+0000] {processor.py:840} INFO - DAG(s) 'example_short_circuit_operator' retrieved from /home/airflow/.local/lib/python3.12/site-packages/airflow/example_dags/example_short_circuit_operator.py
[2024-04-19T12:33:18.790+0000] {logging_mixin.py:188} INFO - [2024-04-19T12:33:18.789+0000] {dag.py:3096} INFO - Sync 1 DAGs
[2024-04-19T12:33:18.804+0000] {logging_mixin.py:188} INFO - [2024-04-19T12:33:18.804+0000] {dag.py:3954} INFO - Setting next_dagrun for example_short_circuit_operator to 2024-04-18 00:00:00+00:00, run_after=2024-04-19 00:00:00+00:00
[2024-04-19T12:33:18.822+0000] {processor.py:183} INFO - Processing /home/airflow/.local/lib/python3.12/site-packages/airflow/example_dags/example_short_circuit_operator.py took 0.059 seconds
[2024-04-19T12:33:49.200+0000] {processor.py:161} INFO - Started process (PID=1578) to work on /home/airflow/.local/lib/python3.12/site-packages/airflow/example_dags/example_short_circuit_operator.py
[2024-04-19T12:33:49.201+0000] {processor.py:830} INFO - Processing file /home/airflow/.local/lib/python3.12/site-packages/airflow/example_dags/example_short_circuit_operator.py for tasks to queue
[2024-04-19T12:33:49.203+0000] {logging_mixin.py:188} INFO - [2024-04-19T12:33:49.202+0000] {dagbag.py:540} INFO - Filling up the DagBag from /home/airflow/.local/lib/python3.12/site-packages/airflow/example_dags/example_short_circuit_operator.py
[2024-04-19T12:33:49.207+0000] {processor.py:840} INFO - DAG(s) 'example_short_circuit_operator' retrieved from /home/airflow/.local/lib/python3.12/site-packages/airflow/example_dags/example_short_circuit_operator.py
[2024-04-19T12:33:49.224+0000] {logging_mixin.py:188} INFO - [2024-04-19T12:33:49.223+0000] {dag.py:3096} INFO - Sync 1 DAGs
[2024-04-19T12:33:49.240+0000] {logging_mixin.py:188} INFO - [2024-04-19T12:33:49.239+0000] {dag.py:3954} INFO - Setting next_dagrun for example_short_circuit_operator to 2024-04-18 00:00:00+00:00, run_after=2024-04-19 00:00:00+00:00
[2024-04-19T12:33:49.255+0000] {processor.py:183} INFO - Processing /home/airflow/.local/lib/python3.12/site-packages/airflow/example_dags/example_short_circuit_operator.py took 0.060 seconds
