[2024-04-19T12:17:11.357+0000] {processor.py:161} INFO - Started process (PID=42) to work on /home/airflow/.local/lib/python3.12/site-packages/airflow/example_dags/example_xcomargs.py
[2024-04-19T12:17:11.358+0000] {processor.py:830} INFO - Processing file /home/airflow/.local/lib/python3.12/site-packages/airflow/example_dags/example_xcomargs.py for tasks to queue
[2024-04-19T12:17:11.360+0000] {logging_mixin.py:188} INFO - [2024-04-19T12:17:11.359+0000] {dagbag.py:540} INFO - Filling up the DagBag from /home/airflow/.local/lib/python3.12/site-packages/airflow/example_dags/example_xcomargs.py
[2024-04-19T12:17:11.368+0000] {processor.py:840} INFO - DAG(s) 'example_xcom_args', 'example_xcom_args_with_operators' retrieved from /home/airflow/.local/lib/python3.12/site-packages/airflow/example_dags/example_xcomargs.py
[2024-04-19T12:17:11.380+0000] {logging_mixin.py:188} INFO - [2024-04-19T12:17:11.379+0000] {dag.py:3096} INFO - Sync 2 DAGs
[2024-04-19T12:17:11.399+0000] {logging_mixin.py:188} INFO - [2024-04-19T12:17:11.399+0000] {dag.py:3954} INFO - Setting next_dagrun for example_xcom_args to None, run_after=None
[2024-04-19T12:17:11.405+0000] {logging_mixin.py:188} INFO - [2024-04-19T12:17:11.404+0000] {dag.py:3954} INFO - Setting next_dagrun for example_xcom_args_with_operators to None, run_after=None
[2024-04-19T12:17:11.425+0000] {processor.py:183} INFO - Processing /home/airflow/.local/lib/python3.12/site-packages/airflow/example_dags/example_xcomargs.py took 0.073 seconds
[2024-04-19T12:17:41.749+0000] {processor.py:161} INFO - Started process (PID=100) to work on /home/airflow/.local/lib/python3.12/site-packages/airflow/example_dags/example_xcomargs.py
[2024-04-19T12:17:41.750+0000] {processor.py:830} INFO - Processing file /home/airflow/.local/lib/python3.12/site-packages/airflow/example_dags/example_xcomargs.py for tasks to queue
[2024-04-19T12:17:41.751+0000] {logging_mixin.py:188} INFO - [2024-04-19T12:17:41.751+0000] {dagbag.py:540} INFO - Filling up the DagBag from /home/airflow/.local/lib/python3.12/site-packages/airflow/example_dags/example_xcomargs.py
[2024-04-19T12:17:41.756+0000] {processor.py:840} INFO - DAG(s) 'example_xcom_args', 'example_xcom_args_with_operators' retrieved from /home/airflow/.local/lib/python3.12/site-packages/airflow/example_dags/example_xcomargs.py
[2024-04-19T12:17:41.824+0000] {logging_mixin.py:188} INFO - [2024-04-19T12:17:41.824+0000] {dag.py:3096} INFO - Sync 2 DAGs
[2024-04-19T12:17:41.831+0000] {logging_mixin.py:188} INFO - [2024-04-19T12:17:41.831+0000] {dag.py:3954} INFO - Setting next_dagrun for example_xcom_args to None, run_after=None
[2024-04-19T12:17:41.834+0000] {logging_mixin.py:188} INFO - [2024-04-19T12:17:41.834+0000] {dag.py:3954} INFO - Setting next_dagrun for example_xcom_args_with_operators to None, run_after=None
[2024-04-19T12:17:41.847+0000] {processor.py:183} INFO - Processing /home/airflow/.local/lib/python3.12/site-packages/airflow/example_dags/example_xcomargs.py took 0.101 seconds
[2024-04-19T12:18:11.967+0000] {processor.py:161} INFO - Started process (PID=158) to work on /home/airflow/.local/lib/python3.12/site-packages/airflow/example_dags/example_xcomargs.py
[2024-04-19T12:18:11.968+0000] {processor.py:830} INFO - Processing file /home/airflow/.local/lib/python3.12/site-packages/airflow/example_dags/example_xcomargs.py for tasks to queue
[2024-04-19T12:18:11.969+0000] {logging_mixin.py:188} INFO - [2024-04-19T12:18:11.969+0000] {dagbag.py:540} INFO - Filling up the DagBag from /home/airflow/.local/lib/python3.12/site-packages/airflow/example_dags/example_xcomargs.py
[2024-04-19T12:18:11.974+0000] {processor.py:840} INFO - DAG(s) 'example_xcom_args', 'example_xcom_args_with_operators' retrieved from /home/airflow/.local/lib/python3.12/site-packages/airflow/example_dags/example_xcomargs.py
[2024-04-19T12:18:11.991+0000] {logging_mixin.py:188} INFO - [2024-04-19T12:18:11.990+0000] {dag.py:3096} INFO - Sync 2 DAGs
[2024-04-19T12:18:11.999+0000] {logging_mixin.py:188} INFO - [2024-04-19T12:18:11.999+0000] {dag.py:3954} INFO - Setting next_dagrun for example_xcom_args to None, run_after=None
[2024-04-19T12:18:12.002+0000] {logging_mixin.py:188} INFO - [2024-04-19T12:18:12.002+0000] {dag.py:3954} INFO - Setting next_dagrun for example_xcom_args_with_operators to None, run_after=None
[2024-04-19T12:18:12.016+0000] {processor.py:183} INFO - Processing /home/airflow/.local/lib/python3.12/site-packages/airflow/example_dags/example_xcomargs.py took 0.052 seconds
[2024-04-19T12:18:42.362+0000] {processor.py:161} INFO - Started process (PID=216) to work on /home/airflow/.local/lib/python3.12/site-packages/airflow/example_dags/example_xcomargs.py
[2024-04-19T12:18:42.363+0000] {processor.py:830} INFO - Processing file /home/airflow/.local/lib/python3.12/site-packages/airflow/example_dags/example_xcomargs.py for tasks to queue
[2024-04-19T12:18:42.364+0000] {logging_mixin.py:188} INFO - [2024-04-19T12:18:42.364+0000] {dagbag.py:540} INFO - Filling up the DagBag from /home/airflow/.local/lib/python3.12/site-packages/airflow/example_dags/example_xcomargs.py
[2024-04-19T12:18:42.369+0000] {processor.py:840} INFO - DAG(s) 'example_xcom_args', 'example_xcom_args_with_operators' retrieved from /home/airflow/.local/lib/python3.12/site-packages/airflow/example_dags/example_xcomargs.py
[2024-04-19T12:18:42.384+0000] {logging_mixin.py:188} INFO - [2024-04-19T12:18:42.384+0000] {dag.py:3096} INFO - Sync 2 DAGs
[2024-04-19T12:18:42.393+0000] {logging_mixin.py:188} INFO - [2024-04-19T12:18:42.393+0000] {dag.py:3954} INFO - Setting next_dagrun for example_xcom_args to None, run_after=None
[2024-04-19T12:18:42.396+0000] {logging_mixin.py:188} INFO - [2024-04-19T12:18:42.395+0000] {dag.py:3954} INFO - Setting next_dagrun for example_xcom_args_with_operators to None, run_after=None
[2024-04-19T12:18:42.412+0000] {processor.py:183} INFO - Processing /home/airflow/.local/lib/python3.12/site-packages/airflow/example_dags/example_xcomargs.py took 0.053 seconds
[2024-04-19T12:20:33.240+0000] {processor.py:161} INFO - Started process (PID=42) to work on /home/airflow/.local/lib/python3.12/site-packages/airflow/example_dags/example_xcomargs.py
[2024-04-19T12:20:33.253+0000] {processor.py:830} INFO - Processing file /home/airflow/.local/lib/python3.12/site-packages/airflow/example_dags/example_xcomargs.py for tasks to queue
[2024-04-19T12:20:33.255+0000] {logging_mixin.py:188} INFO - [2024-04-19T12:20:33.254+0000] {dagbag.py:540} INFO - Filling up the DagBag from /home/airflow/.local/lib/python3.12/site-packages/airflow/example_dags/example_xcomargs.py
[2024-04-19T12:20:33.265+0000] {processor.py:840} INFO - DAG(s) 'example_xcom_args_with_operators', 'example_xcom_args' retrieved from /home/airflow/.local/lib/python3.12/site-packages/airflow/example_dags/example_xcomargs.py
[2024-04-19T12:20:33.283+0000] {logging_mixin.py:188} INFO - [2024-04-19T12:20:33.282+0000] {dag.py:3096} INFO - Sync 2 DAGs
[2024-04-19T12:20:33.301+0000] {logging_mixin.py:188} INFO - [2024-04-19T12:20:33.300+0000] {dag.py:3954} INFO - Setting next_dagrun for example_xcom_args to None, run_after=None
[2024-04-19T12:20:33.306+0000] {logging_mixin.py:188} INFO - [2024-04-19T12:20:33.306+0000] {dag.py:3954} INFO - Setting next_dagrun for example_xcom_args_with_operators to None, run_after=None
[2024-04-19T12:20:33.327+0000] {processor.py:183} INFO - Processing /home/airflow/.local/lib/python3.12/site-packages/airflow/example_dags/example_xcomargs.py took 0.094 seconds
[2024-04-19T12:21:03.636+0000] {processor.py:161} INFO - Started process (PID=100) to work on /home/airflow/.local/lib/python3.12/site-packages/airflow/example_dags/example_xcomargs.py
[2024-04-19T12:21:03.637+0000] {processor.py:830} INFO - Processing file /home/airflow/.local/lib/python3.12/site-packages/airflow/example_dags/example_xcomargs.py for tasks to queue
[2024-04-19T12:21:03.639+0000] {logging_mixin.py:188} INFO - [2024-04-19T12:21:03.638+0000] {dagbag.py:540} INFO - Filling up the DagBag from /home/airflow/.local/lib/python3.12/site-packages/airflow/example_dags/example_xcomargs.py
[2024-04-19T12:21:03.645+0000] {processor.py:840} INFO - DAG(s) 'example_xcom_args_with_operators', 'example_xcom_args' retrieved from /home/airflow/.local/lib/python3.12/site-packages/airflow/example_dags/example_xcomargs.py
[2024-04-19T12:21:03.720+0000] {logging_mixin.py:188} INFO - [2024-04-19T12:21:03.720+0000] {dag.py:3096} INFO - Sync 2 DAGs
[2024-04-19T12:21:03.727+0000] {logging_mixin.py:188} INFO - [2024-04-19T12:21:03.727+0000] {dag.py:3954} INFO - Setting next_dagrun for example_xcom_args to None, run_after=None
[2024-04-19T12:21:03.730+0000] {logging_mixin.py:188} INFO - [2024-04-19T12:21:03.729+0000] {dag.py:3954} INFO - Setting next_dagrun for example_xcom_args_with_operators to None, run_after=None
[2024-04-19T12:21:03.746+0000] {processor.py:183} INFO - Processing /home/airflow/.local/lib/python3.12/site-packages/airflow/example_dags/example_xcomargs.py took 0.115 seconds
[2024-04-19T12:21:34.023+0000] {processor.py:161} INFO - Started process (PID=158) to work on /home/airflow/.local/lib/python3.12/site-packages/airflow/example_dags/example_xcomargs.py
[2024-04-19T12:21:34.023+0000] {processor.py:830} INFO - Processing file /home/airflow/.local/lib/python3.12/site-packages/airflow/example_dags/example_xcomargs.py for tasks to queue
[2024-04-19T12:21:34.025+0000] {logging_mixin.py:188} INFO - [2024-04-19T12:21:34.025+0000] {dagbag.py:540} INFO - Filling up the DagBag from /home/airflow/.local/lib/python3.12/site-packages/airflow/example_dags/example_xcomargs.py
[2024-04-19T12:21:34.032+0000] {processor.py:840} INFO - DAG(s) 'example_xcom_args_with_operators', 'example_xcom_args' retrieved from /home/airflow/.local/lib/python3.12/site-packages/airflow/example_dags/example_xcomargs.py
[2024-04-19T12:21:34.049+0000] {logging_mixin.py:188} INFO - [2024-04-19T12:21:34.049+0000] {dag.py:3096} INFO - Sync 2 DAGs
[2024-04-19T12:21:34.058+0000] {logging_mixin.py:188} INFO - [2024-04-19T12:21:34.058+0000] {dag.py:3954} INFO - Setting next_dagrun for example_xcom_args to None, run_after=None
[2024-04-19T12:21:34.061+0000] {logging_mixin.py:188} INFO - [2024-04-19T12:21:34.061+0000] {dag.py:3954} INFO - Setting next_dagrun for example_xcom_args_with_operators to None, run_after=None
[2024-04-19T12:21:34.078+0000] {processor.py:183} INFO - Processing /home/airflow/.local/lib/python3.12/site-packages/airflow/example_dags/example_xcomargs.py took 0.059 seconds
[2024-04-19T12:22:04.322+0000] {processor.py:161} INFO - Started process (PID=216) to work on /home/airflow/.local/lib/python3.12/site-packages/airflow/example_dags/example_xcomargs.py
[2024-04-19T12:22:04.323+0000] {processor.py:830} INFO - Processing file /home/airflow/.local/lib/python3.12/site-packages/airflow/example_dags/example_xcomargs.py for tasks to queue
[2024-04-19T12:22:04.324+0000] {logging_mixin.py:188} INFO - [2024-04-19T12:22:04.324+0000] {dagbag.py:540} INFO - Filling up the DagBag from /home/airflow/.local/lib/python3.12/site-packages/airflow/example_dags/example_xcomargs.py
[2024-04-19T12:22:04.329+0000] {processor.py:840} INFO - DAG(s) 'example_xcom_args', 'example_xcom_args_with_operators' retrieved from /home/airflow/.local/lib/python3.12/site-packages/airflow/example_dags/example_xcomargs.py
[2024-04-19T12:22:04.344+0000] {logging_mixin.py:188} INFO - [2024-04-19T12:22:04.344+0000] {dag.py:3096} INFO - Sync 2 DAGs
[2024-04-19T12:22:04.353+0000] {logging_mixin.py:188} INFO - [2024-04-19T12:22:04.353+0000] {dag.py:3954} INFO - Setting next_dagrun for example_xcom_args to None, run_after=None
[2024-04-19T12:22:04.356+0000] {logging_mixin.py:188} INFO - [2024-04-19T12:22:04.356+0000] {dag.py:3954} INFO - Setting next_dagrun for example_xcom_args_with_operators to None, run_after=None
[2024-04-19T12:22:04.370+0000] {processor.py:183} INFO - Processing /home/airflow/.local/lib/python3.12/site-packages/airflow/example_dags/example_xcomargs.py took 0.052 seconds
[2024-04-19T12:22:34.709+0000] {processor.py:161} INFO - Started process (PID=274) to work on /home/airflow/.local/lib/python3.12/site-packages/airflow/example_dags/example_xcomargs.py
[2024-04-19T12:22:34.710+0000] {processor.py:830} INFO - Processing file /home/airflow/.local/lib/python3.12/site-packages/airflow/example_dags/example_xcomargs.py for tasks to queue
[2024-04-19T12:22:34.711+0000] {logging_mixin.py:188} INFO - [2024-04-19T12:22:34.711+0000] {dagbag.py:540} INFO - Filling up the DagBag from /home/airflow/.local/lib/python3.12/site-packages/airflow/example_dags/example_xcomargs.py
[2024-04-19T12:22:34.716+0000] {processor.py:840} INFO - DAG(s) 'example_xcom_args_with_operators', 'example_xcom_args' retrieved from /home/airflow/.local/lib/python3.12/site-packages/airflow/example_dags/example_xcomargs.py
[2024-04-19T12:22:34.735+0000] {logging_mixin.py:188} INFO - [2024-04-19T12:22:34.734+0000] {dag.py:3096} INFO - Sync 2 DAGs
[2024-04-19T12:22:34.743+0000] {logging_mixin.py:188} INFO - [2024-04-19T12:22:34.743+0000] {dag.py:3954} INFO - Setting next_dagrun for example_xcom_args to None, run_after=None
[2024-04-19T12:22:34.746+0000] {logging_mixin.py:188} INFO - [2024-04-19T12:22:34.746+0000] {dag.py:3954} INFO - Setting next_dagrun for example_xcom_args_with_operators to None, run_after=None
[2024-04-19T12:22:34.759+0000] {processor.py:183} INFO - Processing /home/airflow/.local/lib/python3.12/site-packages/airflow/example_dags/example_xcomargs.py took 0.054 seconds
[2024-04-19T12:23:05.025+0000] {processor.py:161} INFO - Started process (PID=332) to work on /home/airflow/.local/lib/python3.12/site-packages/airflow/example_dags/example_xcomargs.py
[2024-04-19T12:23:05.026+0000] {processor.py:830} INFO - Processing file /home/airflow/.local/lib/python3.12/site-packages/airflow/example_dags/example_xcomargs.py for tasks to queue
[2024-04-19T12:23:05.027+0000] {logging_mixin.py:188} INFO - [2024-04-19T12:23:05.027+0000] {dagbag.py:540} INFO - Filling up the DagBag from /home/airflow/.local/lib/python3.12/site-packages/airflow/example_dags/example_xcomargs.py
[2024-04-19T12:23:05.033+0000] {processor.py:840} INFO - DAG(s) 'example_xcom_args_with_operators', 'example_xcom_args' retrieved from /home/airflow/.local/lib/python3.12/site-packages/airflow/example_dags/example_xcomargs.py
[2024-04-19T12:23:05.042+0000] {logging_mixin.py:188} INFO - [2024-04-19T12:23:05.042+0000] {dag.py:3096} INFO - Sync 2 DAGs
[2024-04-19T12:23:05.052+0000] {logging_mixin.py:188} INFO - [2024-04-19T12:23:05.052+0000] {dag.py:3954} INFO - Setting next_dagrun for example_xcom_args to None, run_after=None
[2024-04-19T12:23:05.056+0000] {logging_mixin.py:188} INFO - [2024-04-19T12:23:05.056+0000] {dag.py:3954} INFO - Setting next_dagrun for example_xcom_args_with_operators to None, run_after=None
[2024-04-19T12:23:05.074+0000] {processor.py:183} INFO - Processing /home/airflow/.local/lib/python3.12/site-packages/airflow/example_dags/example_xcomargs.py took 0.052 seconds
[2024-04-19T12:23:35.878+0000] {processor.py:161} INFO - Started process (PID=391) to work on /home/airflow/.local/lib/python3.12/site-packages/airflow/example_dags/example_xcomargs.py
[2024-04-19T12:23:35.879+0000] {processor.py:830} INFO - Processing file /home/airflow/.local/lib/python3.12/site-packages/airflow/example_dags/example_xcomargs.py for tasks to queue
[2024-04-19T12:23:35.880+0000] {logging_mixin.py:188} INFO - [2024-04-19T12:23:35.880+0000] {dagbag.py:540} INFO - Filling up the DagBag from /home/airflow/.local/lib/python3.12/site-packages/airflow/example_dags/example_xcomargs.py
[2024-04-19T12:23:35.885+0000] {processor.py:840} INFO - DAG(s) 'example_xcom_args_with_operators', 'example_xcom_args' retrieved from /home/airflow/.local/lib/python3.12/site-packages/airflow/example_dags/example_xcomargs.py
[2024-04-19T12:23:35.947+0000] {logging_mixin.py:188} INFO - [2024-04-19T12:23:35.947+0000] {dag.py:3096} INFO - Sync 2 DAGs
[2024-04-19T12:23:35.954+0000] {logging_mixin.py:188} INFO - [2024-04-19T12:23:35.954+0000] {dag.py:3954} INFO - Setting next_dagrun for example_xcom_args to None, run_after=None
[2024-04-19T12:23:35.956+0000] {logging_mixin.py:188} INFO - [2024-04-19T12:23:35.956+0000] {dag.py:3954} INFO - Setting next_dagrun for example_xcom_args_with_operators to None, run_after=None
[2024-04-19T12:23:35.967+0000] {processor.py:183} INFO - Processing /home/airflow/.local/lib/python3.12/site-packages/airflow/example_dags/example_xcomargs.py took 0.092 seconds
[2024-04-19T12:24:06.161+0000] {processor.py:161} INFO - Started process (PID=450) to work on /home/airflow/.local/lib/python3.12/site-packages/airflow/example_dags/example_xcomargs.py
[2024-04-19T12:24:06.162+0000] {processor.py:830} INFO - Processing file /home/airflow/.local/lib/python3.12/site-packages/airflow/example_dags/example_xcomargs.py for tasks to queue
[2024-04-19T12:24:06.164+0000] {logging_mixin.py:188} INFO - [2024-04-19T12:24:06.163+0000] {dagbag.py:540} INFO - Filling up the DagBag from /home/airflow/.local/lib/python3.12/site-packages/airflow/example_dags/example_xcomargs.py
[2024-04-19T12:24:06.173+0000] {processor.py:840} INFO - DAG(s) 'example_xcom_args', 'example_xcom_args_with_operators' retrieved from /home/airflow/.local/lib/python3.12/site-packages/airflow/example_dags/example_xcomargs.py
[2024-04-19T12:24:06.196+0000] {logging_mixin.py:188} INFO - [2024-04-19T12:24:06.196+0000] {dag.py:3096} INFO - Sync 2 DAGs
[2024-04-19T12:24:06.213+0000] {logging_mixin.py:188} INFO - [2024-04-19T12:24:06.212+0000] {dag.py:3954} INFO - Setting next_dagrun for example_xcom_args to None, run_after=None
[2024-04-19T12:24:06.217+0000] {logging_mixin.py:188} INFO - [2024-04-19T12:24:06.216+0000] {dag.py:3954} INFO - Setting next_dagrun for example_xcom_args_with_operators to None, run_after=None
[2024-04-19T12:24:06.233+0000] {processor.py:183} INFO - Processing /home/airflow/.local/lib/python3.12/site-packages/airflow/example_dags/example_xcomargs.py took 0.077 seconds
[2024-04-19T12:24:36.675+0000] {processor.py:161} INFO - Started process (PID=508) to work on /home/airflow/.local/lib/python3.12/site-packages/airflow/example_dags/example_xcomargs.py
[2024-04-19T12:24:36.675+0000] {processor.py:830} INFO - Processing file /home/airflow/.local/lib/python3.12/site-packages/airflow/example_dags/example_xcomargs.py for tasks to queue
[2024-04-19T12:24:36.677+0000] {logging_mixin.py:188} INFO - [2024-04-19T12:24:36.676+0000] {dagbag.py:540} INFO - Filling up the DagBag from /home/airflow/.local/lib/python3.12/site-packages/airflow/example_dags/example_xcomargs.py
[2024-04-19T12:24:36.682+0000] {processor.py:840} INFO - DAG(s) 'example_xcom_args', 'example_xcom_args_with_operators' retrieved from /home/airflow/.local/lib/python3.12/site-packages/airflow/example_dags/example_xcomargs.py
[2024-04-19T12:24:36.698+0000] {logging_mixin.py:188} INFO - [2024-04-19T12:24:36.698+0000] {dag.py:3096} INFO - Sync 2 DAGs
[2024-04-19T12:24:36.707+0000] {logging_mixin.py:188} INFO - [2024-04-19T12:24:36.706+0000] {dag.py:3954} INFO - Setting next_dagrun for example_xcom_args to None, run_after=None
[2024-04-19T12:24:36.709+0000] {logging_mixin.py:188} INFO - [2024-04-19T12:24:36.709+0000] {dag.py:3954} INFO - Setting next_dagrun for example_xcom_args_with_operators to None, run_after=None
[2024-04-19T12:24:36.725+0000] {processor.py:183} INFO - Processing /home/airflow/.local/lib/python3.12/site-packages/airflow/example_dags/example_xcomargs.py took 0.054 seconds
[2024-04-19T12:25:07.232+0000] {processor.py:161} INFO - Started process (PID=566) to work on /home/airflow/.local/lib/python3.12/site-packages/airflow/example_dags/example_xcomargs.py
[2024-04-19T12:25:07.233+0000] {processor.py:830} INFO - Processing file /home/airflow/.local/lib/python3.12/site-packages/airflow/example_dags/example_xcomargs.py for tasks to queue
[2024-04-19T12:25:07.235+0000] {logging_mixin.py:188} INFO - [2024-04-19T12:25:07.234+0000] {dagbag.py:540} INFO - Filling up the DagBag from /home/airflow/.local/lib/python3.12/site-packages/airflow/example_dags/example_xcomargs.py
[2024-04-19T12:25:07.242+0000] {processor.py:840} INFO - DAG(s) 'example_xcom_args_with_operators', 'example_xcom_args' retrieved from /home/airflow/.local/lib/python3.12/site-packages/airflow/example_dags/example_xcomargs.py
[2024-04-19T12:25:07.268+0000] {logging_mixin.py:188} INFO - [2024-04-19T12:25:07.267+0000] {dag.py:3096} INFO - Sync 2 DAGs
[2024-04-19T12:25:07.277+0000] {logging_mixin.py:188} INFO - [2024-04-19T12:25:07.277+0000] {dag.py:3954} INFO - Setting next_dagrun for example_xcom_args to None, run_after=None
[2024-04-19T12:25:07.283+0000] {logging_mixin.py:188} INFO - [2024-04-19T12:25:07.282+0000] {dag.py:3954} INFO - Setting next_dagrun for example_xcom_args_with_operators to None, run_after=None
[2024-04-19T12:25:07.305+0000] {processor.py:183} INFO - Processing /home/airflow/.local/lib/python3.12/site-packages/airflow/example_dags/example_xcomargs.py took 0.078 seconds
[2024-04-19T12:25:37.423+0000] {processor.py:161} INFO - Started process (PID=624) to work on /home/airflow/.local/lib/python3.12/site-packages/airflow/example_dags/example_xcomargs.py
[2024-04-19T12:25:37.424+0000] {processor.py:830} INFO - Processing file /home/airflow/.local/lib/python3.12/site-packages/airflow/example_dags/example_xcomargs.py for tasks to queue
[2024-04-19T12:25:37.426+0000] {logging_mixin.py:188} INFO - [2024-04-19T12:25:37.426+0000] {dagbag.py:540} INFO - Filling up the DagBag from /home/airflow/.local/lib/python3.12/site-packages/airflow/example_dags/example_xcomargs.py
[2024-04-19T12:25:37.433+0000] {processor.py:840} INFO - DAG(s) 'example_xcom_args_with_operators', 'example_xcom_args' retrieved from /home/airflow/.local/lib/python3.12/site-packages/airflow/example_dags/example_xcomargs.py
[2024-04-19T12:25:37.456+0000] {logging_mixin.py:188} INFO - [2024-04-19T12:25:37.456+0000] {dag.py:3096} INFO - Sync 2 DAGs
[2024-04-19T12:25:37.467+0000] {logging_mixin.py:188} INFO - [2024-04-19T12:25:37.466+0000] {dag.py:3954} INFO - Setting next_dagrun for example_xcom_args to None, run_after=None
[2024-04-19T12:25:37.470+0000] {logging_mixin.py:188} INFO - [2024-04-19T12:25:37.470+0000] {dag.py:3954} INFO - Setting next_dagrun for example_xcom_args_with_operators to None, run_after=None
[2024-04-19T12:25:37.492+0000] {processor.py:183} INFO - Processing /home/airflow/.local/lib/python3.12/site-packages/airflow/example_dags/example_xcomargs.py took 0.072 seconds
[2024-04-19T12:26:07.580+0000] {processor.py:161} INFO - Started process (PID=682) to work on /home/airflow/.local/lib/python3.12/site-packages/airflow/example_dags/example_xcomargs.py
[2024-04-19T12:26:07.580+0000] {processor.py:830} INFO - Processing file /home/airflow/.local/lib/python3.12/site-packages/airflow/example_dags/example_xcomargs.py for tasks to queue
[2024-04-19T12:26:07.582+0000] {logging_mixin.py:188} INFO - [2024-04-19T12:26:07.582+0000] {dagbag.py:540} INFO - Filling up the DagBag from /home/airflow/.local/lib/python3.12/site-packages/airflow/example_dags/example_xcomargs.py
[2024-04-19T12:26:07.589+0000] {processor.py:840} INFO - DAG(s) 'example_xcom_args', 'example_xcom_args_with_operators' retrieved from /home/airflow/.local/lib/python3.12/site-packages/airflow/example_dags/example_xcomargs.py
[2024-04-19T12:26:07.608+0000] {logging_mixin.py:188} INFO - [2024-04-19T12:26:07.608+0000] {dag.py:3096} INFO - Sync 2 DAGs
[2024-04-19T12:26:07.619+0000] {logging_mixin.py:188} INFO - [2024-04-19T12:26:07.619+0000] {dag.py:3954} INFO - Setting next_dagrun for example_xcom_args to None, run_after=None
[2024-04-19T12:26:07.623+0000] {logging_mixin.py:188} INFO - [2024-04-19T12:26:07.623+0000] {dag.py:3954} INFO - Setting next_dagrun for example_xcom_args_with_operators to None, run_after=None
[2024-04-19T12:26:07.646+0000] {processor.py:183} INFO - Processing /home/airflow/.local/lib/python3.12/site-packages/airflow/example_dags/example_xcomargs.py took 0.070 seconds
[2024-04-19T12:26:37.952+0000] {processor.py:161} INFO - Started process (PID=740) to work on /home/airflow/.local/lib/python3.12/site-packages/airflow/example_dags/example_xcomargs.py
[2024-04-19T12:26:37.953+0000] {processor.py:830} INFO - Processing file /home/airflow/.local/lib/python3.12/site-packages/airflow/example_dags/example_xcomargs.py for tasks to queue
[2024-04-19T12:26:37.956+0000] {logging_mixin.py:188} INFO - [2024-04-19T12:26:37.955+0000] {dagbag.py:540} INFO - Filling up the DagBag from /home/airflow/.local/lib/python3.12/site-packages/airflow/example_dags/example_xcomargs.py
[2024-04-19T12:26:37.963+0000] {processor.py:840} INFO - DAG(s) 'example_xcom_args_with_operators', 'example_xcom_args' retrieved from /home/airflow/.local/lib/python3.12/site-packages/airflow/example_dags/example_xcomargs.py
[2024-04-19T12:26:37.990+0000] {logging_mixin.py:188} INFO - [2024-04-19T12:26:37.989+0000] {dag.py:3096} INFO - Sync 2 DAGs
[2024-04-19T12:26:38.000+0000] {logging_mixin.py:188} INFO - [2024-04-19T12:26:37.999+0000] {dag.py:3954} INFO - Setting next_dagrun for example_xcom_args to None, run_after=None
[2024-04-19T12:26:38.005+0000] {logging_mixin.py:188} INFO - [2024-04-19T12:26:38.004+0000] {dag.py:3954} INFO - Setting next_dagrun for example_xcom_args_with_operators to None, run_after=None
[2024-04-19T12:26:38.024+0000] {processor.py:183} INFO - Processing /home/airflow/.local/lib/python3.12/site-packages/airflow/example_dags/example_xcomargs.py took 0.081 seconds
[2024-04-19T12:27:08.077+0000] {processor.py:161} INFO - Started process (PID=798) to work on /home/airflow/.local/lib/python3.12/site-packages/airflow/example_dags/example_xcomargs.py
[2024-04-19T12:27:08.078+0000] {processor.py:830} INFO - Processing file /home/airflow/.local/lib/python3.12/site-packages/airflow/example_dags/example_xcomargs.py for tasks to queue
[2024-04-19T12:27:08.079+0000] {logging_mixin.py:188} INFO - [2024-04-19T12:27:08.079+0000] {dagbag.py:540} INFO - Filling up the DagBag from /home/airflow/.local/lib/python3.12/site-packages/airflow/example_dags/example_xcomargs.py
[2024-04-19T12:27:08.087+0000] {processor.py:840} INFO - DAG(s) 'example_xcom_args_with_operators', 'example_xcom_args' retrieved from /home/airflow/.local/lib/python3.12/site-packages/airflow/example_dags/example_xcomargs.py
[2024-04-19T12:27:08.106+0000] {logging_mixin.py:188} INFO - [2024-04-19T12:27:08.106+0000] {dag.py:3096} INFO - Sync 2 DAGs
[2024-04-19T12:27:08.118+0000] {logging_mixin.py:188} INFO - [2024-04-19T12:27:08.117+0000] {dag.py:3954} INFO - Setting next_dagrun for example_xcom_args to None, run_after=None
[2024-04-19T12:27:08.121+0000] {logging_mixin.py:188} INFO - [2024-04-19T12:27:08.121+0000] {dag.py:3954} INFO - Setting next_dagrun for example_xcom_args_with_operators to None, run_after=None
[2024-04-19T12:27:08.136+0000] {processor.py:183} INFO - Processing /home/airflow/.local/lib/python3.12/site-packages/airflow/example_dags/example_xcomargs.py took 0.065 seconds
[2024-04-19T12:27:38.813+0000] {processor.py:161} INFO - Started process (PID=856) to work on /home/airflow/.local/lib/python3.12/site-packages/airflow/example_dags/example_xcomargs.py
[2024-04-19T12:27:38.814+0000] {processor.py:830} INFO - Processing file /home/airflow/.local/lib/python3.12/site-packages/airflow/example_dags/example_xcomargs.py for tasks to queue
[2024-04-19T12:27:38.816+0000] {logging_mixin.py:188} INFO - [2024-04-19T12:27:38.815+0000] {dagbag.py:540} INFO - Filling up the DagBag from /home/airflow/.local/lib/python3.12/site-packages/airflow/example_dags/example_xcomargs.py
[2024-04-19T12:27:38.824+0000] {processor.py:840} INFO - DAG(s) 'example_xcom_args', 'example_xcom_args_with_operators' retrieved from /home/airflow/.local/lib/python3.12/site-packages/airflow/example_dags/example_xcomargs.py
[2024-04-19T12:27:38.843+0000] {logging_mixin.py:188} INFO - [2024-04-19T12:27:38.843+0000] {dag.py:3096} INFO - Sync 2 DAGs
[2024-04-19T12:27:38.855+0000] {logging_mixin.py:188} INFO - [2024-04-19T12:27:38.855+0000] {dag.py:3954} INFO - Setting next_dagrun for example_xcom_args to None, run_after=None
[2024-04-19T12:27:38.858+0000] {logging_mixin.py:188} INFO - [2024-04-19T12:27:38.858+0000] {dag.py:3954} INFO - Setting next_dagrun for example_xcom_args_with_operators to None, run_after=None
[2024-04-19T12:27:38.875+0000] {processor.py:183} INFO - Processing /home/airflow/.local/lib/python3.12/site-packages/airflow/example_dags/example_xcomargs.py took 0.067 seconds
[2024-04-19T12:28:09.002+0000] {processor.py:161} INFO - Started process (PID=914) to work on /home/airflow/.local/lib/python3.12/site-packages/airflow/example_dags/example_xcomargs.py
[2024-04-19T12:28:09.002+0000] {processor.py:830} INFO - Processing file /home/airflow/.local/lib/python3.12/site-packages/airflow/example_dags/example_xcomargs.py for tasks to queue
[2024-04-19T12:28:09.004+0000] {logging_mixin.py:188} INFO - [2024-04-19T12:28:09.003+0000] {dagbag.py:540} INFO - Filling up the DagBag from /home/airflow/.local/lib/python3.12/site-packages/airflow/example_dags/example_xcomargs.py
[2024-04-19T12:28:09.009+0000] {processor.py:840} INFO - DAG(s) 'example_xcom_args_with_operators', 'example_xcom_args' retrieved from /home/airflow/.local/lib/python3.12/site-packages/airflow/example_dags/example_xcomargs.py
[2024-04-19T12:28:09.027+0000] {logging_mixin.py:188} INFO - [2024-04-19T12:28:09.027+0000] {dag.py:3096} INFO - Sync 2 DAGs
[2024-04-19T12:28:09.036+0000] {logging_mixin.py:188} INFO - [2024-04-19T12:28:09.036+0000] {dag.py:3954} INFO - Setting next_dagrun for example_xcom_args to None, run_after=None
[2024-04-19T12:28:09.040+0000] {logging_mixin.py:188} INFO - [2024-04-19T12:28:09.039+0000] {dag.py:3954} INFO - Setting next_dagrun for example_xcom_args_with_operators to None, run_after=None
[2024-04-19T12:28:09.056+0000] {processor.py:183} INFO - Processing /home/airflow/.local/lib/python3.12/site-packages/airflow/example_dags/example_xcomargs.py took 0.058 seconds
[2024-04-19T12:28:39.170+0000] {processor.py:161} INFO - Started process (PID=972) to work on /home/airflow/.local/lib/python3.12/site-packages/airflow/example_dags/example_xcomargs.py
[2024-04-19T12:28:39.171+0000] {processor.py:830} INFO - Processing file /home/airflow/.local/lib/python3.12/site-packages/airflow/example_dags/example_xcomargs.py for tasks to queue
[2024-04-19T12:28:39.173+0000] {logging_mixin.py:188} INFO - [2024-04-19T12:28:39.173+0000] {dagbag.py:540} INFO - Filling up the DagBag from /home/airflow/.local/lib/python3.12/site-packages/airflow/example_dags/example_xcomargs.py
[2024-04-19T12:28:39.179+0000] {processor.py:840} INFO - DAG(s) 'example_xcom_args', 'example_xcom_args_with_operators' retrieved from /home/airflow/.local/lib/python3.12/site-packages/airflow/example_dags/example_xcomargs.py
[2024-04-19T12:28:39.198+0000] {logging_mixin.py:188} INFO - [2024-04-19T12:28:39.198+0000] {dag.py:3096} INFO - Sync 2 DAGs
[2024-04-19T12:28:39.208+0000] {logging_mixin.py:188} INFO - [2024-04-19T12:28:39.208+0000] {dag.py:3954} INFO - Setting next_dagrun for example_xcom_args to None, run_after=None
[2024-04-19T12:28:39.212+0000] {logging_mixin.py:188} INFO - [2024-04-19T12:28:39.212+0000] {dag.py:3954} INFO - Setting next_dagrun for example_xcom_args_with_operators to None, run_after=None
[2024-04-19T12:28:39.230+0000] {processor.py:183} INFO - Processing /home/airflow/.local/lib/python3.12/site-packages/airflow/example_dags/example_xcomargs.py took 0.064 seconds
[2024-04-19T12:29:09.479+0000] {processor.py:161} INFO - Started process (PID=1030) to work on /home/airflow/.local/lib/python3.12/site-packages/airflow/example_dags/example_xcomargs.py
[2024-04-19T12:29:09.480+0000] {processor.py:830} INFO - Processing file /home/airflow/.local/lib/python3.12/site-packages/airflow/example_dags/example_xcomargs.py for tasks to queue
[2024-04-19T12:29:09.482+0000] {logging_mixin.py:188} INFO - [2024-04-19T12:29:09.481+0000] {dagbag.py:540} INFO - Filling up the DagBag from /home/airflow/.local/lib/python3.12/site-packages/airflow/example_dags/example_xcomargs.py
[2024-04-19T12:29:09.489+0000] {processor.py:840} INFO - DAG(s) 'example_xcom_args', 'example_xcom_args_with_operators' retrieved from /home/airflow/.local/lib/python3.12/site-packages/airflow/example_dags/example_xcomargs.py
[2024-04-19T12:29:09.512+0000] {logging_mixin.py:188} INFO - [2024-04-19T12:29:09.512+0000] {dag.py:3096} INFO - Sync 2 DAGs
[2024-04-19T12:29:09.524+0000] {logging_mixin.py:188} INFO - [2024-04-19T12:29:09.524+0000] {dag.py:3954} INFO - Setting next_dagrun for example_xcom_args to None, run_after=None
[2024-04-19T12:29:09.528+0000] {logging_mixin.py:188} INFO - [2024-04-19T12:29:09.528+0000] {dag.py:3954} INFO - Setting next_dagrun for example_xcom_args_with_operators to None, run_after=None
[2024-04-19T12:29:09.544+0000] {processor.py:183} INFO - Processing /home/airflow/.local/lib/python3.12/site-packages/airflow/example_dags/example_xcomargs.py took 0.071 seconds
[2024-04-19T12:29:40.062+0000] {processor.py:161} INFO - Started process (PID=1088) to work on /home/airflow/.local/lib/python3.12/site-packages/airflow/example_dags/example_xcomargs.py
[2024-04-19T12:29:40.063+0000] {processor.py:830} INFO - Processing file /home/airflow/.local/lib/python3.12/site-packages/airflow/example_dags/example_xcomargs.py for tasks to queue
[2024-04-19T12:29:40.065+0000] {logging_mixin.py:188} INFO - [2024-04-19T12:29:40.064+0000] {dagbag.py:540} INFO - Filling up the DagBag from /home/airflow/.local/lib/python3.12/site-packages/airflow/example_dags/example_xcomargs.py
[2024-04-19T12:29:40.071+0000] {processor.py:840} INFO - DAG(s) 'example_xcom_args_with_operators', 'example_xcom_args' retrieved from /home/airflow/.local/lib/python3.12/site-packages/airflow/example_dags/example_xcomargs.py
[2024-04-19T12:29:40.082+0000] {logging_mixin.py:188} INFO - [2024-04-19T12:29:40.082+0000] {dag.py:3096} INFO - Sync 2 DAGs
[2024-04-19T12:29:40.091+0000] {logging_mixin.py:188} INFO - [2024-04-19T12:29:40.091+0000] {dag.py:3954} INFO - Setting next_dagrun for example_xcom_args to None, run_after=None
[2024-04-19T12:29:40.095+0000] {logging_mixin.py:188} INFO - [2024-04-19T12:29:40.095+0000] {dag.py:3954} INFO - Setting next_dagrun for example_xcom_args_with_operators to None, run_after=None
[2024-04-19T12:29:40.114+0000] {processor.py:183} INFO - Processing /home/airflow/.local/lib/python3.12/site-packages/airflow/example_dags/example_xcomargs.py took 0.055 seconds
[2024-04-19T12:30:11.543+0000] {processor.py:161} INFO - Started process (PID=1146) to work on /home/airflow/.local/lib/python3.12/site-packages/airflow/example_dags/example_xcomargs.py
[2024-04-19T12:30:11.544+0000] {processor.py:830} INFO - Processing file /home/airflow/.local/lib/python3.12/site-packages/airflow/example_dags/example_xcomargs.py for tasks to queue
[2024-04-19T12:30:11.545+0000] {logging_mixin.py:188} INFO - [2024-04-19T12:30:11.545+0000] {dagbag.py:540} INFO - Filling up the DagBag from /home/airflow/.local/lib/python3.12/site-packages/airflow/example_dags/example_xcomargs.py
[2024-04-19T12:30:11.550+0000] {processor.py:840} INFO - DAG(s) 'example_xcom_args', 'example_xcom_args_with_operators' retrieved from /home/airflow/.local/lib/python3.12/site-packages/airflow/example_dags/example_xcomargs.py
[2024-04-19T12:30:11.731+0000] {logging_mixin.py:188} INFO - [2024-04-19T12:30:11.731+0000] {dag.py:3096} INFO - Sync 2 DAGs
[2024-04-19T12:30:11.740+0000] {logging_mixin.py:188} INFO - [2024-04-19T12:30:11.740+0000] {dag.py:3954} INFO - Setting next_dagrun for example_xcom_args to None, run_after=None
[2024-04-19T12:30:11.742+0000] {logging_mixin.py:188} INFO - [2024-04-19T12:30:11.742+0000] {dag.py:3954} INFO - Setting next_dagrun for example_xcom_args_with_operators to None, run_after=None
[2024-04-19T12:30:11.758+0000] {processor.py:183} INFO - Processing /home/airflow/.local/lib/python3.12/site-packages/airflow/example_dags/example_xcomargs.py took 0.219 seconds
[2024-04-19T12:30:42.595+0000] {processor.py:161} INFO - Started process (PID=1204) to work on /home/airflow/.local/lib/python3.12/site-packages/airflow/example_dags/example_xcomargs.py
[2024-04-19T12:30:42.596+0000] {processor.py:830} INFO - Processing file /home/airflow/.local/lib/python3.12/site-packages/airflow/example_dags/example_xcomargs.py for tasks to queue
[2024-04-19T12:30:42.598+0000] {logging_mixin.py:188} INFO - [2024-04-19T12:30:42.598+0000] {dagbag.py:540} INFO - Filling up the DagBag from /home/airflow/.local/lib/python3.12/site-packages/airflow/example_dags/example_xcomargs.py
[2024-04-19T12:30:42.603+0000] {processor.py:840} INFO - DAG(s) 'example_xcom_args_with_operators', 'example_xcom_args' retrieved from /home/airflow/.local/lib/python3.12/site-packages/airflow/example_dags/example_xcomargs.py
[2024-04-19T12:30:42.710+0000] {logging_mixin.py:188} INFO - [2024-04-19T12:30:42.710+0000] {dag.py:3096} INFO - Sync 2 DAGs
[2024-04-19T12:30:42.719+0000] {logging_mixin.py:188} INFO - [2024-04-19T12:30:42.719+0000] {dag.py:3954} INFO - Setting next_dagrun for example_xcom_args to None, run_after=None
[2024-04-19T12:30:42.722+0000] {logging_mixin.py:188} INFO - [2024-04-19T12:30:42.722+0000] {dag.py:3954} INFO - Setting next_dagrun for example_xcom_args_with_operators to None, run_after=None
[2024-04-19T12:30:42.735+0000] {processor.py:183} INFO - Processing /home/airflow/.local/lib/python3.12/site-packages/airflow/example_dags/example_xcomargs.py took 0.145 seconds
[2024-04-19T12:31:12.965+0000] {processor.py:161} INFO - Started process (PID=1262) to work on /home/airflow/.local/lib/python3.12/site-packages/airflow/example_dags/example_xcomargs.py
[2024-04-19T12:31:12.966+0000] {processor.py:830} INFO - Processing file /home/airflow/.local/lib/python3.12/site-packages/airflow/example_dags/example_xcomargs.py for tasks to queue
[2024-04-19T12:31:12.967+0000] {logging_mixin.py:188} INFO - [2024-04-19T12:31:12.967+0000] {dagbag.py:540} INFO - Filling up the DagBag from /home/airflow/.local/lib/python3.12/site-packages/airflow/example_dags/example_xcomargs.py
[2024-04-19T12:31:12.972+0000] {processor.py:840} INFO - DAG(s) 'example_xcom_args_with_operators', 'example_xcom_args' retrieved from /home/airflow/.local/lib/python3.12/site-packages/airflow/example_dags/example_xcomargs.py
[2024-04-19T12:31:12.989+0000] {logging_mixin.py:188} INFO - [2024-04-19T12:31:12.989+0000] {dag.py:3096} INFO - Sync 2 DAGs
[2024-04-19T12:31:12.998+0000] {logging_mixin.py:188} INFO - [2024-04-19T12:31:12.998+0000] {dag.py:3954} INFO - Setting next_dagrun for example_xcom_args to None, run_after=None
[2024-04-19T12:31:13.001+0000] {logging_mixin.py:188} INFO - [2024-04-19T12:31:13.001+0000] {dag.py:3954} INFO - Setting next_dagrun for example_xcom_args_with_operators to None, run_after=None
[2024-04-19T12:31:13.016+0000] {processor.py:183} INFO - Processing /home/airflow/.local/lib/python3.12/site-packages/airflow/example_dags/example_xcomargs.py took 0.058 seconds
[2024-04-19T12:31:43.193+0000] {processor.py:161} INFO - Started process (PID=1319) to work on /home/airflow/.local/lib/python3.12/site-packages/airflow/example_dags/example_xcomargs.py
[2024-04-19T12:31:43.193+0000] {processor.py:830} INFO - Processing file /home/airflow/.local/lib/python3.12/site-packages/airflow/example_dags/example_xcomargs.py for tasks to queue
[2024-04-19T12:31:43.195+0000] {logging_mixin.py:188} INFO - [2024-04-19T12:31:43.194+0000] {dagbag.py:540} INFO - Filling up the DagBag from /home/airflow/.local/lib/python3.12/site-packages/airflow/example_dags/example_xcomargs.py
[2024-04-19T12:31:43.204+0000] {processor.py:840} INFO - DAG(s) 'example_xcom_args', 'example_xcom_args_with_operators' retrieved from /home/airflow/.local/lib/python3.12/site-packages/airflow/example_dags/example_xcomargs.py
[2024-04-19T12:31:43.224+0000] {logging_mixin.py:188} INFO - [2024-04-19T12:31:43.224+0000] {dag.py:3096} INFO - Sync 2 DAGs
[2024-04-19T12:31:43.233+0000] {logging_mixin.py:188} INFO - [2024-04-19T12:31:43.233+0000] {dag.py:3954} INFO - Setting next_dagrun for example_xcom_args to None, run_after=None
[2024-04-19T12:31:43.237+0000] {logging_mixin.py:188} INFO - [2024-04-19T12:31:43.236+0000] {dag.py:3954} INFO - Setting next_dagrun for example_xcom_args_with_operators to None, run_after=None
[2024-04-19T12:31:43.252+0000] {processor.py:183} INFO - Processing /home/airflow/.local/lib/python3.12/site-packages/airflow/example_dags/example_xcomargs.py took 0.063 seconds
[2024-04-19T12:32:13.604+0000] {processor.py:161} INFO - Started process (PID=1377) to work on /home/airflow/.local/lib/python3.12/site-packages/airflow/example_dags/example_xcomargs.py
[2024-04-19T12:32:13.606+0000] {processor.py:830} INFO - Processing file /home/airflow/.local/lib/python3.12/site-packages/airflow/example_dags/example_xcomargs.py for tasks to queue
[2024-04-19T12:32:13.608+0000] {logging_mixin.py:188} INFO - [2024-04-19T12:32:13.608+0000] {dagbag.py:540} INFO - Filling up the DagBag from /home/airflow/.local/lib/python3.12/site-packages/airflow/example_dags/example_xcomargs.py
[2024-04-19T12:32:13.614+0000] {processor.py:840} INFO - DAG(s) 'example_xcom_args_with_operators', 'example_xcom_args' retrieved from /home/airflow/.local/lib/python3.12/site-packages/airflow/example_dags/example_xcomargs.py
[2024-04-19T12:32:13.631+0000] {logging_mixin.py:188} INFO - [2024-04-19T12:32:13.631+0000] {dag.py:3096} INFO - Sync 2 DAGs
[2024-04-19T12:32:13.641+0000] {logging_mixin.py:188} INFO - [2024-04-19T12:32:13.641+0000] {dag.py:3954} INFO - Setting next_dagrun for example_xcom_args to None, run_after=None
[2024-04-19T12:32:13.645+0000] {logging_mixin.py:188} INFO - [2024-04-19T12:32:13.645+0000] {dag.py:3954} INFO - Setting next_dagrun for example_xcom_args_with_operators to None, run_after=None
[2024-04-19T12:32:13.659+0000] {processor.py:183} INFO - Processing /home/airflow/.local/lib/python3.12/site-packages/airflow/example_dags/example_xcomargs.py took 0.065 seconds
[2024-04-19T12:32:44.096+0000] {processor.py:161} INFO - Started process (PID=1435) to work on /home/airflow/.local/lib/python3.12/site-packages/airflow/example_dags/example_xcomargs.py
[2024-04-19T12:32:44.098+0000] {processor.py:830} INFO - Processing file /home/airflow/.local/lib/python3.12/site-packages/airflow/example_dags/example_xcomargs.py for tasks to queue
[2024-04-19T12:32:44.100+0000] {logging_mixin.py:188} INFO - [2024-04-19T12:32:44.099+0000] {dagbag.py:540} INFO - Filling up the DagBag from /home/airflow/.local/lib/python3.12/site-packages/airflow/example_dags/example_xcomargs.py
[2024-04-19T12:32:44.113+0000] {processor.py:840} INFO - DAG(s) 'example_xcom_args', 'example_xcom_args_with_operators' retrieved from /home/airflow/.local/lib/python3.12/site-packages/airflow/example_dags/example_xcomargs.py
[2024-04-19T12:32:44.152+0000] {logging_mixin.py:188} INFO - [2024-04-19T12:32:44.151+0000] {dag.py:3096} INFO - Sync 2 DAGs
[2024-04-19T12:32:44.167+0000] {logging_mixin.py:188} INFO - [2024-04-19T12:32:44.165+0000] {dag.py:3954} INFO - Setting next_dagrun for example_xcom_args to None, run_after=None
[2024-04-19T12:32:44.172+0000] {logging_mixin.py:188} INFO - [2024-04-19T12:32:44.172+0000] {dag.py:3954} INFO - Setting next_dagrun for example_xcom_args_with_operators to None, run_after=None
[2024-04-19T12:32:44.189+0000] {processor.py:183} INFO - Processing /home/airflow/.local/lib/python3.12/site-packages/airflow/example_dags/example_xcomargs.py took 0.099 seconds
[2024-04-19T12:33:14.504+0000] {processor.py:161} INFO - Started process (PID=1493) to work on /home/airflow/.local/lib/python3.12/site-packages/airflow/example_dags/example_xcomargs.py
[2024-04-19T12:33:14.505+0000] {processor.py:830} INFO - Processing file /home/airflow/.local/lib/python3.12/site-packages/airflow/example_dags/example_xcomargs.py for tasks to queue
[2024-04-19T12:33:14.507+0000] {logging_mixin.py:188} INFO - [2024-04-19T12:33:14.507+0000] {dagbag.py:540} INFO - Filling up the DagBag from /home/airflow/.local/lib/python3.12/site-packages/airflow/example_dags/example_xcomargs.py
[2024-04-19T12:33:14.514+0000] {processor.py:840} INFO - DAG(s) 'example_xcom_args', 'example_xcom_args_with_operators' retrieved from /home/airflow/.local/lib/python3.12/site-packages/airflow/example_dags/example_xcomargs.py
[2024-04-19T12:33:14.539+0000] {logging_mixin.py:188} INFO - [2024-04-19T12:33:14.539+0000] {dag.py:3096} INFO - Sync 2 DAGs
[2024-04-19T12:33:14.549+0000] {logging_mixin.py:188} INFO - [2024-04-19T12:33:14.548+0000] {dag.py:3954} INFO - Setting next_dagrun for example_xcom_args to None, run_after=None
[2024-04-19T12:33:14.552+0000] {logging_mixin.py:188} INFO - [2024-04-19T12:33:14.552+0000] {dag.py:3954} INFO - Setting next_dagrun for example_xcom_args_with_operators to None, run_after=None
[2024-04-19T12:33:14.566+0000] {processor.py:183} INFO - Processing /home/airflow/.local/lib/python3.12/site-packages/airflow/example_dags/example_xcomargs.py took 0.071 seconds
[2024-04-19T12:33:44.963+0000] {processor.py:161} INFO - Started process (PID=1551) to work on /home/airflow/.local/lib/python3.12/site-packages/airflow/example_dags/example_xcomargs.py
[2024-04-19T12:33:44.964+0000] {processor.py:830} INFO - Processing file /home/airflow/.local/lib/python3.12/site-packages/airflow/example_dags/example_xcomargs.py for tasks to queue
[2024-04-19T12:33:44.967+0000] {logging_mixin.py:188} INFO - [2024-04-19T12:33:44.966+0000] {dagbag.py:540} INFO - Filling up the DagBag from /home/airflow/.local/lib/python3.12/site-packages/airflow/example_dags/example_xcomargs.py
[2024-04-19T12:33:44.973+0000] {processor.py:840} INFO - DAG(s) 'example_xcom_args_with_operators', 'example_xcom_args' retrieved from /home/airflow/.local/lib/python3.12/site-packages/airflow/example_dags/example_xcomargs.py
[2024-04-19T12:33:44.990+0000] {logging_mixin.py:188} INFO - [2024-04-19T12:33:44.990+0000] {dag.py:3096} INFO - Sync 2 DAGs
[2024-04-19T12:33:45.000+0000] {logging_mixin.py:188} INFO - [2024-04-19T12:33:45.000+0000] {dag.py:3954} INFO - Setting next_dagrun for example_xcom_args to None, run_after=None
[2024-04-19T12:33:45.003+0000] {logging_mixin.py:188} INFO - [2024-04-19T12:33:45.003+0000] {dag.py:3954} INFO - Setting next_dagrun for example_xcom_args_with_operators to None, run_after=None
[2024-04-19T12:33:45.017+0000] {processor.py:183} INFO - Processing /home/airflow/.local/lib/python3.12/site-packages/airflow/example_dags/example_xcomargs.py took 0.061 seconds
