[2024-04-19T12:17:11.476+0000] {processor.py:161} INFO - Started process (PID=43) to work on /home/airflow/.local/lib/python3.12/site-packages/airflow/example_dags/example_sensors.py
[2024-04-19T12:17:11.477+0000] {processor.py:830} INFO - Processing file /home/airflow/.local/lib/python3.12/site-packages/airflow/example_dags/example_sensors.py for tasks to queue
[2024-04-19T12:17:11.480+0000] {logging_mixin.py:188} INFO - [2024-04-19T12:17:11.479+0000] {dagbag.py:540} INFO - Filling up the DagBag from /home/airflow/.local/lib/python3.12/site-packages/airflow/example_dags/example_sensors.py
[2024-04-19T12:17:11.488+0000] {processor.py:840} INFO - DAG(s) 'example_sensors' retrieved from /home/airflow/.local/lib/python3.12/site-packages/airflow/example_dags/example_sensors.py
[2024-04-19T12:17:11.501+0000] {logging_mixin.py:188} INFO - [2024-04-19T12:17:11.500+0000] {dag.py:3096} INFO - Sync 1 DAGs
[2024-04-19T12:17:11.519+0000] {logging_mixin.py:188} INFO - [2024-04-19T12:17:11.519+0000] {dag.py:3954} INFO - Setting next_dagrun for example_sensors to None, run_after=None
[2024-04-19T12:17:11.539+0000] {processor.py:183} INFO - Processing /home/airflow/.local/lib/python3.12/site-packages/airflow/example_dags/example_sensors.py took 0.070 seconds
[2024-04-19T12:17:41.751+0000] {processor.py:161} INFO - Started process (PID=101) to work on /home/airflow/.local/lib/python3.12/site-packages/airflow/example_dags/example_sensors.py
[2024-04-19T12:17:41.752+0000] {processor.py:830} INFO - Processing file /home/airflow/.local/lib/python3.12/site-packages/airflow/example_dags/example_sensors.py for tasks to queue
[2024-04-19T12:17:41.753+0000] {logging_mixin.py:188} INFO - [2024-04-19T12:17:41.753+0000] {dagbag.py:540} INFO - Filling up the DagBag from /home/airflow/.local/lib/python3.12/site-packages/airflow/example_dags/example_sensors.py
[2024-04-19T12:17:41.759+0000] {processor.py:840} INFO - DAG(s) 'example_sensors' retrieved from /home/airflow/.local/lib/python3.12/site-packages/airflow/example_dags/example_sensors.py
[2024-04-19T12:17:41.825+0000] {logging_mixin.py:188} INFO - [2024-04-19T12:17:41.825+0000] {dag.py:3096} INFO - Sync 1 DAGs
[2024-04-19T12:17:41.831+0000] {logging_mixin.py:188} INFO - [2024-04-19T12:17:41.831+0000] {dag.py:3954} INFO - Setting next_dagrun for example_sensors to None, run_after=None
[2024-04-19T12:17:41.847+0000] {processor.py:183} INFO - Processing /home/airflow/.local/lib/python3.12/site-packages/airflow/example_dags/example_sensors.py took 0.099 seconds
[2024-04-19T12:18:12.016+0000] {processor.py:161} INFO - Started process (PID=159) to work on /home/airflow/.local/lib/python3.12/site-packages/airflow/example_dags/example_sensors.py
[2024-04-19T12:18:12.017+0000] {processor.py:830} INFO - Processing file /home/airflow/.local/lib/python3.12/site-packages/airflow/example_dags/example_sensors.py for tasks to queue
[2024-04-19T12:18:12.018+0000] {logging_mixin.py:188} INFO - [2024-04-19T12:18:12.018+0000] {dagbag.py:540} INFO - Filling up the DagBag from /home/airflow/.local/lib/python3.12/site-packages/airflow/example_dags/example_sensors.py
[2024-04-19T12:18:12.024+0000] {processor.py:840} INFO - DAG(s) 'example_sensors' retrieved from /home/airflow/.local/lib/python3.12/site-packages/airflow/example_dags/example_sensors.py
[2024-04-19T12:18:12.042+0000] {logging_mixin.py:188} INFO - [2024-04-19T12:18:12.042+0000] {dag.py:3096} INFO - Sync 1 DAGs
[2024-04-19T12:18:12.050+0000] {logging_mixin.py:188} INFO - [2024-04-19T12:18:12.049+0000] {dag.py:3954} INFO - Setting next_dagrun for example_sensors to None, run_after=None
[2024-04-19T12:18:12.064+0000] {processor.py:183} INFO - Processing /home/airflow/.local/lib/python3.12/site-packages/airflow/example_dags/example_sensors.py took 0.051 seconds
[2024-04-19T12:18:42.402+0000] {processor.py:161} INFO - Started process (PID=217) to work on /home/airflow/.local/lib/python3.12/site-packages/airflow/example_dags/example_sensors.py
[2024-04-19T12:18:42.403+0000] {processor.py:830} INFO - Processing file /home/airflow/.local/lib/python3.12/site-packages/airflow/example_dags/example_sensors.py for tasks to queue
[2024-04-19T12:18:42.405+0000] {logging_mixin.py:188} INFO - [2024-04-19T12:18:42.405+0000] {dagbag.py:540} INFO - Filling up the DagBag from /home/airflow/.local/lib/python3.12/site-packages/airflow/example_dags/example_sensors.py
[2024-04-19T12:18:42.417+0000] {processor.py:840} INFO - DAG(s) 'example_sensors' retrieved from /home/airflow/.local/lib/python3.12/site-packages/airflow/example_dags/example_sensors.py
[2024-04-19T12:18:42.439+0000] {logging_mixin.py:188} INFO - [2024-04-19T12:18:42.439+0000] {dag.py:3096} INFO - Sync 1 DAGs
[2024-04-19T12:18:42.450+0000] {logging_mixin.py:188} INFO - [2024-04-19T12:18:42.450+0000] {dag.py:3954} INFO - Setting next_dagrun for example_sensors to None, run_after=None
[2024-04-19T12:18:42.470+0000] {processor.py:183} INFO - Processing /home/airflow/.local/lib/python3.12/site-packages/airflow/example_dags/example_sensors.py took 0.071 seconds
[2024-04-19T12:20:33.367+0000] {processor.py:161} INFO - Started process (PID=43) to work on /home/airflow/.local/lib/python3.12/site-packages/airflow/example_dags/example_sensors.py
[2024-04-19T12:20:33.369+0000] {processor.py:830} INFO - Processing file /home/airflow/.local/lib/python3.12/site-packages/airflow/example_dags/example_sensors.py for tasks to queue
[2024-04-19T12:20:33.371+0000] {logging_mixin.py:188} INFO - [2024-04-19T12:20:33.370+0000] {dagbag.py:540} INFO - Filling up the DagBag from /home/airflow/.local/lib/python3.12/site-packages/airflow/example_dags/example_sensors.py
[2024-04-19T12:20:33.379+0000] {processor.py:840} INFO - DAG(s) 'example_sensors' retrieved from /home/airflow/.local/lib/python3.12/site-packages/airflow/example_dags/example_sensors.py
[2024-04-19T12:20:33.393+0000] {logging_mixin.py:188} INFO - [2024-04-19T12:20:33.393+0000] {dag.py:3096} INFO - Sync 1 DAGs
[2024-04-19T12:20:33.407+0000] {logging_mixin.py:188} INFO - [2024-04-19T12:20:33.406+0000] {dag.py:3954} INFO - Setting next_dagrun for example_sensors to None, run_after=None
[2024-04-19T12:20:33.430+0000] {processor.py:183} INFO - Processing /home/airflow/.local/lib/python3.12/site-packages/airflow/example_dags/example_sensors.py took 0.068 seconds
[2024-04-19T12:21:03.749+0000] {processor.py:161} INFO - Started process (PID=101) to work on /home/airflow/.local/lib/python3.12/site-packages/airflow/example_dags/example_sensors.py
[2024-04-19T12:21:03.750+0000] {processor.py:830} INFO - Processing file /home/airflow/.local/lib/python3.12/site-packages/airflow/example_dags/example_sensors.py for tasks to queue
[2024-04-19T12:21:03.752+0000] {logging_mixin.py:188} INFO - [2024-04-19T12:21:03.752+0000] {dagbag.py:540} INFO - Filling up the DagBag from /home/airflow/.local/lib/python3.12/site-packages/airflow/example_dags/example_sensors.py
[2024-04-19T12:21:03.758+0000] {processor.py:840} INFO - DAG(s) 'example_sensors' retrieved from /home/airflow/.local/lib/python3.12/site-packages/airflow/example_dags/example_sensors.py
[2024-04-19T12:21:03.828+0000] {logging_mixin.py:188} INFO - [2024-04-19T12:21:03.828+0000] {dag.py:3096} INFO - Sync 1 DAGs
[2024-04-19T12:21:03.836+0000] {logging_mixin.py:188} INFO - [2024-04-19T12:21:03.836+0000] {dag.py:3954} INFO - Setting next_dagrun for example_sensors to None, run_after=None
[2024-04-19T12:21:03.852+0000] {processor.py:183} INFO - Processing /home/airflow/.local/lib/python3.12/site-packages/airflow/example_dags/example_sensors.py took 0.107 seconds
[2024-04-19T12:21:34.076+0000] {processor.py:161} INFO - Started process (PID=159) to work on /home/airflow/.local/lib/python3.12/site-packages/airflow/example_dags/example_sensors.py
[2024-04-19T12:21:34.077+0000] {processor.py:830} INFO - Processing file /home/airflow/.local/lib/python3.12/site-packages/airflow/example_dags/example_sensors.py for tasks to queue
[2024-04-19T12:21:34.079+0000] {logging_mixin.py:188} INFO - [2024-04-19T12:21:34.078+0000] {dagbag.py:540} INFO - Filling up the DagBag from /home/airflow/.local/lib/python3.12/site-packages/airflow/example_dags/example_sensors.py
[2024-04-19T12:21:34.086+0000] {processor.py:840} INFO - DAG(s) 'example_sensors' retrieved from /home/airflow/.local/lib/python3.12/site-packages/airflow/example_dags/example_sensors.py
[2024-04-19T12:21:34.105+0000] {logging_mixin.py:188} INFO - [2024-04-19T12:21:34.105+0000] {dag.py:3096} INFO - Sync 1 DAGs
[2024-04-19T12:21:34.113+0000] {logging_mixin.py:188} INFO - [2024-04-19T12:21:34.113+0000] {dag.py:3954} INFO - Setting next_dagrun for example_sensors to None, run_after=None
[2024-04-19T12:21:34.129+0000] {processor.py:183} INFO - Processing /home/airflow/.local/lib/python3.12/site-packages/airflow/example_dags/example_sensors.py took 0.057 seconds
[2024-04-19T12:22:04.371+0000] {processor.py:161} INFO - Started process (PID=217) to work on /home/airflow/.local/lib/python3.12/site-packages/airflow/example_dags/example_sensors.py
[2024-04-19T12:22:04.372+0000] {processor.py:830} INFO - Processing file /home/airflow/.local/lib/python3.12/site-packages/airflow/example_dags/example_sensors.py for tasks to queue
[2024-04-19T12:22:04.373+0000] {logging_mixin.py:188} INFO - [2024-04-19T12:22:04.373+0000] {dagbag.py:540} INFO - Filling up the DagBag from /home/airflow/.local/lib/python3.12/site-packages/airflow/example_dags/example_sensors.py
[2024-04-19T12:22:04.379+0000] {processor.py:840} INFO - DAG(s) 'example_sensors' retrieved from /home/airflow/.local/lib/python3.12/site-packages/airflow/example_dags/example_sensors.py
[2024-04-19T12:22:04.396+0000] {logging_mixin.py:188} INFO - [2024-04-19T12:22:04.396+0000] {dag.py:3096} INFO - Sync 1 DAGs
[2024-04-19T12:22:04.408+0000] {logging_mixin.py:188} INFO - [2024-04-19T12:22:04.408+0000] {dag.py:3954} INFO - Setting next_dagrun for example_sensors to None, run_after=None
[2024-04-19T12:22:04.426+0000] {processor.py:183} INFO - Processing /home/airflow/.local/lib/python3.12/site-packages/airflow/example_dags/example_sensors.py took 0.058 seconds
[2024-04-19T12:22:34.765+0000] {processor.py:161} INFO - Started process (PID=275) to work on /home/airflow/.local/lib/python3.12/site-packages/airflow/example_dags/example_sensors.py
[2024-04-19T12:22:34.766+0000] {processor.py:830} INFO - Processing file /home/airflow/.local/lib/python3.12/site-packages/airflow/example_dags/example_sensors.py for tasks to queue
[2024-04-19T12:22:34.767+0000] {logging_mixin.py:188} INFO - [2024-04-19T12:22:34.767+0000] {dagbag.py:540} INFO - Filling up the DagBag from /home/airflow/.local/lib/python3.12/site-packages/airflow/example_dags/example_sensors.py
[2024-04-19T12:22:34.773+0000] {processor.py:840} INFO - DAG(s) 'example_sensors' retrieved from /home/airflow/.local/lib/python3.12/site-packages/airflow/example_dags/example_sensors.py
[2024-04-19T12:22:34.790+0000] {logging_mixin.py:188} INFO - [2024-04-19T12:22:34.790+0000] {dag.py:3096} INFO - Sync 1 DAGs
[2024-04-19T12:22:34.798+0000] {logging_mixin.py:188} INFO - [2024-04-19T12:22:34.798+0000] {dag.py:3954} INFO - Setting next_dagrun for example_sensors to None, run_after=None
[2024-04-19T12:22:34.815+0000] {processor.py:183} INFO - Processing /home/airflow/.local/lib/python3.12/site-packages/airflow/example_dags/example_sensors.py took 0.053 seconds
[2024-04-19T12:23:05.067+0000] {processor.py:161} INFO - Started process (PID=333) to work on /home/airflow/.local/lib/python3.12/site-packages/airflow/example_dags/example_sensors.py
[2024-04-19T12:23:05.068+0000] {processor.py:830} INFO - Processing file /home/airflow/.local/lib/python3.12/site-packages/airflow/example_dags/example_sensors.py for tasks to queue
[2024-04-19T12:23:05.070+0000] {logging_mixin.py:188} INFO - [2024-04-19T12:23:05.069+0000] {dagbag.py:540} INFO - Filling up the DagBag from /home/airflow/.local/lib/python3.12/site-packages/airflow/example_dags/example_sensors.py
[2024-04-19T12:23:05.075+0000] {processor.py:840} INFO - DAG(s) 'example_sensors' retrieved from /home/airflow/.local/lib/python3.12/site-packages/airflow/example_dags/example_sensors.py
[2024-04-19T12:23:05.086+0000] {logging_mixin.py:188} INFO - [2024-04-19T12:23:05.086+0000] {dag.py:3096} INFO - Sync 1 DAGs
[2024-04-19T12:23:05.097+0000] {logging_mixin.py:188} INFO - [2024-04-19T12:23:05.097+0000] {dag.py:3954} INFO - Setting next_dagrun for example_sensors to None, run_after=None
[2024-04-19T12:23:05.116+0000] {processor.py:183} INFO - Processing /home/airflow/.local/lib/python3.12/site-packages/airflow/example_dags/example_sensors.py took 0.053 seconds
[2024-04-19T12:23:35.990+0000] {processor.py:161} INFO - Started process (PID=392) to work on /home/airflow/.local/lib/python3.12/site-packages/airflow/example_dags/example_sensors.py
[2024-04-19T12:23:35.991+0000] {processor.py:830} INFO - Processing file /home/airflow/.local/lib/python3.12/site-packages/airflow/example_dags/example_sensors.py for tasks to queue
[2024-04-19T12:23:35.992+0000] {logging_mixin.py:188} INFO - [2024-04-19T12:23:35.992+0000] {dagbag.py:540} INFO - Filling up the DagBag from /home/airflow/.local/lib/python3.12/site-packages/airflow/example_dags/example_sensors.py
[2024-04-19T12:23:35.997+0000] {processor.py:840} INFO - DAG(s) 'example_sensors' retrieved from /home/airflow/.local/lib/python3.12/site-packages/airflow/example_dags/example_sensors.py
[2024-04-19T12:23:36.061+0000] {logging_mixin.py:188} INFO - [2024-04-19T12:23:36.061+0000] {dag.py:3096} INFO - Sync 1 DAGs
[2024-04-19T12:23:36.069+0000] {logging_mixin.py:188} INFO - [2024-04-19T12:23:36.069+0000] {dag.py:3954} INFO - Setting next_dagrun for example_sensors to None, run_after=None
[2024-04-19T12:23:36.087+0000] {processor.py:183} INFO - Processing /home/airflow/.local/lib/python3.12/site-packages/airflow/example_dags/example_sensors.py took 0.100 seconds
[2024-04-19T12:24:06.259+0000] {processor.py:161} INFO - Started process (PID=451) to work on /home/airflow/.local/lib/python3.12/site-packages/airflow/example_dags/example_sensors.py
[2024-04-19T12:24:06.260+0000] {processor.py:830} INFO - Processing file /home/airflow/.local/lib/python3.12/site-packages/airflow/example_dags/example_sensors.py for tasks to queue
[2024-04-19T12:24:06.261+0000] {logging_mixin.py:188} INFO - [2024-04-19T12:24:06.261+0000] {dagbag.py:540} INFO - Filling up the DagBag from /home/airflow/.local/lib/python3.12/site-packages/airflow/example_dags/example_sensors.py
[2024-04-19T12:24:06.267+0000] {processor.py:840} INFO - DAG(s) 'example_sensors' retrieved from /home/airflow/.local/lib/python3.12/site-packages/airflow/example_dags/example_sensors.py
[2024-04-19T12:24:06.285+0000] {logging_mixin.py:188} INFO - [2024-04-19T12:24:06.285+0000] {dag.py:3096} INFO - Sync 1 DAGs
[2024-04-19T12:24:06.294+0000] {logging_mixin.py:188} INFO - [2024-04-19T12:24:06.294+0000] {dag.py:3954} INFO - Setting next_dagrun for example_sensors to None, run_after=None
[2024-04-19T12:24:06.310+0000] {processor.py:183} INFO - Processing /home/airflow/.local/lib/python3.12/site-packages/airflow/example_dags/example_sensors.py took 0.055 seconds
[2024-04-19T12:24:36.735+0000] {processor.py:161} INFO - Started process (PID=509) to work on /home/airflow/.local/lib/python3.12/site-packages/airflow/example_dags/example_sensors.py
[2024-04-19T12:24:36.736+0000] {processor.py:830} INFO - Processing file /home/airflow/.local/lib/python3.12/site-packages/airflow/example_dags/example_sensors.py for tasks to queue
[2024-04-19T12:24:36.738+0000] {logging_mixin.py:188} INFO - [2024-04-19T12:24:36.737+0000] {dagbag.py:540} INFO - Filling up the DagBag from /home/airflow/.local/lib/python3.12/site-packages/airflow/example_dags/example_sensors.py
[2024-04-19T12:24:36.743+0000] {processor.py:840} INFO - DAG(s) 'example_sensors' retrieved from /home/airflow/.local/lib/python3.12/site-packages/airflow/example_dags/example_sensors.py
[2024-04-19T12:24:36.763+0000] {logging_mixin.py:188} INFO - [2024-04-19T12:24:36.763+0000] {dag.py:3096} INFO - Sync 1 DAGs
[2024-04-19T12:24:36.771+0000] {logging_mixin.py:188} INFO - [2024-04-19T12:24:36.771+0000] {dag.py:3954} INFO - Setting next_dagrun for example_sensors to None, run_after=None
[2024-04-19T12:24:36.789+0000] {processor.py:183} INFO - Processing /home/airflow/.local/lib/python3.12/site-packages/airflow/example_dags/example_sensors.py took 0.058 seconds
[2024-04-19T12:25:07.305+0000] {processor.py:161} INFO - Started process (PID=567) to work on /home/airflow/.local/lib/python3.12/site-packages/airflow/example_dags/example_sensors.py
[2024-04-19T12:25:07.306+0000] {processor.py:830} INFO - Processing file /home/airflow/.local/lib/python3.12/site-packages/airflow/example_dags/example_sensors.py for tasks to queue
[2024-04-19T12:25:07.308+0000] {logging_mixin.py:188} INFO - [2024-04-19T12:25:07.307+0000] {dagbag.py:540} INFO - Filling up the DagBag from /home/airflow/.local/lib/python3.12/site-packages/airflow/example_dags/example_sensors.py
[2024-04-19T12:25:07.314+0000] {processor.py:840} INFO - DAG(s) 'example_sensors' retrieved from /home/airflow/.local/lib/python3.12/site-packages/airflow/example_dags/example_sensors.py
[2024-04-19T12:25:07.334+0000] {logging_mixin.py:188} INFO - [2024-04-19T12:25:07.334+0000] {dag.py:3096} INFO - Sync 1 DAGs
[2024-04-19T12:25:07.344+0000] {logging_mixin.py:188} INFO - [2024-04-19T12:25:07.344+0000] {dag.py:3954} INFO - Setting next_dagrun for example_sensors to None, run_after=None
[2024-04-19T12:25:07.363+0000] {processor.py:183} INFO - Processing /home/airflow/.local/lib/python3.12/site-packages/airflow/example_dags/example_sensors.py took 0.063 seconds
[2024-04-19T12:25:37.488+0000] {processor.py:161} INFO - Started process (PID=625) to work on /home/airflow/.local/lib/python3.12/site-packages/airflow/example_dags/example_sensors.py
[2024-04-19T12:25:37.490+0000] {processor.py:830} INFO - Processing file /home/airflow/.local/lib/python3.12/site-packages/airflow/example_dags/example_sensors.py for tasks to queue
[2024-04-19T12:25:37.492+0000] {logging_mixin.py:188} INFO - [2024-04-19T12:25:37.492+0000] {dagbag.py:540} INFO - Filling up the DagBag from /home/airflow/.local/lib/python3.12/site-packages/airflow/example_dags/example_sensors.py
[2024-04-19T12:25:37.501+0000] {processor.py:840} INFO - DAG(s) 'example_sensors' retrieved from /home/airflow/.local/lib/python3.12/site-packages/airflow/example_dags/example_sensors.py
[2024-04-19T12:25:37.521+0000] {logging_mixin.py:188} INFO - [2024-04-19T12:25:37.521+0000] {dag.py:3096} INFO - Sync 1 DAGs
[2024-04-19T12:25:37.533+0000] {logging_mixin.py:188} INFO - [2024-04-19T12:25:37.532+0000] {dag.py:3954} INFO - Setting next_dagrun for example_sensors to None, run_after=None
[2024-04-19T12:25:37.553+0000] {processor.py:183} INFO - Processing /home/airflow/.local/lib/python3.12/site-packages/airflow/example_dags/example_sensors.py took 0.071 seconds
[2024-04-19T12:26:07.644+0000] {processor.py:161} INFO - Started process (PID=683) to work on /home/airflow/.local/lib/python3.12/site-packages/airflow/example_dags/example_sensors.py
[2024-04-19T12:26:07.645+0000] {processor.py:830} INFO - Processing file /home/airflow/.local/lib/python3.12/site-packages/airflow/example_dags/example_sensors.py for tasks to queue
[2024-04-19T12:26:07.646+0000] {logging_mixin.py:188} INFO - [2024-04-19T12:26:07.646+0000] {dagbag.py:540} INFO - Filling up the DagBag from /home/airflow/.local/lib/python3.12/site-packages/airflow/example_dags/example_sensors.py
[2024-04-19T12:26:07.654+0000] {processor.py:840} INFO - DAG(s) 'example_sensors' retrieved from /home/airflow/.local/lib/python3.12/site-packages/airflow/example_dags/example_sensors.py
[2024-04-19T12:26:07.674+0000] {logging_mixin.py:188} INFO - [2024-04-19T12:26:07.674+0000] {dag.py:3096} INFO - Sync 1 DAGs
[2024-04-19T12:26:07.685+0000] {logging_mixin.py:188} INFO - [2024-04-19T12:26:07.684+0000] {dag.py:3954} INFO - Setting next_dagrun for example_sensors to None, run_after=None
[2024-04-19T12:26:07.703+0000] {processor.py:183} INFO - Processing /home/airflow/.local/lib/python3.12/site-packages/airflow/example_dags/example_sensors.py took 0.062 seconds
[2024-04-19T12:26:38.024+0000] {processor.py:161} INFO - Started process (PID=741) to work on /home/airflow/.local/lib/python3.12/site-packages/airflow/example_dags/example_sensors.py
[2024-04-19T12:26:38.025+0000] {processor.py:830} INFO - Processing file /home/airflow/.local/lib/python3.12/site-packages/airflow/example_dags/example_sensors.py for tasks to queue
[2024-04-19T12:26:38.026+0000] {logging_mixin.py:188} INFO - [2024-04-19T12:26:38.026+0000] {dagbag.py:540} INFO - Filling up the DagBag from /home/airflow/.local/lib/python3.12/site-packages/airflow/example_dags/example_sensors.py
[2024-04-19T12:26:38.032+0000] {processor.py:840} INFO - DAG(s) 'example_sensors' retrieved from /home/airflow/.local/lib/python3.12/site-packages/airflow/example_dags/example_sensors.py
[2024-04-19T12:26:38.056+0000] {logging_mixin.py:188} INFO - [2024-04-19T12:26:38.056+0000] {dag.py:3096} INFO - Sync 1 DAGs
[2024-04-19T12:26:38.067+0000] {logging_mixin.py:188} INFO - [2024-04-19T12:26:38.066+0000] {dag.py:3954} INFO - Setting next_dagrun for example_sensors to None, run_after=None
[2024-04-19T12:26:38.089+0000] {processor.py:183} INFO - Processing /home/airflow/.local/lib/python3.12/site-packages/airflow/example_dags/example_sensors.py took 0.069 seconds
[2024-04-19T12:27:08.151+0000] {processor.py:161} INFO - Started process (PID=799) to work on /home/airflow/.local/lib/python3.12/site-packages/airflow/example_dags/example_sensors.py
[2024-04-19T12:27:08.152+0000] {processor.py:830} INFO - Processing file /home/airflow/.local/lib/python3.12/site-packages/airflow/example_dags/example_sensors.py for tasks to queue
[2024-04-19T12:27:08.154+0000] {logging_mixin.py:188} INFO - [2024-04-19T12:27:08.154+0000] {dagbag.py:540} INFO - Filling up the DagBag from /home/airflow/.local/lib/python3.12/site-packages/airflow/example_dags/example_sensors.py
[2024-04-19T12:27:08.161+0000] {processor.py:840} INFO - DAG(s) 'example_sensors' retrieved from /home/airflow/.local/lib/python3.12/site-packages/airflow/example_dags/example_sensors.py
[2024-04-19T12:27:08.182+0000] {logging_mixin.py:188} INFO - [2024-04-19T12:27:08.181+0000] {dag.py:3096} INFO - Sync 1 DAGs
[2024-04-19T12:27:08.192+0000] {logging_mixin.py:188} INFO - [2024-04-19T12:27:08.192+0000] {dag.py:3954} INFO - Setting next_dagrun for example_sensors to None, run_after=None
[2024-04-19T12:27:08.210+0000] {processor.py:183} INFO - Processing /home/airflow/.local/lib/python3.12/site-packages/airflow/example_dags/example_sensors.py took 0.064 seconds
[2024-04-19T12:27:38.875+0000] {processor.py:161} INFO - Started process (PID=857) to work on /home/airflow/.local/lib/python3.12/site-packages/airflow/example_dags/example_sensors.py
[2024-04-19T12:27:38.876+0000] {processor.py:830} INFO - Processing file /home/airflow/.local/lib/python3.12/site-packages/airflow/example_dags/example_sensors.py for tasks to queue
[2024-04-19T12:27:38.878+0000] {logging_mixin.py:188} INFO - [2024-04-19T12:27:38.878+0000] {dagbag.py:540} INFO - Filling up the DagBag from /home/airflow/.local/lib/python3.12/site-packages/airflow/example_dags/example_sensors.py
[2024-04-19T12:27:38.886+0000] {processor.py:840} INFO - DAG(s) 'example_sensors' retrieved from /home/airflow/.local/lib/python3.12/site-packages/airflow/example_dags/example_sensors.py
[2024-04-19T12:27:38.907+0000] {logging_mixin.py:188} INFO - [2024-04-19T12:27:38.907+0000] {dag.py:3096} INFO - Sync 1 DAGs
[2024-04-19T12:27:38.917+0000] {logging_mixin.py:188} INFO - [2024-04-19T12:27:38.916+0000] {dag.py:3954} INFO - Setting next_dagrun for example_sensors to None, run_after=None
[2024-04-19T12:27:38.938+0000] {processor.py:183} INFO - Processing /home/airflow/.local/lib/python3.12/site-packages/airflow/example_dags/example_sensors.py took 0.067 seconds
[2024-04-19T12:28:09.057+0000] {processor.py:161} INFO - Started process (PID=915) to work on /home/airflow/.local/lib/python3.12/site-packages/airflow/example_dags/example_sensors.py
[2024-04-19T12:28:09.058+0000] {processor.py:830} INFO - Processing file /home/airflow/.local/lib/python3.12/site-packages/airflow/example_dags/example_sensors.py for tasks to queue
[2024-04-19T12:28:09.059+0000] {logging_mixin.py:188} INFO - [2024-04-19T12:28:09.059+0000] {dagbag.py:540} INFO - Filling up the DagBag from /home/airflow/.local/lib/python3.12/site-packages/airflow/example_dags/example_sensors.py
[2024-04-19T12:28:09.065+0000] {processor.py:840} INFO - DAG(s) 'example_sensors' retrieved from /home/airflow/.local/lib/python3.12/site-packages/airflow/example_dags/example_sensors.py
[2024-04-19T12:28:09.085+0000] {logging_mixin.py:188} INFO - [2024-04-19T12:28:09.085+0000] {dag.py:3096} INFO - Sync 1 DAGs
[2024-04-19T12:28:09.094+0000] {logging_mixin.py:188} INFO - [2024-04-19T12:28:09.094+0000] {dag.py:3954} INFO - Setting next_dagrun for example_sensors to None, run_after=None
[2024-04-19T12:28:09.112+0000] {processor.py:183} INFO - Processing /home/airflow/.local/lib/python3.12/site-packages/airflow/example_dags/example_sensors.py took 0.059 seconds
[2024-04-19T12:28:39.220+0000] {processor.py:161} INFO - Started process (PID=973) to work on /home/airflow/.local/lib/python3.12/site-packages/airflow/example_dags/example_sensors.py
[2024-04-19T12:28:39.222+0000] {processor.py:830} INFO - Processing file /home/airflow/.local/lib/python3.12/site-packages/airflow/example_dags/example_sensors.py for tasks to queue
[2024-04-19T12:28:39.223+0000] {logging_mixin.py:188} INFO - [2024-04-19T12:28:39.223+0000] {dagbag.py:540} INFO - Filling up the DagBag from /home/airflow/.local/lib/python3.12/site-packages/airflow/example_dags/example_sensors.py
[2024-04-19T12:28:39.229+0000] {processor.py:840} INFO - DAG(s) 'example_sensors' retrieved from /home/airflow/.local/lib/python3.12/site-packages/airflow/example_dags/example_sensors.py
[2024-04-19T12:28:39.251+0000] {logging_mixin.py:188} INFO - [2024-04-19T12:28:39.250+0000] {dag.py:3096} INFO - Sync 1 DAGs
[2024-04-19T12:28:39.261+0000] {logging_mixin.py:188} INFO - [2024-04-19T12:28:39.260+0000] {dag.py:3954} INFO - Setting next_dagrun for example_sensors to None, run_after=None
[2024-04-19T12:28:39.277+0000] {processor.py:183} INFO - Processing /home/airflow/.local/lib/python3.12/site-packages/airflow/example_dags/example_sensors.py took 0.062 seconds
[2024-04-19T12:29:09.546+0000] {processor.py:161} INFO - Started process (PID=1031) to work on /home/airflow/.local/lib/python3.12/site-packages/airflow/example_dags/example_sensors.py
[2024-04-19T12:29:09.547+0000] {processor.py:830} INFO - Processing file /home/airflow/.local/lib/python3.12/site-packages/airflow/example_dags/example_sensors.py for tasks to queue
[2024-04-19T12:29:09.548+0000] {logging_mixin.py:188} INFO - [2024-04-19T12:29:09.548+0000] {dagbag.py:540} INFO - Filling up the DagBag from /home/airflow/.local/lib/python3.12/site-packages/airflow/example_dags/example_sensors.py
[2024-04-19T12:29:09.554+0000] {processor.py:840} INFO - DAG(s) 'example_sensors' retrieved from /home/airflow/.local/lib/python3.12/site-packages/airflow/example_dags/example_sensors.py
[2024-04-19T12:29:09.571+0000] {logging_mixin.py:188} INFO - [2024-04-19T12:29:09.571+0000] {dag.py:3096} INFO - Sync 1 DAGs
[2024-04-19T12:29:09.578+0000] {logging_mixin.py:188} INFO - [2024-04-19T12:29:09.578+0000] {dag.py:3954} INFO - Setting next_dagrun for example_sensors to None, run_after=None
[2024-04-19T12:29:09.594+0000] {processor.py:183} INFO - Processing /home/airflow/.local/lib/python3.12/site-packages/airflow/example_dags/example_sensors.py took 0.051 seconds
[2024-04-19T12:29:40.117+0000] {processor.py:161} INFO - Started process (PID=1089) to work on /home/airflow/.local/lib/python3.12/site-packages/airflow/example_dags/example_sensors.py
[2024-04-19T12:29:40.118+0000] {processor.py:830} INFO - Processing file /home/airflow/.local/lib/python3.12/site-packages/airflow/example_dags/example_sensors.py for tasks to queue
[2024-04-19T12:29:40.122+0000] {logging_mixin.py:188} INFO - [2024-04-19T12:29:40.121+0000] {dagbag.py:540} INFO - Filling up the DagBag from /home/airflow/.local/lib/python3.12/site-packages/airflow/example_dags/example_sensors.py
[2024-04-19T12:29:40.132+0000] {processor.py:840} INFO - DAG(s) 'example_sensors' retrieved from /home/airflow/.local/lib/python3.12/site-packages/airflow/example_dags/example_sensors.py
[2024-04-19T12:29:40.144+0000] {logging_mixin.py:188} INFO - [2024-04-19T12:29:40.144+0000] {dag.py:3096} INFO - Sync 1 DAGs
[2024-04-19T12:29:40.155+0000] {logging_mixin.py:188} INFO - [2024-04-19T12:29:40.155+0000] {dag.py:3954} INFO - Setting next_dagrun for example_sensors to None, run_after=None
[2024-04-19T12:29:40.175+0000] {processor.py:183} INFO - Processing /home/airflow/.local/lib/python3.12/site-packages/airflow/example_dags/example_sensors.py took 0.063 seconds
[2024-04-19T12:30:11.544+0000] {processor.py:161} INFO - Started process (PID=1147) to work on /home/airflow/.local/lib/python3.12/site-packages/airflow/example_dags/example_sensors.py
[2024-04-19T12:30:11.544+0000] {processor.py:830} INFO - Processing file /home/airflow/.local/lib/python3.12/site-packages/airflow/example_dags/example_sensors.py for tasks to queue
[2024-04-19T12:30:11.545+0000] {logging_mixin.py:188} INFO - [2024-04-19T12:30:11.545+0000] {dagbag.py:540} INFO - Filling up the DagBag from /home/airflow/.local/lib/python3.12/site-packages/airflow/example_dags/example_sensors.py
[2024-04-19T12:30:11.551+0000] {processor.py:840} INFO - DAG(s) 'example_sensors' retrieved from /home/airflow/.local/lib/python3.12/site-packages/airflow/example_dags/example_sensors.py
[2024-04-19T12:30:11.725+0000] {logging_mixin.py:188} INFO - [2024-04-19T12:30:11.725+0000] {dag.py:3096} INFO - Sync 1 DAGs
[2024-04-19T12:30:11.731+0000] {logging_mixin.py:188} INFO - [2024-04-19T12:30:11.731+0000] {dag.py:3954} INFO - Setting next_dagrun for example_sensors to None, run_after=None
[2024-04-19T12:30:11.749+0000] {processor.py:183} INFO - Processing /home/airflow/.local/lib/python3.12/site-packages/airflow/example_dags/example_sensors.py took 0.209 seconds
[2024-04-19T12:30:42.597+0000] {processor.py:161} INFO - Started process (PID=1205) to work on /home/airflow/.local/lib/python3.12/site-packages/airflow/example_dags/example_sensors.py
[2024-04-19T12:30:42.598+0000] {processor.py:830} INFO - Processing file /home/airflow/.local/lib/python3.12/site-packages/airflow/example_dags/example_sensors.py for tasks to queue
[2024-04-19T12:30:42.599+0000] {logging_mixin.py:188} INFO - [2024-04-19T12:30:42.599+0000] {dagbag.py:540} INFO - Filling up the DagBag from /home/airflow/.local/lib/python3.12/site-packages/airflow/example_dags/example_sensors.py
[2024-04-19T12:30:42.605+0000] {processor.py:840} INFO - DAG(s) 'example_sensors' retrieved from /home/airflow/.local/lib/python3.12/site-packages/airflow/example_dags/example_sensors.py
[2024-04-19T12:30:42.710+0000] {logging_mixin.py:188} INFO - [2024-04-19T12:30:42.710+0000] {dag.py:3096} INFO - Sync 1 DAGs
[2024-04-19T12:30:42.717+0000] {logging_mixin.py:188} INFO - [2024-04-19T12:30:42.717+0000] {dag.py:3954} INFO - Setting next_dagrun for example_sensors to None, run_after=None
[2024-04-19T12:30:42.733+0000] {processor.py:183} INFO - Processing /home/airflow/.local/lib/python3.12/site-packages/airflow/example_dags/example_sensors.py took 0.142 seconds
[2024-04-19T12:31:12.966+0000] {processor.py:161} INFO - Started process (PID=1263) to work on /home/airflow/.local/lib/python3.12/site-packages/airflow/example_dags/example_sensors.py
[2024-04-19T12:31:12.967+0000] {processor.py:830} INFO - Processing file /home/airflow/.local/lib/python3.12/site-packages/airflow/example_dags/example_sensors.py for tasks to queue
[2024-04-19T12:31:12.968+0000] {logging_mixin.py:188} INFO - [2024-04-19T12:31:12.968+0000] {dagbag.py:540} INFO - Filling up the DagBag from /home/airflow/.local/lib/python3.12/site-packages/airflow/example_dags/example_sensors.py
[2024-04-19T12:31:12.975+0000] {processor.py:840} INFO - DAG(s) 'example_sensors' retrieved from /home/airflow/.local/lib/python3.12/site-packages/airflow/example_dags/example_sensors.py
[2024-04-19T12:31:12.991+0000] {logging_mixin.py:188} INFO - [2024-04-19T12:31:12.991+0000] {dag.py:3096} INFO - Sync 1 DAGs
[2024-04-19T12:31:12.999+0000] {logging_mixin.py:188} INFO - [2024-04-19T12:31:12.999+0000] {dag.py:3954} INFO - Setting next_dagrun for example_sensors to None, run_after=None
[2024-04-19T12:31:13.016+0000] {processor.py:183} INFO - Processing /home/airflow/.local/lib/python3.12/site-packages/airflow/example_dags/example_sensors.py took 0.058 seconds
[2024-04-19T12:31:43.195+0000] {processor.py:161} INFO - Started process (PID=1320) to work on /home/airflow/.local/lib/python3.12/site-packages/airflow/example_dags/example_sensors.py
[2024-04-19T12:31:43.195+0000] {processor.py:830} INFO - Processing file /home/airflow/.local/lib/python3.12/site-packages/airflow/example_dags/example_sensors.py for tasks to queue
[2024-04-19T12:31:43.197+0000] {logging_mixin.py:188} INFO - [2024-04-19T12:31:43.197+0000] {dagbag.py:540} INFO - Filling up the DagBag from /home/airflow/.local/lib/python3.12/site-packages/airflow/example_dags/example_sensors.py
[2024-04-19T12:31:43.206+0000] {processor.py:840} INFO - DAG(s) 'example_sensors' retrieved from /home/airflow/.local/lib/python3.12/site-packages/airflow/example_dags/example_sensors.py
[2024-04-19T12:31:43.225+0000] {logging_mixin.py:188} INFO - [2024-04-19T12:31:43.225+0000] {dag.py:3096} INFO - Sync 1 DAGs
[2024-04-19T12:31:43.233+0000] {logging_mixin.py:188} INFO - [2024-04-19T12:31:43.233+0000] {dag.py:3954} INFO - Setting next_dagrun for example_sensors to None, run_after=None
[2024-04-19T12:31:43.250+0000] {processor.py:183} INFO - Processing /home/airflow/.local/lib/python3.12/site-packages/airflow/example_dags/example_sensors.py took 0.061 seconds
[2024-04-19T12:32:13.607+0000] {processor.py:161} INFO - Started process (PID=1378) to work on /home/airflow/.local/lib/python3.12/site-packages/airflow/example_dags/example_sensors.py
[2024-04-19T12:32:13.608+0000] {processor.py:830} INFO - Processing file /home/airflow/.local/lib/python3.12/site-packages/airflow/example_dags/example_sensors.py for tasks to queue
[2024-04-19T12:32:13.610+0000] {logging_mixin.py:188} INFO - [2024-04-19T12:32:13.609+0000] {dagbag.py:540} INFO - Filling up the DagBag from /home/airflow/.local/lib/python3.12/site-packages/airflow/example_dags/example_sensors.py
[2024-04-19T12:32:13.616+0000] {processor.py:840} INFO - DAG(s) 'example_sensors' retrieved from /home/airflow/.local/lib/python3.12/site-packages/airflow/example_dags/example_sensors.py
[2024-04-19T12:32:13.634+0000] {logging_mixin.py:188} INFO - [2024-04-19T12:32:13.634+0000] {dag.py:3096} INFO - Sync 1 DAGs
[2024-04-19T12:32:13.642+0000] {logging_mixin.py:188} INFO - [2024-04-19T12:32:13.642+0000] {dag.py:3954} INFO - Setting next_dagrun for example_sensors to None, run_after=None
[2024-04-19T12:32:13.659+0000] {processor.py:183} INFO - Processing /home/airflow/.local/lib/python3.12/site-packages/airflow/example_dags/example_sensors.py took 0.064 seconds
[2024-04-19T12:32:44.096+0000] {processor.py:161} INFO - Started process (PID=1436) to work on /home/airflow/.local/lib/python3.12/site-packages/airflow/example_dags/example_sensors.py
[2024-04-19T12:32:44.098+0000] {processor.py:830} INFO - Processing file /home/airflow/.local/lib/python3.12/site-packages/airflow/example_dags/example_sensors.py for tasks to queue
[2024-04-19T12:32:44.101+0000] {logging_mixin.py:188} INFO - [2024-04-19T12:32:44.100+0000] {dagbag.py:540} INFO - Filling up the DagBag from /home/airflow/.local/lib/python3.12/site-packages/airflow/example_dags/example_sensors.py
[2024-04-19T12:32:44.119+0000] {processor.py:840} INFO - DAG(s) 'example_sensors' retrieved from /home/airflow/.local/lib/python3.12/site-packages/airflow/example_dags/example_sensors.py
[2024-04-19T12:32:44.151+0000] {logging_mixin.py:188} INFO - [2024-04-19T12:32:44.151+0000] {dag.py:3096} INFO - Sync 1 DAGs
[2024-04-19T12:32:44.163+0000] {logging_mixin.py:188} INFO - [2024-04-19T12:32:44.163+0000] {dag.py:3954} INFO - Setting next_dagrun for example_sensors to None, run_after=None
[2024-04-19T12:32:44.187+0000] {processor.py:183} INFO - Processing /home/airflow/.local/lib/python3.12/site-packages/airflow/example_dags/example_sensors.py took 0.098 seconds
[2024-04-19T12:33:14.506+0000] {processor.py:161} INFO - Started process (PID=1494) to work on /home/airflow/.local/lib/python3.12/site-packages/airflow/example_dags/example_sensors.py
[2024-04-19T12:33:14.507+0000] {processor.py:830} INFO - Processing file /home/airflow/.local/lib/python3.12/site-packages/airflow/example_dags/example_sensors.py for tasks to queue
[2024-04-19T12:33:14.508+0000] {logging_mixin.py:188} INFO - [2024-04-19T12:33:14.508+0000] {dagbag.py:540} INFO - Filling up the DagBag from /home/airflow/.local/lib/python3.12/site-packages/airflow/example_dags/example_sensors.py
[2024-04-19T12:33:14.517+0000] {processor.py:840} INFO - DAG(s) 'example_sensors' retrieved from /home/airflow/.local/lib/python3.12/site-packages/airflow/example_dags/example_sensors.py
[2024-04-19T12:33:14.541+0000] {logging_mixin.py:188} INFO - [2024-04-19T12:33:14.541+0000] {dag.py:3096} INFO - Sync 1 DAGs
[2024-04-19T12:33:14.549+0000] {logging_mixin.py:188} INFO - [2024-04-19T12:33:14.549+0000] {dag.py:3954} INFO - Setting next_dagrun for example_sensors to None, run_after=None
[2024-04-19T12:33:14.564+0000] {processor.py:183} INFO - Processing /home/airflow/.local/lib/python3.12/site-packages/airflow/example_dags/example_sensors.py took 0.069 seconds
[2024-04-19T12:33:44.962+0000] {processor.py:161} INFO - Started process (PID=1552) to work on /home/airflow/.local/lib/python3.12/site-packages/airflow/example_dags/example_sensors.py
[2024-04-19T12:33:44.963+0000] {processor.py:830} INFO - Processing file /home/airflow/.local/lib/python3.12/site-packages/airflow/example_dags/example_sensors.py for tasks to queue
[2024-04-19T12:33:44.965+0000] {logging_mixin.py:188} INFO - [2024-04-19T12:33:44.964+0000] {dagbag.py:540} INFO - Filling up the DagBag from /home/airflow/.local/lib/python3.12/site-packages/airflow/example_dags/example_sensors.py
[2024-04-19T12:33:44.971+0000] {processor.py:840} INFO - DAG(s) 'example_sensors' retrieved from /home/airflow/.local/lib/python3.12/site-packages/airflow/example_dags/example_sensors.py
[2024-04-19T12:33:44.990+0000] {logging_mixin.py:188} INFO - [2024-04-19T12:33:44.990+0000] {dag.py:3096} INFO - Sync 1 DAGs
[2024-04-19T12:33:45.000+0000] {logging_mixin.py:188} INFO - [2024-04-19T12:33:45.000+0000] {dag.py:3954} INFO - Setting next_dagrun for example_sensors to None, run_after=None
[2024-04-19T12:33:45.017+0000] {processor.py:183} INFO - Processing /home/airflow/.local/lib/python3.12/site-packages/airflow/example_dags/example_sensors.py took 0.061 seconds
