[2024-04-19T12:17:11.927+0000] {processor.py:161} INFO - Started process (PID=49) to work on /home/airflow/.local/lib/python3.12/site-packages/airflow/example_dags/example_python_decorator.py
[2024-04-19T12:17:11.928+0000] {processor.py:830} INFO - Processing file /home/airflow/.local/lib/python3.12/site-packages/airflow/example_dags/example_python_decorator.py for tasks to queue
[2024-04-19T12:17:11.929+0000] {logging_mixin.py:188} INFO - [2024-04-19T12:17:11.929+0000] {dagbag.py:540} INFO - Filling up the DagBag from /home/airflow/.local/lib/python3.12/site-packages/airflow/example_dags/example_python_decorator.py
[2024-04-19T12:17:11.943+0000] {processor.py:840} INFO - DAG(s) 'example_python_decorator' retrieved from /home/airflow/.local/lib/python3.12/site-packages/airflow/example_dags/example_python_decorator.py
[2024-04-19T12:17:11.956+0000] {logging_mixin.py:188} INFO - [2024-04-19T12:17:11.956+0000] {dag.py:3096} INFO - Sync 1 DAGs
[2024-04-19T12:17:11.976+0000] {logging_mixin.py:188} INFO - [2024-04-19T12:17:11.976+0000] {dag.py:3954} INFO - Setting next_dagrun for example_python_decorator to None, run_after=None
[2024-04-19T12:17:12.000+0000] {processor.py:183} INFO - Processing /home/airflow/.local/lib/python3.12/site-packages/airflow/example_dags/example_python_decorator.py took 0.080 seconds
[2024-04-19T12:17:42.238+0000] {processor.py:161} INFO - Started process (PID=107) to work on /home/airflow/.local/lib/python3.12/site-packages/airflow/example_dags/example_python_decorator.py
[2024-04-19T12:17:42.239+0000] {processor.py:830} INFO - Processing file /home/airflow/.local/lib/python3.12/site-packages/airflow/example_dags/example_python_decorator.py for tasks to queue
[2024-04-19T12:17:42.240+0000] {logging_mixin.py:188} INFO - [2024-04-19T12:17:42.240+0000] {dagbag.py:540} INFO - Filling up the DagBag from /home/airflow/.local/lib/python3.12/site-packages/airflow/example_dags/example_python_decorator.py
[2024-04-19T12:17:42.248+0000] {processor.py:840} INFO - DAG(s) 'example_python_decorator' retrieved from /home/airflow/.local/lib/python3.12/site-packages/airflow/example_dags/example_python_decorator.py
[2024-04-19T12:17:42.312+0000] {logging_mixin.py:188} INFO - [2024-04-19T12:17:42.312+0000] {dag.py:3096} INFO - Sync 1 DAGs
[2024-04-19T12:17:42.319+0000] {logging_mixin.py:188} INFO - [2024-04-19T12:17:42.319+0000] {dag.py:3954} INFO - Setting next_dagrun for example_python_decorator to None, run_after=None
[2024-04-19T12:17:42.335+0000] {processor.py:183} INFO - Processing /home/airflow/.local/lib/python3.12/site-packages/airflow/example_dags/example_python_decorator.py took 0.101 seconds
[2024-04-19T12:18:13.294+0000] {processor.py:161} INFO - Started process (PID=165) to work on /home/airflow/.local/lib/python3.12/site-packages/airflow/example_dags/example_python_decorator.py
[2024-04-19T12:18:13.295+0000] {processor.py:830} INFO - Processing file /home/airflow/.local/lib/python3.12/site-packages/airflow/example_dags/example_python_decorator.py for tasks to queue
[2024-04-19T12:18:13.296+0000] {logging_mixin.py:188} INFO - [2024-04-19T12:18:13.296+0000] {dagbag.py:540} INFO - Filling up the DagBag from /home/airflow/.local/lib/python3.12/site-packages/airflow/example_dags/example_python_decorator.py
[2024-04-19T12:18:13.304+0000] {processor.py:840} INFO - DAG(s) 'example_python_decorator' retrieved from /home/airflow/.local/lib/python3.12/site-packages/airflow/example_dags/example_python_decorator.py
[2024-04-19T12:18:13.318+0000] {logging_mixin.py:188} INFO - [2024-04-19T12:18:13.318+0000] {dag.py:3096} INFO - Sync 1 DAGs
[2024-04-19T12:18:13.325+0000] {logging_mixin.py:188} INFO - [2024-04-19T12:18:13.325+0000] {dag.py:3954} INFO - Setting next_dagrun for example_python_decorator to None, run_after=None
[2024-04-19T12:18:13.342+0000] {processor.py:183} INFO - Processing /home/airflow/.local/lib/python3.12/site-packages/airflow/example_dags/example_python_decorator.py took 0.051 seconds
[2024-04-19T12:20:33.759+0000] {processor.py:161} INFO - Started process (PID=49) to work on /home/airflow/.local/lib/python3.12/site-packages/airflow/example_dags/example_python_decorator.py
[2024-04-19T12:20:33.760+0000] {processor.py:830} INFO - Processing file /home/airflow/.local/lib/python3.12/site-packages/airflow/example_dags/example_python_decorator.py for tasks to queue
[2024-04-19T12:20:33.762+0000] {logging_mixin.py:188} INFO - [2024-04-19T12:20:33.762+0000] {dagbag.py:540} INFO - Filling up the DagBag from /home/airflow/.local/lib/python3.12/site-packages/airflow/example_dags/example_python_decorator.py
[2024-04-19T12:20:33.775+0000] {processor.py:840} INFO - DAG(s) 'example_python_decorator' retrieved from /home/airflow/.local/lib/python3.12/site-packages/airflow/example_dags/example_python_decorator.py
[2024-04-19T12:20:33.790+0000] {logging_mixin.py:188} INFO - [2024-04-19T12:20:33.790+0000] {dag.py:3096} INFO - Sync 1 DAGs
[2024-04-19T12:20:33.811+0000] {logging_mixin.py:188} INFO - [2024-04-19T12:20:33.810+0000] {dag.py:3954} INFO - Setting next_dagrun for example_python_decorator to None, run_after=None
[2024-04-19T12:20:33.836+0000] {processor.py:183} INFO - Processing /home/airflow/.local/lib/python3.12/site-packages/airflow/example_dags/example_python_decorator.py took 0.083 seconds
[2024-04-19T12:21:04.183+0000] {processor.py:161} INFO - Started process (PID=107) to work on /home/airflow/.local/lib/python3.12/site-packages/airflow/example_dags/example_python_decorator.py
[2024-04-19T12:21:04.184+0000] {processor.py:830} INFO - Processing file /home/airflow/.local/lib/python3.12/site-packages/airflow/example_dags/example_python_decorator.py for tasks to queue
[2024-04-19T12:21:04.186+0000] {logging_mixin.py:188} INFO - [2024-04-19T12:21:04.186+0000] {dagbag.py:540} INFO - Filling up the DagBag from /home/airflow/.local/lib/python3.12/site-packages/airflow/example_dags/example_python_decorator.py
[2024-04-19T12:21:04.201+0000] {processor.py:840} INFO - DAG(s) 'example_python_decorator' retrieved from /home/airflow/.local/lib/python3.12/site-packages/airflow/example_dags/example_python_decorator.py
[2024-04-19T12:21:04.279+0000] {logging_mixin.py:188} INFO - [2024-04-19T12:21:04.279+0000] {dag.py:3096} INFO - Sync 1 DAGs
[2024-04-19T12:21:04.288+0000] {logging_mixin.py:188} INFO - [2024-04-19T12:21:04.288+0000] {dag.py:3954} INFO - Setting next_dagrun for example_python_decorator to None, run_after=None
[2024-04-19T12:21:04.308+0000] {processor.py:183} INFO - Processing /home/airflow/.local/lib/python3.12/site-packages/airflow/example_dags/example_python_decorator.py took 0.133 seconds
[2024-04-19T12:21:35.328+0000] {processor.py:161} INFO - Started process (PID=165) to work on /home/airflow/.local/lib/python3.12/site-packages/airflow/example_dags/example_python_decorator.py
[2024-04-19T12:21:35.329+0000] {processor.py:830} INFO - Processing file /home/airflow/.local/lib/python3.12/site-packages/airflow/example_dags/example_python_decorator.py for tasks to queue
[2024-04-19T12:21:35.330+0000] {logging_mixin.py:188} INFO - [2024-04-19T12:21:35.330+0000] {dagbag.py:540} INFO - Filling up the DagBag from /home/airflow/.local/lib/python3.12/site-packages/airflow/example_dags/example_python_decorator.py
[2024-04-19T12:21:35.338+0000] {processor.py:840} INFO - DAG(s) 'example_python_decorator' retrieved from /home/airflow/.local/lib/python3.12/site-packages/airflow/example_dags/example_python_decorator.py
[2024-04-19T12:21:35.355+0000] {logging_mixin.py:188} INFO - [2024-04-19T12:21:35.355+0000] {dag.py:3096} INFO - Sync 1 DAGs
[2024-04-19T12:21:35.363+0000] {logging_mixin.py:188} INFO - [2024-04-19T12:21:35.363+0000] {dag.py:3954} INFO - Setting next_dagrun for example_python_decorator to None, run_after=None
[2024-04-19T12:21:35.378+0000] {processor.py:183} INFO - Processing /home/airflow/.local/lib/python3.12/site-packages/airflow/example_dags/example_python_decorator.py took 0.055 seconds
[2024-04-19T12:22:05.659+0000] {processor.py:161} INFO - Started process (PID=223) to work on /home/airflow/.local/lib/python3.12/site-packages/airflow/example_dags/example_python_decorator.py
[2024-04-19T12:22:05.660+0000] {processor.py:830} INFO - Processing file /home/airflow/.local/lib/python3.12/site-packages/airflow/example_dags/example_python_decorator.py for tasks to queue
[2024-04-19T12:22:05.661+0000] {logging_mixin.py:188} INFO - [2024-04-19T12:22:05.661+0000] {dagbag.py:540} INFO - Filling up the DagBag from /home/airflow/.local/lib/python3.12/site-packages/airflow/example_dags/example_python_decorator.py
[2024-04-19T12:22:05.670+0000] {processor.py:840} INFO - DAG(s) 'example_python_decorator' retrieved from /home/airflow/.local/lib/python3.12/site-packages/airflow/example_dags/example_python_decorator.py
[2024-04-19T12:22:05.684+0000] {logging_mixin.py:188} INFO - [2024-04-19T12:22:05.683+0000] {dag.py:3096} INFO - Sync 1 DAGs
[2024-04-19T12:22:05.692+0000] {logging_mixin.py:188} INFO - [2024-04-19T12:22:05.692+0000] {dag.py:3954} INFO - Setting next_dagrun for example_python_decorator to None, run_after=None
[2024-04-19T12:22:05.707+0000] {processor.py:183} INFO - Processing /home/airflow/.local/lib/python3.12/site-packages/airflow/example_dags/example_python_decorator.py took 0.053 seconds
[2024-04-19T12:22:36.025+0000] {processor.py:161} INFO - Started process (PID=281) to work on /home/airflow/.local/lib/python3.12/site-packages/airflow/example_dags/example_python_decorator.py
[2024-04-19T12:22:36.025+0000] {processor.py:830} INFO - Processing file /home/airflow/.local/lib/python3.12/site-packages/airflow/example_dags/example_python_decorator.py for tasks to queue
[2024-04-19T12:22:36.027+0000] {logging_mixin.py:188} INFO - [2024-04-19T12:22:36.027+0000] {dagbag.py:540} INFO - Filling up the DagBag from /home/airflow/.local/lib/python3.12/site-packages/airflow/example_dags/example_python_decorator.py
[2024-04-19T12:22:36.039+0000] {processor.py:840} INFO - DAG(s) 'example_python_decorator' retrieved from /home/airflow/.local/lib/python3.12/site-packages/airflow/example_dags/example_python_decorator.py
[2024-04-19T12:22:36.059+0000] {logging_mixin.py:188} INFO - [2024-04-19T12:22:36.059+0000] {dag.py:3096} INFO - Sync 1 DAGs
[2024-04-19T12:22:36.073+0000] {logging_mixin.py:188} INFO - [2024-04-19T12:22:36.073+0000] {dag.py:3954} INFO - Setting next_dagrun for example_python_decorator to None, run_after=None
[2024-04-19T12:22:36.094+0000] {processor.py:183} INFO - Processing /home/airflow/.local/lib/python3.12/site-packages/airflow/example_dags/example_python_decorator.py took 0.073 seconds
[2024-04-19T12:23:06.324+0000] {processor.py:161} INFO - Started process (PID=339) to work on /home/airflow/.local/lib/python3.12/site-packages/airflow/example_dags/example_python_decorator.py
[2024-04-19T12:23:06.325+0000] {processor.py:830} INFO - Processing file /home/airflow/.local/lib/python3.12/site-packages/airflow/example_dags/example_python_decorator.py for tasks to queue
[2024-04-19T12:23:06.327+0000] {logging_mixin.py:188} INFO - [2024-04-19T12:23:06.326+0000] {dagbag.py:540} INFO - Filling up the DagBag from /home/airflow/.local/lib/python3.12/site-packages/airflow/example_dags/example_python_decorator.py
[2024-04-19T12:23:06.338+0000] {processor.py:840} INFO - DAG(s) 'example_python_decorator' retrieved from /home/airflow/.local/lib/python3.12/site-packages/airflow/example_dags/example_python_decorator.py
[2024-04-19T12:23:06.350+0000] {logging_mixin.py:188} INFO - [2024-04-19T12:23:06.350+0000] {dag.py:3096} INFO - Sync 1 DAGs
[2024-04-19T12:23:06.362+0000] {logging_mixin.py:188} INFO - [2024-04-19T12:23:06.362+0000] {dag.py:3954} INFO - Setting next_dagrun for example_python_decorator to None, run_after=None
[2024-04-19T12:23:06.384+0000] {processor.py:183} INFO - Processing /home/airflow/.local/lib/python3.12/site-packages/airflow/example_dags/example_python_decorator.py took 0.065 seconds
[2024-04-19T12:23:36.486+0000] {processor.py:161} INFO - Started process (PID=398) to work on /home/airflow/.local/lib/python3.12/site-packages/airflow/example_dags/example_python_decorator.py
[2024-04-19T12:23:36.487+0000] {processor.py:830} INFO - Processing file /home/airflow/.local/lib/python3.12/site-packages/airflow/example_dags/example_python_decorator.py for tasks to queue
[2024-04-19T12:23:36.489+0000] {logging_mixin.py:188} INFO - [2024-04-19T12:23:36.488+0000] {dagbag.py:540} INFO - Filling up the DagBag from /home/airflow/.local/lib/python3.12/site-packages/airflow/example_dags/example_python_decorator.py
[2024-04-19T12:23:36.498+0000] {processor.py:840} INFO - DAG(s) 'example_python_decorator' retrieved from /home/airflow/.local/lib/python3.12/site-packages/airflow/example_dags/example_python_decorator.py
[2024-04-19T12:23:36.576+0000] {logging_mixin.py:188} INFO - [2024-04-19T12:23:36.575+0000] {dag.py:3096} INFO - Sync 1 DAGs
[2024-04-19T12:23:36.585+0000] {logging_mixin.py:188} INFO - [2024-04-19T12:23:36.584+0000] {dag.py:3954} INFO - Setting next_dagrun for example_python_decorator to None, run_after=None
[2024-04-19T12:23:36.602+0000] {processor.py:183} INFO - Processing /home/airflow/.local/lib/python3.12/site-packages/airflow/example_dags/example_python_decorator.py took 0.119 seconds
[2024-04-19T12:24:07.514+0000] {processor.py:161} INFO - Started process (PID=457) to work on /home/airflow/.local/lib/python3.12/site-packages/airflow/example_dags/example_python_decorator.py
[2024-04-19T12:24:07.515+0000] {processor.py:830} INFO - Processing file /home/airflow/.local/lib/python3.12/site-packages/airflow/example_dags/example_python_decorator.py for tasks to queue
[2024-04-19T12:24:07.518+0000] {logging_mixin.py:188} INFO - [2024-04-19T12:24:07.517+0000] {dagbag.py:540} INFO - Filling up the DagBag from /home/airflow/.local/lib/python3.12/site-packages/airflow/example_dags/example_python_decorator.py
[2024-04-19T12:24:07.528+0000] {processor.py:840} INFO - DAG(s) 'example_python_decorator' retrieved from /home/airflow/.local/lib/python3.12/site-packages/airflow/example_dags/example_python_decorator.py
[2024-04-19T12:24:07.550+0000] {logging_mixin.py:188} INFO - [2024-04-19T12:24:07.550+0000] {dag.py:3096} INFO - Sync 1 DAGs
[2024-04-19T12:24:07.561+0000] {logging_mixin.py:188} INFO - [2024-04-19T12:24:07.561+0000] {dag.py:3954} INFO - Setting next_dagrun for example_python_decorator to None, run_after=None
[2024-04-19T12:24:07.579+0000] {processor.py:183} INFO - Processing /home/airflow/.local/lib/python3.12/site-packages/airflow/example_dags/example_python_decorator.py took 0.068 seconds
[2024-04-19T12:24:37.939+0000] {processor.py:161} INFO - Started process (PID=515) to work on /home/airflow/.local/lib/python3.12/site-packages/airflow/example_dags/example_python_decorator.py
[2024-04-19T12:24:37.940+0000] {processor.py:830} INFO - Processing file /home/airflow/.local/lib/python3.12/site-packages/airflow/example_dags/example_python_decorator.py for tasks to queue
[2024-04-19T12:24:37.941+0000] {logging_mixin.py:188} INFO - [2024-04-19T12:24:37.941+0000] {dagbag.py:540} INFO - Filling up the DagBag from /home/airflow/.local/lib/python3.12/site-packages/airflow/example_dags/example_python_decorator.py
[2024-04-19T12:24:37.949+0000] {processor.py:840} INFO - DAG(s) 'example_python_decorator' retrieved from /home/airflow/.local/lib/python3.12/site-packages/airflow/example_dags/example_python_decorator.py
[2024-04-19T12:24:37.972+0000] {logging_mixin.py:188} INFO - [2024-04-19T12:24:37.972+0000] {dag.py:3096} INFO - Sync 1 DAGs
[2024-04-19T12:24:37.980+0000] {logging_mixin.py:188} INFO - [2024-04-19T12:24:37.980+0000] {dag.py:3954} INFO - Setting next_dagrun for example_python_decorator to None, run_after=None
[2024-04-19T12:24:37.997+0000] {processor.py:183} INFO - Processing /home/airflow/.local/lib/python3.12/site-packages/airflow/example_dags/example_python_decorator.py took 0.063 seconds
[2024-04-19T12:25:08.612+0000] {processor.py:161} INFO - Started process (PID=573) to work on /home/airflow/.local/lib/python3.12/site-packages/airflow/example_dags/example_python_decorator.py
[2024-04-19T12:25:08.613+0000] {processor.py:830} INFO - Processing file /home/airflow/.local/lib/python3.12/site-packages/airflow/example_dags/example_python_decorator.py for tasks to queue
[2024-04-19T12:25:08.615+0000] {logging_mixin.py:188} INFO - [2024-04-19T12:25:08.614+0000] {dagbag.py:540} INFO - Filling up the DagBag from /home/airflow/.local/lib/python3.12/site-packages/airflow/example_dags/example_python_decorator.py
[2024-04-19T12:25:08.626+0000] {processor.py:840} INFO - DAG(s) 'example_python_decorator' retrieved from /home/airflow/.local/lib/python3.12/site-packages/airflow/example_dags/example_python_decorator.py
[2024-04-19T12:25:08.648+0000] {logging_mixin.py:188} INFO - [2024-04-19T12:25:08.647+0000] {dag.py:3096} INFO - Sync 1 DAGs
[2024-04-19T12:25:08.660+0000] {logging_mixin.py:188} INFO - [2024-04-19T12:25:08.660+0000] {dag.py:3954} INFO - Setting next_dagrun for example_python_decorator to None, run_after=None
[2024-04-19T12:25:08.680+0000] {processor.py:183} INFO - Processing /home/airflow/.local/lib/python3.12/site-packages/airflow/example_dags/example_python_decorator.py took 0.078 seconds
[2024-04-19T12:25:38.813+0000] {processor.py:161} INFO - Started process (PID=631) to work on /home/airflow/.local/lib/python3.12/site-packages/airflow/example_dags/example_python_decorator.py
[2024-04-19T12:25:38.815+0000] {processor.py:830} INFO - Processing file /home/airflow/.local/lib/python3.12/site-packages/airflow/example_dags/example_python_decorator.py for tasks to queue
[2024-04-19T12:25:38.819+0000] {logging_mixin.py:188} INFO - [2024-04-19T12:25:38.818+0000] {dagbag.py:540} INFO - Filling up the DagBag from /home/airflow/.local/lib/python3.12/site-packages/airflow/example_dags/example_python_decorator.py
[2024-04-19T12:25:38.838+0000] {processor.py:840} INFO - DAG(s) 'example_python_decorator' retrieved from /home/airflow/.local/lib/python3.12/site-packages/airflow/example_dags/example_python_decorator.py
[2024-04-19T12:25:38.873+0000] {logging_mixin.py:188} INFO - [2024-04-19T12:25:38.872+0000] {dag.py:3096} INFO - Sync 1 DAGs
[2024-04-19T12:25:38.892+0000] {logging_mixin.py:188} INFO - [2024-04-19T12:25:38.891+0000] {dag.py:3954} INFO - Setting next_dagrun for example_python_decorator to None, run_after=None
[2024-04-19T12:25:38.930+0000] {processor.py:183} INFO - Processing /home/airflow/.local/lib/python3.12/site-packages/airflow/example_dags/example_python_decorator.py took 0.131 seconds
[2024-04-19T12:26:08.978+0000] {processor.py:161} INFO - Started process (PID=689) to work on /home/airflow/.local/lib/python3.12/site-packages/airflow/example_dags/example_python_decorator.py
[2024-04-19T12:26:08.978+0000] {processor.py:830} INFO - Processing file /home/airflow/.local/lib/python3.12/site-packages/airflow/example_dags/example_python_decorator.py for tasks to queue
[2024-04-19T12:26:08.980+0000] {logging_mixin.py:188} INFO - [2024-04-19T12:26:08.980+0000] {dagbag.py:540} INFO - Filling up the DagBag from /home/airflow/.local/lib/python3.12/site-packages/airflow/example_dags/example_python_decorator.py
[2024-04-19T12:26:08.990+0000] {processor.py:840} INFO - DAG(s) 'example_python_decorator' retrieved from /home/airflow/.local/lib/python3.12/site-packages/airflow/example_dags/example_python_decorator.py
[2024-04-19T12:26:09.015+0000] {logging_mixin.py:188} INFO - [2024-04-19T12:26:09.014+0000] {dag.py:3096} INFO - Sync 1 DAGs
[2024-04-19T12:26:09.027+0000] {logging_mixin.py:188} INFO - [2024-04-19T12:26:09.027+0000] {dag.py:3954} INFO - Setting next_dagrun for example_python_decorator to None, run_after=None
[2024-04-19T12:26:09.048+0000] {processor.py:183} INFO - Processing /home/airflow/.local/lib/python3.12/site-packages/airflow/example_dags/example_python_decorator.py took 0.075 seconds
[2024-04-19T12:26:39.338+0000] {processor.py:161} INFO - Started process (PID=747) to work on /home/airflow/.local/lib/python3.12/site-packages/airflow/example_dags/example_python_decorator.py
[2024-04-19T12:26:39.339+0000] {processor.py:830} INFO - Processing file /home/airflow/.local/lib/python3.12/site-packages/airflow/example_dags/example_python_decorator.py for tasks to queue
[2024-04-19T12:26:39.340+0000] {logging_mixin.py:188} INFO - [2024-04-19T12:26:39.340+0000] {dagbag.py:540} INFO - Filling up the DagBag from /home/airflow/.local/lib/python3.12/site-packages/airflow/example_dags/example_python_decorator.py
[2024-04-19T12:26:39.348+0000] {processor.py:840} INFO - DAG(s) 'example_python_decorator' retrieved from /home/airflow/.local/lib/python3.12/site-packages/airflow/example_dags/example_python_decorator.py
[2024-04-19T12:26:39.367+0000] {logging_mixin.py:188} INFO - [2024-04-19T12:26:39.367+0000] {dag.py:3096} INFO - Sync 1 DAGs
[2024-04-19T12:26:39.377+0000] {logging_mixin.py:188} INFO - [2024-04-19T12:26:39.377+0000] {dag.py:3954} INFO - Setting next_dagrun for example_python_decorator to None, run_after=None
[2024-04-19T12:26:39.399+0000] {processor.py:183} INFO - Processing /home/airflow/.local/lib/python3.12/site-packages/airflow/example_dags/example_python_decorator.py took 0.064 seconds
[2024-04-19T12:27:09.480+0000] {processor.py:161} INFO - Started process (PID=805) to work on /home/airflow/.local/lib/python3.12/site-packages/airflow/example_dags/example_python_decorator.py
[2024-04-19T12:27:09.481+0000] {processor.py:830} INFO - Processing file /home/airflow/.local/lib/python3.12/site-packages/airflow/example_dags/example_python_decorator.py for tasks to queue
[2024-04-19T12:27:09.484+0000] {logging_mixin.py:188} INFO - [2024-04-19T12:27:09.483+0000] {dagbag.py:540} INFO - Filling up the DagBag from /home/airflow/.local/lib/python3.12/site-packages/airflow/example_dags/example_python_decorator.py
[2024-04-19T12:27:09.492+0000] {processor.py:840} INFO - DAG(s) 'example_python_decorator' retrieved from /home/airflow/.local/lib/python3.12/site-packages/airflow/example_dags/example_python_decorator.py
[2024-04-19T12:27:09.508+0000] {logging_mixin.py:188} INFO - [2024-04-19T12:27:09.508+0000] {dag.py:3096} INFO - Sync 1 DAGs
[2024-04-19T12:27:09.517+0000] {logging_mixin.py:188} INFO - [2024-04-19T12:27:09.517+0000] {dag.py:3954} INFO - Setting next_dagrun for example_python_decorator to None, run_after=None
[2024-04-19T12:27:09.534+0000] {processor.py:183} INFO - Processing /home/airflow/.local/lib/python3.12/site-packages/airflow/example_dags/example_python_decorator.py took 0.060 seconds
[2024-04-19T12:27:40.199+0000] {processor.py:161} INFO - Started process (PID=863) to work on /home/airflow/.local/lib/python3.12/site-packages/airflow/example_dags/example_python_decorator.py
[2024-04-19T12:27:40.200+0000] {processor.py:830} INFO - Processing file /home/airflow/.local/lib/python3.12/site-packages/airflow/example_dags/example_python_decorator.py for tasks to queue
[2024-04-19T12:27:40.202+0000] {logging_mixin.py:188} INFO - [2024-04-19T12:27:40.202+0000] {dagbag.py:540} INFO - Filling up the DagBag from /home/airflow/.local/lib/python3.12/site-packages/airflow/example_dags/example_python_decorator.py
[2024-04-19T12:27:40.210+0000] {processor.py:840} INFO - DAG(s) 'example_python_decorator' retrieved from /home/airflow/.local/lib/python3.12/site-packages/airflow/example_dags/example_python_decorator.py
[2024-04-19T12:27:40.230+0000] {logging_mixin.py:188} INFO - [2024-04-19T12:27:40.229+0000] {dag.py:3096} INFO - Sync 1 DAGs
[2024-04-19T12:27:40.240+0000] {logging_mixin.py:188} INFO - [2024-04-19T12:27:40.240+0000] {dag.py:3954} INFO - Setting next_dagrun for example_python_decorator to None, run_after=None
[2024-04-19T12:27:40.259+0000] {processor.py:183} INFO - Processing /home/airflow/.local/lib/python3.12/site-packages/airflow/example_dags/example_python_decorator.py took 0.068 seconds
[2024-04-19T12:28:10.331+0000] {processor.py:161} INFO - Started process (PID=921) to work on /home/airflow/.local/lib/python3.12/site-packages/airflow/example_dags/example_python_decorator.py
[2024-04-19T12:28:10.333+0000] {processor.py:830} INFO - Processing file /home/airflow/.local/lib/python3.12/site-packages/airflow/example_dags/example_python_decorator.py for tasks to queue
[2024-04-19T12:28:10.334+0000] {logging_mixin.py:188} INFO - [2024-04-19T12:28:10.334+0000] {dagbag.py:540} INFO - Filling up the DagBag from /home/airflow/.local/lib/python3.12/site-packages/airflow/example_dags/example_python_decorator.py
[2024-04-19T12:28:10.342+0000] {processor.py:840} INFO - DAG(s) 'example_python_decorator' retrieved from /home/airflow/.local/lib/python3.12/site-packages/airflow/example_dags/example_python_decorator.py
[2024-04-19T12:28:10.358+0000] {logging_mixin.py:188} INFO - [2024-04-19T12:28:10.357+0000] {dag.py:3096} INFO - Sync 1 DAGs
[2024-04-19T12:28:10.365+0000] {logging_mixin.py:188} INFO - [2024-04-19T12:28:10.365+0000] {dag.py:3954} INFO - Setting next_dagrun for example_python_decorator to None, run_after=None
[2024-04-19T12:28:10.384+0000] {processor.py:183} INFO - Processing /home/airflow/.local/lib/python3.12/site-packages/airflow/example_dags/example_python_decorator.py took 0.061 seconds
[2024-04-19T12:28:40.495+0000] {processor.py:161} INFO - Started process (PID=979) to work on /home/airflow/.local/lib/python3.12/site-packages/airflow/example_dags/example_python_decorator.py
[2024-04-19T12:28:40.496+0000] {processor.py:830} INFO - Processing file /home/airflow/.local/lib/python3.12/site-packages/airflow/example_dags/example_python_decorator.py for tasks to queue
[2024-04-19T12:28:40.497+0000] {logging_mixin.py:188} INFO - [2024-04-19T12:28:40.497+0000] {dagbag.py:540} INFO - Filling up the DagBag from /home/airflow/.local/lib/python3.12/site-packages/airflow/example_dags/example_python_decorator.py
[2024-04-19T12:28:40.507+0000] {processor.py:840} INFO - DAG(s) 'example_python_decorator' retrieved from /home/airflow/.local/lib/python3.12/site-packages/airflow/example_dags/example_python_decorator.py
[2024-04-19T12:28:40.524+0000] {logging_mixin.py:188} INFO - [2024-04-19T12:28:40.524+0000] {dag.py:3096} INFO - Sync 1 DAGs
[2024-04-19T12:28:40.535+0000] {logging_mixin.py:188} INFO - [2024-04-19T12:28:40.535+0000] {dag.py:3954} INFO - Setting next_dagrun for example_python_decorator to None, run_after=None
[2024-04-19T12:28:40.558+0000] {processor.py:183} INFO - Processing /home/airflow/.local/lib/python3.12/site-packages/airflow/example_dags/example_python_decorator.py took 0.067 seconds
[2024-04-19T12:29:10.885+0000] {processor.py:161} INFO - Started process (PID=1037) to work on /home/airflow/.local/lib/python3.12/site-packages/airflow/example_dags/example_python_decorator.py
[2024-04-19T12:29:10.885+0000] {processor.py:830} INFO - Processing file /home/airflow/.local/lib/python3.12/site-packages/airflow/example_dags/example_python_decorator.py for tasks to queue
[2024-04-19T12:29:10.887+0000] {logging_mixin.py:188} INFO - [2024-04-19T12:29:10.886+0000] {dagbag.py:540} INFO - Filling up the DagBag from /home/airflow/.local/lib/python3.12/site-packages/airflow/example_dags/example_python_decorator.py
[2024-04-19T12:29:10.894+0000] {processor.py:840} INFO - DAG(s) 'example_python_decorator' retrieved from /home/airflow/.local/lib/python3.12/site-packages/airflow/example_dags/example_python_decorator.py
[2024-04-19T12:29:10.909+0000] {logging_mixin.py:188} INFO - [2024-04-19T12:29:10.908+0000] {dag.py:3096} INFO - Sync 1 DAGs
[2024-04-19T12:29:10.918+0000] {logging_mixin.py:188} INFO - [2024-04-19T12:29:10.918+0000] {dag.py:3954} INFO - Setting next_dagrun for example_python_decorator to None, run_after=None
[2024-04-19T12:29:11.025+0000] {processor.py:183} INFO - Processing /home/airflow/.local/lib/python3.12/site-packages/airflow/example_dags/example_python_decorator.py took 0.143 seconds
[2024-04-19T12:29:41.369+0000] {processor.py:161} INFO - Started process (PID=1095) to work on /home/airflow/.local/lib/python3.12/site-packages/airflow/example_dags/example_python_decorator.py
[2024-04-19T12:29:41.370+0000] {processor.py:830} INFO - Processing file /home/airflow/.local/lib/python3.12/site-packages/airflow/example_dags/example_python_decorator.py for tasks to queue
[2024-04-19T12:29:41.373+0000] {logging_mixin.py:188} INFO - [2024-04-19T12:29:41.372+0000] {dagbag.py:540} INFO - Filling up the DagBag from /home/airflow/.local/lib/python3.12/site-packages/airflow/example_dags/example_python_decorator.py
[2024-04-19T12:29:41.382+0000] {processor.py:840} INFO - DAG(s) 'example_python_decorator' retrieved from /home/airflow/.local/lib/python3.12/site-packages/airflow/example_dags/example_python_decorator.py
[2024-04-19T12:29:41.392+0000] {logging_mixin.py:188} INFO - [2024-04-19T12:29:41.392+0000] {dag.py:3096} INFO - Sync 1 DAGs
[2024-04-19T12:29:41.405+0000] {logging_mixin.py:188} INFO - [2024-04-19T12:29:41.405+0000] {dag.py:3954} INFO - Setting next_dagrun for example_python_decorator to None, run_after=None
[2024-04-19T12:29:41.424+0000] {processor.py:183} INFO - Processing /home/airflow/.local/lib/python3.12/site-packages/airflow/example_dags/example_python_decorator.py took 0.060 seconds
[2024-04-19T12:30:12.423+0000] {processor.py:161} INFO - Started process (PID=1153) to work on /home/airflow/.local/lib/python3.12/site-packages/airflow/example_dags/example_python_decorator.py
[2024-04-19T12:30:12.424+0000] {processor.py:830} INFO - Processing file /home/airflow/.local/lib/python3.12/site-packages/airflow/example_dags/example_python_decorator.py for tasks to queue
[2024-04-19T12:30:12.425+0000] {logging_mixin.py:188} INFO - [2024-04-19T12:30:12.425+0000] {dagbag.py:540} INFO - Filling up the DagBag from /home/airflow/.local/lib/python3.12/site-packages/airflow/example_dags/example_python_decorator.py
[2024-04-19T12:30:12.432+0000] {processor.py:840} INFO - DAG(s) 'example_python_decorator' retrieved from /home/airflow/.local/lib/python3.12/site-packages/airflow/example_dags/example_python_decorator.py
[2024-04-19T12:30:12.566+0000] {logging_mixin.py:188} INFO - [2024-04-19T12:30:12.566+0000] {dag.py:3096} INFO - Sync 1 DAGs
[2024-04-19T12:30:12.574+0000] {logging_mixin.py:188} INFO - [2024-04-19T12:30:12.574+0000] {dag.py:3954} INFO - Setting next_dagrun for example_python_decorator to None, run_after=None
[2024-04-19T12:30:12.589+0000] {processor.py:183} INFO - Processing /home/airflow/.local/lib/python3.12/site-packages/airflow/example_dags/example_python_decorator.py took 0.170 seconds
[2024-04-19T12:30:43.365+0000] {processor.py:161} INFO - Started process (PID=1211) to work on /home/airflow/.local/lib/python3.12/site-packages/airflow/example_dags/example_python_decorator.py
[2024-04-19T12:30:43.366+0000] {processor.py:830} INFO - Processing file /home/airflow/.local/lib/python3.12/site-packages/airflow/example_dags/example_python_decorator.py for tasks to queue
[2024-04-19T12:30:43.368+0000] {logging_mixin.py:188} INFO - [2024-04-19T12:30:43.367+0000] {dagbag.py:540} INFO - Filling up the DagBag from /home/airflow/.local/lib/python3.12/site-packages/airflow/example_dags/example_python_decorator.py
[2024-04-19T12:30:43.376+0000] {processor.py:840} INFO - DAG(s) 'example_python_decorator' retrieved from /home/airflow/.local/lib/python3.12/site-packages/airflow/example_dags/example_python_decorator.py
[2024-04-19T12:30:43.478+0000] {logging_mixin.py:188} INFO - [2024-04-19T12:30:43.478+0000] {dag.py:3096} INFO - Sync 1 DAGs
[2024-04-19T12:30:43.484+0000] {logging_mixin.py:188} INFO - [2024-04-19T12:30:43.484+0000] {dag.py:3954} INFO - Setting next_dagrun for example_python_decorator to None, run_after=None
[2024-04-19T12:30:43.499+0000] {processor.py:183} INFO - Processing /home/airflow/.local/lib/python3.12/site-packages/airflow/example_dags/example_python_decorator.py took 0.138 seconds
[2024-04-19T12:31:14.230+0000] {processor.py:161} INFO - Started process (PID=1269) to work on /home/airflow/.local/lib/python3.12/site-packages/airflow/example_dags/example_python_decorator.py
[2024-04-19T12:31:14.231+0000] {processor.py:830} INFO - Processing file /home/airflow/.local/lib/python3.12/site-packages/airflow/example_dags/example_python_decorator.py for tasks to queue
[2024-04-19T12:31:14.232+0000] {logging_mixin.py:188} INFO - [2024-04-19T12:31:14.232+0000] {dagbag.py:540} INFO - Filling up the DagBag from /home/airflow/.local/lib/python3.12/site-packages/airflow/example_dags/example_python_decorator.py
[2024-04-19T12:31:14.240+0000] {processor.py:840} INFO - DAG(s) 'example_python_decorator' retrieved from /home/airflow/.local/lib/python3.12/site-packages/airflow/example_dags/example_python_decorator.py
[2024-04-19T12:31:14.253+0000] {logging_mixin.py:188} INFO - [2024-04-19T12:31:14.252+0000] {dag.py:3096} INFO - Sync 1 DAGs
[2024-04-19T12:31:14.260+0000] {logging_mixin.py:188} INFO - [2024-04-19T12:31:14.260+0000] {dag.py:3954} INFO - Setting next_dagrun for example_python_decorator to None, run_after=None
[2024-04-19T12:31:14.276+0000] {processor.py:183} INFO - Processing /home/airflow/.local/lib/python3.12/site-packages/airflow/example_dags/example_python_decorator.py took 0.049 seconds
[2024-04-19T12:31:44.524+0000] {processor.py:161} INFO - Started process (PID=1326) to work on /home/airflow/.local/lib/python3.12/site-packages/airflow/example_dags/example_python_decorator.py
[2024-04-19T12:31:44.525+0000] {processor.py:830} INFO - Processing file /home/airflow/.local/lib/python3.12/site-packages/airflow/example_dags/example_python_decorator.py for tasks to queue
[2024-04-19T12:31:44.526+0000] {logging_mixin.py:188} INFO - [2024-04-19T12:31:44.526+0000] {dagbag.py:540} INFO - Filling up the DagBag from /home/airflow/.local/lib/python3.12/site-packages/airflow/example_dags/example_python_decorator.py
[2024-04-19T12:31:44.536+0000] {processor.py:840} INFO - DAG(s) 'example_python_decorator' retrieved from /home/airflow/.local/lib/python3.12/site-packages/airflow/example_dags/example_python_decorator.py
[2024-04-19T12:31:44.554+0000] {logging_mixin.py:188} INFO - [2024-04-19T12:31:44.553+0000] {dag.py:3096} INFO - Sync 1 DAGs
[2024-04-19T12:31:44.563+0000] {logging_mixin.py:188} INFO - [2024-04-19T12:31:44.563+0000] {dag.py:3954} INFO - Setting next_dagrun for example_python_decorator to None, run_after=None
[2024-04-19T12:31:44.580+0000] {processor.py:183} INFO - Processing /home/airflow/.local/lib/python3.12/site-packages/airflow/example_dags/example_python_decorator.py took 0.062 seconds
[2024-04-19T12:32:14.908+0000] {processor.py:161} INFO - Started process (PID=1384) to work on /home/airflow/.local/lib/python3.12/site-packages/airflow/example_dags/example_python_decorator.py
[2024-04-19T12:32:14.909+0000] {processor.py:830} INFO - Processing file /home/airflow/.local/lib/python3.12/site-packages/airflow/example_dags/example_python_decorator.py for tasks to queue
[2024-04-19T12:32:14.912+0000] {logging_mixin.py:188} INFO - [2024-04-19T12:32:14.911+0000] {dagbag.py:540} INFO - Filling up the DagBag from /home/airflow/.local/lib/python3.12/site-packages/airflow/example_dags/example_python_decorator.py
[2024-04-19T12:32:14.924+0000] {processor.py:840} INFO - DAG(s) 'example_python_decorator' retrieved from /home/airflow/.local/lib/python3.12/site-packages/airflow/example_dags/example_python_decorator.py
[2024-04-19T12:32:14.943+0000] {logging_mixin.py:188} INFO - [2024-04-19T12:32:14.943+0000] {dag.py:3096} INFO - Sync 1 DAGs
[2024-04-19T12:32:14.952+0000] {logging_mixin.py:188} INFO - [2024-04-19T12:32:14.951+0000] {dag.py:3954} INFO - Setting next_dagrun for example_python_decorator to None, run_after=None
[2024-04-19T12:32:14.968+0000] {processor.py:183} INFO - Processing /home/airflow/.local/lib/python3.12/site-packages/airflow/example_dags/example_python_decorator.py took 0.066 seconds
[2024-04-19T12:32:45.425+0000] {processor.py:161} INFO - Started process (PID=1442) to work on /home/airflow/.local/lib/python3.12/site-packages/airflow/example_dags/example_python_decorator.py
[2024-04-19T12:32:45.425+0000] {processor.py:830} INFO - Processing file /home/airflow/.local/lib/python3.12/site-packages/airflow/example_dags/example_python_decorator.py for tasks to queue
[2024-04-19T12:32:45.427+0000] {logging_mixin.py:188} INFO - [2024-04-19T12:32:45.427+0000] {dagbag.py:540} INFO - Filling up the DagBag from /home/airflow/.local/lib/python3.12/site-packages/airflow/example_dags/example_python_decorator.py
[2024-04-19T12:32:45.437+0000] {processor.py:840} INFO - DAG(s) 'example_python_decorator' retrieved from /home/airflow/.local/lib/python3.12/site-packages/airflow/example_dags/example_python_decorator.py
[2024-04-19T12:32:45.462+0000] {logging_mixin.py:188} INFO - [2024-04-19T12:32:45.461+0000] {dag.py:3096} INFO - Sync 1 DAGs
[2024-04-19T12:32:45.473+0000] {logging_mixin.py:188} INFO - [2024-04-19T12:32:45.473+0000] {dag.py:3954} INFO - Setting next_dagrun for example_python_decorator to None, run_after=None
[2024-04-19T12:32:45.491+0000] {processor.py:183} INFO - Processing /home/airflow/.local/lib/python3.12/site-packages/airflow/example_dags/example_python_decorator.py took 0.071 seconds
[2024-04-19T12:33:15.773+0000] {processor.py:161} INFO - Started process (PID=1500) to work on /home/airflow/.local/lib/python3.12/site-packages/airflow/example_dags/example_python_decorator.py
[2024-04-19T12:33:15.774+0000] {processor.py:830} INFO - Processing file /home/airflow/.local/lib/python3.12/site-packages/airflow/example_dags/example_python_decorator.py for tasks to queue
[2024-04-19T12:33:15.775+0000] {logging_mixin.py:188} INFO - [2024-04-19T12:33:15.775+0000] {dagbag.py:540} INFO - Filling up the DagBag from /home/airflow/.local/lib/python3.12/site-packages/airflow/example_dags/example_python_decorator.py
[2024-04-19T12:33:15.783+0000] {processor.py:840} INFO - DAG(s) 'example_python_decorator' retrieved from /home/airflow/.local/lib/python3.12/site-packages/airflow/example_dags/example_python_decorator.py
[2024-04-19T12:33:15.799+0000] {logging_mixin.py:188} INFO - [2024-04-19T12:33:15.799+0000] {dag.py:3096} INFO - Sync 1 DAGs
[2024-04-19T12:33:15.808+0000] {logging_mixin.py:188} INFO - [2024-04-19T12:33:15.808+0000] {dag.py:3954} INFO - Setting next_dagrun for example_python_decorator to None, run_after=None
[2024-04-19T12:33:15.826+0000] {processor.py:183} INFO - Processing /home/airflow/.local/lib/python3.12/site-packages/airflow/example_dags/example_python_decorator.py took 0.056 seconds
[2024-04-19T12:33:46.241+0000] {processor.py:161} INFO - Started process (PID=1558) to work on /home/airflow/.local/lib/python3.12/site-packages/airflow/example_dags/example_python_decorator.py
[2024-04-19T12:33:46.242+0000] {processor.py:830} INFO - Processing file /home/airflow/.local/lib/python3.12/site-packages/airflow/example_dags/example_python_decorator.py for tasks to queue
[2024-04-19T12:33:46.243+0000] {logging_mixin.py:188} INFO - [2024-04-19T12:33:46.243+0000] {dagbag.py:540} INFO - Filling up the DagBag from /home/airflow/.local/lib/python3.12/site-packages/airflow/example_dags/example_python_decorator.py
[2024-04-19T12:33:46.253+0000] {processor.py:840} INFO - DAG(s) 'example_python_decorator' retrieved from /home/airflow/.local/lib/python3.12/site-packages/airflow/example_dags/example_python_decorator.py
[2024-04-19T12:33:46.271+0000] {logging_mixin.py:188} INFO - [2024-04-19T12:33:46.271+0000] {dag.py:3096} INFO - Sync 1 DAGs
[2024-04-19T12:33:46.280+0000] {logging_mixin.py:188} INFO - [2024-04-19T12:33:46.279+0000] {dag.py:3954} INFO - Setting next_dagrun for example_python_decorator to None, run_after=None
[2024-04-19T12:33:46.297+0000] {processor.py:183} INFO - Processing /home/airflow/.local/lib/python3.12/site-packages/airflow/example_dags/example_python_decorator.py took 0.059 seconds
