[2024-04-19T12:17:11.092+0000] {processor.py:161} INFO - Started process (PID=38) to work on /home/airflow/.local/lib/python3.12/site-packages/airflow/example_dags/example_subdag_operator.py
[2024-04-19T12:17:11.094+0000] {processor.py:830} INFO - Processing file /home/airflow/.local/lib/python3.12/site-packages/airflow/example_dags/example_subdag_operator.py for tasks to queue
[2024-04-19T12:17:11.096+0000] {logging_mixin.py:188} INFO - [2024-04-19T12:17:11.095+0000] {dagbag.py:540} INFO - Filling up the DagBag from /home/airflow/.local/lib/python3.12/site-packages/airflow/example_dags/example_subdag_operator.py
[2024-04-19T12:17:11.122+0000] {processor.py:840} INFO - DAG(s) 'example_subdag_operator.section-1', 'example_subdag_operator.section-2', 'example_subdag_operator' retrieved from /home/airflow/.local/lib/python3.12/site-packages/airflow/example_dags/example_subdag_operator.py
[2024-04-19T12:17:11.125+0000] {logging_mixin.py:188} INFO - [2024-04-19T12:17:11.125+0000] {dag.py:3096} INFO - Sync 3 DAGs
[2024-04-19T12:17:11.149+0000] {logging_mixin.py:188} INFO - [2024-04-19T12:17:11.149+0000] {dag.py:3954} INFO - Setting next_dagrun for example_subdag_operator to 2022-01-01 00:00:00+00:00, run_after=2022-01-01 00:00:00+00:00
[2024-04-19T12:17:11.155+0000] {logging_mixin.py:188} INFO - [2024-04-19T12:17:11.155+0000] {dag.py:3954} INFO - Setting next_dagrun for example_subdag_operator.section-1 to None, run_after=None
[2024-04-19T12:17:11.158+0000] {logging_mixin.py:188} INFO - [2024-04-19T12:17:11.157+0000] {dag.py:3954} INFO - Setting next_dagrun for example_subdag_operator.section-2 to None, run_after=None
[2024-04-19T12:17:11.167+0000] {logging_mixin.py:188} INFO - [2024-04-19T12:17:11.167+0000] {dag.py:3096} INFO - Sync 2 DAGs
[2024-04-19T12:17:11.175+0000] {logging_mixin.py:188} INFO - [2024-04-19T12:17:11.174+0000] {dag.py:3954} INFO - Setting next_dagrun for example_subdag_operator.section-1 to None, run_after=None
[2024-04-19T12:17:11.176+0000] {logging_mixin.py:188} INFO - [2024-04-19T12:17:11.175+0000] {dag.py:3954} INFO - Setting next_dagrun for example_subdag_operator.section-2 to None, run_after=None
[2024-04-19T12:17:11.192+0000] {processor.py:183} INFO - Processing /home/airflow/.local/lib/python3.12/site-packages/airflow/example_dags/example_subdag_operator.py took 0.105 seconds
[2024-04-19T12:17:41.417+0000] {processor.py:161} INFO - Started process (PID=96) to work on /home/airflow/.local/lib/python3.12/site-packages/airflow/example_dags/example_subdag_operator.py
[2024-04-19T12:17:41.417+0000] {processor.py:830} INFO - Processing file /home/airflow/.local/lib/python3.12/site-packages/airflow/example_dags/example_subdag_operator.py for tasks to queue
[2024-04-19T12:17:41.418+0000] {logging_mixin.py:188} INFO - [2024-04-19T12:17:41.418+0000] {dagbag.py:540} INFO - Filling up the DagBag from /home/airflow/.local/lib/python3.12/site-packages/airflow/example_dags/example_subdag_operator.py
[2024-04-19T12:17:41.433+0000] {processor.py:840} INFO - DAG(s) 'example_subdag_operator.section-1', 'example_subdag_operator.section-2', 'example_subdag_operator' retrieved from /home/airflow/.local/lib/python3.12/site-packages/airflow/example_dags/example_subdag_operator.py
[2024-04-19T12:17:41.490+0000] {logging_mixin.py:188} INFO - [2024-04-19T12:17:41.489+0000] {dag.py:3096} INFO - Sync 3 DAGs
[2024-04-19T12:17:41.501+0000] {logging_mixin.py:188} INFO - [2024-04-19T12:17:41.501+0000] {dag.py:3954} INFO - Setting next_dagrun for example_subdag_operator to 2022-01-01 00:00:00+00:00, run_after=2022-01-01 00:00:00+00:00
[2024-04-19T12:17:41.503+0000] {logging_mixin.py:188} INFO - [2024-04-19T12:17:41.503+0000] {dag.py:3954} INFO - Setting next_dagrun for example_subdag_operator.section-1 to None, run_after=None
[2024-04-19T12:17:41.505+0000] {logging_mixin.py:188} INFO - [2024-04-19T12:17:41.504+0000] {dag.py:3954} INFO - Setting next_dagrun for example_subdag_operator.section-2 to None, run_after=None
[2024-04-19T12:17:41.510+0000] {logging_mixin.py:188} INFO - [2024-04-19T12:17:41.510+0000] {dag.py:3096} INFO - Sync 2 DAGs
[2024-04-19T12:17:41.514+0000] {logging_mixin.py:188} INFO - [2024-04-19T12:17:41.514+0000] {dag.py:3954} INFO - Setting next_dagrun for example_subdag_operator.section-1 to None, run_after=None
[2024-04-19T12:17:41.515+0000] {logging_mixin.py:188} INFO - [2024-04-19T12:17:41.515+0000] {dag.py:3954} INFO - Setting next_dagrun for example_subdag_operator.section-2 to None, run_after=None
[2024-04-19T12:17:41.524+0000] {processor.py:183} INFO - Processing /home/airflow/.local/lib/python3.12/site-packages/airflow/example_dags/example_subdag_operator.py took 0.111 seconds
[2024-04-19T12:18:11.810+0000] {processor.py:161} INFO - Started process (PID=154) to work on /home/airflow/.local/lib/python3.12/site-packages/airflow/example_dags/example_subdag_operator.py
[2024-04-19T12:18:11.811+0000] {processor.py:830} INFO - Processing file /home/airflow/.local/lib/python3.12/site-packages/airflow/example_dags/example_subdag_operator.py for tasks to queue
[2024-04-19T12:18:11.813+0000] {logging_mixin.py:188} INFO - [2024-04-19T12:18:11.812+0000] {dagbag.py:540} INFO - Filling up the DagBag from /home/airflow/.local/lib/python3.12/site-packages/airflow/example_dags/example_subdag_operator.py
[2024-04-19T12:18:11.828+0000] {processor.py:840} INFO - DAG(s) 'example_subdag_operator.section-1', 'example_subdag_operator.section-2', 'example_subdag_operator' retrieved from /home/airflow/.local/lib/python3.12/site-packages/airflow/example_dags/example_subdag_operator.py
[2024-04-19T12:18:11.840+0000] {logging_mixin.py:188} INFO - [2024-04-19T12:18:11.840+0000] {dag.py:3096} INFO - Sync 3 DAGs
[2024-04-19T12:18:11.854+0000] {logging_mixin.py:188} INFO - [2024-04-19T12:18:11.854+0000] {dag.py:3954} INFO - Setting next_dagrun for example_subdag_operator to 2022-01-01 00:00:00+00:00, run_after=2022-01-01 00:00:00+00:00
[2024-04-19T12:18:11.857+0000] {logging_mixin.py:188} INFO - [2024-04-19T12:18:11.856+0000] {dag.py:3954} INFO - Setting next_dagrun for example_subdag_operator.section-1 to None, run_after=None
[2024-04-19T12:18:11.858+0000] {logging_mixin.py:188} INFO - [2024-04-19T12:18:11.858+0000] {dag.py:3954} INFO - Setting next_dagrun for example_subdag_operator.section-2 to None, run_after=None
[2024-04-19T12:18:11.863+0000] {logging_mixin.py:188} INFO - [2024-04-19T12:18:11.863+0000] {dag.py:3096} INFO - Sync 2 DAGs
[2024-04-19T12:18:11.868+0000] {logging_mixin.py:188} INFO - [2024-04-19T12:18:11.867+0000] {dag.py:3954} INFO - Setting next_dagrun for example_subdag_operator.section-1 to None, run_after=None
[2024-04-19T12:18:11.868+0000] {logging_mixin.py:188} INFO - [2024-04-19T12:18:11.868+0000] {dag.py:3954} INFO - Setting next_dagrun for example_subdag_operator.section-2 to None, run_after=None
[2024-04-19T12:18:11.878+0000] {processor.py:183} INFO - Processing /home/airflow/.local/lib/python3.12/site-packages/airflow/example_dags/example_subdag_operator.py took 0.071 seconds
[2024-04-19T12:18:42.179+0000] {processor.py:161} INFO - Started process (PID=212) to work on /home/airflow/.local/lib/python3.12/site-packages/airflow/example_dags/example_subdag_operator.py
[2024-04-19T12:18:42.180+0000] {processor.py:830} INFO - Processing file /home/airflow/.local/lib/python3.12/site-packages/airflow/example_dags/example_subdag_operator.py for tasks to queue
[2024-04-19T12:18:42.181+0000] {logging_mixin.py:188} INFO - [2024-04-19T12:18:42.181+0000] {dagbag.py:540} INFO - Filling up the DagBag from /home/airflow/.local/lib/python3.12/site-packages/airflow/example_dags/example_subdag_operator.py
[2024-04-19T12:18:42.203+0000] {processor.py:840} INFO - DAG(s) 'example_subdag_operator.section-1', 'example_subdag_operator.section-2', 'example_subdag_operator' retrieved from /home/airflow/.local/lib/python3.12/site-packages/airflow/example_dags/example_subdag_operator.py
[2024-04-19T12:18:42.216+0000] {logging_mixin.py:188} INFO - [2024-04-19T12:18:42.215+0000] {dag.py:3096} INFO - Sync 3 DAGs
[2024-04-19T12:18:42.230+0000] {logging_mixin.py:188} INFO - [2024-04-19T12:18:42.230+0000] {dag.py:3954} INFO - Setting next_dagrun for example_subdag_operator to 2022-01-01 00:00:00+00:00, run_after=2022-01-01 00:00:00+00:00
[2024-04-19T12:18:42.235+0000] {logging_mixin.py:188} INFO - [2024-04-19T12:18:42.235+0000] {dag.py:3954} INFO - Setting next_dagrun for example_subdag_operator.section-1 to None, run_after=None
[2024-04-19T12:18:42.236+0000] {logging_mixin.py:188} INFO - [2024-04-19T12:18:42.236+0000] {dag.py:3954} INFO - Setting next_dagrun for example_subdag_operator.section-2 to None, run_after=None
[2024-04-19T12:18:42.244+0000] {logging_mixin.py:188} INFO - [2024-04-19T12:18:42.243+0000] {dag.py:3096} INFO - Sync 2 DAGs
[2024-04-19T12:18:42.250+0000] {logging_mixin.py:188} INFO - [2024-04-19T12:18:42.250+0000] {dag.py:3954} INFO - Setting next_dagrun for example_subdag_operator.section-1 to None, run_after=None
[2024-04-19T12:18:42.251+0000] {logging_mixin.py:188} INFO - [2024-04-19T12:18:42.251+0000] {dag.py:3954} INFO - Setting next_dagrun for example_subdag_operator.section-2 to None, run_after=None
[2024-04-19T12:18:42.261+0000] {processor.py:183} INFO - Processing /home/airflow/.local/lib/python3.12/site-packages/airflow/example_dags/example_subdag_operator.py took 0.086 seconds
[2024-04-19T12:20:33.016+0000] {processor.py:161} INFO - Started process (PID=38) to work on /home/airflow/.local/lib/python3.12/site-packages/airflow/example_dags/example_subdag_operator.py
[2024-04-19T12:20:33.018+0000] {processor.py:830} INFO - Processing file /home/airflow/.local/lib/python3.12/site-packages/airflow/example_dags/example_subdag_operator.py for tasks to queue
[2024-04-19T12:20:33.019+0000] {logging_mixin.py:188} INFO - [2024-04-19T12:20:33.019+0000] {dagbag.py:540} INFO - Filling up the DagBag from /home/airflow/.local/lib/python3.12/site-packages/airflow/example_dags/example_subdag_operator.py
[2024-04-19T12:20:33.042+0000] {processor.py:840} INFO - DAG(s) 'example_subdag_operator.section-1', 'example_subdag_operator.section-2', 'example_subdag_operator' retrieved from /home/airflow/.local/lib/python3.12/site-packages/airflow/example_dags/example_subdag_operator.py
[2024-04-19T12:20:33.047+0000] {logging_mixin.py:188} INFO - [2024-04-19T12:20:33.046+0000] {dag.py:3096} INFO - Sync 3 DAGs
[2024-04-19T12:20:33.070+0000] {logging_mixin.py:188} INFO - [2024-04-19T12:20:33.069+0000] {dag.py:3954} INFO - Setting next_dagrun for example_subdag_operator to 2022-01-01 00:00:00+00:00, run_after=2022-01-01 00:00:00+00:00
[2024-04-19T12:20:33.074+0000] {logging_mixin.py:188} INFO - [2024-04-19T12:20:33.074+0000] {dag.py:3954} INFO - Setting next_dagrun for example_subdag_operator.section-1 to None, run_after=None
[2024-04-19T12:20:33.076+0000] {logging_mixin.py:188} INFO - [2024-04-19T12:20:33.076+0000] {dag.py:3954} INFO - Setting next_dagrun for example_subdag_operator.section-2 to None, run_after=None
[2024-04-19T12:20:33.083+0000] {logging_mixin.py:188} INFO - [2024-04-19T12:20:33.083+0000] {dag.py:3096} INFO - Sync 2 DAGs
[2024-04-19T12:20:33.090+0000] {logging_mixin.py:188} INFO - [2024-04-19T12:20:33.090+0000] {dag.py:3954} INFO - Setting next_dagrun for example_subdag_operator.section-1 to None, run_after=None
[2024-04-19T12:20:33.091+0000] {logging_mixin.py:188} INFO - [2024-04-19T12:20:33.091+0000] {dag.py:3954} INFO - Setting next_dagrun for example_subdag_operator.section-2 to None, run_after=None
[2024-04-19T12:20:33.106+0000] {processor.py:183} INFO - Processing /home/airflow/.local/lib/python3.12/site-packages/airflow/example_dags/example_subdag_operator.py took 0.095 seconds
[2024-04-19T12:21:03.365+0000] {processor.py:161} INFO - Started process (PID=96) to work on /home/airflow/.local/lib/python3.12/site-packages/airflow/example_dags/example_subdag_operator.py
[2024-04-19T12:21:03.366+0000] {processor.py:830} INFO - Processing file /home/airflow/.local/lib/python3.12/site-packages/airflow/example_dags/example_subdag_operator.py for tasks to queue
[2024-04-19T12:21:03.367+0000] {logging_mixin.py:188} INFO - [2024-04-19T12:21:03.367+0000] {dagbag.py:540} INFO - Filling up the DagBag from /home/airflow/.local/lib/python3.12/site-packages/airflow/example_dags/example_subdag_operator.py
[2024-04-19T12:21:03.382+0000] {processor.py:840} INFO - DAG(s) 'example_subdag_operator.section-1', 'example_subdag_operator.section-2', 'example_subdag_operator' retrieved from /home/airflow/.local/lib/python3.12/site-packages/airflow/example_dags/example_subdag_operator.py
[2024-04-19T12:21:03.441+0000] {logging_mixin.py:188} INFO - [2024-04-19T12:21:03.440+0000] {dag.py:3096} INFO - Sync 3 DAGs
[2024-04-19T12:21:03.454+0000] {logging_mixin.py:188} INFO - [2024-04-19T12:21:03.454+0000] {dag.py:3954} INFO - Setting next_dagrun for example_subdag_operator to 2022-01-01 00:00:00+00:00, run_after=2022-01-01 00:00:00+00:00
[2024-04-19T12:21:03.456+0000] {logging_mixin.py:188} INFO - [2024-04-19T12:21:03.456+0000] {dag.py:3954} INFO - Setting next_dagrun for example_subdag_operator.section-1 to None, run_after=None
[2024-04-19T12:21:03.457+0000] {logging_mixin.py:188} INFO - [2024-04-19T12:21:03.457+0000] {dag.py:3954} INFO - Setting next_dagrun for example_subdag_operator.section-2 to None, run_after=None
[2024-04-19T12:21:03.463+0000] {logging_mixin.py:188} INFO - [2024-04-19T12:21:03.463+0000] {dag.py:3096} INFO - Sync 2 DAGs
[2024-04-19T12:21:03.469+0000] {logging_mixin.py:188} INFO - [2024-04-19T12:21:03.469+0000] {dag.py:3954} INFO - Setting next_dagrun for example_subdag_operator.section-1 to None, run_after=None
[2024-04-19T12:21:03.469+0000] {logging_mixin.py:188} INFO - [2024-04-19T12:21:03.469+0000] {dag.py:3954} INFO - Setting next_dagrun for example_subdag_operator.section-2 to None, run_after=None
[2024-04-19T12:21:03.478+0000] {processor.py:183} INFO - Processing /home/airflow/.local/lib/python3.12/site-packages/airflow/example_dags/example_subdag_operator.py took 0.119 seconds
[2024-04-19T12:21:33.858+0000] {processor.py:161} INFO - Started process (PID=154) to work on /home/airflow/.local/lib/python3.12/site-packages/airflow/example_dags/example_subdag_operator.py
[2024-04-19T12:21:33.859+0000] {processor.py:830} INFO - Processing file /home/airflow/.local/lib/python3.12/site-packages/airflow/example_dags/example_subdag_operator.py for tasks to queue
[2024-04-19T12:21:33.860+0000] {logging_mixin.py:188} INFO - [2024-04-19T12:21:33.860+0000] {dagbag.py:540} INFO - Filling up the DagBag from /home/airflow/.local/lib/python3.12/site-packages/airflow/example_dags/example_subdag_operator.py
[2024-04-19T12:21:33.876+0000] {processor.py:840} INFO - DAG(s) 'example_subdag_operator.section-1', 'example_subdag_operator.section-2', 'example_subdag_operator' retrieved from /home/airflow/.local/lib/python3.12/site-packages/airflow/example_dags/example_subdag_operator.py
[2024-04-19T12:21:33.886+0000] {logging_mixin.py:188} INFO - [2024-04-19T12:21:33.886+0000] {dag.py:3096} INFO - Sync 3 DAGs
[2024-04-19T12:21:33.901+0000] {logging_mixin.py:188} INFO - [2024-04-19T12:21:33.900+0000] {dag.py:3954} INFO - Setting next_dagrun for example_subdag_operator to 2022-01-01 00:00:00+00:00, run_after=2022-01-01 00:00:00+00:00
[2024-04-19T12:21:33.903+0000] {logging_mixin.py:188} INFO - [2024-04-19T12:21:33.903+0000] {dag.py:3954} INFO - Setting next_dagrun for example_subdag_operator.section-1 to None, run_after=None
[2024-04-19T12:21:33.905+0000] {logging_mixin.py:188} INFO - [2024-04-19T12:21:33.904+0000] {dag.py:3954} INFO - Setting next_dagrun for example_subdag_operator.section-2 to None, run_after=None
[2024-04-19T12:21:33.910+0000] {logging_mixin.py:188} INFO - [2024-04-19T12:21:33.910+0000] {dag.py:3096} INFO - Sync 2 DAGs
[2024-04-19T12:21:33.914+0000] {logging_mixin.py:188} INFO - [2024-04-19T12:21:33.914+0000] {dag.py:3954} INFO - Setting next_dagrun for example_subdag_operator.section-1 to None, run_after=None
[2024-04-19T12:21:33.915+0000] {logging_mixin.py:188} INFO - [2024-04-19T12:21:33.914+0000] {dag.py:3954} INFO - Setting next_dagrun for example_subdag_operator.section-2 to None, run_after=None
[2024-04-19T12:21:33.925+0000] {processor.py:183} INFO - Processing /home/airflow/.local/lib/python3.12/site-packages/airflow/example_dags/example_subdag_operator.py took 0.073 seconds
[2024-04-19T12:22:04.156+0000] {processor.py:161} INFO - Started process (PID=212) to work on /home/airflow/.local/lib/python3.12/site-packages/airflow/example_dags/example_subdag_operator.py
[2024-04-19T12:22:04.157+0000] {processor.py:830} INFO - Processing file /home/airflow/.local/lib/python3.12/site-packages/airflow/example_dags/example_subdag_operator.py for tasks to queue
[2024-04-19T12:22:04.158+0000] {logging_mixin.py:188} INFO - [2024-04-19T12:22:04.158+0000] {dagbag.py:540} INFO - Filling up the DagBag from /home/airflow/.local/lib/python3.12/site-packages/airflow/example_dags/example_subdag_operator.py
[2024-04-19T12:22:04.174+0000] {processor.py:840} INFO - DAG(s) 'example_subdag_operator.section-1', 'example_subdag_operator.section-2', 'example_subdag_operator' retrieved from /home/airflow/.local/lib/python3.12/site-packages/airflow/example_dags/example_subdag_operator.py
[2024-04-19T12:22:04.184+0000] {logging_mixin.py:188} INFO - [2024-04-19T12:22:04.184+0000] {dag.py:3096} INFO - Sync 3 DAGs
[2024-04-19T12:22:04.198+0000] {logging_mixin.py:188} INFO - [2024-04-19T12:22:04.198+0000] {dag.py:3954} INFO - Setting next_dagrun for example_subdag_operator to 2022-01-01 00:00:00+00:00, run_after=2022-01-01 00:00:00+00:00
[2024-04-19T12:22:04.202+0000] {logging_mixin.py:188} INFO - [2024-04-19T12:22:04.201+0000] {dag.py:3954} INFO - Setting next_dagrun for example_subdag_operator.section-1 to None, run_after=None
[2024-04-19T12:22:04.203+0000] {logging_mixin.py:188} INFO - [2024-04-19T12:22:04.203+0000] {dag.py:3954} INFO - Setting next_dagrun for example_subdag_operator.section-2 to None, run_after=None
[2024-04-19T12:22:04.208+0000] {logging_mixin.py:188} INFO - [2024-04-19T12:22:04.208+0000] {dag.py:3096} INFO - Sync 2 DAGs
[2024-04-19T12:22:04.212+0000] {logging_mixin.py:188} INFO - [2024-04-19T12:22:04.212+0000] {dag.py:3954} INFO - Setting next_dagrun for example_subdag_operator.section-1 to None, run_after=None
[2024-04-19T12:22:04.213+0000] {logging_mixin.py:188} INFO - [2024-04-19T12:22:04.213+0000] {dag.py:3954} INFO - Setting next_dagrun for example_subdag_operator.section-2 to None, run_after=None
[2024-04-19T12:22:04.223+0000] {processor.py:183} INFO - Processing /home/airflow/.local/lib/python3.12/site-packages/airflow/example_dags/example_subdag_operator.py took 0.070 seconds
[2024-04-19T12:22:34.539+0000] {processor.py:161} INFO - Started process (PID=270) to work on /home/airflow/.local/lib/python3.12/site-packages/airflow/example_dags/example_subdag_operator.py
[2024-04-19T12:22:34.541+0000] {processor.py:830} INFO - Processing file /home/airflow/.local/lib/python3.12/site-packages/airflow/example_dags/example_subdag_operator.py for tasks to queue
[2024-04-19T12:22:34.543+0000] {logging_mixin.py:188} INFO - [2024-04-19T12:22:34.543+0000] {dagbag.py:540} INFO - Filling up the DagBag from /home/airflow/.local/lib/python3.12/site-packages/airflow/example_dags/example_subdag_operator.py
[2024-04-19T12:22:34.560+0000] {processor.py:840} INFO - DAG(s) 'example_subdag_operator.section-1', 'example_subdag_operator.section-2', 'example_subdag_operator' retrieved from /home/airflow/.local/lib/python3.12/site-packages/airflow/example_dags/example_subdag_operator.py
[2024-04-19T12:22:34.571+0000] {logging_mixin.py:188} INFO - [2024-04-19T12:22:34.571+0000] {dag.py:3096} INFO - Sync 3 DAGs
[2024-04-19T12:22:34.587+0000] {logging_mixin.py:188} INFO - [2024-04-19T12:22:34.587+0000] {dag.py:3954} INFO - Setting next_dagrun for example_subdag_operator to 2022-01-01 00:00:00+00:00, run_after=2022-01-01 00:00:00+00:00
[2024-04-19T12:22:34.590+0000] {logging_mixin.py:188} INFO - [2024-04-19T12:22:34.590+0000] {dag.py:3954} INFO - Setting next_dagrun for example_subdag_operator.section-1 to None, run_after=None
[2024-04-19T12:22:34.591+0000] {logging_mixin.py:188} INFO - [2024-04-19T12:22:34.591+0000] {dag.py:3954} INFO - Setting next_dagrun for example_subdag_operator.section-2 to None, run_after=None
[2024-04-19T12:22:34.596+0000] {logging_mixin.py:188} INFO - [2024-04-19T12:22:34.595+0000] {dag.py:3096} INFO - Sync 2 DAGs
[2024-04-19T12:22:34.603+0000] {logging_mixin.py:188} INFO - [2024-04-19T12:22:34.602+0000] {dag.py:3954} INFO - Setting next_dagrun for example_subdag_operator.section-1 to None, run_after=None
[2024-04-19T12:22:34.603+0000] {logging_mixin.py:188} INFO - [2024-04-19T12:22:34.603+0000] {dag.py:3954} INFO - Setting next_dagrun for example_subdag_operator.section-2 to None, run_after=None
[2024-04-19T12:22:34.615+0000] {processor.py:183} INFO - Processing /home/airflow/.local/lib/python3.12/site-packages/airflow/example_dags/example_subdag_operator.py took 0.084 seconds
[2024-04-19T12:23:04.852+0000] {processor.py:161} INFO - Started process (PID=328) to work on /home/airflow/.local/lib/python3.12/site-packages/airflow/example_dags/example_subdag_operator.py
[2024-04-19T12:23:04.853+0000] {processor.py:830} INFO - Processing file /home/airflow/.local/lib/python3.12/site-packages/airflow/example_dags/example_subdag_operator.py for tasks to queue
[2024-04-19T12:23:04.855+0000] {logging_mixin.py:188} INFO - [2024-04-19T12:23:04.855+0000] {dagbag.py:540} INFO - Filling up the DagBag from /home/airflow/.local/lib/python3.12/site-packages/airflow/example_dags/example_subdag_operator.py
[2024-04-19T12:23:04.875+0000] {processor.py:840} INFO - DAG(s) 'example_subdag_operator.section-1', 'example_subdag_operator.section-2', 'example_subdag_operator' retrieved from /home/airflow/.local/lib/python3.12/site-packages/airflow/example_dags/example_subdag_operator.py
[2024-04-19T12:23:04.879+0000] {logging_mixin.py:188} INFO - [2024-04-19T12:23:04.878+0000] {dag.py:3096} INFO - Sync 3 DAGs
[2024-04-19T12:23:04.896+0000] {logging_mixin.py:188} INFO - [2024-04-19T12:23:04.896+0000] {dag.py:3954} INFO - Setting next_dagrun for example_subdag_operator to 2022-01-01 00:00:00+00:00, run_after=2022-01-01 00:00:00+00:00
[2024-04-19T12:23:04.900+0000] {logging_mixin.py:188} INFO - [2024-04-19T12:23:04.899+0000] {dag.py:3954} INFO - Setting next_dagrun for example_subdag_operator.section-1 to None, run_after=None
[2024-04-19T12:23:04.901+0000] {logging_mixin.py:188} INFO - [2024-04-19T12:23:04.901+0000] {dag.py:3954} INFO - Setting next_dagrun for example_subdag_operator.section-2 to None, run_after=None
[2024-04-19T12:23:04.907+0000] {logging_mixin.py:188} INFO - [2024-04-19T12:23:04.907+0000] {dag.py:3096} INFO - Sync 2 DAGs
[2024-04-19T12:23:04.913+0000] {logging_mixin.py:188} INFO - [2024-04-19T12:23:04.912+0000] {dag.py:3954} INFO - Setting next_dagrun for example_subdag_operator.section-1 to None, run_after=None
[2024-04-19T12:23:04.913+0000] {logging_mixin.py:188} INFO - [2024-04-19T12:23:04.913+0000] {dag.py:3954} INFO - Setting next_dagrun for example_subdag_operator.section-2 to None, run_after=None
[2024-04-19T12:23:04.925+0000] {processor.py:183} INFO - Processing /home/airflow/.local/lib/python3.12/site-packages/airflow/example_dags/example_subdag_operator.py took 0.076 seconds
[2024-04-19T12:23:35.643+0000] {processor.py:161} INFO - Started process (PID=387) to work on /home/airflow/.local/lib/python3.12/site-packages/airflow/example_dags/example_subdag_operator.py
[2024-04-19T12:23:35.644+0000] {processor.py:830} INFO - Processing file /home/airflow/.local/lib/python3.12/site-packages/airflow/example_dags/example_subdag_operator.py for tasks to queue
[2024-04-19T12:23:35.645+0000] {logging_mixin.py:188} INFO - [2024-04-19T12:23:35.645+0000] {dagbag.py:540} INFO - Filling up the DagBag from /home/airflow/.local/lib/python3.12/site-packages/airflow/example_dags/example_subdag_operator.py
[2024-04-19T12:23:35.660+0000] {processor.py:840} INFO - DAG(s) 'example_subdag_operator.section-1', 'example_subdag_operator.section-2', 'example_subdag_operator' retrieved from /home/airflow/.local/lib/python3.12/site-packages/airflow/example_dags/example_subdag_operator.py
[2024-04-19T12:23:35.718+0000] {logging_mixin.py:188} INFO - [2024-04-19T12:23:35.717+0000] {dag.py:3096} INFO - Sync 3 DAGs
[2024-04-19T12:23:35.730+0000] {logging_mixin.py:188} INFO - [2024-04-19T12:23:35.730+0000] {dag.py:3954} INFO - Setting next_dagrun for example_subdag_operator to 2022-01-01 00:00:00+00:00, run_after=2022-01-01 00:00:00+00:00
[2024-04-19T12:23:35.732+0000] {logging_mixin.py:188} INFO - [2024-04-19T12:23:35.732+0000] {dag.py:3954} INFO - Setting next_dagrun for example_subdag_operator.section-1 to None, run_after=None
[2024-04-19T12:23:35.733+0000] {logging_mixin.py:188} INFO - [2024-04-19T12:23:35.733+0000] {dag.py:3954} INFO - Setting next_dagrun for example_subdag_operator.section-2 to None, run_after=None
[2024-04-19T12:23:35.739+0000] {logging_mixin.py:188} INFO - [2024-04-19T12:23:35.739+0000] {dag.py:3096} INFO - Sync 2 DAGs
[2024-04-19T12:23:35.743+0000] {logging_mixin.py:188} INFO - [2024-04-19T12:23:35.743+0000] {dag.py:3954} INFO - Setting next_dagrun for example_subdag_operator.section-1 to None, run_after=None
[2024-04-19T12:23:35.744+0000] {logging_mixin.py:188} INFO - [2024-04-19T12:23:35.744+0000] {dag.py:3954} INFO - Setting next_dagrun for example_subdag_operator.section-2 to None, run_after=None
[2024-04-19T12:23:35.752+0000] {processor.py:183} INFO - Processing /home/airflow/.local/lib/python3.12/site-packages/airflow/example_dags/example_subdag_operator.py took 0.112 seconds
[2024-04-19T12:24:05.963+0000] {processor.py:161} INFO - Started process (PID=446) to work on /home/airflow/.local/lib/python3.12/site-packages/airflow/example_dags/example_subdag_operator.py
[2024-04-19T12:24:05.964+0000] {processor.py:830} INFO - Processing file /home/airflow/.local/lib/python3.12/site-packages/airflow/example_dags/example_subdag_operator.py for tasks to queue
[2024-04-19T12:24:05.965+0000] {logging_mixin.py:188} INFO - [2024-04-19T12:24:05.965+0000] {dagbag.py:540} INFO - Filling up the DagBag from /home/airflow/.local/lib/python3.12/site-packages/airflow/example_dags/example_subdag_operator.py
[2024-04-19T12:24:05.983+0000] {processor.py:840} INFO - DAG(s) 'example_subdag_operator.section-1', 'example_subdag_operator.section-2', 'example_subdag_operator' retrieved from /home/airflow/.local/lib/python3.12/site-packages/airflow/example_dags/example_subdag_operator.py
[2024-04-19T12:24:05.993+0000] {logging_mixin.py:188} INFO - [2024-04-19T12:24:05.993+0000] {dag.py:3096} INFO - Sync 3 DAGs
[2024-04-19T12:24:06.009+0000] {logging_mixin.py:188} INFO - [2024-04-19T12:24:06.008+0000] {dag.py:3954} INFO - Setting next_dagrun for example_subdag_operator to 2022-01-01 00:00:00+00:00, run_after=2022-01-01 00:00:00+00:00
[2024-04-19T12:24:06.012+0000] {logging_mixin.py:188} INFO - [2024-04-19T12:24:06.012+0000] {dag.py:3954} INFO - Setting next_dagrun for example_subdag_operator.section-1 to None, run_after=None
[2024-04-19T12:24:06.013+0000] {logging_mixin.py:188} INFO - [2024-04-19T12:24:06.013+0000] {dag.py:3954} INFO - Setting next_dagrun for example_subdag_operator.section-2 to None, run_after=None
[2024-04-19T12:24:06.020+0000] {logging_mixin.py:188} INFO - [2024-04-19T12:24:06.019+0000] {dag.py:3096} INFO - Sync 2 DAGs
[2024-04-19T12:24:06.024+0000] {logging_mixin.py:188} INFO - [2024-04-19T12:24:06.024+0000] {dag.py:3954} INFO - Setting next_dagrun for example_subdag_operator.section-1 to None, run_after=None
[2024-04-19T12:24:06.025+0000] {logging_mixin.py:188} INFO - [2024-04-19T12:24:06.025+0000] {dag.py:3954} INFO - Setting next_dagrun for example_subdag_operator.section-2 to None, run_after=None
[2024-04-19T12:24:06.038+0000] {processor.py:183} INFO - Processing /home/airflow/.local/lib/python3.12/site-packages/airflow/example_dags/example_subdag_operator.py took 0.079 seconds
[2024-04-19T12:24:36.505+0000] {processor.py:161} INFO - Started process (PID=504) to work on /home/airflow/.local/lib/python3.12/site-packages/airflow/example_dags/example_subdag_operator.py
[2024-04-19T12:24:36.506+0000] {processor.py:830} INFO - Processing file /home/airflow/.local/lib/python3.12/site-packages/airflow/example_dags/example_subdag_operator.py for tasks to queue
[2024-04-19T12:24:36.507+0000] {logging_mixin.py:188} INFO - [2024-04-19T12:24:36.507+0000] {dagbag.py:540} INFO - Filling up the DagBag from /home/airflow/.local/lib/python3.12/site-packages/airflow/example_dags/example_subdag_operator.py
[2024-04-19T12:24:36.526+0000] {processor.py:840} INFO - DAG(s) 'example_subdag_operator.section-1', 'example_subdag_operator.section-2', 'example_subdag_operator' retrieved from /home/airflow/.local/lib/python3.12/site-packages/airflow/example_dags/example_subdag_operator.py
[2024-04-19T12:24:36.536+0000] {logging_mixin.py:188} INFO - [2024-04-19T12:24:36.536+0000] {dag.py:3096} INFO - Sync 3 DAGs
[2024-04-19T12:24:36.552+0000] {logging_mixin.py:188} INFO - [2024-04-19T12:24:36.552+0000] {dag.py:3954} INFO - Setting next_dagrun for example_subdag_operator to 2022-01-01 00:00:00+00:00, run_after=2022-01-01 00:00:00+00:00
[2024-04-19T12:24:36.555+0000] {logging_mixin.py:188} INFO - [2024-04-19T12:24:36.555+0000] {dag.py:3954} INFO - Setting next_dagrun for example_subdag_operator.section-1 to None, run_after=None
[2024-04-19T12:24:36.557+0000] {logging_mixin.py:188} INFO - [2024-04-19T12:24:36.557+0000] {dag.py:3954} INFO - Setting next_dagrun for example_subdag_operator.section-2 to None, run_after=None
[2024-04-19T12:24:36.562+0000] {logging_mixin.py:188} INFO - [2024-04-19T12:24:36.562+0000] {dag.py:3096} INFO - Sync 2 DAGs
[2024-04-19T12:24:36.566+0000] {logging_mixin.py:188} INFO - [2024-04-19T12:24:36.566+0000] {dag.py:3954} INFO - Setting next_dagrun for example_subdag_operator.section-1 to None, run_after=None
[2024-04-19T12:24:36.567+0000] {logging_mixin.py:188} INFO - [2024-04-19T12:24:36.567+0000] {dag.py:3954} INFO - Setting next_dagrun for example_subdag_operator.section-2 to None, run_after=None
[2024-04-19T12:24:36.577+0000] {processor.py:183} INFO - Processing /home/airflow/.local/lib/python3.12/site-packages/airflow/example_dags/example_subdag_operator.py took 0.075 seconds
[2024-04-19T12:25:07.029+0000] {processor.py:161} INFO - Started process (PID=562) to work on /home/airflow/.local/lib/python3.12/site-packages/airflow/example_dags/example_subdag_operator.py
[2024-04-19T12:25:07.030+0000] {processor.py:830} INFO - Processing file /home/airflow/.local/lib/python3.12/site-packages/airflow/example_dags/example_subdag_operator.py for tasks to queue
[2024-04-19T12:25:07.031+0000] {logging_mixin.py:188} INFO - [2024-04-19T12:25:07.031+0000] {dagbag.py:540} INFO - Filling up the DagBag from /home/airflow/.local/lib/python3.12/site-packages/airflow/example_dags/example_subdag_operator.py
[2024-04-19T12:25:07.047+0000] {processor.py:840} INFO - DAG(s) 'example_subdag_operator.section-1', 'example_subdag_operator.section-2', 'example_subdag_operator' retrieved from /home/airflow/.local/lib/python3.12/site-packages/airflow/example_dags/example_subdag_operator.py
[2024-04-19T12:25:07.060+0000] {logging_mixin.py:188} INFO - [2024-04-19T12:25:07.060+0000] {dag.py:3096} INFO - Sync 3 DAGs
[2024-04-19T12:25:07.075+0000] {logging_mixin.py:188} INFO - [2024-04-19T12:25:07.075+0000] {dag.py:3954} INFO - Setting next_dagrun for example_subdag_operator to 2022-01-01 00:00:00+00:00, run_after=2022-01-01 00:00:00+00:00
[2024-04-19T12:25:07.078+0000] {logging_mixin.py:188} INFO - [2024-04-19T12:25:07.078+0000] {dag.py:3954} INFO - Setting next_dagrun for example_subdag_operator.section-1 to None, run_after=None
[2024-04-19T12:25:07.080+0000] {logging_mixin.py:188} INFO - [2024-04-19T12:25:07.079+0000] {dag.py:3954} INFO - Setting next_dagrun for example_subdag_operator.section-2 to None, run_after=None
[2024-04-19T12:25:07.086+0000] {logging_mixin.py:188} INFO - [2024-04-19T12:25:07.086+0000] {dag.py:3096} INFO - Sync 2 DAGs
[2024-04-19T12:25:07.090+0000] {logging_mixin.py:188} INFO - [2024-04-19T12:25:07.090+0000] {dag.py:3954} INFO - Setting next_dagrun for example_subdag_operator.section-1 to None, run_after=None
[2024-04-19T12:25:07.091+0000] {logging_mixin.py:188} INFO - [2024-04-19T12:25:07.091+0000] {dag.py:3954} INFO - Setting next_dagrun for example_subdag_operator.section-2 to None, run_after=None
[2024-04-19T12:25:07.103+0000] {processor.py:183} INFO - Processing /home/airflow/.local/lib/python3.12/site-packages/airflow/example_dags/example_subdag_operator.py took 0.077 seconds
[2024-04-19T12:25:37.217+0000] {processor.py:161} INFO - Started process (PID=620) to work on /home/airflow/.local/lib/python3.12/site-packages/airflow/example_dags/example_subdag_operator.py
[2024-04-19T12:25:37.219+0000] {processor.py:830} INFO - Processing file /home/airflow/.local/lib/python3.12/site-packages/airflow/example_dags/example_subdag_operator.py for tasks to queue
[2024-04-19T12:25:37.221+0000] {logging_mixin.py:188} INFO - [2024-04-19T12:25:37.221+0000] {dagbag.py:540} INFO - Filling up the DagBag from /home/airflow/.local/lib/python3.12/site-packages/airflow/example_dags/example_subdag_operator.py
[2024-04-19T12:25:37.245+0000] {processor.py:840} INFO - DAG(s) 'example_subdag_operator.section-1', 'example_subdag_operator.section-2', 'example_subdag_operator' retrieved from /home/airflow/.local/lib/python3.12/site-packages/airflow/example_dags/example_subdag_operator.py
[2024-04-19T12:25:37.263+0000] {logging_mixin.py:188} INFO - [2024-04-19T12:25:37.262+0000] {dag.py:3096} INFO - Sync 3 DAGs
[2024-04-19T12:25:37.279+0000] {logging_mixin.py:188} INFO - [2024-04-19T12:25:37.279+0000] {dag.py:3954} INFO - Setting next_dagrun for example_subdag_operator to 2022-01-01 00:00:00+00:00, run_after=2022-01-01 00:00:00+00:00
[2024-04-19T12:25:37.282+0000] {logging_mixin.py:188} INFO - [2024-04-19T12:25:37.282+0000] {dag.py:3954} INFO - Setting next_dagrun for example_subdag_operator.section-1 to None, run_after=None
[2024-04-19T12:25:37.286+0000] {logging_mixin.py:188} INFO - [2024-04-19T12:25:37.285+0000] {dag.py:3954} INFO - Setting next_dagrun for example_subdag_operator.section-2 to None, run_after=None
[2024-04-19T12:25:37.292+0000] {logging_mixin.py:188} INFO - [2024-04-19T12:25:37.292+0000] {dag.py:3096} INFO - Sync 2 DAGs
[2024-04-19T12:25:37.297+0000] {logging_mixin.py:188} INFO - [2024-04-19T12:25:37.297+0000] {dag.py:3954} INFO - Setting next_dagrun for example_subdag_operator.section-1 to None, run_after=None
[2024-04-19T12:25:37.297+0000] {logging_mixin.py:188} INFO - [2024-04-19T12:25:37.297+0000] {dag.py:3954} INFO - Setting next_dagrun for example_subdag_operator.section-2 to None, run_after=None
[2024-04-19T12:25:37.310+0000] {processor.py:183} INFO - Processing /home/airflow/.local/lib/python3.12/site-packages/airflow/example_dags/example_subdag_operator.py took 0.100 seconds
[2024-04-19T12:26:07.386+0000] {processor.py:161} INFO - Started process (PID=678) to work on /home/airflow/.local/lib/python3.12/site-packages/airflow/example_dags/example_subdag_operator.py
[2024-04-19T12:26:07.386+0000] {processor.py:830} INFO - Processing file /home/airflow/.local/lib/python3.12/site-packages/airflow/example_dags/example_subdag_operator.py for tasks to queue
[2024-04-19T12:26:07.388+0000] {logging_mixin.py:188} INFO - [2024-04-19T12:26:07.387+0000] {dagbag.py:540} INFO - Filling up the DagBag from /home/airflow/.local/lib/python3.12/site-packages/airflow/example_dags/example_subdag_operator.py
[2024-04-19T12:26:07.407+0000] {processor.py:840} INFO - DAG(s) 'example_subdag_operator.section-1', 'example_subdag_operator.section-2', 'example_subdag_operator' retrieved from /home/airflow/.local/lib/python3.12/site-packages/airflow/example_dags/example_subdag_operator.py
[2024-04-19T12:26:07.420+0000] {logging_mixin.py:188} INFO - [2024-04-19T12:26:07.419+0000] {dag.py:3096} INFO - Sync 3 DAGs
[2024-04-19T12:26:07.436+0000] {logging_mixin.py:188} INFO - [2024-04-19T12:26:07.436+0000] {dag.py:3954} INFO - Setting next_dagrun for example_subdag_operator to 2022-01-01 00:00:00+00:00, run_after=2022-01-01 00:00:00+00:00
[2024-04-19T12:26:07.440+0000] {logging_mixin.py:188} INFO - [2024-04-19T12:26:07.440+0000] {dag.py:3954} INFO - Setting next_dagrun for example_subdag_operator.section-1 to None, run_after=None
[2024-04-19T12:26:07.442+0000] {logging_mixin.py:188} INFO - [2024-04-19T12:26:07.442+0000] {dag.py:3954} INFO - Setting next_dagrun for example_subdag_operator.section-2 to None, run_after=None
[2024-04-19T12:26:07.447+0000] {logging_mixin.py:188} INFO - [2024-04-19T12:26:07.447+0000] {dag.py:3096} INFO - Sync 2 DAGs
[2024-04-19T12:26:07.455+0000] {logging_mixin.py:188} INFO - [2024-04-19T12:26:07.455+0000] {dag.py:3954} INFO - Setting next_dagrun for example_subdag_operator.section-1 to None, run_after=None
[2024-04-19T12:26:07.456+0000] {logging_mixin.py:188} INFO - [2024-04-19T12:26:07.455+0000] {dag.py:3954} INFO - Setting next_dagrun for example_subdag_operator.section-2 to None, run_after=None
[2024-04-19T12:26:07.468+0000] {processor.py:183} INFO - Processing /home/airflow/.local/lib/python3.12/site-packages/airflow/example_dags/example_subdag_operator.py took 0.089 seconds
[2024-04-19T12:26:37.764+0000] {processor.py:161} INFO - Started process (PID=736) to work on /home/airflow/.local/lib/python3.12/site-packages/airflow/example_dags/example_subdag_operator.py
[2024-04-19T12:26:37.765+0000] {processor.py:830} INFO - Processing file /home/airflow/.local/lib/python3.12/site-packages/airflow/example_dags/example_subdag_operator.py for tasks to queue
[2024-04-19T12:26:37.766+0000] {logging_mixin.py:188} INFO - [2024-04-19T12:26:37.766+0000] {dagbag.py:540} INFO - Filling up the DagBag from /home/airflow/.local/lib/python3.12/site-packages/airflow/example_dags/example_subdag_operator.py
[2024-04-19T12:26:37.784+0000] {processor.py:840} INFO - DAG(s) 'example_subdag_operator.section-1', 'example_subdag_operator.section-2', 'example_subdag_operator' retrieved from /home/airflow/.local/lib/python3.12/site-packages/airflow/example_dags/example_subdag_operator.py
[2024-04-19T12:26:37.795+0000] {logging_mixin.py:188} INFO - [2024-04-19T12:26:37.795+0000] {dag.py:3096} INFO - Sync 3 DAGs
[2024-04-19T12:26:37.810+0000] {logging_mixin.py:188} INFO - [2024-04-19T12:26:37.810+0000] {dag.py:3954} INFO - Setting next_dagrun for example_subdag_operator to 2022-01-01 00:00:00+00:00, run_after=2022-01-01 00:00:00+00:00
[2024-04-19T12:26:37.813+0000] {logging_mixin.py:188} INFO - [2024-04-19T12:26:37.813+0000] {dag.py:3954} INFO - Setting next_dagrun for example_subdag_operator.section-1 to None, run_after=None
[2024-04-19T12:26:37.814+0000] {logging_mixin.py:188} INFO - [2024-04-19T12:26:37.814+0000] {dag.py:3954} INFO - Setting next_dagrun for example_subdag_operator.section-2 to None, run_after=None
[2024-04-19T12:26:37.821+0000] {logging_mixin.py:188} INFO - [2024-04-19T12:26:37.821+0000] {dag.py:3096} INFO - Sync 2 DAGs
[2024-04-19T12:26:37.825+0000] {logging_mixin.py:188} INFO - [2024-04-19T12:26:37.825+0000] {dag.py:3954} INFO - Setting next_dagrun for example_subdag_operator.section-1 to None, run_after=None
[2024-04-19T12:26:37.826+0000] {logging_mixin.py:188} INFO - [2024-04-19T12:26:37.826+0000] {dag.py:3954} INFO - Setting next_dagrun for example_subdag_operator.section-2 to None, run_after=None
[2024-04-19T12:26:37.836+0000] {processor.py:183} INFO - Processing /home/airflow/.local/lib/python3.12/site-packages/airflow/example_dags/example_subdag_operator.py took 0.076 seconds
[2024-04-19T12:27:07.887+0000] {processor.py:161} INFO - Started process (PID=794) to work on /home/airflow/.local/lib/python3.12/site-packages/airflow/example_dags/example_subdag_operator.py
[2024-04-19T12:27:07.888+0000] {processor.py:830} INFO - Processing file /home/airflow/.local/lib/python3.12/site-packages/airflow/example_dags/example_subdag_operator.py for tasks to queue
[2024-04-19T12:27:07.890+0000] {logging_mixin.py:188} INFO - [2024-04-19T12:27:07.889+0000] {dagbag.py:540} INFO - Filling up the DagBag from /home/airflow/.local/lib/python3.12/site-packages/airflow/example_dags/example_subdag_operator.py
[2024-04-19T12:27:07.912+0000] {processor.py:840} INFO - DAG(s) 'example_subdag_operator.section-1', 'example_subdag_operator.section-2', 'example_subdag_operator' retrieved from /home/airflow/.local/lib/python3.12/site-packages/airflow/example_dags/example_subdag_operator.py
[2024-04-19T12:27:07.924+0000] {logging_mixin.py:188} INFO - [2024-04-19T12:27:07.923+0000] {dag.py:3096} INFO - Sync 3 DAGs
[2024-04-19T12:27:07.938+0000] {logging_mixin.py:188} INFO - [2024-04-19T12:27:07.938+0000] {dag.py:3954} INFO - Setting next_dagrun for example_subdag_operator to 2022-01-01 00:00:00+00:00, run_after=2022-01-01 00:00:00+00:00
[2024-04-19T12:27:07.941+0000] {logging_mixin.py:188} INFO - [2024-04-19T12:27:07.941+0000] {dag.py:3954} INFO - Setting next_dagrun for example_subdag_operator.section-1 to None, run_after=None
[2024-04-19T12:27:07.943+0000] {logging_mixin.py:188} INFO - [2024-04-19T12:27:07.943+0000] {dag.py:3954} INFO - Setting next_dagrun for example_subdag_operator.section-2 to None, run_after=None
[2024-04-19T12:27:07.947+0000] {logging_mixin.py:188} INFO - [2024-04-19T12:27:07.947+0000] {dag.py:3096} INFO - Sync 2 DAGs
[2024-04-19T12:27:07.954+0000] {logging_mixin.py:188} INFO - [2024-04-19T12:27:07.953+0000] {dag.py:3954} INFO - Setting next_dagrun for example_subdag_operator.section-1 to None, run_after=None
[2024-04-19T12:27:07.954+0000] {logging_mixin.py:188} INFO - [2024-04-19T12:27:07.954+0000] {dag.py:3954} INFO - Setting next_dagrun for example_subdag_operator.section-2 to None, run_after=None
[2024-04-19T12:27:07.965+0000] {processor.py:183} INFO - Processing /home/airflow/.local/lib/python3.12/site-packages/airflow/example_dags/example_subdag_operator.py took 0.084 seconds
[2024-04-19T12:27:38.614+0000] {processor.py:161} INFO - Started process (PID=852) to work on /home/airflow/.local/lib/python3.12/site-packages/airflow/example_dags/example_subdag_operator.py
[2024-04-19T12:27:38.617+0000] {processor.py:830} INFO - Processing file /home/airflow/.local/lib/python3.12/site-packages/airflow/example_dags/example_subdag_operator.py for tasks to queue
[2024-04-19T12:27:38.618+0000] {logging_mixin.py:188} INFO - [2024-04-19T12:27:38.618+0000] {dagbag.py:540} INFO - Filling up the DagBag from /home/airflow/.local/lib/python3.12/site-packages/airflow/example_dags/example_subdag_operator.py
[2024-04-19T12:27:38.639+0000] {processor.py:840} INFO - DAG(s) 'example_subdag_operator.section-1', 'example_subdag_operator.section-2', 'example_subdag_operator' retrieved from /home/airflow/.local/lib/python3.12/site-packages/airflow/example_dags/example_subdag_operator.py
[2024-04-19T12:27:38.653+0000] {logging_mixin.py:188} INFO - [2024-04-19T12:27:38.653+0000] {dag.py:3096} INFO - Sync 3 DAGs
[2024-04-19T12:27:38.670+0000] {logging_mixin.py:188} INFO - [2024-04-19T12:27:38.669+0000] {dag.py:3954} INFO - Setting next_dagrun for example_subdag_operator to 2022-01-01 00:00:00+00:00, run_after=2022-01-01 00:00:00+00:00
[2024-04-19T12:27:38.673+0000] {logging_mixin.py:188} INFO - [2024-04-19T12:27:38.672+0000] {dag.py:3954} INFO - Setting next_dagrun for example_subdag_operator.section-1 to None, run_after=None
[2024-04-19T12:27:38.674+0000] {logging_mixin.py:188} INFO - [2024-04-19T12:27:38.674+0000] {dag.py:3954} INFO - Setting next_dagrun for example_subdag_operator.section-2 to None, run_after=None
[2024-04-19T12:27:38.680+0000] {logging_mixin.py:188} INFO - [2024-04-19T12:27:38.679+0000] {dag.py:3096} INFO - Sync 2 DAGs
[2024-04-19T12:27:38.686+0000] {logging_mixin.py:188} INFO - [2024-04-19T12:27:38.686+0000] {dag.py:3954} INFO - Setting next_dagrun for example_subdag_operator.section-1 to None, run_after=None
[2024-04-19T12:27:38.687+0000] {logging_mixin.py:188} INFO - [2024-04-19T12:27:38.687+0000] {dag.py:3954} INFO - Setting next_dagrun for example_subdag_operator.section-2 to None, run_after=None
[2024-04-19T12:27:38.697+0000] {processor.py:183} INFO - Processing /home/airflow/.local/lib/python3.12/site-packages/airflow/example_dags/example_subdag_operator.py took 0.090 seconds
[2024-04-19T12:28:08.834+0000] {processor.py:161} INFO - Started process (PID=910) to work on /home/airflow/.local/lib/python3.12/site-packages/airflow/example_dags/example_subdag_operator.py
[2024-04-19T12:28:08.834+0000] {processor.py:830} INFO - Processing file /home/airflow/.local/lib/python3.12/site-packages/airflow/example_dags/example_subdag_operator.py for tasks to queue
[2024-04-19T12:28:08.836+0000] {logging_mixin.py:188} INFO - [2024-04-19T12:28:08.835+0000] {dagbag.py:540} INFO - Filling up the DagBag from /home/airflow/.local/lib/python3.12/site-packages/airflow/example_dags/example_subdag_operator.py
[2024-04-19T12:28:08.852+0000] {processor.py:840} INFO - DAG(s) 'example_subdag_operator.section-1', 'example_subdag_operator.section-2', 'example_subdag_operator' retrieved from /home/airflow/.local/lib/python3.12/site-packages/airflow/example_dags/example_subdag_operator.py
[2024-04-19T12:28:08.862+0000] {logging_mixin.py:188} INFO - [2024-04-19T12:28:08.861+0000] {dag.py:3096} INFO - Sync 3 DAGs
[2024-04-19T12:28:08.876+0000] {logging_mixin.py:188} INFO - [2024-04-19T12:28:08.876+0000] {dag.py:3954} INFO - Setting next_dagrun for example_subdag_operator to 2022-01-01 00:00:00+00:00, run_after=2022-01-01 00:00:00+00:00
[2024-04-19T12:28:08.879+0000] {logging_mixin.py:188} INFO - [2024-04-19T12:28:08.878+0000] {dag.py:3954} INFO - Setting next_dagrun for example_subdag_operator.section-1 to None, run_after=None
[2024-04-19T12:28:08.880+0000] {logging_mixin.py:188} INFO - [2024-04-19T12:28:08.880+0000] {dag.py:3954} INFO - Setting next_dagrun for example_subdag_operator.section-2 to None, run_after=None
[2024-04-19T12:28:08.887+0000] {logging_mixin.py:188} INFO - [2024-04-19T12:28:08.887+0000] {dag.py:3096} INFO - Sync 2 DAGs
[2024-04-19T12:28:08.891+0000] {logging_mixin.py:188} INFO - [2024-04-19T12:28:08.891+0000] {dag.py:3954} INFO - Setting next_dagrun for example_subdag_operator.section-1 to None, run_after=None
[2024-04-19T12:28:08.892+0000] {logging_mixin.py:188} INFO - [2024-04-19T12:28:08.891+0000] {dag.py:3954} INFO - Setting next_dagrun for example_subdag_operator.section-2 to None, run_after=None
[2024-04-19T12:28:08.902+0000] {processor.py:183} INFO - Processing /home/airflow/.local/lib/python3.12/site-packages/airflow/example_dags/example_subdag_operator.py took 0.073 seconds
[2024-04-19T12:28:38.956+0000] {processor.py:161} INFO - Started process (PID=968) to work on /home/airflow/.local/lib/python3.12/site-packages/airflow/example_dags/example_subdag_operator.py
[2024-04-19T12:28:38.957+0000] {processor.py:830} INFO - Processing file /home/airflow/.local/lib/python3.12/site-packages/airflow/example_dags/example_subdag_operator.py for tasks to queue
[2024-04-19T12:28:38.960+0000] {logging_mixin.py:188} INFO - [2024-04-19T12:28:38.959+0000] {dagbag.py:540} INFO - Filling up the DagBag from /home/airflow/.local/lib/python3.12/site-packages/airflow/example_dags/example_subdag_operator.py
[2024-04-19T12:28:38.982+0000] {processor.py:840} INFO - DAG(s) 'example_subdag_operator.section-1', 'example_subdag_operator.section-2', 'example_subdag_operator' retrieved from /home/airflow/.local/lib/python3.12/site-packages/airflow/example_dags/example_subdag_operator.py
[2024-04-19T12:28:38.997+0000] {logging_mixin.py:188} INFO - [2024-04-19T12:28:38.997+0000] {dag.py:3096} INFO - Sync 3 DAGs
[2024-04-19T12:28:39.014+0000] {logging_mixin.py:188} INFO - [2024-04-19T12:28:39.014+0000] {dag.py:3954} INFO - Setting next_dagrun for example_subdag_operator to 2022-01-01 00:00:00+00:00, run_after=2022-01-01 00:00:00+00:00
[2024-04-19T12:28:39.020+0000] {logging_mixin.py:188} INFO - [2024-04-19T12:28:39.019+0000] {dag.py:3954} INFO - Setting next_dagrun for example_subdag_operator.section-1 to None, run_after=None
[2024-04-19T12:28:39.022+0000] {logging_mixin.py:188} INFO - [2024-04-19T12:28:39.021+0000] {dag.py:3954} INFO - Setting next_dagrun for example_subdag_operator.section-2 to None, run_after=None
[2024-04-19T12:28:39.031+0000] {logging_mixin.py:188} INFO - [2024-04-19T12:28:39.030+0000] {dag.py:3096} INFO - Sync 2 DAGs
[2024-04-19T12:28:39.037+0000] {logging_mixin.py:188} INFO - [2024-04-19T12:28:39.037+0000] {dag.py:3954} INFO - Setting next_dagrun for example_subdag_operator.section-1 to None, run_after=None
[2024-04-19T12:28:39.037+0000] {logging_mixin.py:188} INFO - [2024-04-19T12:28:39.037+0000] {dag.py:3954} INFO - Setting next_dagrun for example_subdag_operator.section-2 to None, run_after=None
[2024-04-19T12:28:39.050+0000] {processor.py:183} INFO - Processing /home/airflow/.local/lib/python3.12/site-packages/airflow/example_dags/example_subdag_operator.py took 0.098 seconds
[2024-04-19T12:29:09.228+0000] {processor.py:161} INFO - Started process (PID=1026) to work on /home/airflow/.local/lib/python3.12/site-packages/airflow/example_dags/example_subdag_operator.py
[2024-04-19T12:29:09.229+0000] {processor.py:830} INFO - Processing file /home/airflow/.local/lib/python3.12/site-packages/airflow/example_dags/example_subdag_operator.py for tasks to queue
[2024-04-19T12:29:09.231+0000] {logging_mixin.py:188} INFO - [2024-04-19T12:29:09.231+0000] {dagbag.py:540} INFO - Filling up the DagBag from /home/airflow/.local/lib/python3.12/site-packages/airflow/example_dags/example_subdag_operator.py
[2024-04-19T12:29:09.248+0000] {processor.py:840} INFO - DAG(s) 'example_subdag_operator.section-1', 'example_subdag_operator.section-2', 'example_subdag_operator' retrieved from /home/airflow/.local/lib/python3.12/site-packages/airflow/example_dags/example_subdag_operator.py
[2024-04-19T12:29:09.259+0000] {logging_mixin.py:188} INFO - [2024-04-19T12:29:09.259+0000] {dag.py:3096} INFO - Sync 3 DAGs
[2024-04-19T12:29:09.274+0000] {logging_mixin.py:188} INFO - [2024-04-19T12:29:09.273+0000] {dag.py:3954} INFO - Setting next_dagrun for example_subdag_operator to 2022-01-01 00:00:00+00:00, run_after=2022-01-01 00:00:00+00:00
[2024-04-19T12:29:09.277+0000] {logging_mixin.py:188} INFO - [2024-04-19T12:29:09.277+0000] {dag.py:3954} INFO - Setting next_dagrun for example_subdag_operator.section-1 to None, run_after=None
[2024-04-19T12:29:09.279+0000] {logging_mixin.py:188} INFO - [2024-04-19T12:29:09.278+0000] {dag.py:3954} INFO - Setting next_dagrun for example_subdag_operator.section-2 to None, run_after=None
[2024-04-19T12:29:09.284+0000] {logging_mixin.py:188} INFO - [2024-04-19T12:29:09.284+0000] {dag.py:3096} INFO - Sync 2 DAGs
[2024-04-19T12:29:09.374+0000] {logging_mixin.py:188} INFO - [2024-04-19T12:29:09.374+0000] {dag.py:3954} INFO - Setting next_dagrun for example_subdag_operator.section-1 to None, run_after=None
[2024-04-19T12:29:09.375+0000] {logging_mixin.py:188} INFO - [2024-04-19T12:29:09.374+0000] {dag.py:3954} INFO - Setting next_dagrun for example_subdag_operator.section-2 to None, run_after=None
[2024-04-19T12:29:09.384+0000] {processor.py:183} INFO - Processing /home/airflow/.local/lib/python3.12/site-packages/airflow/example_dags/example_subdag_operator.py took 0.159 seconds
[2024-04-19T12:29:39.891+0000] {processor.py:161} INFO - Started process (PID=1084) to work on /home/airflow/.local/lib/python3.12/site-packages/airflow/example_dags/example_subdag_operator.py
[2024-04-19T12:29:39.893+0000] {processor.py:830} INFO - Processing file /home/airflow/.local/lib/python3.12/site-packages/airflow/example_dags/example_subdag_operator.py for tasks to queue
[2024-04-19T12:29:39.895+0000] {logging_mixin.py:188} INFO - [2024-04-19T12:29:39.895+0000] {dagbag.py:540} INFO - Filling up the DagBag from /home/airflow/.local/lib/python3.12/site-packages/airflow/example_dags/example_subdag_operator.py
[2024-04-19T12:29:39.914+0000] {processor.py:840} INFO - DAG(s) 'example_subdag_operator.section-1', 'example_subdag_operator.section-2', 'example_subdag_operator' retrieved from /home/airflow/.local/lib/python3.12/site-packages/airflow/example_dags/example_subdag_operator.py
[2024-04-19T12:29:39.918+0000] {logging_mixin.py:188} INFO - [2024-04-19T12:29:39.918+0000] {dag.py:3096} INFO - Sync 3 DAGs
[2024-04-19T12:29:39.935+0000] {logging_mixin.py:188} INFO - [2024-04-19T12:29:39.935+0000] {dag.py:3954} INFO - Setting next_dagrun for example_subdag_operator to 2022-01-01 00:00:00+00:00, run_after=2022-01-01 00:00:00+00:00
[2024-04-19T12:29:39.939+0000] {logging_mixin.py:188} INFO - [2024-04-19T12:29:39.939+0000] {dag.py:3954} INFO - Setting next_dagrun for example_subdag_operator.section-1 to None, run_after=None
[2024-04-19T12:29:39.940+0000] {logging_mixin.py:188} INFO - [2024-04-19T12:29:39.940+0000] {dag.py:3954} INFO - Setting next_dagrun for example_subdag_operator.section-2 to None, run_after=None
[2024-04-19T12:29:39.946+0000] {logging_mixin.py:188} INFO - [2024-04-19T12:29:39.946+0000] {dag.py:3096} INFO - Sync 2 DAGs
[2024-04-19T12:29:39.951+0000] {logging_mixin.py:188} INFO - [2024-04-19T12:29:39.951+0000] {dag.py:3954} INFO - Setting next_dagrun for example_subdag_operator.section-1 to None, run_after=None
[2024-04-19T12:29:39.952+0000] {logging_mixin.py:188} INFO - [2024-04-19T12:29:39.952+0000] {dag.py:3954} INFO - Setting next_dagrun for example_subdag_operator.section-2 to None, run_after=None
[2024-04-19T12:29:39.964+0000] {processor.py:183} INFO - Processing /home/airflow/.local/lib/python3.12/site-packages/airflow/example_dags/example_subdag_operator.py took 0.081 seconds
[2024-04-19T12:30:10.855+0000] {processor.py:161} INFO - Started process (PID=1142) to work on /home/airflow/.local/lib/python3.12/site-packages/airflow/example_dags/example_subdag_operator.py
[2024-04-19T12:30:10.856+0000] {processor.py:830} INFO - Processing file /home/airflow/.local/lib/python3.12/site-packages/airflow/example_dags/example_subdag_operator.py for tasks to queue
[2024-04-19T12:30:10.858+0000] {logging_mixin.py:188} INFO - [2024-04-19T12:30:10.857+0000] {dagbag.py:540} INFO - Filling up the DagBag from /home/airflow/.local/lib/python3.12/site-packages/airflow/example_dags/example_subdag_operator.py
[2024-04-19T12:30:10.878+0000] {processor.py:840} INFO - DAG(s) 'example_subdag_operator.section-1', 'example_subdag_operator.section-2', 'example_subdag_operator' retrieved from /home/airflow/.local/lib/python3.12/site-packages/airflow/example_dags/example_subdag_operator.py
[2024-04-19T12:30:11.031+0000] {logging_mixin.py:188} INFO - [2024-04-19T12:30:11.031+0000] {dag.py:3096} INFO - Sync 3 DAGs
[2024-04-19T12:30:11.043+0000] {logging_mixin.py:188} INFO - [2024-04-19T12:30:11.042+0000] {dag.py:3954} INFO - Setting next_dagrun for example_subdag_operator to 2022-01-01 00:00:00+00:00, run_after=2022-01-01 00:00:00+00:00
[2024-04-19T12:30:11.045+0000] {logging_mixin.py:188} INFO - [2024-04-19T12:30:11.045+0000] {dag.py:3954} INFO - Setting next_dagrun for example_subdag_operator.section-1 to None, run_after=None
[2024-04-19T12:30:11.046+0000] {logging_mixin.py:188} INFO - [2024-04-19T12:30:11.046+0000] {dag.py:3954} INFO - Setting next_dagrun for example_subdag_operator.section-2 to None, run_after=None
[2024-04-19T12:30:11.052+0000] {logging_mixin.py:188} INFO - [2024-04-19T12:30:11.051+0000] {dag.py:3096} INFO - Sync 2 DAGs
[2024-04-19T12:30:11.056+0000] {logging_mixin.py:188} INFO - [2024-04-19T12:30:11.056+0000] {dag.py:3954} INFO - Setting next_dagrun for example_subdag_operator.section-1 to None, run_after=None
[2024-04-19T12:30:11.057+0000] {logging_mixin.py:188} INFO - [2024-04-19T12:30:11.056+0000] {dag.py:3954} INFO - Setting next_dagrun for example_subdag_operator.section-2 to None, run_after=None
[2024-04-19T12:30:11.067+0000] {processor.py:183} INFO - Processing /home/airflow/.local/lib/python3.12/site-packages/airflow/example_dags/example_subdag_operator.py took 0.218 seconds
[2024-04-19T12:30:41.212+0000] {processor.py:161} INFO - Started process (PID=1200) to work on /home/airflow/.local/lib/python3.12/site-packages/airflow/example_dags/example_subdag_operator.py
[2024-04-19T12:30:41.213+0000] {processor.py:830} INFO - Processing file /home/airflow/.local/lib/python3.12/site-packages/airflow/example_dags/example_subdag_operator.py for tasks to queue
[2024-04-19T12:30:41.214+0000] {logging_mixin.py:188} INFO - [2024-04-19T12:30:41.214+0000] {dagbag.py:540} INFO - Filling up the DagBag from /home/airflow/.local/lib/python3.12/site-packages/airflow/example_dags/example_subdag_operator.py
[2024-04-19T12:30:41.229+0000] {processor.py:840} INFO - DAG(s) 'example_subdag_operator.section-1', 'example_subdag_operator.section-2', 'example_subdag_operator' retrieved from /home/airflow/.local/lib/python3.12/site-packages/airflow/example_dags/example_subdag_operator.py
[2024-04-19T12:30:41.240+0000] {logging_mixin.py:188} INFO - [2024-04-19T12:30:41.240+0000] {dag.py:3096} INFO - Sync 3 DAGs
[2024-04-19T12:30:41.344+0000] {logging_mixin.py:188} INFO - [2024-04-19T12:30:41.344+0000] {dag.py:3954} INFO - Setting next_dagrun for example_subdag_operator to 2022-01-01 00:00:00+00:00, run_after=2022-01-01 00:00:00+00:00
[2024-04-19T12:30:41.347+0000] {logging_mixin.py:188} INFO - [2024-04-19T12:30:41.347+0000] {dag.py:3954} INFO - Setting next_dagrun for example_subdag_operator.section-1 to None, run_after=None
[2024-04-19T12:30:41.348+0000] {logging_mixin.py:188} INFO - [2024-04-19T12:30:41.348+0000] {dag.py:3954} INFO - Setting next_dagrun for example_subdag_operator.section-2 to None, run_after=None
[2024-04-19T12:30:41.353+0000] {logging_mixin.py:188} INFO - [2024-04-19T12:30:41.353+0000] {dag.py:3096} INFO - Sync 2 DAGs
[2024-04-19T12:30:41.357+0000] {logging_mixin.py:188} INFO - [2024-04-19T12:30:41.357+0000] {dag.py:3954} INFO - Setting next_dagrun for example_subdag_operator.section-1 to None, run_after=None
[2024-04-19T12:30:41.357+0000] {logging_mixin.py:188} INFO - [2024-04-19T12:30:41.357+0000] {dag.py:3954} INFO - Setting next_dagrun for example_subdag_operator.section-2 to None, run_after=None
[2024-04-19T12:30:41.369+0000] {processor.py:183} INFO - Processing /home/airflow/.local/lib/python3.12/site-packages/airflow/example_dags/example_subdag_operator.py took 0.160 seconds
[2024-04-19T12:31:11.753+0000] {processor.py:161} INFO - Started process (PID=1258) to work on /home/airflow/.local/lib/python3.12/site-packages/airflow/example_dags/example_subdag_operator.py
[2024-04-19T12:31:11.754+0000] {processor.py:830} INFO - Processing file /home/airflow/.local/lib/python3.12/site-packages/airflow/example_dags/example_subdag_operator.py for tasks to queue
[2024-04-19T12:31:11.756+0000] {logging_mixin.py:188} INFO - [2024-04-19T12:31:11.755+0000] {dagbag.py:540} INFO - Filling up the DagBag from /home/airflow/.local/lib/python3.12/site-packages/airflow/example_dags/example_subdag_operator.py
[2024-04-19T12:31:11.771+0000] {processor.py:840} INFO - DAG(s) 'example_subdag_operator.section-1', 'example_subdag_operator.section-2', 'example_subdag_operator' retrieved from /home/airflow/.local/lib/python3.12/site-packages/airflow/example_dags/example_subdag_operator.py
[2024-04-19T12:31:11.780+0000] {logging_mixin.py:188} INFO - [2024-04-19T12:31:11.780+0000] {dag.py:3096} INFO - Sync 3 DAGs
[2024-04-19T12:31:11.795+0000] {logging_mixin.py:188} INFO - [2024-04-19T12:31:11.795+0000] {dag.py:3954} INFO - Setting next_dagrun for example_subdag_operator to 2022-01-01 00:00:00+00:00, run_after=2022-01-01 00:00:00+00:00
[2024-04-19T12:31:11.798+0000] {logging_mixin.py:188} INFO - [2024-04-19T12:31:11.797+0000] {dag.py:3954} INFO - Setting next_dagrun for example_subdag_operator.section-1 to None, run_after=None
[2024-04-19T12:31:11.799+0000] {logging_mixin.py:188} INFO - [2024-04-19T12:31:11.799+0000] {dag.py:3954} INFO - Setting next_dagrun for example_subdag_operator.section-2 to None, run_after=None
[2024-04-19T12:31:11.804+0000] {logging_mixin.py:188} INFO - [2024-04-19T12:31:11.804+0000] {dag.py:3096} INFO - Sync 2 DAGs
[2024-04-19T12:31:11.809+0000] {logging_mixin.py:188} INFO - [2024-04-19T12:31:11.809+0000] {dag.py:3954} INFO - Setting next_dagrun for example_subdag_operator.section-1 to None, run_after=None
[2024-04-19T12:31:11.810+0000] {logging_mixin.py:188} INFO - [2024-04-19T12:31:11.810+0000] {dag.py:3954} INFO - Setting next_dagrun for example_subdag_operator.section-2 to None, run_after=None
[2024-04-19T12:31:11.821+0000] {processor.py:183} INFO - Processing /home/airflow/.local/lib/python3.12/site-packages/airflow/example_dags/example_subdag_operator.py took 0.072 seconds
[2024-04-19T12:31:42.004+0000] {processor.py:161} INFO - Started process (PID=1315) to work on /home/airflow/.local/lib/python3.12/site-packages/airflow/example_dags/example_subdag_operator.py
[2024-04-19T12:31:42.005+0000] {processor.py:830} INFO - Processing file /home/airflow/.local/lib/python3.12/site-packages/airflow/example_dags/example_subdag_operator.py for tasks to queue
[2024-04-19T12:31:42.006+0000] {logging_mixin.py:188} INFO - [2024-04-19T12:31:42.006+0000] {dagbag.py:540} INFO - Filling up the DagBag from /home/airflow/.local/lib/python3.12/site-packages/airflow/example_dags/example_subdag_operator.py
[2024-04-19T12:31:42.024+0000] {processor.py:840} INFO - DAG(s) 'example_subdag_operator.section-1', 'example_subdag_operator.section-2', 'example_subdag_operator' retrieved from /home/airflow/.local/lib/python3.12/site-packages/airflow/example_dags/example_subdag_operator.py
[2024-04-19T12:31:42.036+0000] {logging_mixin.py:188} INFO - [2024-04-19T12:31:42.036+0000] {dag.py:3096} INFO - Sync 3 DAGs
[2024-04-19T12:31:42.051+0000] {logging_mixin.py:188} INFO - [2024-04-19T12:31:42.051+0000] {dag.py:3954} INFO - Setting next_dagrun for example_subdag_operator to 2022-01-01 00:00:00+00:00, run_after=2022-01-01 00:00:00+00:00
[2024-04-19T12:31:42.055+0000] {logging_mixin.py:188} INFO - [2024-04-19T12:31:42.054+0000] {dag.py:3954} INFO - Setting next_dagrun for example_subdag_operator.section-1 to None, run_after=None
[2024-04-19T12:31:42.056+0000] {logging_mixin.py:188} INFO - [2024-04-19T12:31:42.056+0000] {dag.py:3954} INFO - Setting next_dagrun for example_subdag_operator.section-2 to None, run_after=None
[2024-04-19T12:31:42.061+0000] {logging_mixin.py:188} INFO - [2024-04-19T12:31:42.060+0000] {dag.py:3096} INFO - Sync 2 DAGs
[2024-04-19T12:31:42.065+0000] {logging_mixin.py:188} INFO - [2024-04-19T12:31:42.065+0000] {dag.py:3954} INFO - Setting next_dagrun for example_subdag_operator.section-1 to None, run_after=None
[2024-04-19T12:31:42.066+0000] {logging_mixin.py:188} INFO - [2024-04-19T12:31:42.066+0000] {dag.py:3954} INFO - Setting next_dagrun for example_subdag_operator.section-2 to None, run_after=None
[2024-04-19T12:31:42.077+0000] {processor.py:183} INFO - Processing /home/airflow/.local/lib/python3.12/site-packages/airflow/example_dags/example_subdag_operator.py took 0.080 seconds
[2024-04-19T12:32:12.389+0000] {processor.py:161} INFO - Started process (PID=1373) to work on /home/airflow/.local/lib/python3.12/site-packages/airflow/example_dags/example_subdag_operator.py
[2024-04-19T12:32:12.390+0000] {processor.py:830} INFO - Processing file /home/airflow/.local/lib/python3.12/site-packages/airflow/example_dags/example_subdag_operator.py for tasks to queue
[2024-04-19T12:32:12.391+0000] {logging_mixin.py:188} INFO - [2024-04-19T12:32:12.391+0000] {dagbag.py:540} INFO - Filling up the DagBag from /home/airflow/.local/lib/python3.12/site-packages/airflow/example_dags/example_subdag_operator.py
[2024-04-19T12:32:12.414+0000] {processor.py:840} INFO - DAG(s) 'example_subdag_operator.section-1', 'example_subdag_operator.section-2', 'example_subdag_operator' retrieved from /home/airflow/.local/lib/python3.12/site-packages/airflow/example_dags/example_subdag_operator.py
[2024-04-19T12:32:12.430+0000] {logging_mixin.py:188} INFO - [2024-04-19T12:32:12.430+0000] {dag.py:3096} INFO - Sync 3 DAGs
[2024-04-19T12:32:12.446+0000] {logging_mixin.py:188} INFO - [2024-04-19T12:32:12.445+0000] {dag.py:3954} INFO - Setting next_dagrun for example_subdag_operator to 2022-01-01 00:00:00+00:00, run_after=2022-01-01 00:00:00+00:00
[2024-04-19T12:32:12.448+0000] {logging_mixin.py:188} INFO - [2024-04-19T12:32:12.448+0000] {dag.py:3954} INFO - Setting next_dagrun for example_subdag_operator.section-1 to None, run_after=None
[2024-04-19T12:32:12.450+0000] {logging_mixin.py:188} INFO - [2024-04-19T12:32:12.449+0000] {dag.py:3954} INFO - Setting next_dagrun for example_subdag_operator.section-2 to None, run_after=None
[2024-04-19T12:32:12.455+0000] {logging_mixin.py:188} INFO - [2024-04-19T12:32:12.455+0000] {dag.py:3096} INFO - Sync 2 DAGs
[2024-04-19T12:32:12.460+0000] {logging_mixin.py:188} INFO - [2024-04-19T12:32:12.460+0000] {dag.py:3954} INFO - Setting next_dagrun for example_subdag_operator.section-1 to None, run_after=None
[2024-04-19T12:32:12.461+0000] {logging_mixin.py:188} INFO - [2024-04-19T12:32:12.461+0000] {dag.py:3954} INFO - Setting next_dagrun for example_subdag_operator.section-2 to None, run_after=None
[2024-04-19T12:32:12.474+0000] {processor.py:183} INFO - Processing /home/airflow/.local/lib/python3.12/site-packages/airflow/example_dags/example_subdag_operator.py took 0.090 seconds
[2024-04-19T12:32:42.853+0000] {processor.py:161} INFO - Started process (PID=1431) to work on /home/airflow/.local/lib/python3.12/site-packages/airflow/example_dags/example_subdag_operator.py
[2024-04-19T12:32:42.854+0000] {processor.py:830} INFO - Processing file /home/airflow/.local/lib/python3.12/site-packages/airflow/example_dags/example_subdag_operator.py for tasks to queue
[2024-04-19T12:32:42.856+0000] {logging_mixin.py:188} INFO - [2024-04-19T12:32:42.856+0000] {dagbag.py:540} INFO - Filling up the DagBag from /home/airflow/.local/lib/python3.12/site-packages/airflow/example_dags/example_subdag_operator.py
[2024-04-19T12:32:42.875+0000] {processor.py:840} INFO - DAG(s) 'example_subdag_operator.section-1', 'example_subdag_operator.section-2', 'example_subdag_operator' retrieved from /home/airflow/.local/lib/python3.12/site-packages/airflow/example_dags/example_subdag_operator.py
[2024-04-19T12:32:42.887+0000] {logging_mixin.py:188} INFO - [2024-04-19T12:32:42.887+0000] {dag.py:3096} INFO - Sync 3 DAGs
[2024-04-19T12:32:42.905+0000] {logging_mixin.py:188} INFO - [2024-04-19T12:32:42.904+0000] {dag.py:3954} INFO - Setting next_dagrun for example_subdag_operator to 2022-01-01 00:00:00+00:00, run_after=2022-01-01 00:00:00+00:00
[2024-04-19T12:32:42.909+0000] {logging_mixin.py:188} INFO - [2024-04-19T12:32:42.908+0000] {dag.py:3954} INFO - Setting next_dagrun for example_subdag_operator.section-1 to None, run_after=None
[2024-04-19T12:32:42.910+0000] {logging_mixin.py:188} INFO - [2024-04-19T12:32:42.910+0000] {dag.py:3954} INFO - Setting next_dagrun for example_subdag_operator.section-2 to None, run_after=None
[2024-04-19T12:32:42.920+0000] {logging_mixin.py:188} INFO - [2024-04-19T12:32:42.919+0000] {dag.py:3096} INFO - Sync 2 DAGs
[2024-04-19T12:32:42.926+0000] {logging_mixin.py:188} INFO - [2024-04-19T12:32:42.926+0000] {dag.py:3954} INFO - Setting next_dagrun for example_subdag_operator.section-1 to None, run_after=None
[2024-04-19T12:32:42.927+0000] {logging_mixin.py:188} INFO - [2024-04-19T12:32:42.927+0000] {dag.py:3954} INFO - Setting next_dagrun for example_subdag_operator.section-2 to None, run_after=None
[2024-04-19T12:32:42.943+0000] {processor.py:183} INFO - Processing /home/airflow/.local/lib/python3.12/site-packages/airflow/example_dags/example_subdag_operator.py took 0.096 seconds
[2024-04-19T12:33:13.306+0000] {processor.py:161} INFO - Started process (PID=1489) to work on /home/airflow/.local/lib/python3.12/site-packages/airflow/example_dags/example_subdag_operator.py
[2024-04-19T12:33:13.307+0000] {processor.py:830} INFO - Processing file /home/airflow/.local/lib/python3.12/site-packages/airflow/example_dags/example_subdag_operator.py for tasks to queue
[2024-04-19T12:33:13.308+0000] {logging_mixin.py:188} INFO - [2024-04-19T12:33:13.308+0000] {dagbag.py:540} INFO - Filling up the DagBag from /home/airflow/.local/lib/python3.12/site-packages/airflow/example_dags/example_subdag_operator.py
[2024-04-19T12:33:13.325+0000] {processor.py:840} INFO - DAG(s) 'example_subdag_operator.section-1', 'example_subdag_operator.section-2', 'example_subdag_operator' retrieved from /home/airflow/.local/lib/python3.12/site-packages/airflow/example_dags/example_subdag_operator.py
[2024-04-19T12:33:13.336+0000] {logging_mixin.py:188} INFO - [2024-04-19T12:33:13.336+0000] {dag.py:3096} INFO - Sync 3 DAGs
[2024-04-19T12:33:13.352+0000] {logging_mixin.py:188} INFO - [2024-04-19T12:33:13.351+0000] {dag.py:3954} INFO - Setting next_dagrun for example_subdag_operator to 2022-01-01 00:00:00+00:00, run_after=2022-01-01 00:00:00+00:00
[2024-04-19T12:33:13.355+0000] {logging_mixin.py:188} INFO - [2024-04-19T12:33:13.355+0000] {dag.py:3954} INFO - Setting next_dagrun for example_subdag_operator.section-1 to None, run_after=None
[2024-04-19T12:33:13.356+0000] {logging_mixin.py:188} INFO - [2024-04-19T12:33:13.356+0000] {dag.py:3954} INFO - Setting next_dagrun for example_subdag_operator.section-2 to None, run_after=None
[2024-04-19T12:33:13.361+0000] {logging_mixin.py:188} INFO - [2024-04-19T12:33:13.361+0000] {dag.py:3096} INFO - Sync 2 DAGs
[2024-04-19T12:33:13.367+0000] {logging_mixin.py:188} INFO - [2024-04-19T12:33:13.366+0000] {dag.py:3954} INFO - Setting next_dagrun for example_subdag_operator.section-1 to None, run_after=None
[2024-04-19T12:33:13.368+0000] {logging_mixin.py:188} INFO - [2024-04-19T12:33:13.368+0000] {dag.py:3954} INFO - Setting next_dagrun for example_subdag_operator.section-2 to None, run_after=None
[2024-04-19T12:33:13.379+0000] {processor.py:183} INFO - Processing /home/airflow/.local/lib/python3.12/site-packages/airflow/example_dags/example_subdag_operator.py took 0.078 seconds
[2024-04-19T12:33:43.729+0000] {processor.py:161} INFO - Started process (PID=1547) to work on /home/airflow/.local/lib/python3.12/site-packages/airflow/example_dags/example_subdag_operator.py
[2024-04-19T12:33:43.730+0000] {processor.py:830} INFO - Processing file /home/airflow/.local/lib/python3.12/site-packages/airflow/example_dags/example_subdag_operator.py for tasks to queue
[2024-04-19T12:33:43.732+0000] {logging_mixin.py:188} INFO - [2024-04-19T12:33:43.731+0000] {dagbag.py:540} INFO - Filling up the DagBag from /home/airflow/.local/lib/python3.12/site-packages/airflow/example_dags/example_subdag_operator.py
[2024-04-19T12:33:43.750+0000] {processor.py:840} INFO - DAG(s) 'example_subdag_operator.section-1', 'example_subdag_operator.section-2', 'example_subdag_operator' retrieved from /home/airflow/.local/lib/python3.12/site-packages/airflow/example_dags/example_subdag_operator.py
[2024-04-19T12:33:43.760+0000] {logging_mixin.py:188} INFO - [2024-04-19T12:33:43.760+0000] {dag.py:3096} INFO - Sync 3 DAGs
[2024-04-19T12:33:43.776+0000] {logging_mixin.py:188} INFO - [2024-04-19T12:33:43.776+0000] {dag.py:3954} INFO - Setting next_dagrun for example_subdag_operator to 2022-01-01 00:00:00+00:00, run_after=2022-01-01 00:00:00+00:00
[2024-04-19T12:33:43.778+0000] {logging_mixin.py:188} INFO - [2024-04-19T12:33:43.778+0000] {dag.py:3954} INFO - Setting next_dagrun for example_subdag_operator.section-1 to None, run_after=None
[2024-04-19T12:33:43.780+0000] {logging_mixin.py:188} INFO - [2024-04-19T12:33:43.780+0000] {dag.py:3954} INFO - Setting next_dagrun for example_subdag_operator.section-2 to None, run_after=None
[2024-04-19T12:33:43.785+0000] {logging_mixin.py:188} INFO - [2024-04-19T12:33:43.785+0000] {dag.py:3096} INFO - Sync 2 DAGs
[2024-04-19T12:33:43.790+0000] {logging_mixin.py:188} INFO - [2024-04-19T12:33:43.790+0000] {dag.py:3954} INFO - Setting next_dagrun for example_subdag_operator.section-1 to None, run_after=None
[2024-04-19T12:33:43.791+0000] {logging_mixin.py:188} INFO - [2024-04-19T12:33:43.791+0000] {dag.py:3954} INFO - Setting next_dagrun for example_subdag_operator.section-2 to None, run_after=None
[2024-04-19T12:33:43.803+0000] {processor.py:183} INFO - Processing /home/airflow/.local/lib/python3.12/site-packages/airflow/example_dags/example_subdag_operator.py took 0.081 seconds
