[2024-04-19T12:17:11.575+0000] {processor.py:161} INFO - Started process (PID=45) to work on /home/airflow/.local/lib/python3.12/site-packages/airflow/example_dags/example_branch_day_of_week_operator.py
[2024-04-19T12:17:11.576+0000] {processor.py:830} INFO - Processing file /home/airflow/.local/lib/python3.12/site-packages/airflow/example_dags/example_branch_day_of_week_operator.py for tasks to queue
[2024-04-19T12:17:11.578+0000] {logging_mixin.py:188} INFO - [2024-04-19T12:17:11.577+0000] {dagbag.py:540} INFO - Filling up the DagBag from /home/airflow/.local/lib/python3.12/site-packages/airflow/example_dags/example_branch_day_of_week_operator.py
[2024-04-19T12:17:11.586+0000] {processor.py:840} INFO - DAG(s) 'example_weekday_branch_operator' retrieved from /home/airflow/.local/lib/python3.12/site-packages/airflow/example_dags/example_branch_day_of_week_operator.py
[2024-04-19T12:17:11.597+0000] {logging_mixin.py:188} INFO - [2024-04-19T12:17:11.597+0000] {dag.py:3096} INFO - Sync 1 DAGs
[2024-04-19T12:17:11.628+0000] {logging_mixin.py:188} INFO - [2024-04-19T12:17:11.628+0000] {dag.py:3954} INFO - Setting next_dagrun for example_weekday_branch_operator to 2024-04-18 00:00:00+00:00, run_after=2024-04-19 00:00:00+00:00
[2024-04-19T12:17:11.647+0000] {processor.py:183} INFO - Processing /home/airflow/.local/lib/python3.12/site-packages/airflow/example_dags/example_branch_day_of_week_operator.py took 0.076 seconds
[2024-04-19T12:17:41.992+0000] {processor.py:161} INFO - Started process (PID=103) to work on /home/airflow/.local/lib/python3.12/site-packages/airflow/example_dags/example_branch_day_of_week_operator.py
[2024-04-19T12:17:41.992+0000] {processor.py:830} INFO - Processing file /home/airflow/.local/lib/python3.12/site-packages/airflow/example_dags/example_branch_day_of_week_operator.py for tasks to queue
[2024-04-19T12:17:41.994+0000] {logging_mixin.py:188} INFO - [2024-04-19T12:17:41.994+0000] {dagbag.py:540} INFO - Filling up the DagBag from /home/airflow/.local/lib/python3.12/site-packages/airflow/example_dags/example_branch_day_of_week_operator.py
[2024-04-19T12:17:41.999+0000] {processor.py:840} INFO - DAG(s) 'example_weekday_branch_operator' retrieved from /home/airflow/.local/lib/python3.12/site-packages/airflow/example_dags/example_branch_day_of_week_operator.py
[2024-04-19T12:17:42.057+0000] {logging_mixin.py:188} INFO - [2024-04-19T12:17:42.057+0000] {dag.py:3096} INFO - Sync 1 DAGs
[2024-04-19T12:17:42.069+0000] {logging_mixin.py:188} INFO - [2024-04-19T12:17:42.069+0000] {dag.py:3954} INFO - Setting next_dagrun for example_weekday_branch_operator to 2024-04-18 00:00:00+00:00, run_after=2024-04-19 00:00:00+00:00
[2024-04-19T12:17:42.081+0000] {processor.py:183} INFO - Processing /home/airflow/.local/lib/python3.12/site-packages/airflow/example_dags/example_branch_day_of_week_operator.py took 0.094 seconds
[2024-04-19T12:18:12.103+0000] {processor.py:161} INFO - Started process (PID=161) to work on /home/airflow/.local/lib/python3.12/site-packages/airflow/example_dags/example_branch_day_of_week_operator.py
[2024-04-19T12:18:12.103+0000] {processor.py:830} INFO - Processing file /home/airflow/.local/lib/python3.12/site-packages/airflow/example_dags/example_branch_day_of_week_operator.py for tasks to queue
[2024-04-19T12:18:12.105+0000] {logging_mixin.py:188} INFO - [2024-04-19T12:18:12.105+0000] {dagbag.py:540} INFO - Filling up the DagBag from /home/airflow/.local/lib/python3.12/site-packages/airflow/example_dags/example_branch_day_of_week_operator.py
[2024-04-19T12:18:12.109+0000] {processor.py:840} INFO - DAG(s) 'example_weekday_branch_operator' retrieved from /home/airflow/.local/lib/python3.12/site-packages/airflow/example_dags/example_branch_day_of_week_operator.py
[2024-04-19T12:18:12.121+0000] {logging_mixin.py:188} INFO - [2024-04-19T12:18:12.121+0000] {dag.py:3096} INFO - Sync 1 DAGs
[2024-04-19T12:18:12.134+0000] {logging_mixin.py:188} INFO - [2024-04-19T12:18:12.134+0000] {dag.py:3954} INFO - Setting next_dagrun for example_weekday_branch_operator to 2024-04-18 00:00:00+00:00, run_after=2024-04-19 00:00:00+00:00
[2024-04-19T12:18:12.146+0000] {processor.py:183} INFO - Processing /home/airflow/.local/lib/python3.12/site-packages/airflow/example_dags/example_branch_day_of_week_operator.py took 0.046 seconds
[2024-04-19T12:18:42.494+0000] {processor.py:161} INFO - Started process (PID=219) to work on /home/airflow/.local/lib/python3.12/site-packages/airflow/example_dags/example_branch_day_of_week_operator.py
[2024-04-19T12:18:42.495+0000] {processor.py:830} INFO - Processing file /home/airflow/.local/lib/python3.12/site-packages/airflow/example_dags/example_branch_day_of_week_operator.py for tasks to queue
[2024-04-19T12:18:42.496+0000] {logging_mixin.py:188} INFO - [2024-04-19T12:18:42.496+0000] {dagbag.py:540} INFO - Filling up the DagBag from /home/airflow/.local/lib/python3.12/site-packages/airflow/example_dags/example_branch_day_of_week_operator.py
[2024-04-19T12:18:42.501+0000] {processor.py:840} INFO - DAG(s) 'example_weekday_branch_operator' retrieved from /home/airflow/.local/lib/python3.12/site-packages/airflow/example_dags/example_branch_day_of_week_operator.py
[2024-04-19T12:18:42.518+0000] {logging_mixin.py:188} INFO - [2024-04-19T12:18:42.517+0000] {dag.py:3096} INFO - Sync 1 DAGs
[2024-04-19T12:18:42.532+0000] {logging_mixin.py:188} INFO - [2024-04-19T12:18:42.532+0000] {dag.py:3954} INFO - Setting next_dagrun for example_weekday_branch_operator to 2024-04-18 00:00:00+00:00, run_after=2024-04-19 00:00:00+00:00
[2024-04-19T12:18:42.548+0000] {processor.py:183} INFO - Processing /home/airflow/.local/lib/python3.12/site-packages/airflow/example_dags/example_branch_day_of_week_operator.py took 0.058 seconds
[2024-04-19T12:20:33.461+0000] {processor.py:161} INFO - Started process (PID=45) to work on /home/airflow/.local/lib/python3.12/site-packages/airflow/example_dags/example_branch_day_of_week_operator.py
[2024-04-19T12:20:33.461+0000] {processor.py:830} INFO - Processing file /home/airflow/.local/lib/python3.12/site-packages/airflow/example_dags/example_branch_day_of_week_operator.py for tasks to queue
[2024-04-19T12:20:33.463+0000] {logging_mixin.py:188} INFO - [2024-04-19T12:20:33.463+0000] {dagbag.py:540} INFO - Filling up the DagBag from /home/airflow/.local/lib/python3.12/site-packages/airflow/example_dags/example_branch_day_of_week_operator.py
[2024-04-19T12:20:33.470+0000] {processor.py:840} INFO - DAG(s) 'example_weekday_branch_operator' retrieved from /home/airflow/.local/lib/python3.12/site-packages/airflow/example_dags/example_branch_day_of_week_operator.py
[2024-04-19T12:20:33.481+0000] {logging_mixin.py:188} INFO - [2024-04-19T12:20:33.481+0000] {dag.py:3096} INFO - Sync 1 DAGs
[2024-04-19T12:20:33.504+0000] {logging_mixin.py:188} INFO - [2024-04-19T12:20:33.503+0000] {dag.py:3954} INFO - Setting next_dagrun for example_weekday_branch_operator to 2024-04-18 00:00:00+00:00, run_after=2024-04-19 00:00:00+00:00
[2024-04-19T12:20:33.523+0000] {processor.py:183} INFO - Processing /home/airflow/.local/lib/python3.12/site-packages/airflow/example_dags/example_branch_day_of_week_operator.py took 0.067 seconds
[2024-04-19T12:21:03.875+0000] {processor.py:161} INFO - Started process (PID=103) to work on /home/airflow/.local/lib/python3.12/site-packages/airflow/example_dags/example_branch_day_of_week_operator.py
[2024-04-19T12:21:03.875+0000] {processor.py:830} INFO - Processing file /home/airflow/.local/lib/python3.12/site-packages/airflow/example_dags/example_branch_day_of_week_operator.py for tasks to queue
[2024-04-19T12:21:03.877+0000] {logging_mixin.py:188} INFO - [2024-04-19T12:21:03.877+0000] {dagbag.py:540} INFO - Filling up the DagBag from /home/airflow/.local/lib/python3.12/site-packages/airflow/example_dags/example_branch_day_of_week_operator.py
[2024-04-19T12:21:03.882+0000] {processor.py:840} INFO - DAG(s) 'example_weekday_branch_operator' retrieved from /home/airflow/.local/lib/python3.12/site-packages/airflow/example_dags/example_branch_day_of_week_operator.py
[2024-04-19T12:21:03.954+0000] {logging_mixin.py:188} INFO - [2024-04-19T12:21:03.954+0000] {dag.py:3096} INFO - Sync 1 DAGs
[2024-04-19T12:21:03.969+0000] {logging_mixin.py:188} INFO - [2024-04-19T12:21:03.969+0000] {dag.py:3954} INFO - Setting next_dagrun for example_weekday_branch_operator to 2024-04-18 00:00:00+00:00, run_after=2024-04-19 00:00:00+00:00
[2024-04-19T12:21:03.986+0000] {processor.py:183} INFO - Processing /home/airflow/.local/lib/python3.12/site-packages/airflow/example_dags/example_branch_day_of_week_operator.py took 0.115 seconds
[2024-04-19T12:21:34.149+0000] {processor.py:161} INFO - Started process (PID=161) to work on /home/airflow/.local/lib/python3.12/site-packages/airflow/example_dags/example_branch_day_of_week_operator.py
[2024-04-19T12:21:34.150+0000] {processor.py:830} INFO - Processing file /home/airflow/.local/lib/python3.12/site-packages/airflow/example_dags/example_branch_day_of_week_operator.py for tasks to queue
[2024-04-19T12:21:34.151+0000] {logging_mixin.py:188} INFO - [2024-04-19T12:21:34.151+0000] {dagbag.py:540} INFO - Filling up the DagBag from /home/airflow/.local/lib/python3.12/site-packages/airflow/example_dags/example_branch_day_of_week_operator.py
[2024-04-19T12:21:34.156+0000] {processor.py:840} INFO - DAG(s) 'example_weekday_branch_operator' retrieved from /home/airflow/.local/lib/python3.12/site-packages/airflow/example_dags/example_branch_day_of_week_operator.py
[2024-04-19T12:21:34.171+0000] {logging_mixin.py:188} INFO - [2024-04-19T12:21:34.170+0000] {dag.py:3096} INFO - Sync 1 DAGs
[2024-04-19T12:21:34.185+0000] {logging_mixin.py:188} INFO - [2024-04-19T12:21:34.185+0000] {dag.py:3954} INFO - Setting next_dagrun for example_weekday_branch_operator to 2024-04-18 00:00:00+00:00, run_after=2024-04-19 00:00:00+00:00
[2024-04-19T12:21:34.200+0000] {processor.py:183} INFO - Processing /home/airflow/.local/lib/python3.12/site-packages/airflow/example_dags/example_branch_day_of_week_operator.py took 0.055 seconds
[2024-04-19T12:22:04.449+0000] {processor.py:161} INFO - Started process (PID=219) to work on /home/airflow/.local/lib/python3.12/site-packages/airflow/example_dags/example_branch_day_of_week_operator.py
[2024-04-19T12:22:04.450+0000] {processor.py:830} INFO - Processing file /home/airflow/.local/lib/python3.12/site-packages/airflow/example_dags/example_branch_day_of_week_operator.py for tasks to queue
[2024-04-19T12:22:04.452+0000] {logging_mixin.py:188} INFO - [2024-04-19T12:22:04.452+0000] {dagbag.py:540} INFO - Filling up the DagBag from /home/airflow/.local/lib/python3.12/site-packages/airflow/example_dags/example_branch_day_of_week_operator.py
[2024-04-19T12:22:04.457+0000] {processor.py:840} INFO - DAG(s) 'example_weekday_branch_operator' retrieved from /home/airflow/.local/lib/python3.12/site-packages/airflow/example_dags/example_branch_day_of_week_operator.py
[2024-04-19T12:22:04.473+0000] {logging_mixin.py:188} INFO - [2024-04-19T12:22:04.473+0000] {dag.py:3096} INFO - Sync 1 DAGs
[2024-04-19T12:22:04.490+0000] {logging_mixin.py:188} INFO - [2024-04-19T12:22:04.490+0000] {dag.py:3954} INFO - Setting next_dagrun for example_weekday_branch_operator to 2024-04-18 00:00:00+00:00, run_after=2024-04-19 00:00:00+00:00
[2024-04-19T12:22:04.505+0000] {processor.py:183} INFO - Processing /home/airflow/.local/lib/python3.12/site-packages/airflow/example_dags/example_branch_day_of_week_operator.py took 0.060 seconds
[2024-04-19T12:22:34.835+0000] {processor.py:161} INFO - Started process (PID=277) to work on /home/airflow/.local/lib/python3.12/site-packages/airflow/example_dags/example_branch_day_of_week_operator.py
[2024-04-19T12:22:34.836+0000] {processor.py:830} INFO - Processing file /home/airflow/.local/lib/python3.12/site-packages/airflow/example_dags/example_branch_day_of_week_operator.py for tasks to queue
[2024-04-19T12:22:34.838+0000] {logging_mixin.py:188} INFO - [2024-04-19T12:22:34.837+0000] {dagbag.py:540} INFO - Filling up the DagBag from /home/airflow/.local/lib/python3.12/site-packages/airflow/example_dags/example_branch_day_of_week_operator.py
[2024-04-19T12:22:34.842+0000] {processor.py:840} INFO - DAG(s) 'example_weekday_branch_operator' retrieved from /home/airflow/.local/lib/python3.12/site-packages/airflow/example_dags/example_branch_day_of_week_operator.py
[2024-04-19T12:22:34.856+0000] {logging_mixin.py:188} INFO - [2024-04-19T12:22:34.856+0000] {dag.py:3096} INFO - Sync 1 DAGs
[2024-04-19T12:22:34.874+0000] {logging_mixin.py:188} INFO - [2024-04-19T12:22:34.874+0000] {dag.py:3954} INFO - Setting next_dagrun for example_weekday_branch_operator to 2024-04-18 00:00:00+00:00, run_after=2024-04-19 00:00:00+00:00
[2024-04-19T12:22:34.892+0000] {processor.py:183} INFO - Processing /home/airflow/.local/lib/python3.12/site-packages/airflow/example_dags/example_branch_day_of_week_operator.py took 0.061 seconds
[2024-04-19T12:23:05.143+0000] {processor.py:161} INFO - Started process (PID=335) to work on /home/airflow/.local/lib/python3.12/site-packages/airflow/example_dags/example_branch_day_of_week_operator.py
[2024-04-19T12:23:05.144+0000] {processor.py:830} INFO - Processing file /home/airflow/.local/lib/python3.12/site-packages/airflow/example_dags/example_branch_day_of_week_operator.py for tasks to queue
[2024-04-19T12:23:05.146+0000] {logging_mixin.py:188} INFO - [2024-04-19T12:23:05.146+0000] {dagbag.py:540} INFO - Filling up the DagBag from /home/airflow/.local/lib/python3.12/site-packages/airflow/example_dags/example_branch_day_of_week_operator.py
[2024-04-19T12:23:05.152+0000] {processor.py:840} INFO - DAG(s) 'example_weekday_branch_operator' retrieved from /home/airflow/.local/lib/python3.12/site-packages/airflow/example_dags/example_branch_day_of_week_operator.py
[2024-04-19T12:23:05.162+0000] {logging_mixin.py:188} INFO - [2024-04-19T12:23:05.162+0000] {dag.py:3096} INFO - Sync 1 DAGs
[2024-04-19T12:23:05.179+0000] {logging_mixin.py:188} INFO - [2024-04-19T12:23:05.179+0000] {dag.py:3954} INFO - Setting next_dagrun for example_weekday_branch_operator to 2024-04-18 00:00:00+00:00, run_after=2024-04-19 00:00:00+00:00
[2024-04-19T12:23:05.199+0000] {processor.py:183} INFO - Processing /home/airflow/.local/lib/python3.12/site-packages/airflow/example_dags/example_branch_day_of_week_operator.py took 0.059 seconds
[2024-04-19T12:23:36.114+0000] {processor.py:161} INFO - Started process (PID=394) to work on /home/airflow/.local/lib/python3.12/site-packages/airflow/example_dags/example_branch_day_of_week_operator.py
[2024-04-19T12:23:36.115+0000] {processor.py:830} INFO - Processing file /home/airflow/.local/lib/python3.12/site-packages/airflow/example_dags/example_branch_day_of_week_operator.py for tasks to queue
[2024-04-19T12:23:36.116+0000] {logging_mixin.py:188} INFO - [2024-04-19T12:23:36.116+0000] {dagbag.py:540} INFO - Filling up the DagBag from /home/airflow/.local/lib/python3.12/site-packages/airflow/example_dags/example_branch_day_of_week_operator.py
[2024-04-19T12:23:36.123+0000] {processor.py:840} INFO - DAG(s) 'example_weekday_branch_operator' retrieved from /home/airflow/.local/lib/python3.12/site-packages/airflow/example_dags/example_branch_day_of_week_operator.py
[2024-04-19T12:23:36.200+0000] {logging_mixin.py:188} INFO - [2024-04-19T12:23:36.200+0000] {dag.py:3096} INFO - Sync 1 DAGs
[2024-04-19T12:23:36.212+0000] {logging_mixin.py:188} INFO - [2024-04-19T12:23:36.212+0000] {dag.py:3954} INFO - Setting next_dagrun for example_weekday_branch_operator to 2024-04-18 00:00:00+00:00, run_after=2024-04-19 00:00:00+00:00
[2024-04-19T12:23:36.224+0000] {processor.py:183} INFO - Processing /home/airflow/.local/lib/python3.12/site-packages/airflow/example_dags/example_branch_day_of_week_operator.py took 0.115 seconds
[2024-04-19T12:24:06.332+0000] {processor.py:161} INFO - Started process (PID=453) to work on /home/airflow/.local/lib/python3.12/site-packages/airflow/example_dags/example_branch_day_of_week_operator.py
[2024-04-19T12:24:06.333+0000] {processor.py:830} INFO - Processing file /home/airflow/.local/lib/python3.12/site-packages/airflow/example_dags/example_branch_day_of_week_operator.py for tasks to queue
[2024-04-19T12:24:06.334+0000] {logging_mixin.py:188} INFO - [2024-04-19T12:24:06.334+0000] {dagbag.py:540} INFO - Filling up the DagBag from /home/airflow/.local/lib/python3.12/site-packages/airflow/example_dags/example_branch_day_of_week_operator.py
[2024-04-19T12:24:06.338+0000] {processor.py:840} INFO - DAG(s) 'example_weekday_branch_operator' retrieved from /home/airflow/.local/lib/python3.12/site-packages/airflow/example_dags/example_branch_day_of_week_operator.py
[2024-04-19T12:24:06.353+0000] {logging_mixin.py:188} INFO - [2024-04-19T12:24:06.353+0000] {dag.py:3096} INFO - Sync 1 DAGs
[2024-04-19T12:24:06.366+0000] {logging_mixin.py:188} INFO - [2024-04-19T12:24:06.366+0000] {dag.py:3954} INFO - Setting next_dagrun for example_weekday_branch_operator to 2024-04-18 00:00:00+00:00, run_after=2024-04-19 00:00:00+00:00
[2024-04-19T12:24:06.379+0000] {processor.py:183} INFO - Processing /home/airflow/.local/lib/python3.12/site-packages/airflow/example_dags/example_branch_day_of_week_operator.py took 0.051 seconds
[2024-04-19T12:24:36.812+0000] {processor.py:161} INFO - Started process (PID=511) to work on /home/airflow/.local/lib/python3.12/site-packages/airflow/example_dags/example_branch_day_of_week_operator.py
[2024-04-19T12:24:36.812+0000] {processor.py:830} INFO - Processing file /home/airflow/.local/lib/python3.12/site-packages/airflow/example_dags/example_branch_day_of_week_operator.py for tasks to queue
[2024-04-19T12:24:36.814+0000] {logging_mixin.py:188} INFO - [2024-04-19T12:24:36.814+0000] {dagbag.py:540} INFO - Filling up the DagBag from /home/airflow/.local/lib/python3.12/site-packages/airflow/example_dags/example_branch_day_of_week_operator.py
[2024-04-19T12:24:36.821+0000] {processor.py:840} INFO - DAG(s) 'example_weekday_branch_operator' retrieved from /home/airflow/.local/lib/python3.12/site-packages/airflow/example_dags/example_branch_day_of_week_operator.py
[2024-04-19T12:24:36.835+0000] {logging_mixin.py:188} INFO - [2024-04-19T12:24:36.835+0000] {dag.py:3096} INFO - Sync 1 DAGs
[2024-04-19T12:24:36.851+0000] {logging_mixin.py:188} INFO - [2024-04-19T12:24:36.851+0000] {dag.py:3954} INFO - Setting next_dagrun for example_weekday_branch_operator to 2024-04-18 00:00:00+00:00, run_after=2024-04-19 00:00:00+00:00
[2024-04-19T12:24:36.869+0000] {processor.py:183} INFO - Processing /home/airflow/.local/lib/python3.12/site-packages/airflow/example_dags/example_branch_day_of_week_operator.py took 0.061 seconds
[2024-04-19T12:25:07.393+0000] {processor.py:161} INFO - Started process (PID=569) to work on /home/airflow/.local/lib/python3.12/site-packages/airflow/example_dags/example_branch_day_of_week_operator.py
[2024-04-19T12:25:07.394+0000] {processor.py:830} INFO - Processing file /home/airflow/.local/lib/python3.12/site-packages/airflow/example_dags/example_branch_day_of_week_operator.py for tasks to queue
[2024-04-19T12:25:07.395+0000] {logging_mixin.py:188} INFO - [2024-04-19T12:25:07.395+0000] {dagbag.py:540} INFO - Filling up the DagBag from /home/airflow/.local/lib/python3.12/site-packages/airflow/example_dags/example_branch_day_of_week_operator.py
[2024-04-19T12:25:07.402+0000] {processor.py:840} INFO - DAG(s) 'example_weekday_branch_operator' retrieved from /home/airflow/.local/lib/python3.12/site-packages/airflow/example_dags/example_branch_day_of_week_operator.py
[2024-04-19T12:25:07.421+0000] {logging_mixin.py:188} INFO - [2024-04-19T12:25:07.420+0000] {dag.py:3096} INFO - Sync 1 DAGs
[2024-04-19T12:25:07.439+0000] {logging_mixin.py:188} INFO - [2024-04-19T12:25:07.439+0000] {dag.py:3954} INFO - Setting next_dagrun for example_weekday_branch_operator to 2024-04-18 00:00:00+00:00, run_after=2024-04-19 00:00:00+00:00
[2024-04-19T12:25:07.459+0000] {processor.py:183} INFO - Processing /home/airflow/.local/lib/python3.12/site-packages/airflow/example_dags/example_branch_day_of_week_operator.py took 0.071 seconds
[2024-04-19T12:25:37.579+0000] {processor.py:161} INFO - Started process (PID=627) to work on /home/airflow/.local/lib/python3.12/site-packages/airflow/example_dags/example_branch_day_of_week_operator.py
[2024-04-19T12:25:37.580+0000] {processor.py:830} INFO - Processing file /home/airflow/.local/lib/python3.12/site-packages/airflow/example_dags/example_branch_day_of_week_operator.py for tasks to queue
[2024-04-19T12:25:37.581+0000] {logging_mixin.py:188} INFO - [2024-04-19T12:25:37.581+0000] {dagbag.py:540} INFO - Filling up the DagBag from /home/airflow/.local/lib/python3.12/site-packages/airflow/example_dags/example_branch_day_of_week_operator.py
[2024-04-19T12:25:37.587+0000] {processor.py:840} INFO - DAG(s) 'example_weekday_branch_operator' retrieved from /home/airflow/.local/lib/python3.12/site-packages/airflow/example_dags/example_branch_day_of_week_operator.py
[2024-04-19T12:25:37.604+0000] {logging_mixin.py:188} INFO - [2024-04-19T12:25:37.604+0000] {dag.py:3096} INFO - Sync 1 DAGs
[2024-04-19T12:25:37.623+0000] {logging_mixin.py:188} INFO - [2024-04-19T12:25:37.623+0000] {dag.py:3954} INFO - Setting next_dagrun for example_weekday_branch_operator to 2024-04-18 00:00:00+00:00, run_after=2024-04-19 00:00:00+00:00
[2024-04-19T12:25:37.642+0000] {processor.py:183} INFO - Processing /home/airflow/.local/lib/python3.12/site-packages/airflow/example_dags/example_branch_day_of_week_operator.py took 0.067 seconds
[2024-04-19T12:26:07.731+0000] {processor.py:161} INFO - Started process (PID=685) to work on /home/airflow/.local/lib/python3.12/site-packages/airflow/example_dags/example_branch_day_of_week_operator.py
[2024-04-19T12:26:07.732+0000] {processor.py:830} INFO - Processing file /home/airflow/.local/lib/python3.12/site-packages/airflow/example_dags/example_branch_day_of_week_operator.py for tasks to queue
[2024-04-19T12:26:07.734+0000] {logging_mixin.py:188} INFO - [2024-04-19T12:26:07.734+0000] {dagbag.py:540} INFO - Filling up the DagBag from /home/airflow/.local/lib/python3.12/site-packages/airflow/example_dags/example_branch_day_of_week_operator.py
[2024-04-19T12:26:07.739+0000] {processor.py:840} INFO - DAG(s) 'example_weekday_branch_operator' retrieved from /home/airflow/.local/lib/python3.12/site-packages/airflow/example_dags/example_branch_day_of_week_operator.py
[2024-04-19T12:26:07.758+0000] {logging_mixin.py:188} INFO - [2024-04-19T12:26:07.758+0000] {dag.py:3096} INFO - Sync 1 DAGs
[2024-04-19T12:26:07.785+0000] {logging_mixin.py:188} INFO - [2024-04-19T12:26:07.785+0000] {dag.py:3954} INFO - Setting next_dagrun for example_weekday_branch_operator to 2024-04-18 00:00:00+00:00, run_after=2024-04-19 00:00:00+00:00
[2024-04-19T12:26:07.806+0000] {processor.py:183} INFO - Processing /home/airflow/.local/lib/python3.12/site-packages/airflow/example_dags/example_branch_day_of_week_operator.py took 0.079 seconds
[2024-04-19T12:26:38.114+0000] {processor.py:161} INFO - Started process (PID=743) to work on /home/airflow/.local/lib/python3.12/site-packages/airflow/example_dags/example_branch_day_of_week_operator.py
[2024-04-19T12:26:38.115+0000] {processor.py:830} INFO - Processing file /home/airflow/.local/lib/python3.12/site-packages/airflow/example_dags/example_branch_day_of_week_operator.py for tasks to queue
[2024-04-19T12:26:38.119+0000] {logging_mixin.py:188} INFO - [2024-04-19T12:26:38.118+0000] {dagbag.py:540} INFO - Filling up the DagBag from /home/airflow/.local/lib/python3.12/site-packages/airflow/example_dags/example_branch_day_of_week_operator.py
[2024-04-19T12:26:38.124+0000] {processor.py:840} INFO - DAG(s) 'example_weekday_branch_operator' retrieved from /home/airflow/.local/lib/python3.12/site-packages/airflow/example_dags/example_branch_day_of_week_operator.py
[2024-04-19T12:26:38.143+0000] {logging_mixin.py:188} INFO - [2024-04-19T12:26:38.143+0000] {dag.py:3096} INFO - Sync 1 DAGs
[2024-04-19T12:26:38.163+0000] {logging_mixin.py:188} INFO - [2024-04-19T12:26:38.163+0000] {dag.py:3954} INFO - Setting next_dagrun for example_weekday_branch_operator to 2024-04-18 00:00:00+00:00, run_after=2024-04-19 00:00:00+00:00
[2024-04-19T12:26:38.184+0000] {processor.py:183} INFO - Processing /home/airflow/.local/lib/python3.12/site-packages/airflow/example_dags/example_branch_day_of_week_operator.py took 0.074 seconds
[2024-04-19T12:27:08.236+0000] {processor.py:161} INFO - Started process (PID=801) to work on /home/airflow/.local/lib/python3.12/site-packages/airflow/example_dags/example_branch_day_of_week_operator.py
[2024-04-19T12:27:08.237+0000] {processor.py:830} INFO - Processing file /home/airflow/.local/lib/python3.12/site-packages/airflow/example_dags/example_branch_day_of_week_operator.py for tasks to queue
[2024-04-19T12:27:08.239+0000] {logging_mixin.py:188} INFO - [2024-04-19T12:27:08.238+0000] {dagbag.py:540} INFO - Filling up the DagBag from /home/airflow/.local/lib/python3.12/site-packages/airflow/example_dags/example_branch_day_of_week_operator.py
[2024-04-19T12:27:08.244+0000] {processor.py:840} INFO - DAG(s) 'example_weekday_branch_operator' retrieved from /home/airflow/.local/lib/python3.12/site-packages/airflow/example_dags/example_branch_day_of_week_operator.py
[2024-04-19T12:27:08.262+0000] {logging_mixin.py:188} INFO - [2024-04-19T12:27:08.262+0000] {dag.py:3096} INFO - Sync 1 DAGs
[2024-04-19T12:27:08.279+0000] {logging_mixin.py:188} INFO - [2024-04-19T12:27:08.279+0000] {dag.py:3954} INFO - Setting next_dagrun for example_weekday_branch_operator to 2024-04-18 00:00:00+00:00, run_after=2024-04-19 00:00:00+00:00
[2024-04-19T12:27:08.299+0000] {processor.py:183} INFO - Processing /home/airflow/.local/lib/python3.12/site-packages/airflow/example_dags/example_branch_day_of_week_operator.py took 0.068 seconds
[2024-04-19T12:27:38.969+0000] {processor.py:161} INFO - Started process (PID=859) to work on /home/airflow/.local/lib/python3.12/site-packages/airflow/example_dags/example_branch_day_of_week_operator.py
[2024-04-19T12:27:38.970+0000] {processor.py:830} INFO - Processing file /home/airflow/.local/lib/python3.12/site-packages/airflow/example_dags/example_branch_day_of_week_operator.py for tasks to queue
[2024-04-19T12:27:38.972+0000] {logging_mixin.py:188} INFO - [2024-04-19T12:27:38.972+0000] {dagbag.py:540} INFO - Filling up the DagBag from /home/airflow/.local/lib/python3.12/site-packages/airflow/example_dags/example_branch_day_of_week_operator.py
[2024-04-19T12:27:38.978+0000] {processor.py:840} INFO - DAG(s) 'example_weekday_branch_operator' retrieved from /home/airflow/.local/lib/python3.12/site-packages/airflow/example_dags/example_branch_day_of_week_operator.py
[2024-04-19T12:27:39.000+0000] {logging_mixin.py:188} INFO - [2024-04-19T12:27:38.999+0000] {dag.py:3096} INFO - Sync 1 DAGs
[2024-04-19T12:27:39.020+0000] {logging_mixin.py:188} INFO - [2024-04-19T12:27:39.020+0000] {dag.py:3954} INFO - Setting next_dagrun for example_weekday_branch_operator to 2024-04-18 00:00:00+00:00, run_after=2024-04-19 00:00:00+00:00
[2024-04-19T12:27:39.040+0000] {processor.py:183} INFO - Processing /home/airflow/.local/lib/python3.12/site-packages/airflow/example_dags/example_branch_day_of_week_operator.py took 0.077 seconds
[2024-04-19T12:28:09.141+0000] {processor.py:161} INFO - Started process (PID=917) to work on /home/airflow/.local/lib/python3.12/site-packages/airflow/example_dags/example_branch_day_of_week_operator.py
[2024-04-19T12:28:09.142+0000] {processor.py:830} INFO - Processing file /home/airflow/.local/lib/python3.12/site-packages/airflow/example_dags/example_branch_day_of_week_operator.py for tasks to queue
[2024-04-19T12:28:09.144+0000] {logging_mixin.py:188} INFO - [2024-04-19T12:28:09.143+0000] {dagbag.py:540} INFO - Filling up the DagBag from /home/airflow/.local/lib/python3.12/site-packages/airflow/example_dags/example_branch_day_of_week_operator.py
[2024-04-19T12:28:09.151+0000] {processor.py:840} INFO - DAG(s) 'example_weekday_branch_operator' retrieved from /home/airflow/.local/lib/python3.12/site-packages/airflow/example_dags/example_branch_day_of_week_operator.py
[2024-04-19T12:28:09.170+0000] {logging_mixin.py:188} INFO - [2024-04-19T12:28:09.170+0000] {dag.py:3096} INFO - Sync 1 DAGs
[2024-04-19T12:28:09.187+0000] {logging_mixin.py:188} INFO - [2024-04-19T12:28:09.187+0000] {dag.py:3954} INFO - Setting next_dagrun for example_weekday_branch_operator to 2024-04-18 00:00:00+00:00, run_after=2024-04-19 00:00:00+00:00
[2024-04-19T12:28:09.203+0000] {processor.py:183} INFO - Processing /home/airflow/.local/lib/python3.12/site-packages/airflow/example_dags/example_branch_day_of_week_operator.py took 0.067 seconds
[2024-04-19T12:28:39.305+0000] {processor.py:161} INFO - Started process (PID=975) to work on /home/airflow/.local/lib/python3.12/site-packages/airflow/example_dags/example_branch_day_of_week_operator.py
[2024-04-19T12:28:39.305+0000] {processor.py:830} INFO - Processing file /home/airflow/.local/lib/python3.12/site-packages/airflow/example_dags/example_branch_day_of_week_operator.py for tasks to queue
[2024-04-19T12:28:39.307+0000] {logging_mixin.py:188} INFO - [2024-04-19T12:28:39.307+0000] {dagbag.py:540} INFO - Filling up the DagBag from /home/airflow/.local/lib/python3.12/site-packages/airflow/example_dags/example_branch_day_of_week_operator.py
[2024-04-19T12:28:39.312+0000] {processor.py:840} INFO - DAG(s) 'example_weekday_branch_operator' retrieved from /home/airflow/.local/lib/python3.12/site-packages/airflow/example_dags/example_branch_day_of_week_operator.py
[2024-04-19T12:28:39.328+0000] {logging_mixin.py:188} INFO - [2024-04-19T12:28:39.328+0000] {dag.py:3096} INFO - Sync 1 DAGs
[2024-04-19T12:28:39.345+0000] {logging_mixin.py:188} INFO - [2024-04-19T12:28:39.345+0000] {dag.py:3954} INFO - Setting next_dagrun for example_weekday_branch_operator to 2024-04-18 00:00:00+00:00, run_after=2024-04-19 00:00:00+00:00
[2024-04-19T12:28:39.363+0000] {processor.py:183} INFO - Processing /home/airflow/.local/lib/python3.12/site-packages/airflow/example_dags/example_branch_day_of_week_operator.py took 0.063 seconds
[2024-04-19T12:29:09.614+0000] {processor.py:161} INFO - Started process (PID=1033) to work on /home/airflow/.local/lib/python3.12/site-packages/airflow/example_dags/example_branch_day_of_week_operator.py
[2024-04-19T12:29:09.615+0000] {processor.py:830} INFO - Processing file /home/airflow/.local/lib/python3.12/site-packages/airflow/example_dags/example_branch_day_of_week_operator.py for tasks to queue
[2024-04-19T12:29:09.616+0000] {logging_mixin.py:188} INFO - [2024-04-19T12:29:09.616+0000] {dagbag.py:540} INFO - Filling up the DagBag from /home/airflow/.local/lib/python3.12/site-packages/airflow/example_dags/example_branch_day_of_week_operator.py
[2024-04-19T12:29:09.621+0000] {processor.py:840} INFO - DAG(s) 'example_weekday_branch_operator' retrieved from /home/airflow/.local/lib/python3.12/site-packages/airflow/example_dags/example_branch_day_of_week_operator.py
[2024-04-19T12:29:09.636+0000] {logging_mixin.py:188} INFO - [2024-04-19T12:29:09.636+0000] {dag.py:3096} INFO - Sync 1 DAGs
[2024-04-19T12:29:09.651+0000] {logging_mixin.py:188} INFO - [2024-04-19T12:29:09.651+0000] {dag.py:3954} INFO - Setting next_dagrun for example_weekday_branch_operator to 2024-04-18 00:00:00+00:00, run_after=2024-04-19 00:00:00+00:00
[2024-04-19T12:29:09.666+0000] {processor.py:183} INFO - Processing /home/airflow/.local/lib/python3.12/site-packages/airflow/example_dags/example_branch_day_of_week_operator.py took 0.056 seconds
[2024-04-19T12:29:40.201+0000] {processor.py:161} INFO - Started process (PID=1091) to work on /home/airflow/.local/lib/python3.12/site-packages/airflow/example_dags/example_branch_day_of_week_operator.py
[2024-04-19T12:29:40.201+0000] {processor.py:830} INFO - Processing file /home/airflow/.local/lib/python3.12/site-packages/airflow/example_dags/example_branch_day_of_week_operator.py for tasks to queue
[2024-04-19T12:29:40.203+0000] {logging_mixin.py:188} INFO - [2024-04-19T12:29:40.203+0000] {dagbag.py:540} INFO - Filling up the DagBag from /home/airflow/.local/lib/python3.12/site-packages/airflow/example_dags/example_branch_day_of_week_operator.py
[2024-04-19T12:29:40.209+0000] {processor.py:840} INFO - DAG(s) 'example_weekday_branch_operator' retrieved from /home/airflow/.local/lib/python3.12/site-packages/airflow/example_dags/example_branch_day_of_week_operator.py
[2024-04-19T12:29:40.220+0000] {logging_mixin.py:188} INFO - [2024-04-19T12:29:40.220+0000] {dag.py:3096} INFO - Sync 1 DAGs
[2024-04-19T12:29:40.238+0000] {logging_mixin.py:188} INFO - [2024-04-19T12:29:40.238+0000] {dag.py:3954} INFO - Setting next_dagrun for example_weekday_branch_operator to 2024-04-18 00:00:00+00:00, run_after=2024-04-19 00:00:00+00:00
[2024-04-19T12:29:40.258+0000] {processor.py:183} INFO - Processing /home/airflow/.local/lib/python3.12/site-packages/airflow/example_dags/example_branch_day_of_week_operator.py took 0.062 seconds
[2024-04-19T12:30:11.995+0000] {processor.py:161} INFO - Started process (PID=1149) to work on /home/airflow/.local/lib/python3.12/site-packages/airflow/example_dags/example_branch_day_of_week_operator.py
[2024-04-19T12:30:11.995+0000] {processor.py:830} INFO - Processing file /home/airflow/.local/lib/python3.12/site-packages/airflow/example_dags/example_branch_day_of_week_operator.py for tasks to queue
[2024-04-19T12:30:11.997+0000] {logging_mixin.py:188} INFO - [2024-04-19T12:30:11.997+0000] {dagbag.py:540} INFO - Filling up the DagBag from /home/airflow/.local/lib/python3.12/site-packages/airflow/example_dags/example_branch_day_of_week_operator.py
[2024-04-19T12:30:12.001+0000] {processor.py:840} INFO - DAG(s) 'example_weekday_branch_operator' retrieved from /home/airflow/.local/lib/python3.12/site-packages/airflow/example_dags/example_branch_day_of_week_operator.py
[2024-04-19T12:30:12.156+0000] {logging_mixin.py:188} INFO - [2024-04-19T12:30:12.155+0000] {dag.py:3096} INFO - Sync 1 DAGs
[2024-04-19T12:30:12.169+0000] {logging_mixin.py:188} INFO - [2024-04-19T12:30:12.169+0000] {dag.py:3954} INFO - Setting next_dagrun for example_weekday_branch_operator to 2024-04-18 00:00:00+00:00, run_after=2024-04-19 00:00:00+00:00
[2024-04-19T12:30:12.184+0000] {processor.py:183} INFO - Processing /home/airflow/.local/lib/python3.12/site-packages/airflow/example_dags/example_branch_day_of_week_operator.py took 0.193 seconds
[2024-04-19T12:30:42.907+0000] {processor.py:161} INFO - Started process (PID=1207) to work on /home/airflow/.local/lib/python3.12/site-packages/airflow/example_dags/example_branch_day_of_week_operator.py
[2024-04-19T12:30:42.907+0000] {processor.py:830} INFO - Processing file /home/airflow/.local/lib/python3.12/site-packages/airflow/example_dags/example_branch_day_of_week_operator.py for tasks to queue
[2024-04-19T12:30:42.909+0000] {logging_mixin.py:188} INFO - [2024-04-19T12:30:42.908+0000] {dagbag.py:540} INFO - Filling up the DagBag from /home/airflow/.local/lib/python3.12/site-packages/airflow/example_dags/example_branch_day_of_week_operator.py
[2024-04-19T12:30:42.914+0000] {processor.py:840} INFO - DAG(s) 'example_weekday_branch_operator' retrieved from /home/airflow/.local/lib/python3.12/site-packages/airflow/example_dags/example_branch_day_of_week_operator.py
[2024-04-19T12:30:42.930+0000] {logging_mixin.py:188} INFO - [2024-04-19T12:30:42.929+0000] {dag.py:3096} INFO - Sync 1 DAGs
[2024-04-19T12:30:43.034+0000] {logging_mixin.py:188} INFO - [2024-04-19T12:30:43.034+0000] {dag.py:3954} INFO - Setting next_dagrun for example_weekday_branch_operator to 2024-04-18 00:00:00+00:00, run_after=2024-04-19 00:00:00+00:00
[2024-04-19T12:30:43.048+0000] {processor.py:183} INFO - Processing /home/airflow/.local/lib/python3.12/site-packages/airflow/example_dags/example_branch_day_of_week_operator.py took 0.146 seconds
[2024-04-19T12:31:13.109+0000] {processor.py:161} INFO - Started process (PID=1265) to work on /home/airflow/.local/lib/python3.12/site-packages/airflow/example_dags/example_branch_day_of_week_operator.py
[2024-04-19T12:31:13.110+0000] {processor.py:830} INFO - Processing file /home/airflow/.local/lib/python3.12/site-packages/airflow/example_dags/example_branch_day_of_week_operator.py for tasks to queue
[2024-04-19T12:31:13.111+0000] {logging_mixin.py:188} INFO - [2024-04-19T12:31:13.111+0000] {dagbag.py:540} INFO - Filling up the DagBag from /home/airflow/.local/lib/python3.12/site-packages/airflow/example_dags/example_branch_day_of_week_operator.py
[2024-04-19T12:31:13.116+0000] {processor.py:840} INFO - DAG(s) 'example_weekday_branch_operator' retrieved from /home/airflow/.local/lib/python3.12/site-packages/airflow/example_dags/example_branch_day_of_week_operator.py
[2024-04-19T12:31:13.129+0000] {logging_mixin.py:188} INFO - [2024-04-19T12:31:13.129+0000] {dag.py:3096} INFO - Sync 1 DAGs
[2024-04-19T12:31:13.144+0000] {logging_mixin.py:188} INFO - [2024-04-19T12:31:13.144+0000] {dag.py:3954} INFO - Setting next_dagrun for example_weekday_branch_operator to 2024-04-18 00:00:00+00:00, run_after=2024-04-19 00:00:00+00:00
[2024-04-19T12:31:13.160+0000] {processor.py:183} INFO - Processing /home/airflow/.local/lib/python3.12/site-packages/airflow/example_dags/example_branch_day_of_week_operator.py took 0.054 seconds
[2024-04-19T12:31:43.345+0000] {processor.py:161} INFO - Started process (PID=1322) to work on /home/airflow/.local/lib/python3.12/site-packages/airflow/example_dags/example_branch_day_of_week_operator.py
[2024-04-19T12:31:43.346+0000] {processor.py:830} INFO - Processing file /home/airflow/.local/lib/python3.12/site-packages/airflow/example_dags/example_branch_day_of_week_operator.py for tasks to queue
[2024-04-19T12:31:43.347+0000] {logging_mixin.py:188} INFO - [2024-04-19T12:31:43.347+0000] {dagbag.py:540} INFO - Filling up the DagBag from /home/airflow/.local/lib/python3.12/site-packages/airflow/example_dags/example_branch_day_of_week_operator.py
[2024-04-19T12:31:43.353+0000] {processor.py:840} INFO - DAG(s) 'example_weekday_branch_operator' retrieved from /home/airflow/.local/lib/python3.12/site-packages/airflow/example_dags/example_branch_day_of_week_operator.py
[2024-04-19T12:31:43.367+0000] {logging_mixin.py:188} INFO - [2024-04-19T12:31:43.367+0000] {dag.py:3096} INFO - Sync 1 DAGs
[2024-04-19T12:31:43.382+0000] {logging_mixin.py:188} INFO - [2024-04-19T12:31:43.382+0000] {dag.py:3954} INFO - Setting next_dagrun for example_weekday_branch_operator to 2024-04-18 00:00:00+00:00, run_after=2024-04-19 00:00:00+00:00
[2024-04-19T12:31:43.397+0000] {processor.py:183} INFO - Processing /home/airflow/.local/lib/python3.12/site-packages/airflow/example_dags/example_branch_day_of_week_operator.py took 0.055 seconds
[2024-04-19T12:32:13.687+0000] {processor.py:161} INFO - Started process (PID=1380) to work on /home/airflow/.local/lib/python3.12/site-packages/airflow/example_dags/example_branch_day_of_week_operator.py
[2024-04-19T12:32:13.687+0000] {processor.py:830} INFO - Processing file /home/airflow/.local/lib/python3.12/site-packages/airflow/example_dags/example_branch_day_of_week_operator.py for tasks to queue
[2024-04-19T12:32:13.689+0000] {logging_mixin.py:188} INFO - [2024-04-19T12:32:13.688+0000] {dagbag.py:540} INFO - Filling up the DagBag from /home/airflow/.local/lib/python3.12/site-packages/airflow/example_dags/example_branch_day_of_week_operator.py
[2024-04-19T12:32:13.693+0000] {processor.py:840} INFO - DAG(s) 'example_weekday_branch_operator' retrieved from /home/airflow/.local/lib/python3.12/site-packages/airflow/example_dags/example_branch_day_of_week_operator.py
[2024-04-19T12:32:13.709+0000] {logging_mixin.py:188} INFO - [2024-04-19T12:32:13.709+0000] {dag.py:3096} INFO - Sync 1 DAGs
[2024-04-19T12:32:13.724+0000] {logging_mixin.py:188} INFO - [2024-04-19T12:32:13.724+0000] {dag.py:3954} INFO - Setting next_dagrun for example_weekday_branch_operator to 2024-04-18 00:00:00+00:00, run_after=2024-04-19 00:00:00+00:00
[2024-04-19T12:32:13.740+0000] {processor.py:183} INFO - Processing /home/airflow/.local/lib/python3.12/site-packages/airflow/example_dags/example_branch_day_of_week_operator.py took 0.057 seconds
[2024-04-19T12:32:44.312+0000] {processor.py:161} INFO - Started process (PID=1438) to work on /home/airflow/.local/lib/python3.12/site-packages/airflow/example_dags/example_branch_day_of_week_operator.py
[2024-04-19T12:32:44.313+0000] {processor.py:830} INFO - Processing file /home/airflow/.local/lib/python3.12/site-packages/airflow/example_dags/example_branch_day_of_week_operator.py for tasks to queue
[2024-04-19T12:32:44.316+0000] {logging_mixin.py:188} INFO - [2024-04-19T12:32:44.315+0000] {dagbag.py:540} INFO - Filling up the DagBag from /home/airflow/.local/lib/python3.12/site-packages/airflow/example_dags/example_branch_day_of_week_operator.py
[2024-04-19T12:32:44.323+0000] {processor.py:840} INFO - DAG(s) 'example_weekday_branch_operator' retrieved from /home/airflow/.local/lib/python3.12/site-packages/airflow/example_dags/example_branch_day_of_week_operator.py
[2024-04-19T12:32:44.343+0000] {logging_mixin.py:188} INFO - [2024-04-19T12:32:44.342+0000] {dag.py:3096} INFO - Sync 1 DAGs
[2024-04-19T12:32:44.362+0000] {logging_mixin.py:188} INFO - [2024-04-19T12:32:44.362+0000] {dag.py:3954} INFO - Setting next_dagrun for example_weekday_branch_operator to 2024-04-18 00:00:00+00:00, run_after=2024-04-19 00:00:00+00:00
[2024-04-19T12:32:44.382+0000] {processor.py:183} INFO - Processing /home/airflow/.local/lib/python3.12/site-packages/airflow/example_dags/example_branch_day_of_week_operator.py took 0.074 seconds
[2024-04-19T12:33:14.669+0000] {processor.py:161} INFO - Started process (PID=1496) to work on /home/airflow/.local/lib/python3.12/site-packages/airflow/example_dags/example_branch_day_of_week_operator.py
[2024-04-19T12:33:14.669+0000] {processor.py:830} INFO - Processing file /home/airflow/.local/lib/python3.12/site-packages/airflow/example_dags/example_branch_day_of_week_operator.py for tasks to queue
[2024-04-19T12:33:14.670+0000] {logging_mixin.py:188} INFO - [2024-04-19T12:33:14.670+0000] {dagbag.py:540} INFO - Filling up the DagBag from /home/airflow/.local/lib/python3.12/site-packages/airflow/example_dags/example_branch_day_of_week_operator.py
[2024-04-19T12:33:14.675+0000] {processor.py:840} INFO - DAG(s) 'example_weekday_branch_operator' retrieved from /home/airflow/.local/lib/python3.12/site-packages/airflow/example_dags/example_branch_day_of_week_operator.py
[2024-04-19T12:33:14.690+0000] {logging_mixin.py:188} INFO - [2024-04-19T12:33:14.690+0000] {dag.py:3096} INFO - Sync 1 DAGs
[2024-04-19T12:33:14.707+0000] {logging_mixin.py:188} INFO - [2024-04-19T12:33:14.707+0000] {dag.py:3954} INFO - Setting next_dagrun for example_weekday_branch_operator to 2024-04-18 00:00:00+00:00, run_after=2024-04-19 00:00:00+00:00
[2024-04-19T12:33:14.723+0000] {processor.py:183} INFO - Processing /home/airflow/.local/lib/python3.12/site-packages/airflow/example_dags/example_branch_day_of_week_operator.py took 0.059 seconds
[2024-04-19T12:33:45.046+0000] {processor.py:161} INFO - Started process (PID=1554) to work on /home/airflow/.local/lib/python3.12/site-packages/airflow/example_dags/example_branch_day_of_week_operator.py
[2024-04-19T12:33:45.047+0000] {processor.py:830} INFO - Processing file /home/airflow/.local/lib/python3.12/site-packages/airflow/example_dags/example_branch_day_of_week_operator.py for tasks to queue
[2024-04-19T12:33:45.048+0000] {logging_mixin.py:188} INFO - [2024-04-19T12:33:45.048+0000] {dagbag.py:540} INFO - Filling up the DagBag from /home/airflow/.local/lib/python3.12/site-packages/airflow/example_dags/example_branch_day_of_week_operator.py
[2024-04-19T12:33:45.053+0000] {processor.py:840} INFO - DAG(s) 'example_weekday_branch_operator' retrieved from /home/airflow/.local/lib/python3.12/site-packages/airflow/example_dags/example_branch_day_of_week_operator.py
[2024-04-19T12:33:45.069+0000] {logging_mixin.py:188} INFO - [2024-04-19T12:33:45.068+0000] {dag.py:3096} INFO - Sync 1 DAGs
[2024-04-19T12:33:45.086+0000] {logging_mixin.py:188} INFO - [2024-04-19T12:33:45.086+0000] {dag.py:3954} INFO - Setting next_dagrun for example_weekday_branch_operator to 2024-04-18 00:00:00+00:00, run_after=2024-04-19 00:00:00+00:00
[2024-04-19T12:33:45.102+0000] {processor.py:183} INFO - Processing /home/airflow/.local/lib/python3.12/site-packages/airflow/example_dags/example_branch_day_of_week_operator.py took 0.061 seconds
