[2024-04-19T12:17:11.231+0000] {processor.py:161} INFO - Started process (PID=40) to work on /home/airflow/.local/lib/python3.12/site-packages/airflow/example_dags/example_latest_only_with_trigger.py
[2024-04-19T12:17:11.232+0000] {processor.py:830} INFO - Processing file /home/airflow/.local/lib/python3.12/site-packages/airflow/example_dags/example_latest_only_with_trigger.py for tasks to queue
[2024-04-19T12:17:11.234+0000] {logging_mixin.py:188} INFO - [2024-04-19T12:17:11.234+0000] {dagbag.py:540} INFO - Filling up the DagBag from /home/airflow/.local/lib/python3.12/site-packages/airflow/example_dags/example_latest_only_with_trigger.py
[2024-04-19T12:17:11.242+0000] {processor.py:840} INFO - DAG(s) 'latest_only_with_trigger' retrieved from /home/airflow/.local/lib/python3.12/site-packages/airflow/example_dags/example_latest_only_with_trigger.py
[2024-04-19T12:17:11.255+0000] {logging_mixin.py:188} INFO - [2024-04-19T12:17:11.255+0000] {dag.py:3096} INFO - Sync 1 DAGs
[2024-04-19T12:17:11.287+0000] {logging_mixin.py:188} INFO - [2024-04-19T12:17:11.286+0000] {dag.py:3954} INFO - Setting next_dagrun for latest_only_with_trigger to 2024-04-19 08:00:00+00:00, run_after=2024-04-19 12:00:00+00:00
[2024-04-19T12:17:11.315+0000] {processor.py:183} INFO - Processing /home/airflow/.local/lib/python3.12/site-packages/airflow/example_dags/example_latest_only_with_trigger.py took 0.091 seconds
[2024-04-19T12:17:41.546+0000] {processor.py:161} INFO - Started process (PID=98) to work on /home/airflow/.local/lib/python3.12/site-packages/airflow/example_dags/example_latest_only_with_trigger.py
[2024-04-19T12:17:41.547+0000] {processor.py:830} INFO - Processing file /home/airflow/.local/lib/python3.12/site-packages/airflow/example_dags/example_latest_only_with_trigger.py for tasks to queue
[2024-04-19T12:17:41.548+0000] {logging_mixin.py:188} INFO - [2024-04-19T12:17:41.548+0000] {dagbag.py:540} INFO - Filling up the DagBag from /home/airflow/.local/lib/python3.12/site-packages/airflow/example_dags/example_latest_only_with_trigger.py
[2024-04-19T12:17:41.552+0000] {processor.py:840} INFO - DAG(s) 'latest_only_with_trigger' retrieved from /home/airflow/.local/lib/python3.12/site-packages/airflow/example_dags/example_latest_only_with_trigger.py
[2024-04-19T12:17:41.610+0000] {logging_mixin.py:188} INFO - [2024-04-19T12:17:41.610+0000] {dag.py:3096} INFO - Sync 1 DAGs
[2024-04-19T12:17:41.622+0000] {logging_mixin.py:188} INFO - [2024-04-19T12:17:41.622+0000] {dag.py:3954} INFO - Setting next_dagrun for latest_only_with_trigger to 2024-04-19 08:00:00+00:00, run_after=2024-04-19 12:00:00+00:00
[2024-04-19T12:17:41.634+0000] {processor.py:183} INFO - Processing /home/airflow/.local/lib/python3.12/site-packages/airflow/example_dags/example_latest_only_with_trigger.py took 0.092 seconds
[2024-04-19T12:18:11.899+0000] {processor.py:161} INFO - Started process (PID=156) to work on /home/airflow/.local/lib/python3.12/site-packages/airflow/example_dags/example_latest_only_with_trigger.py
[2024-04-19T12:18:11.900+0000] {processor.py:830} INFO - Processing file /home/airflow/.local/lib/python3.12/site-packages/airflow/example_dags/example_latest_only_with_trigger.py for tasks to queue
[2024-04-19T12:18:11.901+0000] {logging_mixin.py:188} INFO - [2024-04-19T12:18:11.901+0000] {dagbag.py:540} INFO - Filling up the DagBag from /home/airflow/.local/lib/python3.12/site-packages/airflow/example_dags/example_latest_only_with_trigger.py
[2024-04-19T12:18:11.904+0000] {processor.py:840} INFO - DAG(s) 'latest_only_with_trigger' retrieved from /home/airflow/.local/lib/python3.12/site-packages/airflow/example_dags/example_latest_only_with_trigger.py
[2024-04-19T12:18:11.918+0000] {logging_mixin.py:188} INFO - [2024-04-19T12:18:11.917+0000] {dag.py:3096} INFO - Sync 1 DAGs
[2024-04-19T12:18:11.931+0000] {logging_mixin.py:188} INFO - [2024-04-19T12:18:11.931+0000] {dag.py:3954} INFO - Setting next_dagrun for latest_only_with_trigger to 2024-04-19 08:00:00+00:00, run_after=2024-04-19 12:00:00+00:00
[2024-04-19T12:18:11.946+0000] {processor.py:183} INFO - Processing /home/airflow/.local/lib/python3.12/site-packages/airflow/example_dags/example_latest_only_with_trigger.py took 0.050 seconds
[2024-04-19T12:18:42.284+0000] {processor.py:161} INFO - Started process (PID=214) to work on /home/airflow/.local/lib/python3.12/site-packages/airflow/example_dags/example_latest_only_with_trigger.py
[2024-04-19T12:18:42.286+0000] {processor.py:830} INFO - Processing file /home/airflow/.local/lib/python3.12/site-packages/airflow/example_dags/example_latest_only_with_trigger.py for tasks to queue
[2024-04-19T12:18:42.288+0000] {logging_mixin.py:188} INFO - [2024-04-19T12:18:42.287+0000] {dagbag.py:540} INFO - Filling up the DagBag from /home/airflow/.local/lib/python3.12/site-packages/airflow/example_dags/example_latest_only_with_trigger.py
[2024-04-19T12:18:42.292+0000] {processor.py:840} INFO - DAG(s) 'latest_only_with_trigger' retrieved from /home/airflow/.local/lib/python3.12/site-packages/airflow/example_dags/example_latest_only_with_trigger.py
[2024-04-19T12:18:42.310+0000] {logging_mixin.py:188} INFO - [2024-04-19T12:18:42.309+0000] {dag.py:3096} INFO - Sync 1 DAGs
[2024-04-19T12:18:42.326+0000] {logging_mixin.py:188} INFO - [2024-04-19T12:18:42.326+0000] {dag.py:3954} INFO - Setting next_dagrun for latest_only_with_trigger to 2024-04-19 08:00:00+00:00, run_after=2024-04-19 12:00:00+00:00
[2024-04-19T12:18:42.343+0000] {processor.py:183} INFO - Processing /home/airflow/.local/lib/python3.12/site-packages/airflow/example_dags/example_latest_only_with_trigger.py took 0.063 seconds
[2024-04-19T12:20:33.138+0000] {processor.py:161} INFO - Started process (PID=40) to work on /home/airflow/.local/lib/python3.12/site-packages/airflow/example_dags/example_latest_only_with_trigger.py
[2024-04-19T12:20:33.139+0000] {processor.py:830} INFO - Processing file /home/airflow/.local/lib/python3.12/site-packages/airflow/example_dags/example_latest_only_with_trigger.py for tasks to queue
[2024-04-19T12:20:33.140+0000] {logging_mixin.py:188} INFO - [2024-04-19T12:20:33.140+0000] {dagbag.py:540} INFO - Filling up the DagBag from /home/airflow/.local/lib/python3.12/site-packages/airflow/example_dags/example_latest_only_with_trigger.py
[2024-04-19T12:20:33.145+0000] {processor.py:840} INFO - DAG(s) 'latest_only_with_trigger' retrieved from /home/airflow/.local/lib/python3.12/site-packages/airflow/example_dags/example_latest_only_with_trigger.py
[2024-04-19T12:20:33.157+0000] {logging_mixin.py:188} INFO - [2024-04-19T12:20:33.157+0000] {dag.py:3096} INFO - Sync 1 DAGs
[2024-04-19T12:20:33.180+0000] {logging_mixin.py:188} INFO - [2024-04-19T12:20:33.180+0000] {dag.py:3954} INFO - Setting next_dagrun for latest_only_with_trigger to 2024-04-19 08:00:00+00:00, run_after=2024-04-19 12:00:00+00:00
[2024-04-19T12:20:33.201+0000] {processor.py:183} INFO - Processing /home/airflow/.local/lib/python3.12/site-packages/airflow/example_dags/example_latest_only_with_trigger.py took 0.067 seconds
[2024-04-19T12:21:03.504+0000] {processor.py:161} INFO - Started process (PID=98) to work on /home/airflow/.local/lib/python3.12/site-packages/airflow/example_dags/example_latest_only_with_trigger.py
[2024-04-19T12:21:03.505+0000] {processor.py:830} INFO - Processing file /home/airflow/.local/lib/python3.12/site-packages/airflow/example_dags/example_latest_only_with_trigger.py for tasks to queue
[2024-04-19T12:21:03.507+0000] {logging_mixin.py:188} INFO - [2024-04-19T12:21:03.507+0000] {dagbag.py:540} INFO - Filling up the DagBag from /home/airflow/.local/lib/python3.12/site-packages/airflow/example_dags/example_latest_only_with_trigger.py
[2024-04-19T12:21:03.512+0000] {processor.py:840} INFO - DAG(s) 'latest_only_with_trigger' retrieved from /home/airflow/.local/lib/python3.12/site-packages/airflow/example_dags/example_latest_only_with_trigger.py
[2024-04-19T12:21:03.579+0000] {logging_mixin.py:188} INFO - [2024-04-19T12:21:03.579+0000] {dag.py:3096} INFO - Sync 1 DAGs
[2024-04-19T12:21:03.593+0000] {logging_mixin.py:188} INFO - [2024-04-19T12:21:03.592+0000] {dag.py:3954} INFO - Setting next_dagrun for latest_only_with_trigger to 2024-04-19 08:00:00+00:00, run_after=2024-04-19 12:00:00+00:00
[2024-04-19T12:21:03.609+0000] {processor.py:183} INFO - Processing /home/airflow/.local/lib/python3.12/site-packages/airflow/example_dags/example_latest_only_with_trigger.py took 0.109 seconds
[2024-04-19T12:21:33.948+0000] {processor.py:161} INFO - Started process (PID=156) to work on /home/airflow/.local/lib/python3.12/site-packages/airflow/example_dags/example_latest_only_with_trigger.py
[2024-04-19T12:21:33.949+0000] {processor.py:830} INFO - Processing file /home/airflow/.local/lib/python3.12/site-packages/airflow/example_dags/example_latest_only_with_trigger.py for tasks to queue
[2024-04-19T12:21:33.950+0000] {logging_mixin.py:188} INFO - [2024-04-19T12:21:33.950+0000] {dagbag.py:540} INFO - Filling up the DagBag from /home/airflow/.local/lib/python3.12/site-packages/airflow/example_dags/example_latest_only_with_trigger.py
[2024-04-19T12:21:33.955+0000] {processor.py:840} INFO - DAG(s) 'latest_only_with_trigger' retrieved from /home/airflow/.local/lib/python3.12/site-packages/airflow/example_dags/example_latest_only_with_trigger.py
[2024-04-19T12:21:33.970+0000] {logging_mixin.py:188} INFO - [2024-04-19T12:21:33.970+0000] {dag.py:3096} INFO - Sync 1 DAGs
[2024-04-19T12:21:33.986+0000] {logging_mixin.py:188} INFO - [2024-04-19T12:21:33.986+0000] {dag.py:3954} INFO - Setting next_dagrun for latest_only_with_trigger to 2024-04-19 08:00:00+00:00, run_after=2024-04-19 12:00:00+00:00
[2024-04-19T12:21:34.002+0000] {processor.py:183} INFO - Processing /home/airflow/.local/lib/python3.12/site-packages/airflow/example_dags/example_latest_only_with_trigger.py took 0.058 seconds
[2024-04-19T12:22:04.248+0000] {processor.py:161} INFO - Started process (PID=214) to work on /home/airflow/.local/lib/python3.12/site-packages/airflow/example_dags/example_latest_only_with_trigger.py
[2024-04-19T12:22:04.249+0000] {processor.py:830} INFO - Processing file /home/airflow/.local/lib/python3.12/site-packages/airflow/example_dags/example_latest_only_with_trigger.py for tasks to queue
[2024-04-19T12:22:04.251+0000] {logging_mixin.py:188} INFO - [2024-04-19T12:22:04.250+0000] {dagbag.py:540} INFO - Filling up the DagBag from /home/airflow/.local/lib/python3.12/site-packages/airflow/example_dags/example_latest_only_with_trigger.py
[2024-04-19T12:22:04.255+0000] {processor.py:840} INFO - DAG(s) 'latest_only_with_trigger' retrieved from /home/airflow/.local/lib/python3.12/site-packages/airflow/example_dags/example_latest_only_with_trigger.py
[2024-04-19T12:22:04.271+0000] {logging_mixin.py:188} INFO - [2024-04-19T12:22:04.270+0000] {dag.py:3096} INFO - Sync 1 DAGs
[2024-04-19T12:22:04.284+0000] {logging_mixin.py:188} INFO - [2024-04-19T12:22:04.284+0000] {dag.py:3954} INFO - Setting next_dagrun for latest_only_with_trigger to 2024-04-19 08:00:00+00:00, run_after=2024-04-19 12:00:00+00:00
[2024-04-19T12:22:04.300+0000] {processor.py:183} INFO - Processing /home/airflow/.local/lib/python3.12/site-packages/airflow/example_dags/example_latest_only_with_trigger.py took 0.056 seconds
[2024-04-19T12:22:34.639+0000] {processor.py:161} INFO - Started process (PID=272) to work on /home/airflow/.local/lib/python3.12/site-packages/airflow/example_dags/example_latest_only_with_trigger.py
[2024-04-19T12:22:34.640+0000] {processor.py:830} INFO - Processing file /home/airflow/.local/lib/python3.12/site-packages/airflow/example_dags/example_latest_only_with_trigger.py for tasks to queue
[2024-04-19T12:22:34.642+0000] {logging_mixin.py:188} INFO - [2024-04-19T12:22:34.642+0000] {dagbag.py:540} INFO - Filling up the DagBag from /home/airflow/.local/lib/python3.12/site-packages/airflow/example_dags/example_latest_only_with_trigger.py
[2024-04-19T12:22:34.645+0000] {processor.py:840} INFO - DAG(s) 'latest_only_with_trigger' retrieved from /home/airflow/.local/lib/python3.12/site-packages/airflow/example_dags/example_latest_only_with_trigger.py
[2024-04-19T12:22:34.660+0000] {logging_mixin.py:188} INFO - [2024-04-19T12:22:34.660+0000] {dag.py:3096} INFO - Sync 1 DAGs
[2024-04-19T12:22:34.673+0000] {logging_mixin.py:188} INFO - [2024-04-19T12:22:34.673+0000] {dag.py:3954} INFO - Setting next_dagrun for latest_only_with_trigger to 2024-04-19 08:00:00+00:00, run_after=2024-04-19 12:00:00+00:00
[2024-04-19T12:22:34.687+0000] {processor.py:183} INFO - Processing /home/airflow/.local/lib/python3.12/site-packages/airflow/example_dags/example_latest_only_with_trigger.py took 0.052 seconds
[2024-04-19T12:23:04.951+0000] {processor.py:161} INFO - Started process (PID=330) to work on /home/airflow/.local/lib/python3.12/site-packages/airflow/example_dags/example_latest_only_with_trigger.py
[2024-04-19T12:23:04.952+0000] {processor.py:830} INFO - Processing file /home/airflow/.local/lib/python3.12/site-packages/airflow/example_dags/example_latest_only_with_trigger.py for tasks to queue
[2024-04-19T12:23:04.954+0000] {logging_mixin.py:188} INFO - [2024-04-19T12:23:04.953+0000] {dagbag.py:540} INFO - Filling up the DagBag from /home/airflow/.local/lib/python3.12/site-packages/airflow/example_dags/example_latest_only_with_trigger.py
[2024-04-19T12:23:04.958+0000] {processor.py:840} INFO - DAG(s) 'latest_only_with_trigger' retrieved from /home/airflow/.local/lib/python3.12/site-packages/airflow/example_dags/example_latest_only_with_trigger.py
[2024-04-19T12:23:04.968+0000] {logging_mixin.py:188} INFO - [2024-04-19T12:23:04.967+0000] {dag.py:3096} INFO - Sync 1 DAGs
[2024-04-19T12:23:04.983+0000] {logging_mixin.py:188} INFO - [2024-04-19T12:23:04.983+0000] {dag.py:3954} INFO - Setting next_dagrun for latest_only_with_trigger to 2024-04-19 08:00:00+00:00, run_after=2024-04-19 12:00:00+00:00
[2024-04-19T12:23:05.001+0000] {processor.py:183} INFO - Processing /home/airflow/.local/lib/python3.12/site-packages/airflow/example_dags/example_latest_only_with_trigger.py took 0.054 seconds
[2024-04-19T12:23:35.771+0000] {processor.py:161} INFO - Started process (PID=389) to work on /home/airflow/.local/lib/python3.12/site-packages/airflow/example_dags/example_latest_only_with_trigger.py
[2024-04-19T12:23:35.771+0000] {processor.py:830} INFO - Processing file /home/airflow/.local/lib/python3.12/site-packages/airflow/example_dags/example_latest_only_with_trigger.py for tasks to queue
[2024-04-19T12:23:35.772+0000] {logging_mixin.py:188} INFO - [2024-04-19T12:23:35.772+0000] {dagbag.py:540} INFO - Filling up the DagBag from /home/airflow/.local/lib/python3.12/site-packages/airflow/example_dags/example_latest_only_with_trigger.py
[2024-04-19T12:23:35.775+0000] {processor.py:840} INFO - DAG(s) 'latest_only_with_trigger' retrieved from /home/airflow/.local/lib/python3.12/site-packages/airflow/example_dags/example_latest_only_with_trigger.py
[2024-04-19T12:23:35.836+0000] {logging_mixin.py:188} INFO - [2024-04-19T12:23:35.836+0000] {dag.py:3096} INFO - Sync 1 DAGs
[2024-04-19T12:23:35.848+0000] {logging_mixin.py:188} INFO - [2024-04-19T12:23:35.847+0000] {dag.py:3954} INFO - Setting next_dagrun for latest_only_with_trigger to 2024-04-19 08:00:00+00:00, run_after=2024-04-19 12:00:00+00:00
[2024-04-19T12:23:35.860+0000] {processor.py:183} INFO - Processing /home/airflow/.local/lib/python3.12/site-packages/airflow/example_dags/example_latest_only_with_trigger.py took 0.093 seconds
[2024-04-19T12:24:06.047+0000] {processor.py:161} INFO - Started process (PID=448) to work on /home/airflow/.local/lib/python3.12/site-packages/airflow/example_dags/example_latest_only_with_trigger.py
[2024-04-19T12:24:06.048+0000] {processor.py:830} INFO - Processing file /home/airflow/.local/lib/python3.12/site-packages/airflow/example_dags/example_latest_only_with_trigger.py for tasks to queue
[2024-04-19T12:24:06.051+0000] {logging_mixin.py:188} INFO - [2024-04-19T12:24:06.050+0000] {dagbag.py:540} INFO - Filling up the DagBag from /home/airflow/.local/lib/python3.12/site-packages/airflow/example_dags/example_latest_only_with_trigger.py
[2024-04-19T12:24:06.057+0000] {processor.py:840} INFO - DAG(s) 'latest_only_with_trigger' retrieved from /home/airflow/.local/lib/python3.12/site-packages/airflow/example_dags/example_latest_only_with_trigger.py
[2024-04-19T12:24:06.078+0000] {logging_mixin.py:188} INFO - [2024-04-19T12:24:06.077+0000] {dag.py:3096} INFO - Sync 1 DAGs
[2024-04-19T12:24:06.101+0000] {logging_mixin.py:188} INFO - [2024-04-19T12:24:06.101+0000] {dag.py:3954} INFO - Setting next_dagrun for latest_only_with_trigger to 2024-04-19 08:00:00+00:00, run_after=2024-04-19 12:00:00+00:00
[2024-04-19T12:24:06.124+0000] {processor.py:183} INFO - Processing /home/airflow/.local/lib/python3.12/site-packages/airflow/example_dags/example_latest_only_with_trigger.py took 0.082 seconds
[2024-04-19T12:24:36.602+0000] {processor.py:161} INFO - Started process (PID=506) to work on /home/airflow/.local/lib/python3.12/site-packages/airflow/example_dags/example_latest_only_with_trigger.py
[2024-04-19T12:24:36.602+0000] {processor.py:830} INFO - Processing file /home/airflow/.local/lib/python3.12/site-packages/airflow/example_dags/example_latest_only_with_trigger.py for tasks to queue
[2024-04-19T12:24:36.604+0000] {logging_mixin.py:188} INFO - [2024-04-19T12:24:36.603+0000] {dagbag.py:540} INFO - Filling up the DagBag from /home/airflow/.local/lib/python3.12/site-packages/airflow/example_dags/example_latest_only_with_trigger.py
[2024-04-19T12:24:36.607+0000] {processor.py:840} INFO - DAG(s) 'latest_only_with_trigger' retrieved from /home/airflow/.local/lib/python3.12/site-packages/airflow/example_dags/example_latest_only_with_trigger.py
[2024-04-19T12:24:36.622+0000] {logging_mixin.py:188} INFO - [2024-04-19T12:24:36.622+0000] {dag.py:3096} INFO - Sync 1 DAGs
[2024-04-19T12:24:36.636+0000] {logging_mixin.py:188} INFO - [2024-04-19T12:24:36.636+0000] {dag.py:3954} INFO - Setting next_dagrun for latest_only_with_trigger to 2024-04-19 08:00:00+00:00, run_after=2024-04-19 12:00:00+00:00
[2024-04-19T12:24:36.653+0000] {processor.py:183} INFO - Processing /home/airflow/.local/lib/python3.12/site-packages/airflow/example_dags/example_latest_only_with_trigger.py took 0.056 seconds
[2024-04-19T12:25:07.131+0000] {processor.py:161} INFO - Started process (PID=564) to work on /home/airflow/.local/lib/python3.12/site-packages/airflow/example_dags/example_latest_only_with_trigger.py
[2024-04-19T12:25:07.133+0000] {processor.py:830} INFO - Processing file /home/airflow/.local/lib/python3.12/site-packages/airflow/example_dags/example_latest_only_with_trigger.py for tasks to queue
[2024-04-19T12:25:07.136+0000] {logging_mixin.py:188} INFO - [2024-04-19T12:25:07.135+0000] {dagbag.py:540} INFO - Filling up the DagBag from /home/airflow/.local/lib/python3.12/site-packages/airflow/example_dags/example_latest_only_with_trigger.py
[2024-04-19T12:25:07.139+0000] {processor.py:840} INFO - DAG(s) 'latest_only_with_trigger' retrieved from /home/airflow/.local/lib/python3.12/site-packages/airflow/example_dags/example_latest_only_with_trigger.py
[2024-04-19T12:25:07.160+0000] {logging_mixin.py:188} INFO - [2024-04-19T12:25:07.160+0000] {dag.py:3096} INFO - Sync 1 DAGs
[2024-04-19T12:25:07.181+0000] {logging_mixin.py:188} INFO - [2024-04-19T12:25:07.180+0000] {dag.py:3954} INFO - Setting next_dagrun for latest_only_with_trigger to 2024-04-19 08:00:00+00:00, run_after=2024-04-19 12:00:00+00:00
[2024-04-19T12:25:07.204+0000] {processor.py:183} INFO - Processing /home/airflow/.local/lib/python3.12/site-packages/airflow/example_dags/example_latest_only_with_trigger.py took 0.077 seconds
[2024-04-19T12:25:37.337+0000] {processor.py:161} INFO - Started process (PID=622) to work on /home/airflow/.local/lib/python3.12/site-packages/airflow/example_dags/example_latest_only_with_trigger.py
[2024-04-19T12:25:37.338+0000] {processor.py:830} INFO - Processing file /home/airflow/.local/lib/python3.12/site-packages/airflow/example_dags/example_latest_only_with_trigger.py for tasks to queue
[2024-04-19T12:25:37.340+0000] {logging_mixin.py:188} INFO - [2024-04-19T12:25:37.339+0000] {dagbag.py:540} INFO - Filling up the DagBag from /home/airflow/.local/lib/python3.12/site-packages/airflow/example_dags/example_latest_only_with_trigger.py
[2024-04-19T12:25:37.343+0000] {processor.py:840} INFO - DAG(s) 'latest_only_with_trigger' retrieved from /home/airflow/.local/lib/python3.12/site-packages/airflow/example_dags/example_latest_only_with_trigger.py
[2024-04-19T12:25:37.361+0000] {logging_mixin.py:188} INFO - [2024-04-19T12:25:37.360+0000] {dag.py:3096} INFO - Sync 1 DAGs
[2024-04-19T12:25:37.377+0000] {logging_mixin.py:188} INFO - [2024-04-19T12:25:37.377+0000] {dag.py:3954} INFO - Setting next_dagrun for latest_only_with_trigger to 2024-04-19 08:00:00+00:00, run_after=2024-04-19 12:00:00+00:00
[2024-04-19T12:25:37.397+0000] {processor.py:183} INFO - Processing /home/airflow/.local/lib/python3.12/site-packages/airflow/example_dags/example_latest_only_with_trigger.py took 0.063 seconds
[2024-04-19T12:26:07.493+0000] {processor.py:161} INFO - Started process (PID=680) to work on /home/airflow/.local/lib/python3.12/site-packages/airflow/example_dags/example_latest_only_with_trigger.py
[2024-04-19T12:26:07.494+0000] {processor.py:830} INFO - Processing file /home/airflow/.local/lib/python3.12/site-packages/airflow/example_dags/example_latest_only_with_trigger.py for tasks to queue
[2024-04-19T12:26:07.496+0000] {logging_mixin.py:188} INFO - [2024-04-19T12:26:07.495+0000] {dagbag.py:540} INFO - Filling up the DagBag from /home/airflow/.local/lib/python3.12/site-packages/airflow/example_dags/example_latest_only_with_trigger.py
[2024-04-19T12:26:07.500+0000] {processor.py:840} INFO - DAG(s) 'latest_only_with_trigger' retrieved from /home/airflow/.local/lib/python3.12/site-packages/airflow/example_dags/example_latest_only_with_trigger.py
[2024-04-19T12:26:07.519+0000] {logging_mixin.py:188} INFO - [2024-04-19T12:26:07.519+0000] {dag.py:3096} INFO - Sync 1 DAGs
[2024-04-19T12:26:07.535+0000] {logging_mixin.py:188} INFO - [2024-04-19T12:26:07.535+0000] {dag.py:3954} INFO - Setting next_dagrun for latest_only_with_trigger to 2024-04-19 08:00:00+00:00, run_after=2024-04-19 12:00:00+00:00
[2024-04-19T12:26:07.556+0000] {processor.py:183} INFO - Processing /home/airflow/.local/lib/python3.12/site-packages/airflow/example_dags/example_latest_only_with_trigger.py took 0.066 seconds
[2024-04-19T12:26:37.862+0000] {processor.py:161} INFO - Started process (PID=738) to work on /home/airflow/.local/lib/python3.12/site-packages/airflow/example_dags/example_latest_only_with_trigger.py
[2024-04-19T12:26:37.863+0000] {processor.py:830} INFO - Processing file /home/airflow/.local/lib/python3.12/site-packages/airflow/example_dags/example_latest_only_with_trigger.py for tasks to queue
[2024-04-19T12:26:37.865+0000] {logging_mixin.py:188} INFO - [2024-04-19T12:26:37.864+0000] {dagbag.py:540} INFO - Filling up the DagBag from /home/airflow/.local/lib/python3.12/site-packages/airflow/example_dags/example_latest_only_with_trigger.py
[2024-04-19T12:26:37.868+0000] {processor.py:840} INFO - DAG(s) 'latest_only_with_trigger' retrieved from /home/airflow/.local/lib/python3.12/site-packages/airflow/example_dags/example_latest_only_with_trigger.py
[2024-04-19T12:26:37.885+0000] {logging_mixin.py:188} INFO - [2024-04-19T12:26:37.885+0000] {dag.py:3096} INFO - Sync 1 DAGs
[2024-04-19T12:26:37.899+0000] {logging_mixin.py:188} INFO - [2024-04-19T12:26:37.898+0000] {dag.py:3954} INFO - Setting next_dagrun for latest_only_with_trigger to 2024-04-19 08:00:00+00:00, run_after=2024-04-19 12:00:00+00:00
[2024-04-19T12:26:37.916+0000] {processor.py:183} INFO - Processing /home/airflow/.local/lib/python3.12/site-packages/airflow/example_dags/example_latest_only_with_trigger.py took 0.059 seconds
[2024-04-19T12:27:07.991+0000] {processor.py:161} INFO - Started process (PID=796) to work on /home/airflow/.local/lib/python3.12/site-packages/airflow/example_dags/example_latest_only_with_trigger.py
[2024-04-19T12:27:07.992+0000] {processor.py:830} INFO - Processing file /home/airflow/.local/lib/python3.12/site-packages/airflow/example_dags/example_latest_only_with_trigger.py for tasks to queue
[2024-04-19T12:27:07.994+0000] {logging_mixin.py:188} INFO - [2024-04-19T12:27:07.994+0000] {dagbag.py:540} INFO - Filling up the DagBag from /home/airflow/.local/lib/python3.12/site-packages/airflow/example_dags/example_latest_only_with_trigger.py
[2024-04-19T12:27:07.998+0000] {processor.py:840} INFO - DAG(s) 'latest_only_with_trigger' retrieved from /home/airflow/.local/lib/python3.12/site-packages/airflow/example_dags/example_latest_only_with_trigger.py
[2024-04-19T12:27:08.016+0000] {logging_mixin.py:188} INFO - [2024-04-19T12:27:08.015+0000] {dag.py:3096} INFO - Sync 1 DAGs
[2024-04-19T12:27:08.032+0000] {logging_mixin.py:188} INFO - [2024-04-19T12:27:08.031+0000] {dag.py:3954} INFO - Setting next_dagrun for latest_only_with_trigger to 2024-04-19 08:00:00+00:00, run_after=2024-04-19 12:00:00+00:00
[2024-04-19T12:27:08.048+0000] {processor.py:183} INFO - Processing /home/airflow/.local/lib/python3.12/site-packages/airflow/example_dags/example_latest_only_with_trigger.py took 0.062 seconds
[2024-04-19T12:27:38.725+0000] {processor.py:161} INFO - Started process (PID=854) to work on /home/airflow/.local/lib/python3.12/site-packages/airflow/example_dags/example_latest_only_with_trigger.py
[2024-04-19T12:27:38.726+0000] {processor.py:830} INFO - Processing file /home/airflow/.local/lib/python3.12/site-packages/airflow/example_dags/example_latest_only_with_trigger.py for tasks to queue
[2024-04-19T12:27:38.728+0000] {logging_mixin.py:188} INFO - [2024-04-19T12:27:38.727+0000] {dagbag.py:540} INFO - Filling up the DagBag from /home/airflow/.local/lib/python3.12/site-packages/airflow/example_dags/example_latest_only_with_trigger.py
[2024-04-19T12:27:38.731+0000] {processor.py:840} INFO - DAG(s) 'latest_only_with_trigger' retrieved from /home/airflow/.local/lib/python3.12/site-packages/airflow/example_dags/example_latest_only_with_trigger.py
[2024-04-19T12:27:38.747+0000] {logging_mixin.py:188} INFO - [2024-04-19T12:27:38.747+0000] {dag.py:3096} INFO - Sync 1 DAGs
[2024-04-19T12:27:38.763+0000] {logging_mixin.py:188} INFO - [2024-04-19T12:27:38.763+0000] {dag.py:3954} INFO - Setting next_dagrun for latest_only_with_trigger to 2024-04-19 08:00:00+00:00, run_after=2024-04-19 12:00:00+00:00
[2024-04-19T12:27:38.784+0000] {processor.py:183} INFO - Processing /home/airflow/.local/lib/python3.12/site-packages/airflow/example_dags/example_latest_only_with_trigger.py took 0.064 seconds
[2024-04-19T12:28:08.925+0000] {processor.py:161} INFO - Started process (PID=912) to work on /home/airflow/.local/lib/python3.12/site-packages/airflow/example_dags/example_latest_only_with_trigger.py
[2024-04-19T12:28:08.926+0000] {processor.py:830} INFO - Processing file /home/airflow/.local/lib/python3.12/site-packages/airflow/example_dags/example_latest_only_with_trigger.py for tasks to queue
[2024-04-19T12:28:08.928+0000] {logging_mixin.py:188} INFO - [2024-04-19T12:28:08.927+0000] {dagbag.py:540} INFO - Filling up the DagBag from /home/airflow/.local/lib/python3.12/site-packages/airflow/example_dags/example_latest_only_with_trigger.py
[2024-04-19T12:28:08.931+0000] {processor.py:840} INFO - DAG(s) 'latest_only_with_trigger' retrieved from /home/airflow/.local/lib/python3.12/site-packages/airflow/example_dags/example_latest_only_with_trigger.py
[2024-04-19T12:28:08.947+0000] {logging_mixin.py:188} INFO - [2024-04-19T12:28:08.947+0000] {dag.py:3096} INFO - Sync 1 DAGs
[2024-04-19T12:28:08.963+0000] {logging_mixin.py:188} INFO - [2024-04-19T12:28:08.963+0000] {dag.py:3954} INFO - Setting next_dagrun for latest_only_with_trigger to 2024-04-19 08:00:00+00:00, run_after=2024-04-19 12:00:00+00:00
[2024-04-19T12:28:08.979+0000] {processor.py:183} INFO - Processing /home/airflow/.local/lib/python3.12/site-packages/airflow/example_dags/example_latest_only_with_trigger.py took 0.057 seconds
[2024-04-19T12:28:39.077+0000] {processor.py:161} INFO - Started process (PID=970) to work on /home/airflow/.local/lib/python3.12/site-packages/airflow/example_dags/example_latest_only_with_trigger.py
[2024-04-19T12:28:39.078+0000] {processor.py:830} INFO - Processing file /home/airflow/.local/lib/python3.12/site-packages/airflow/example_dags/example_latest_only_with_trigger.py for tasks to queue
[2024-04-19T12:28:39.079+0000] {logging_mixin.py:188} INFO - [2024-04-19T12:28:39.079+0000] {dagbag.py:540} INFO - Filling up the DagBag from /home/airflow/.local/lib/python3.12/site-packages/airflow/example_dags/example_latest_only_with_trigger.py
[2024-04-19T12:28:39.084+0000] {processor.py:840} INFO - DAG(s) 'latest_only_with_trigger' retrieved from /home/airflow/.local/lib/python3.12/site-packages/airflow/example_dags/example_latest_only_with_trigger.py
[2024-04-19T12:28:39.102+0000] {logging_mixin.py:188} INFO - [2024-04-19T12:28:39.102+0000] {dag.py:3096} INFO - Sync 1 DAGs
[2024-04-19T12:28:39.121+0000] {logging_mixin.py:188} INFO - [2024-04-19T12:28:39.120+0000] {dag.py:3954} INFO - Setting next_dagrun for latest_only_with_trigger to 2024-04-19 08:00:00+00:00, run_after=2024-04-19 12:00:00+00:00
[2024-04-19T12:28:39.144+0000] {processor.py:183} INFO - Processing /home/airflow/.local/lib/python3.12/site-packages/airflow/example_dags/example_latest_only_with_trigger.py took 0.071 seconds
[2024-04-19T12:29:09.381+0000] {processor.py:161} INFO - Started process (PID=1028) to work on /home/airflow/.local/lib/python3.12/site-packages/airflow/example_dags/example_latest_only_with_trigger.py
[2024-04-19T12:29:09.382+0000] {processor.py:830} INFO - Processing file /home/airflow/.local/lib/python3.12/site-packages/airflow/example_dags/example_latest_only_with_trigger.py for tasks to queue
[2024-04-19T12:29:09.383+0000] {logging_mixin.py:188} INFO - [2024-04-19T12:29:09.383+0000] {dagbag.py:540} INFO - Filling up the DagBag from /home/airflow/.local/lib/python3.12/site-packages/airflow/example_dags/example_latest_only_with_trigger.py
[2024-04-19T12:29:09.386+0000] {processor.py:840} INFO - DAG(s) 'latest_only_with_trigger' retrieved from /home/airflow/.local/lib/python3.12/site-packages/airflow/example_dags/example_latest_only_with_trigger.py
[2024-04-19T12:29:09.403+0000] {logging_mixin.py:188} INFO - [2024-04-19T12:29:09.403+0000] {dag.py:3096} INFO - Sync 1 DAGs
[2024-04-19T12:29:09.417+0000] {logging_mixin.py:188} INFO - [2024-04-19T12:29:09.417+0000] {dag.py:3954} INFO - Setting next_dagrun for latest_only_with_trigger to 2024-04-19 08:00:00+00:00, run_after=2024-04-19 12:00:00+00:00
[2024-04-19T12:29:09.522+0000] {processor.py:183} INFO - Processing /home/airflow/.local/lib/python3.12/site-packages/airflow/example_dags/example_latest_only_with_trigger.py took 0.144 seconds
[2024-04-19T12:29:39.989+0000] {processor.py:161} INFO - Started process (PID=1086) to work on /home/airflow/.local/lib/python3.12/site-packages/airflow/example_dags/example_latest_only_with_trigger.py
[2024-04-19T12:29:39.990+0000] {processor.py:830} INFO - Processing file /home/airflow/.local/lib/python3.12/site-packages/airflow/example_dags/example_latest_only_with_trigger.py for tasks to queue
[2024-04-19T12:29:39.991+0000] {logging_mixin.py:188} INFO - [2024-04-19T12:29:39.991+0000] {dagbag.py:540} INFO - Filling up the DagBag from /home/airflow/.local/lib/python3.12/site-packages/airflow/example_dags/example_latest_only_with_trigger.py
[2024-04-19T12:29:39.995+0000] {processor.py:840} INFO - DAG(s) 'latest_only_with_trigger' retrieved from /home/airflow/.local/lib/python3.12/site-packages/airflow/example_dags/example_latest_only_with_trigger.py
[2024-04-19T12:29:40.005+0000] {logging_mixin.py:188} INFO - [2024-04-19T12:29:40.005+0000] {dag.py:3096} INFO - Sync 1 DAGs
[2024-04-19T12:29:40.020+0000] {logging_mixin.py:188} INFO - [2024-04-19T12:29:40.020+0000] {dag.py:3954} INFO - Setting next_dagrun for latest_only_with_trigger to 2024-04-19 08:00:00+00:00, run_after=2024-04-19 12:00:00+00:00
[2024-04-19T12:29:40.039+0000] {processor.py:183} INFO - Processing /home/airflow/.local/lib/python3.12/site-packages/airflow/example_dags/example_latest_only_with_trigger.py took 0.055 seconds
[2024-04-19T12:30:11.090+0000] {processor.py:161} INFO - Started process (PID=1144) to work on /home/airflow/.local/lib/python3.12/site-packages/airflow/example_dags/example_latest_only_with_trigger.py
[2024-04-19T12:30:11.090+0000] {processor.py:830} INFO - Processing file /home/airflow/.local/lib/python3.12/site-packages/airflow/example_dags/example_latest_only_with_trigger.py for tasks to queue
[2024-04-19T12:30:11.092+0000] {logging_mixin.py:188} INFO - [2024-04-19T12:30:11.092+0000] {dagbag.py:540} INFO - Filling up the DagBag from /home/airflow/.local/lib/python3.12/site-packages/airflow/example_dags/example_latest_only_with_trigger.py
[2024-04-19T12:30:11.095+0000] {processor.py:840} INFO - DAG(s) 'latest_only_with_trigger' retrieved from /home/airflow/.local/lib/python3.12/site-packages/airflow/example_dags/example_latest_only_with_trigger.py
[2024-04-19T12:30:11.286+0000] {logging_mixin.py:188} INFO - [2024-04-19T12:30:11.285+0000] {dag.py:3096} INFO - Sync 1 DAGs
[2024-04-19T12:30:11.306+0000] {logging_mixin.py:188} INFO - [2024-04-19T12:30:11.306+0000] {dag.py:3954} INFO - Setting next_dagrun for latest_only_with_trigger to 2024-04-19 08:00:00+00:00, run_after=2024-04-19 12:00:00+00:00
[2024-04-19T12:30:11.327+0000] {processor.py:183} INFO - Processing /home/airflow/.local/lib/python3.12/site-packages/airflow/example_dags/example_latest_only_with_trigger.py took 0.241 seconds
[2024-04-19T12:30:41.393+0000] {processor.py:161} INFO - Started process (PID=1202) to work on /home/airflow/.local/lib/python3.12/site-packages/airflow/example_dags/example_latest_only_with_trigger.py
[2024-04-19T12:30:41.394+0000] {processor.py:830} INFO - Processing file /home/airflow/.local/lib/python3.12/site-packages/airflow/example_dags/example_latest_only_with_trigger.py for tasks to queue
[2024-04-19T12:30:41.396+0000] {logging_mixin.py:188} INFO - [2024-04-19T12:30:41.396+0000] {dagbag.py:540} INFO - Filling up the DagBag from /home/airflow/.local/lib/python3.12/site-packages/airflow/example_dags/example_latest_only_with_trigger.py
[2024-04-19T12:30:41.399+0000] {processor.py:840} INFO - DAG(s) 'latest_only_with_trigger' retrieved from /home/airflow/.local/lib/python3.12/site-packages/airflow/example_dags/example_latest_only_with_trigger.py
[2024-04-19T12:30:41.506+0000] {logging_mixin.py:188} INFO - [2024-04-19T12:30:41.505+0000] {dag.py:3096} INFO - Sync 1 DAGs
[2024-04-19T12:30:41.520+0000] {logging_mixin.py:188} INFO - [2024-04-19T12:30:41.520+0000] {dag.py:3954} INFO - Setting next_dagrun for latest_only_with_trigger to 2024-04-19 08:00:00+00:00, run_after=2024-04-19 12:00:00+00:00
[2024-04-19T12:30:41.533+0000] {processor.py:183} INFO - Processing /home/airflow/.local/lib/python3.12/site-packages/airflow/example_dags/example_latest_only_with_trigger.py took 0.143 seconds
[2024-04-19T12:31:11.843+0000] {processor.py:161} INFO - Started process (PID=1260) to work on /home/airflow/.local/lib/python3.12/site-packages/airflow/example_dags/example_latest_only_with_trigger.py
[2024-04-19T12:31:11.844+0000] {processor.py:830} INFO - Processing file /home/airflow/.local/lib/python3.12/site-packages/airflow/example_dags/example_latest_only_with_trigger.py for tasks to queue
[2024-04-19T12:31:11.845+0000] {logging_mixin.py:188} INFO - [2024-04-19T12:31:11.845+0000] {dagbag.py:540} INFO - Filling up the DagBag from /home/airflow/.local/lib/python3.12/site-packages/airflow/example_dags/example_latest_only_with_trigger.py
[2024-04-19T12:31:11.849+0000] {processor.py:840} INFO - DAG(s) 'latest_only_with_trigger' retrieved from /home/airflow/.local/lib/python3.12/site-packages/airflow/example_dags/example_latest_only_with_trigger.py
[2024-04-19T12:31:11.865+0000] {logging_mixin.py:188} INFO - [2024-04-19T12:31:11.865+0000] {dag.py:3096} INFO - Sync 1 DAGs
[2024-04-19T12:31:11.879+0000] {logging_mixin.py:188} INFO - [2024-04-19T12:31:11.879+0000] {dag.py:3954} INFO - Setting next_dagrun for latest_only_with_trigger to 2024-04-19 08:00:00+00:00, run_after=2024-04-19 12:00:00+00:00
[2024-04-19T12:31:11.897+0000] {processor.py:183} INFO - Processing /home/airflow/.local/lib/python3.12/site-packages/airflow/example_dags/example_latest_only_with_trigger.py took 0.057 seconds
[2024-04-19T12:31:42.100+0000] {processor.py:161} INFO - Started process (PID=1317) to work on /home/airflow/.local/lib/python3.12/site-packages/airflow/example_dags/example_latest_only_with_trigger.py
[2024-04-19T12:31:42.100+0000] {processor.py:830} INFO - Processing file /home/airflow/.local/lib/python3.12/site-packages/airflow/example_dags/example_latest_only_with_trigger.py for tasks to queue
[2024-04-19T12:31:42.102+0000] {logging_mixin.py:188} INFO - [2024-04-19T12:31:42.102+0000] {dagbag.py:540} INFO - Filling up the DagBag from /home/airflow/.local/lib/python3.12/site-packages/airflow/example_dags/example_latest_only_with_trigger.py
[2024-04-19T12:31:42.105+0000] {processor.py:840} INFO - DAG(s) 'latest_only_with_trigger' retrieved from /home/airflow/.local/lib/python3.12/site-packages/airflow/example_dags/example_latest_only_with_trigger.py
[2024-04-19T12:31:42.121+0000] {logging_mixin.py:188} INFO - [2024-04-19T12:31:42.121+0000] {dag.py:3096} INFO - Sync 1 DAGs
[2024-04-19T12:31:42.135+0000] {logging_mixin.py:188} INFO - [2024-04-19T12:31:42.135+0000] {dag.py:3954} INFO - Setting next_dagrun for latest_only_with_trigger to 2024-04-19 08:00:00+00:00, run_after=2024-04-19 12:00:00+00:00
[2024-04-19T12:31:42.153+0000] {processor.py:183} INFO - Processing /home/airflow/.local/lib/python3.12/site-packages/airflow/example_dags/example_latest_only_with_trigger.py took 0.057 seconds
[2024-04-19T12:32:12.497+0000] {processor.py:161} INFO - Started process (PID=1375) to work on /home/airflow/.local/lib/python3.12/site-packages/airflow/example_dags/example_latest_only_with_trigger.py
[2024-04-19T12:32:12.498+0000] {processor.py:830} INFO - Processing file /home/airflow/.local/lib/python3.12/site-packages/airflow/example_dags/example_latest_only_with_trigger.py for tasks to queue
[2024-04-19T12:32:12.500+0000] {logging_mixin.py:188} INFO - [2024-04-19T12:32:12.500+0000] {dagbag.py:540} INFO - Filling up the DagBag from /home/airflow/.local/lib/python3.12/site-packages/airflow/example_dags/example_latest_only_with_trigger.py
[2024-04-19T12:32:12.504+0000] {processor.py:840} INFO - DAG(s) 'latest_only_with_trigger' retrieved from /home/airflow/.local/lib/python3.12/site-packages/airflow/example_dags/example_latest_only_with_trigger.py
[2024-04-19T12:32:12.519+0000] {logging_mixin.py:188} INFO - [2024-04-19T12:32:12.519+0000] {dag.py:3096} INFO - Sync 1 DAGs
[2024-04-19T12:32:12.535+0000] {logging_mixin.py:188} INFO - [2024-04-19T12:32:12.535+0000] {dag.py:3954} INFO - Setting next_dagrun for latest_only_with_trigger to 2024-04-19 08:00:00+00:00, run_after=2024-04-19 12:00:00+00:00
[2024-04-19T12:32:12.551+0000] {processor.py:183} INFO - Processing /home/airflow/.local/lib/python3.12/site-packages/airflow/example_dags/example_latest_only_with_trigger.py took 0.058 seconds
[2024-04-19T12:32:42.975+0000] {processor.py:161} INFO - Started process (PID=1433) to work on /home/airflow/.local/lib/python3.12/site-packages/airflow/example_dags/example_latest_only_with_trigger.py
[2024-04-19T12:32:42.977+0000] {processor.py:830} INFO - Processing file /home/airflow/.local/lib/python3.12/site-packages/airflow/example_dags/example_latest_only_with_trigger.py for tasks to queue
[2024-04-19T12:32:42.979+0000] {logging_mixin.py:188} INFO - [2024-04-19T12:32:42.979+0000] {dagbag.py:540} INFO - Filling up the DagBag from /home/airflow/.local/lib/python3.12/site-packages/airflow/example_dags/example_latest_only_with_trigger.py
[2024-04-19T12:32:42.986+0000] {processor.py:840} INFO - DAG(s) 'latest_only_with_trigger' retrieved from /home/airflow/.local/lib/python3.12/site-packages/airflow/example_dags/example_latest_only_with_trigger.py
[2024-04-19T12:32:43.012+0000] {logging_mixin.py:188} INFO - [2024-04-19T12:32:43.012+0000] {dag.py:3096} INFO - Sync 1 DAGs
[2024-04-19T12:32:43.031+0000] {logging_mixin.py:188} INFO - [2024-04-19T12:32:43.031+0000] {dag.py:3954} INFO - Setting next_dagrun for latest_only_with_trigger to 2024-04-19 08:00:00+00:00, run_after=2024-04-19 12:00:00+00:00
[2024-04-19T12:32:43.047+0000] {processor.py:183} INFO - Processing /home/airflow/.local/lib/python3.12/site-packages/airflow/example_dags/example_latest_only_with_trigger.py took 0.079 seconds
[2024-04-19T12:33:13.405+0000] {processor.py:161} INFO - Started process (PID=1491) to work on /home/airflow/.local/lib/python3.12/site-packages/airflow/example_dags/example_latest_only_with_trigger.py
[2024-04-19T12:33:13.406+0000] {processor.py:830} INFO - Processing file /home/airflow/.local/lib/python3.12/site-packages/airflow/example_dags/example_latest_only_with_trigger.py for tasks to queue
[2024-04-19T12:33:13.407+0000] {logging_mixin.py:188} INFO - [2024-04-19T12:33:13.407+0000] {dagbag.py:540} INFO - Filling up the DagBag from /home/airflow/.local/lib/python3.12/site-packages/airflow/example_dags/example_latest_only_with_trigger.py
[2024-04-19T12:33:13.411+0000] {processor.py:840} INFO - DAG(s) 'latest_only_with_trigger' retrieved from /home/airflow/.local/lib/python3.12/site-packages/airflow/example_dags/example_latest_only_with_trigger.py
[2024-04-19T12:33:13.426+0000] {logging_mixin.py:188} INFO - [2024-04-19T12:33:13.426+0000] {dag.py:3096} INFO - Sync 1 DAGs
[2024-04-19T12:33:13.442+0000] {logging_mixin.py:188} INFO - [2024-04-19T12:33:13.442+0000] {dag.py:3954} INFO - Setting next_dagrun for latest_only_with_trigger to 2024-04-19 08:00:00+00:00, run_after=2024-04-19 12:00:00+00:00
[2024-04-19T12:33:13.456+0000] {processor.py:183} INFO - Processing /home/airflow/.local/lib/python3.12/site-packages/airflow/example_dags/example_latest_only_with_trigger.py took 0.056 seconds
[2024-04-19T12:33:43.829+0000] {processor.py:161} INFO - Started process (PID=1549) to work on /home/airflow/.local/lib/python3.12/site-packages/airflow/example_dags/example_latest_only_with_trigger.py
[2024-04-19T12:33:43.830+0000] {processor.py:830} INFO - Processing file /home/airflow/.local/lib/python3.12/site-packages/airflow/example_dags/example_latest_only_with_trigger.py for tasks to queue
[2024-04-19T12:33:43.831+0000] {logging_mixin.py:188} INFO - [2024-04-19T12:33:43.831+0000] {dagbag.py:540} INFO - Filling up the DagBag from /home/airflow/.local/lib/python3.12/site-packages/airflow/example_dags/example_latest_only_with_trigger.py
[2024-04-19T12:33:43.836+0000] {processor.py:840} INFO - DAG(s) 'latest_only_with_trigger' retrieved from /home/airflow/.local/lib/python3.12/site-packages/airflow/example_dags/example_latest_only_with_trigger.py
[2024-04-19T12:33:43.852+0000] {logging_mixin.py:188} INFO - [2024-04-19T12:33:43.852+0000] {dag.py:3096} INFO - Sync 1 DAGs
[2024-04-19T12:33:43.867+0000] {logging_mixin.py:188} INFO - [2024-04-19T12:33:43.867+0000] {dag.py:3954} INFO - Setting next_dagrun for latest_only_with_trigger to 2024-04-19 08:00:00+00:00, run_after=2024-04-19 12:00:00+00:00
[2024-04-19T12:33:43.883+0000] {processor.py:183} INFO - Processing /home/airflow/.local/lib/python3.12/site-packages/airflow/example_dags/example_latest_only_with_trigger.py took 0.058 seconds
