[2024-04-19T12:17:11.024+0000] {processor.py:161} INFO - Started process (PID=37) to work on /home/airflow/.local/lib/python3.12/site-packages/airflow/example_dags/example_branch_labels.py
[2024-04-19T12:17:11.025+0000] {processor.py:830} INFO - Processing file /home/airflow/.local/lib/python3.12/site-packages/airflow/example_dags/example_branch_labels.py for tasks to queue
[2024-04-19T12:17:11.028+0000] {logging_mixin.py:188} INFO - [2024-04-19T12:17:11.027+0000] {dagbag.py:540} INFO - Filling up the DagBag from /home/airflow/.local/lib/python3.12/site-packages/airflow/example_dags/example_branch_labels.py
[2024-04-19T12:17:11.038+0000] {processor.py:840} INFO - DAG(s) 'example_branch_labels' retrieved from /home/airflow/.local/lib/python3.12/site-packages/airflow/example_dags/example_branch_labels.py
[2024-04-19T12:17:11.050+0000] {logging_mixin.py:188} INFO - [2024-04-19T12:17:11.050+0000] {dag.py:3096} INFO - Sync 1 DAGs
[2024-04-19T12:17:11.076+0000] {logging_mixin.py:188} INFO - [2024-04-19T12:17:11.076+0000] {dag.py:3954} INFO - Setting next_dagrun for example_branch_labels to 2024-04-18 00:00:00+00:00, run_after=2024-04-19 00:00:00+00:00
[2024-04-19T12:17:11.104+0000] {processor.py:183} INFO - Processing /home/airflow/.local/lib/python3.12/site-packages/airflow/example_dags/example_branch_labels.py took 0.084 seconds
[2024-04-19T12:17:41.417+0000] {processor.py:161} INFO - Started process (PID=95) to work on /home/airflow/.local/lib/python3.12/site-packages/airflow/example_dags/example_branch_labels.py
[2024-04-19T12:17:41.417+0000] {processor.py:830} INFO - Processing file /home/airflow/.local/lib/python3.12/site-packages/airflow/example_dags/example_branch_labels.py for tasks to queue
[2024-04-19T12:17:41.418+0000] {logging_mixin.py:188} INFO - [2024-04-19T12:17:41.418+0000] {dagbag.py:540} INFO - Filling up the DagBag from /home/airflow/.local/lib/python3.12/site-packages/airflow/example_dags/example_branch_labels.py
[2024-04-19T12:17:41.423+0000] {processor.py:840} INFO - DAG(s) 'example_branch_labels' retrieved from /home/airflow/.local/lib/python3.12/site-packages/airflow/example_dags/example_branch_labels.py
[2024-04-19T12:17:41.484+0000] {logging_mixin.py:188} INFO - [2024-04-19T12:17:41.483+0000] {dag.py:3096} INFO - Sync 1 DAGs
[2024-04-19T12:17:41.496+0000] {logging_mixin.py:188} INFO - [2024-04-19T12:17:41.496+0000] {dag.py:3954} INFO - Setting next_dagrun for example_branch_labels to 2024-04-18 00:00:00+00:00, run_after=2024-04-19 00:00:00+00:00
[2024-04-19T12:17:41.510+0000] {processor.py:183} INFO - Processing /home/airflow/.local/lib/python3.12/site-packages/airflow/example_dags/example_branch_labels.py took 0.097 seconds
[2024-04-19T12:18:11.810+0000] {processor.py:161} INFO - Started process (PID=153) to work on /home/airflow/.local/lib/python3.12/site-packages/airflow/example_dags/example_branch_labels.py
[2024-04-19T12:18:11.810+0000] {processor.py:830} INFO - Processing file /home/airflow/.local/lib/python3.12/site-packages/airflow/example_dags/example_branch_labels.py for tasks to queue
[2024-04-19T12:18:11.812+0000] {logging_mixin.py:188} INFO - [2024-04-19T12:18:11.811+0000] {dagbag.py:540} INFO - Filling up the DagBag from /home/airflow/.local/lib/python3.12/site-packages/airflow/example_dags/example_branch_labels.py
[2024-04-19T12:18:11.816+0000] {processor.py:840} INFO - DAG(s) 'example_branch_labels' retrieved from /home/airflow/.local/lib/python3.12/site-packages/airflow/example_dags/example_branch_labels.py
[2024-04-19T12:18:11.829+0000] {logging_mixin.py:188} INFO - [2024-04-19T12:18:11.829+0000] {dag.py:3096} INFO - Sync 1 DAGs
[2024-04-19T12:18:11.845+0000] {logging_mixin.py:188} INFO - [2024-04-19T12:18:11.845+0000] {dag.py:3954} INFO - Setting next_dagrun for example_branch_labels to 2024-04-18 00:00:00+00:00, run_after=2024-04-19 00:00:00+00:00
[2024-04-19T12:18:11.860+0000] {processor.py:183} INFO - Processing /home/airflow/.local/lib/python3.12/site-packages/airflow/example_dags/example_branch_labels.py took 0.054 seconds
[2024-04-19T12:18:42.179+0000] {processor.py:161} INFO - Started process (PID=211) to work on /home/airflow/.local/lib/python3.12/site-packages/airflow/example_dags/example_branch_labels.py
[2024-04-19T12:18:42.180+0000] {processor.py:830} INFO - Processing file /home/airflow/.local/lib/python3.12/site-packages/airflow/example_dags/example_branch_labels.py for tasks to queue
[2024-04-19T12:18:42.181+0000] {logging_mixin.py:188} INFO - [2024-04-19T12:18:42.181+0000] {dagbag.py:540} INFO - Filling up the DagBag from /home/airflow/.local/lib/python3.12/site-packages/airflow/example_dags/example_branch_labels.py
[2024-04-19T12:18:42.189+0000] {processor.py:840} INFO - DAG(s) 'example_branch_labels' retrieved from /home/airflow/.local/lib/python3.12/site-packages/airflow/example_dags/example_branch_labels.py
[2024-04-19T12:18:42.205+0000] {logging_mixin.py:188} INFO - [2024-04-19T12:18:42.205+0000] {dag.py:3096} INFO - Sync 1 DAGs
[2024-04-19T12:18:42.221+0000] {logging_mixin.py:188} INFO - [2024-04-19T12:18:42.220+0000] {dag.py:3954} INFO - Setting next_dagrun for example_branch_labels to 2024-04-18 00:00:00+00:00, run_after=2024-04-19 00:00:00+00:00
[2024-04-19T12:18:42.237+0000] {processor.py:183} INFO - Processing /home/airflow/.local/lib/python3.12/site-packages/airflow/example_dags/example_branch_labels.py took 0.062 seconds
[2024-04-19T12:20:32.964+0000] {processor.py:161} INFO - Started process (PID=37) to work on /home/airflow/.local/lib/python3.12/site-packages/airflow/example_dags/example_branch_labels.py
[2024-04-19T12:20:32.965+0000] {processor.py:830} INFO - Processing file /home/airflow/.local/lib/python3.12/site-packages/airflow/example_dags/example_branch_labels.py for tasks to queue
[2024-04-19T12:20:32.967+0000] {logging_mixin.py:188} INFO - [2024-04-19T12:20:32.966+0000] {dagbag.py:540} INFO - Filling up the DagBag from /home/airflow/.local/lib/python3.12/site-packages/airflow/example_dags/example_branch_labels.py
[2024-04-19T12:20:32.975+0000] {processor.py:840} INFO - DAG(s) 'example_branch_labels' retrieved from /home/airflow/.local/lib/python3.12/site-packages/airflow/example_dags/example_branch_labels.py
[2024-04-19T12:20:32.987+0000] {logging_mixin.py:188} INFO - [2024-04-19T12:20:32.987+0000] {dag.py:3096} INFO - Sync 1 DAGs
[2024-04-19T12:20:33.008+0000] {logging_mixin.py:188} INFO - [2024-04-19T12:20:33.007+0000] {dag.py:3954} INFO - Setting next_dagrun for example_branch_labels to 2024-04-18 00:00:00+00:00, run_after=2024-04-19 00:00:00+00:00
[2024-04-19T12:20:33.030+0000] {processor.py:183} INFO - Processing /home/airflow/.local/lib/python3.12/site-packages/airflow/example_dags/example_branch_labels.py took 0.070 seconds
[2024-04-19T12:21:03.365+0000] {processor.py:161} INFO - Started process (PID=95) to work on /home/airflow/.local/lib/python3.12/site-packages/airflow/example_dags/example_branch_labels.py
[2024-04-19T12:21:03.366+0000] {processor.py:830} INFO - Processing file /home/airflow/.local/lib/python3.12/site-packages/airflow/example_dags/example_branch_labels.py for tasks to queue
[2024-04-19T12:21:03.367+0000] {logging_mixin.py:188} INFO - [2024-04-19T12:21:03.367+0000] {dagbag.py:540} INFO - Filling up the DagBag from /home/airflow/.local/lib/python3.12/site-packages/airflow/example_dags/example_branch_labels.py
[2024-04-19T12:21:03.372+0000] {processor.py:840} INFO - DAG(s) 'example_branch_labels' retrieved from /home/airflow/.local/lib/python3.12/site-packages/airflow/example_dags/example_branch_labels.py
[2024-04-19T12:21:03.434+0000] {logging_mixin.py:188} INFO - [2024-04-19T12:21:03.434+0000] {dag.py:3096} INFO - Sync 1 DAGs
[2024-04-19T12:21:03.447+0000] {logging_mixin.py:188} INFO - [2024-04-19T12:21:03.447+0000] {dag.py:3954} INFO - Setting next_dagrun for example_branch_labels to 2024-04-18 00:00:00+00:00, run_after=2024-04-19 00:00:00+00:00
[2024-04-19T12:21:03.463+0000] {processor.py:183} INFO - Processing /home/airflow/.local/lib/python3.12/site-packages/airflow/example_dags/example_branch_labels.py took 0.104 seconds
[2024-04-19T12:21:33.858+0000] {processor.py:161} INFO - Started process (PID=153) to work on /home/airflow/.local/lib/python3.12/site-packages/airflow/example_dags/example_branch_labels.py
[2024-04-19T12:21:33.859+0000] {processor.py:830} INFO - Processing file /home/airflow/.local/lib/python3.12/site-packages/airflow/example_dags/example_branch_labels.py for tasks to queue
[2024-04-19T12:21:33.860+0000] {logging_mixin.py:188} INFO - [2024-04-19T12:21:33.860+0000] {dagbag.py:540} INFO - Filling up the DagBag from /home/airflow/.local/lib/python3.12/site-packages/airflow/example_dags/example_branch_labels.py
[2024-04-19T12:21:33.864+0000] {processor.py:840} INFO - DAG(s) 'example_branch_labels' retrieved from /home/airflow/.local/lib/python3.12/site-packages/airflow/example_dags/example_branch_labels.py
[2024-04-19T12:21:33.878+0000] {logging_mixin.py:188} INFO - [2024-04-19T12:21:33.878+0000] {dag.py:3096} INFO - Sync 1 DAGs
[2024-04-19T12:21:33.893+0000] {logging_mixin.py:188} INFO - [2024-04-19T12:21:33.893+0000] {dag.py:3954} INFO - Setting next_dagrun for example_branch_labels to 2024-04-18 00:00:00+00:00, run_after=2024-04-19 00:00:00+00:00
[2024-04-19T12:21:33.907+0000] {processor.py:183} INFO - Processing /home/airflow/.local/lib/python3.12/site-packages/airflow/example_dags/example_branch_labels.py took 0.055 seconds
[2024-04-19T12:22:04.155+0000] {processor.py:161} INFO - Started process (PID=211) to work on /home/airflow/.local/lib/python3.12/site-packages/airflow/example_dags/example_branch_labels.py
[2024-04-19T12:22:04.156+0000] {processor.py:830} INFO - Processing file /home/airflow/.local/lib/python3.12/site-packages/airflow/example_dags/example_branch_labels.py for tasks to queue
[2024-04-19T12:22:04.157+0000] {logging_mixin.py:188} INFO - [2024-04-19T12:22:04.157+0000] {dagbag.py:540} INFO - Filling up the DagBag from /home/airflow/.local/lib/python3.12/site-packages/airflow/example_dags/example_branch_labels.py
[2024-04-19T12:22:04.162+0000] {processor.py:840} INFO - DAG(s) 'example_branch_labels' retrieved from /home/airflow/.local/lib/python3.12/site-packages/airflow/example_dags/example_branch_labels.py
[2024-04-19T12:22:04.177+0000] {logging_mixin.py:188} INFO - [2024-04-19T12:22:04.176+0000] {dag.py:3096} INFO - Sync 1 DAGs
[2024-04-19T12:22:04.192+0000] {logging_mixin.py:188} INFO - [2024-04-19T12:22:04.192+0000] {dag.py:3954} INFO - Setting next_dagrun for example_branch_labels to 2024-04-18 00:00:00+00:00, run_after=2024-04-19 00:00:00+00:00
[2024-04-19T12:22:04.208+0000] {processor.py:183} INFO - Processing /home/airflow/.local/lib/python3.12/site-packages/airflow/example_dags/example_branch_labels.py took 0.056 seconds
[2024-04-19T12:22:34.537+0000] {processor.py:161} INFO - Started process (PID=269) to work on /home/airflow/.local/lib/python3.12/site-packages/airflow/example_dags/example_branch_labels.py
[2024-04-19T12:22:34.539+0000] {processor.py:830} INFO - Processing file /home/airflow/.local/lib/python3.12/site-packages/airflow/example_dags/example_branch_labels.py for tasks to queue
[2024-04-19T12:22:34.541+0000] {logging_mixin.py:188} INFO - [2024-04-19T12:22:34.541+0000] {dagbag.py:540} INFO - Filling up the DagBag from /home/airflow/.local/lib/python3.12/site-packages/airflow/example_dags/example_branch_labels.py
[2024-04-19T12:22:34.547+0000] {processor.py:840} INFO - DAG(s) 'example_branch_labels' retrieved from /home/airflow/.local/lib/python3.12/site-packages/airflow/example_dags/example_branch_labels.py
[2024-04-19T12:22:34.563+0000] {logging_mixin.py:188} INFO - [2024-04-19T12:22:34.562+0000] {dag.py:3096} INFO - Sync 1 DAGs
[2024-04-19T12:22:34.579+0000] {logging_mixin.py:188} INFO - [2024-04-19T12:22:34.579+0000] {dag.py:3954} INFO - Setting next_dagrun for example_branch_labels to 2024-04-18 00:00:00+00:00, run_after=2024-04-19 00:00:00+00:00
[2024-04-19T12:22:34.595+0000] {processor.py:183} INFO - Processing /home/airflow/.local/lib/python3.12/site-packages/airflow/example_dags/example_branch_labels.py took 0.067 seconds
[2024-04-19T12:23:04.853+0000] {processor.py:161} INFO - Started process (PID=327) to work on /home/airflow/.local/lib/python3.12/site-packages/airflow/example_dags/example_branch_labels.py
[2024-04-19T12:23:04.854+0000] {processor.py:830} INFO - Processing file /home/airflow/.local/lib/python3.12/site-packages/airflow/example_dags/example_branch_labels.py for tasks to queue
[2024-04-19T12:23:04.856+0000] {logging_mixin.py:188} INFO - [2024-04-19T12:23:04.855+0000] {dagbag.py:540} INFO - Filling up the DagBag from /home/airflow/.local/lib/python3.12/site-packages/airflow/example_dags/example_branch_labels.py
[2024-04-19T12:23:04.862+0000] {processor.py:840} INFO - DAG(s) 'example_branch_labels' retrieved from /home/airflow/.local/lib/python3.12/site-packages/airflow/example_dags/example_branch_labels.py
[2024-04-19T12:23:04.870+0000] {logging_mixin.py:188} INFO - [2024-04-19T12:23:04.870+0000] {dag.py:3096} INFO - Sync 1 DAGs
[2024-04-19T12:23:04.888+0000] {logging_mixin.py:188} INFO - [2024-04-19T12:23:04.888+0000] {dag.py:3954} INFO - Setting next_dagrun for example_branch_labels to 2024-04-18 00:00:00+00:00, run_after=2024-04-19 00:00:00+00:00
[2024-04-19T12:23:04.907+0000] {processor.py:183} INFO - Processing /home/airflow/.local/lib/python3.12/site-packages/airflow/example_dags/example_branch_labels.py took 0.058 seconds
[2024-04-19T12:23:35.537+0000] {processor.py:161} INFO - Started process (PID=386) to work on /home/airflow/.local/lib/python3.12/site-packages/airflow/example_dags/example_branch_labels.py
[2024-04-19T12:23:35.538+0000] {processor.py:830} INFO - Processing file /home/airflow/.local/lib/python3.12/site-packages/airflow/example_dags/example_branch_labels.py for tasks to queue
[2024-04-19T12:23:35.540+0000] {logging_mixin.py:188} INFO - [2024-04-19T12:23:35.539+0000] {dagbag.py:540} INFO - Filling up the DagBag from /home/airflow/.local/lib/python3.12/site-packages/airflow/example_dags/example_branch_labels.py
[2024-04-19T12:23:35.544+0000] {processor.py:840} INFO - DAG(s) 'example_branch_labels' retrieved from /home/airflow/.local/lib/python3.12/site-packages/airflow/example_dags/example_branch_labels.py
[2024-04-19T12:23:35.603+0000] {logging_mixin.py:188} INFO - [2024-04-19T12:23:35.603+0000] {dag.py:3096} INFO - Sync 1 DAGs
[2024-04-19T12:23:35.615+0000] {logging_mixin.py:188} INFO - [2024-04-19T12:23:35.615+0000] {dag.py:3954} INFO - Setting next_dagrun for example_branch_labels to 2024-04-18 00:00:00+00:00, run_after=2024-04-19 00:00:00+00:00
[2024-04-19T12:23:35.629+0000] {processor.py:183} INFO - Processing /home/airflow/.local/lib/python3.12/site-packages/airflow/example_dags/example_branch_labels.py took 0.096 seconds
[2024-04-19T12:24:05.888+0000] {processor.py:161} INFO - Started process (PID=445) to work on /home/airflow/.local/lib/python3.12/site-packages/airflow/example_dags/example_branch_labels.py
[2024-04-19T12:24:05.889+0000] {processor.py:830} INFO - Processing file /home/airflow/.local/lib/python3.12/site-packages/airflow/example_dags/example_branch_labels.py for tasks to queue
[2024-04-19T12:24:05.890+0000] {logging_mixin.py:188} INFO - [2024-04-19T12:24:05.890+0000] {dagbag.py:540} INFO - Filling up the DagBag from /home/airflow/.local/lib/python3.12/site-packages/airflow/example_dags/example_branch_labels.py
[2024-04-19T12:24:05.894+0000] {processor.py:840} INFO - DAG(s) 'example_branch_labels' retrieved from /home/airflow/.local/lib/python3.12/site-packages/airflow/example_dags/example_branch_labels.py
[2024-04-19T12:24:05.909+0000] {logging_mixin.py:188} INFO - [2024-04-19T12:24:05.909+0000] {dag.py:3096} INFO - Sync 1 DAGs
[2024-04-19T12:24:05.924+0000] {logging_mixin.py:188} INFO - [2024-04-19T12:24:05.924+0000] {dag.py:3954} INFO - Setting next_dagrun for example_branch_labels to 2024-04-18 00:00:00+00:00, run_after=2024-04-19 00:00:00+00:00
[2024-04-19T12:24:05.938+0000] {processor.py:183} INFO - Processing /home/airflow/.local/lib/python3.12/site-packages/airflow/example_dags/example_branch_labels.py took 0.054 seconds
[2024-04-19T12:24:36.505+0000] {processor.py:161} INFO - Started process (PID=503) to work on /home/airflow/.local/lib/python3.12/site-packages/airflow/example_dags/example_branch_labels.py
[2024-04-19T12:24:36.506+0000] {processor.py:830} INFO - Processing file /home/airflow/.local/lib/python3.12/site-packages/airflow/example_dags/example_branch_labels.py for tasks to queue
[2024-04-19T12:24:36.508+0000] {logging_mixin.py:188} INFO - [2024-04-19T12:24:36.507+0000] {dagbag.py:540} INFO - Filling up the DagBag from /home/airflow/.local/lib/python3.12/site-packages/airflow/example_dags/example_branch_labels.py
[2024-04-19T12:24:36.513+0000] {processor.py:840} INFO - DAG(s) 'example_branch_labels' retrieved from /home/airflow/.local/lib/python3.12/site-packages/airflow/example_dags/example_branch_labels.py
[2024-04-19T12:24:36.529+0000] {logging_mixin.py:188} INFO - [2024-04-19T12:24:36.528+0000] {dag.py:3096} INFO - Sync 1 DAGs
[2024-04-19T12:24:36.544+0000] {logging_mixin.py:188} INFO - [2024-04-19T12:24:36.543+0000] {dag.py:3954} INFO - Setting next_dagrun for example_branch_labels to 2024-04-18 00:00:00+00:00, run_after=2024-04-19 00:00:00+00:00
[2024-04-19T12:24:36.561+0000] {processor.py:183} INFO - Processing /home/airflow/.local/lib/python3.12/site-packages/airflow/example_dags/example_branch_labels.py took 0.059 seconds
[2024-04-19T12:25:07.029+0000] {processor.py:161} INFO - Started process (PID=561) to work on /home/airflow/.local/lib/python3.12/site-packages/airflow/example_dags/example_branch_labels.py
[2024-04-19T12:25:07.030+0000] {processor.py:830} INFO - Processing file /home/airflow/.local/lib/python3.12/site-packages/airflow/example_dags/example_branch_labels.py for tasks to queue
[2024-04-19T12:25:07.031+0000] {logging_mixin.py:188} INFO - [2024-04-19T12:25:07.031+0000] {dagbag.py:540} INFO - Filling up the DagBag from /home/airflow/.local/lib/python3.12/site-packages/airflow/example_dags/example_branch_labels.py
[2024-04-19T12:25:07.038+0000] {processor.py:840} INFO - DAG(s) 'example_branch_labels' retrieved from /home/airflow/.local/lib/python3.12/site-packages/airflow/example_dags/example_branch_labels.py
[2024-04-19T12:25:07.054+0000] {logging_mixin.py:188} INFO - [2024-04-19T12:25:07.054+0000] {dag.py:3096} INFO - Sync 1 DAGs
[2024-04-19T12:25:07.072+0000] {logging_mixin.py:188} INFO - [2024-04-19T12:25:07.072+0000] {dag.py:3954} INFO - Setting next_dagrun for example_branch_labels to 2024-04-18 00:00:00+00:00, run_after=2024-04-19 00:00:00+00:00
[2024-04-19T12:25:07.090+0000] {processor.py:183} INFO - Processing /home/airflow/.local/lib/python3.12/site-packages/airflow/example_dags/example_branch_labels.py took 0.065 seconds
[2024-04-19T12:25:37.217+0000] {processor.py:161} INFO - Started process (PID=619) to work on /home/airflow/.local/lib/python3.12/site-packages/airflow/example_dags/example_branch_labels.py
[2024-04-19T12:25:37.219+0000] {processor.py:830} INFO - Processing file /home/airflow/.local/lib/python3.12/site-packages/airflow/example_dags/example_branch_labels.py for tasks to queue
[2024-04-19T12:25:37.221+0000] {logging_mixin.py:188} INFO - [2024-04-19T12:25:37.221+0000] {dagbag.py:540} INFO - Filling up the DagBag from /home/airflow/.local/lib/python3.12/site-packages/airflow/example_dags/example_branch_labels.py
[2024-04-19T12:25:37.228+0000] {processor.py:840} INFO - DAG(s) 'example_branch_labels' retrieved from /home/airflow/.local/lib/python3.12/site-packages/airflow/example_dags/example_branch_labels.py
[2024-04-19T12:25:37.248+0000] {logging_mixin.py:188} INFO - [2024-04-19T12:25:37.247+0000] {dag.py:3096} INFO - Sync 1 DAGs
[2024-04-19T12:25:37.267+0000] {logging_mixin.py:188} INFO - [2024-04-19T12:25:37.267+0000] {dag.py:3954} INFO - Setting next_dagrun for example_branch_labels to 2024-04-18 00:00:00+00:00, run_after=2024-04-19 00:00:00+00:00
[2024-04-19T12:25:37.288+0000] {processor.py:183} INFO - Processing /home/airflow/.local/lib/python3.12/site-packages/airflow/example_dags/example_branch_labels.py took 0.078 seconds
[2024-04-19T12:26:07.383+0000] {processor.py:161} INFO - Started process (PID=677) to work on /home/airflow/.local/lib/python3.12/site-packages/airflow/example_dags/example_branch_labels.py
[2024-04-19T12:26:07.384+0000] {processor.py:830} INFO - Processing file /home/airflow/.local/lib/python3.12/site-packages/airflow/example_dags/example_branch_labels.py for tasks to queue
[2024-04-19T12:26:07.386+0000] {logging_mixin.py:188} INFO - [2024-04-19T12:26:07.386+0000] {dagbag.py:540} INFO - Filling up the DagBag from /home/airflow/.local/lib/python3.12/site-packages/airflow/example_dags/example_branch_labels.py
[2024-04-19T12:26:07.391+0000] {processor.py:840} INFO - DAG(s) 'example_branch_labels' retrieved from /home/airflow/.local/lib/python3.12/site-packages/airflow/example_dags/example_branch_labels.py
[2024-04-19T12:26:07.408+0000] {logging_mixin.py:188} INFO - [2024-04-19T12:26:07.408+0000] {dag.py:3096} INFO - Sync 1 DAGs
[2024-04-19T12:26:07.428+0000] {logging_mixin.py:188} INFO - [2024-04-19T12:26:07.427+0000] {dag.py:3954} INFO - Setting next_dagrun for example_branch_labels to 2024-04-18 00:00:00+00:00, run_after=2024-04-19 00:00:00+00:00
[2024-04-19T12:26:07.447+0000] {processor.py:183} INFO - Processing /home/airflow/.local/lib/python3.12/site-packages/airflow/example_dags/example_branch_labels.py took 0.068 seconds
[2024-04-19T12:26:37.764+0000] {processor.py:161} INFO - Started process (PID=735) to work on /home/airflow/.local/lib/python3.12/site-packages/airflow/example_dags/example_branch_labels.py
[2024-04-19T12:26:37.764+0000] {processor.py:830} INFO - Processing file /home/airflow/.local/lib/python3.12/site-packages/airflow/example_dags/example_branch_labels.py for tasks to queue
[2024-04-19T12:26:37.766+0000] {logging_mixin.py:188} INFO - [2024-04-19T12:26:37.766+0000] {dagbag.py:540} INFO - Filling up the DagBag from /home/airflow/.local/lib/python3.12/site-packages/airflow/example_dags/example_branch_labels.py
[2024-04-19T12:26:37.770+0000] {processor.py:840} INFO - DAG(s) 'example_branch_labels' retrieved from /home/airflow/.local/lib/python3.12/site-packages/airflow/example_dags/example_branch_labels.py
[2024-04-19T12:26:37.786+0000] {logging_mixin.py:188} INFO - [2024-04-19T12:26:37.785+0000] {dag.py:3096} INFO - Sync 1 DAGs
[2024-04-19T12:26:37.801+0000] {logging_mixin.py:188} INFO - [2024-04-19T12:26:37.801+0000] {dag.py:3954} INFO - Setting next_dagrun for example_branch_labels to 2024-04-18 00:00:00+00:00, run_after=2024-04-19 00:00:00+00:00
[2024-04-19T12:26:37.818+0000] {processor.py:183} INFO - Processing /home/airflow/.local/lib/python3.12/site-packages/airflow/example_dags/example_branch_labels.py took 0.057 seconds
[2024-04-19T12:27:07.887+0000] {processor.py:161} INFO - Started process (PID=793) to work on /home/airflow/.local/lib/python3.12/site-packages/airflow/example_dags/example_branch_labels.py
[2024-04-19T12:27:07.888+0000] {processor.py:830} INFO - Processing file /home/airflow/.local/lib/python3.12/site-packages/airflow/example_dags/example_branch_labels.py for tasks to queue
[2024-04-19T12:27:07.890+0000] {logging_mixin.py:188} INFO - [2024-04-19T12:27:07.890+0000] {dagbag.py:540} INFO - Filling up the DagBag from /home/airflow/.local/lib/python3.12/site-packages/airflow/example_dags/example_branch_labels.py
[2024-04-19T12:27:07.898+0000] {processor.py:840} INFO - DAG(s) 'example_branch_labels' retrieved from /home/airflow/.local/lib/python3.12/site-packages/airflow/example_dags/example_branch_labels.py
[2024-04-19T12:27:07.918+0000] {logging_mixin.py:188} INFO - [2024-04-19T12:27:07.918+0000] {dag.py:3096} INFO - Sync 1 DAGs
[2024-04-19T12:27:07.936+0000] {logging_mixin.py:188} INFO - [2024-04-19T12:27:07.935+0000] {dag.py:3954} INFO - Setting next_dagrun for example_branch_labels to 2024-04-18 00:00:00+00:00, run_after=2024-04-19 00:00:00+00:00
[2024-04-19T12:27:07.954+0000] {processor.py:183} INFO - Processing /home/airflow/.local/lib/python3.12/site-packages/airflow/example_dags/example_branch_labels.py took 0.073 seconds
[2024-04-19T12:27:38.614+0000] {processor.py:161} INFO - Started process (PID=851) to work on /home/airflow/.local/lib/python3.12/site-packages/airflow/example_dags/example_branch_labels.py
[2024-04-19T12:27:38.616+0000] {processor.py:830} INFO - Processing file /home/airflow/.local/lib/python3.12/site-packages/airflow/example_dags/example_branch_labels.py for tasks to queue
[2024-04-19T12:27:38.618+0000] {logging_mixin.py:188} INFO - [2024-04-19T12:27:38.618+0000] {dagbag.py:540} INFO - Filling up the DagBag from /home/airflow/.local/lib/python3.12/site-packages/airflow/example_dags/example_branch_labels.py
[2024-04-19T12:27:38.623+0000] {processor.py:840} INFO - DAG(s) 'example_branch_labels' retrieved from /home/airflow/.local/lib/python3.12/site-packages/airflow/example_dags/example_branch_labels.py
[2024-04-19T12:27:38.640+0000] {logging_mixin.py:188} INFO - [2024-04-19T12:27:38.639+0000] {dag.py:3096} INFO - Sync 1 DAGs
[2024-04-19T12:27:38.657+0000] {logging_mixin.py:188} INFO - [2024-04-19T12:27:38.657+0000] {dag.py:3954} INFO - Setting next_dagrun for example_branch_labels to 2024-04-18 00:00:00+00:00, run_after=2024-04-19 00:00:00+00:00
[2024-04-19T12:27:38.674+0000] {processor.py:183} INFO - Processing /home/airflow/.local/lib/python3.12/site-packages/airflow/example_dags/example_branch_labels.py took 0.067 seconds
[2024-04-19T12:28:08.833+0000] {processor.py:161} INFO - Started process (PID=909) to work on /home/airflow/.local/lib/python3.12/site-packages/airflow/example_dags/example_branch_labels.py
[2024-04-19T12:28:08.834+0000] {processor.py:830} INFO - Processing file /home/airflow/.local/lib/python3.12/site-packages/airflow/example_dags/example_branch_labels.py for tasks to queue
[2024-04-19T12:28:08.835+0000] {logging_mixin.py:188} INFO - [2024-04-19T12:28:08.835+0000] {dagbag.py:540} INFO - Filling up the DagBag from /home/airflow/.local/lib/python3.12/site-packages/airflow/example_dags/example_branch_labels.py
[2024-04-19T12:28:08.840+0000] {processor.py:840} INFO - DAG(s) 'example_branch_labels' retrieved from /home/airflow/.local/lib/python3.12/site-packages/airflow/example_dags/example_branch_labels.py
[2024-04-19T12:28:08.853+0000] {logging_mixin.py:188} INFO - [2024-04-19T12:28:08.853+0000] {dag.py:3096} INFO - Sync 1 DAGs
[2024-04-19T12:28:08.869+0000] {logging_mixin.py:188} INFO - [2024-04-19T12:28:08.869+0000] {dag.py:3954} INFO - Setting next_dagrun for example_branch_labels to 2024-04-18 00:00:00+00:00, run_after=2024-04-19 00:00:00+00:00
[2024-04-19T12:28:08.884+0000] {processor.py:183} INFO - Processing /home/airflow/.local/lib/python3.12/site-packages/airflow/example_dags/example_branch_labels.py took 0.056 seconds
[2024-04-19T12:28:38.941+0000] {processor.py:161} INFO - Started process (PID=967) to work on /home/airflow/.local/lib/python3.12/site-packages/airflow/example_dags/example_branch_labels.py
[2024-04-19T12:28:38.942+0000] {processor.py:830} INFO - Processing file /home/airflow/.local/lib/python3.12/site-packages/airflow/example_dags/example_branch_labels.py for tasks to queue
[2024-04-19T12:28:38.944+0000] {logging_mixin.py:188} INFO - [2024-04-19T12:28:38.944+0000] {dagbag.py:540} INFO - Filling up the DagBag from /home/airflow/.local/lib/python3.12/site-packages/airflow/example_dags/example_branch_labels.py
[2024-04-19T12:28:38.951+0000] {processor.py:840} INFO - DAG(s) 'example_branch_labels' retrieved from /home/airflow/.local/lib/python3.12/site-packages/airflow/example_dags/example_branch_labels.py
[2024-04-19T12:28:38.972+0000] {logging_mixin.py:188} INFO - [2024-04-19T12:28:38.971+0000] {dag.py:3096} INFO - Sync 1 DAGs
[2024-04-19T12:28:38.992+0000] {logging_mixin.py:188} INFO - [2024-04-19T12:28:38.992+0000] {dag.py:3954} INFO - Setting next_dagrun for example_branch_labels to 2024-04-18 00:00:00+00:00, run_after=2024-04-19 00:00:00+00:00
[2024-04-19T12:28:39.012+0000] {processor.py:183} INFO - Processing /home/airflow/.local/lib/python3.12/site-packages/airflow/example_dags/example_branch_labels.py took 0.075 seconds
[2024-04-19T12:29:09.228+0000] {processor.py:161} INFO - Started process (PID=1025) to work on /home/airflow/.local/lib/python3.12/site-packages/airflow/example_dags/example_branch_labels.py
[2024-04-19T12:29:09.229+0000] {processor.py:830} INFO - Processing file /home/airflow/.local/lib/python3.12/site-packages/airflow/example_dags/example_branch_labels.py for tasks to queue
[2024-04-19T12:29:09.231+0000] {logging_mixin.py:188} INFO - [2024-04-19T12:29:09.231+0000] {dagbag.py:540} INFO - Filling up the DagBag from /home/airflow/.local/lib/python3.12/site-packages/airflow/example_dags/example_branch_labels.py
[2024-04-19T12:29:09.237+0000] {processor.py:840} INFO - DAG(s) 'example_branch_labels' retrieved from /home/airflow/.local/lib/python3.12/site-packages/airflow/example_dags/example_branch_labels.py
[2024-04-19T12:29:09.252+0000] {logging_mixin.py:188} INFO - [2024-04-19T12:29:09.251+0000] {dag.py:3096} INFO - Sync 1 DAGs
[2024-04-19T12:29:09.266+0000] {logging_mixin.py:188} INFO - [2024-04-19T12:29:09.266+0000] {dag.py:3954} INFO - Setting next_dagrun for example_branch_labels to 2024-04-18 00:00:00+00:00, run_after=2024-04-19 00:00:00+00:00
[2024-04-19T12:29:09.281+0000] {processor.py:183} INFO - Processing /home/airflow/.local/lib/python3.12/site-packages/airflow/example_dags/example_branch_labels.py took 0.057 seconds
[2024-04-19T12:29:39.893+0000] {processor.py:161} INFO - Started process (PID=1083) to work on /home/airflow/.local/lib/python3.12/site-packages/airflow/example_dags/example_branch_labels.py
[2024-04-19T12:29:39.894+0000] {processor.py:830} INFO - Processing file /home/airflow/.local/lib/python3.12/site-packages/airflow/example_dags/example_branch_labels.py for tasks to queue
[2024-04-19T12:29:39.897+0000] {logging_mixin.py:188} INFO - [2024-04-19T12:29:39.896+0000] {dagbag.py:540} INFO - Filling up the DagBag from /home/airflow/.local/lib/python3.12/site-packages/airflow/example_dags/example_branch_labels.py
[2024-04-19T12:29:39.903+0000] {processor.py:840} INFO - DAG(s) 'example_branch_labels' retrieved from /home/airflow/.local/lib/python3.12/site-packages/airflow/example_dags/example_branch_labels.py
[2024-04-19T12:29:39.913+0000] {logging_mixin.py:188} INFO - [2024-04-19T12:29:39.913+0000] {dag.py:3096} INFO - Sync 1 DAGs
[2024-04-19T12:29:39.931+0000] {logging_mixin.py:188} INFO - [2024-04-19T12:29:39.931+0000] {dag.py:3954} INFO - Setting next_dagrun for example_branch_labels to 2024-04-18 00:00:00+00:00, run_after=2024-04-19 00:00:00+00:00
[2024-04-19T12:29:39.948+0000] {processor.py:183} INFO - Processing /home/airflow/.local/lib/python3.12/site-packages/airflow/example_dags/example_branch_labels.py took 0.064 seconds
[2024-04-19T12:30:10.854+0000] {processor.py:161} INFO - Started process (PID=1141) to work on /home/airflow/.local/lib/python3.12/site-packages/airflow/example_dags/example_branch_labels.py
[2024-04-19T12:30:10.855+0000] {processor.py:830} INFO - Processing file /home/airflow/.local/lib/python3.12/site-packages/airflow/example_dags/example_branch_labels.py for tasks to queue
[2024-04-19T12:30:10.857+0000] {logging_mixin.py:188} INFO - [2024-04-19T12:30:10.857+0000] {dagbag.py:540} INFO - Filling up the DagBag from /home/airflow/.local/lib/python3.12/site-packages/airflow/example_dags/example_branch_labels.py
[2024-04-19T12:30:10.862+0000] {processor.py:840} INFO - DAG(s) 'example_branch_labels' retrieved from /home/airflow/.local/lib/python3.12/site-packages/airflow/example_dags/example_branch_labels.py
[2024-04-19T12:30:11.024+0000] {logging_mixin.py:188} INFO - [2024-04-19T12:30:11.024+0000] {dag.py:3096} INFO - Sync 1 DAGs
[2024-04-19T12:30:11.037+0000] {logging_mixin.py:188} INFO - [2024-04-19T12:30:11.037+0000] {dag.py:3954} INFO - Setting next_dagrun for example_branch_labels to 2024-04-18 00:00:00+00:00, run_after=2024-04-19 00:00:00+00:00
[2024-04-19T12:30:11.053+0000] {processor.py:183} INFO - Processing /home/airflow/.local/lib/python3.12/site-packages/airflow/example_dags/example_branch_labels.py took 0.204 seconds
[2024-04-19T12:30:41.211+0000] {processor.py:161} INFO - Started process (PID=1199) to work on /home/airflow/.local/lib/python3.12/site-packages/airflow/example_dags/example_branch_labels.py
[2024-04-19T12:30:41.212+0000] {processor.py:830} INFO - Processing file /home/airflow/.local/lib/python3.12/site-packages/airflow/example_dags/example_branch_labels.py for tasks to queue
[2024-04-19T12:30:41.213+0000] {logging_mixin.py:188} INFO - [2024-04-19T12:30:41.213+0000] {dagbag.py:540} INFO - Filling up the DagBag from /home/airflow/.local/lib/python3.12/site-packages/airflow/example_dags/example_branch_labels.py
[2024-04-19T12:30:41.219+0000] {processor.py:840} INFO - DAG(s) 'example_branch_labels' retrieved from /home/airflow/.local/lib/python3.12/site-packages/airflow/example_dags/example_branch_labels.py
[2024-04-19T12:30:41.232+0000] {logging_mixin.py:188} INFO - [2024-04-19T12:30:41.232+0000] {dag.py:3096} INFO - Sync 1 DAGs
[2024-04-19T12:30:41.340+0000] {logging_mixin.py:188} INFO - [2024-04-19T12:30:41.340+0000] {dag.py:3954} INFO - Setting next_dagrun for example_branch_labels to 2024-04-18 00:00:00+00:00, run_after=2024-04-19 00:00:00+00:00
[2024-04-19T12:30:41.355+0000] {processor.py:183} INFO - Processing /home/airflow/.local/lib/python3.12/site-packages/airflow/example_dags/example_branch_labels.py took 0.148 seconds
[2024-04-19T12:31:11.748+0000] {processor.py:161} INFO - Started process (PID=1257) to work on /home/airflow/.local/lib/python3.12/site-packages/airflow/example_dags/example_branch_labels.py
[2024-04-19T12:31:11.749+0000] {processor.py:830} INFO - Processing file /home/airflow/.local/lib/python3.12/site-packages/airflow/example_dags/example_branch_labels.py for tasks to queue
[2024-04-19T12:31:11.751+0000] {logging_mixin.py:188} INFO - [2024-04-19T12:31:11.751+0000] {dagbag.py:540} INFO - Filling up the DagBag from /home/airflow/.local/lib/python3.12/site-packages/airflow/example_dags/example_branch_labels.py
[2024-04-19T12:31:11.757+0000] {processor.py:840} INFO - DAG(s) 'example_branch_labels' retrieved from /home/airflow/.local/lib/python3.12/site-packages/airflow/example_dags/example_branch_labels.py
[2024-04-19T12:31:11.771+0000] {logging_mixin.py:188} INFO - [2024-04-19T12:31:11.771+0000] {dag.py:3096} INFO - Sync 1 DAGs
[2024-04-19T12:31:11.787+0000] {logging_mixin.py:188} INFO - [2024-04-19T12:31:11.787+0000] {dag.py:3954} INFO - Setting next_dagrun for example_branch_labels to 2024-04-18 00:00:00+00:00, run_after=2024-04-19 00:00:00+00:00
[2024-04-19T12:31:11.803+0000] {processor.py:183} INFO - Processing /home/airflow/.local/lib/python3.12/site-packages/airflow/example_dags/example_branch_labels.py took 0.059 seconds
[2024-04-19T12:31:42.003+0000] {processor.py:161} INFO - Started process (PID=1314) to work on /home/airflow/.local/lib/python3.12/site-packages/airflow/example_dags/example_branch_labels.py
[2024-04-19T12:31:42.004+0000] {processor.py:830} INFO - Processing file /home/airflow/.local/lib/python3.12/site-packages/airflow/example_dags/example_branch_labels.py for tasks to queue
[2024-04-19T12:31:42.005+0000] {logging_mixin.py:188} INFO - [2024-04-19T12:31:42.005+0000] {dagbag.py:540} INFO - Filling up the DagBag from /home/airflow/.local/lib/python3.12/site-packages/airflow/example_dags/example_branch_labels.py
[2024-04-19T12:31:42.010+0000] {processor.py:840} INFO - DAG(s) 'example_branch_labels' retrieved from /home/airflow/.local/lib/python3.12/site-packages/airflow/example_dags/example_branch_labels.py
[2024-04-19T12:31:42.026+0000] {logging_mixin.py:188} INFO - [2024-04-19T12:31:42.026+0000] {dag.py:3096} INFO - Sync 1 DAGs
[2024-04-19T12:31:42.043+0000] {logging_mixin.py:188} INFO - [2024-04-19T12:31:42.043+0000] {dag.py:3954} INFO - Setting next_dagrun for example_branch_labels to 2024-04-18 00:00:00+00:00, run_after=2024-04-19 00:00:00+00:00
[2024-04-19T12:31:42.059+0000] {processor.py:183} INFO - Processing /home/airflow/.local/lib/python3.12/site-packages/airflow/example_dags/example_branch_labels.py took 0.063 seconds
[2024-04-19T12:32:12.389+0000] {processor.py:161} INFO - Started process (PID=1372) to work on /home/airflow/.local/lib/python3.12/site-packages/airflow/example_dags/example_branch_labels.py
[2024-04-19T12:32:12.390+0000] {processor.py:830} INFO - Processing file /home/airflow/.local/lib/python3.12/site-packages/airflow/example_dags/example_branch_labels.py for tasks to queue
[2024-04-19T12:32:12.391+0000] {logging_mixin.py:188} INFO - [2024-04-19T12:32:12.391+0000] {dagbag.py:540} INFO - Filling up the DagBag from /home/airflow/.local/lib/python3.12/site-packages/airflow/example_dags/example_branch_labels.py
[2024-04-19T12:32:12.396+0000] {processor.py:840} INFO - DAG(s) 'example_branch_labels' retrieved from /home/airflow/.local/lib/python3.12/site-packages/airflow/example_dags/example_branch_labels.py
[2024-04-19T12:32:12.418+0000] {logging_mixin.py:188} INFO - [2024-04-19T12:32:12.418+0000] {dag.py:3096} INFO - Sync 1 DAGs
[2024-04-19T12:32:12.438+0000] {logging_mixin.py:188} INFO - [2024-04-19T12:32:12.438+0000] {dag.py:3954} INFO - Setting next_dagrun for example_branch_labels to 2024-04-18 00:00:00+00:00, run_after=2024-04-19 00:00:00+00:00
[2024-04-19T12:32:12.453+0000] {processor.py:183} INFO - Processing /home/airflow/.local/lib/python3.12/site-packages/airflow/example_dags/example_branch_labels.py took 0.071 seconds
[2024-04-19T12:32:42.850+0000] {processor.py:161} INFO - Started process (PID=1430) to work on /home/airflow/.local/lib/python3.12/site-packages/airflow/example_dags/example_branch_labels.py
[2024-04-19T12:32:42.852+0000] {processor.py:830} INFO - Processing file /home/airflow/.local/lib/python3.12/site-packages/airflow/example_dags/example_branch_labels.py for tasks to queue
[2024-04-19T12:32:42.854+0000] {logging_mixin.py:188} INFO - [2024-04-19T12:32:42.854+0000] {dagbag.py:540} INFO - Filling up the DagBag from /home/airflow/.local/lib/python3.12/site-packages/airflow/example_dags/example_branch_labels.py
[2024-04-19T12:32:42.859+0000] {processor.py:840} INFO - DAG(s) 'example_branch_labels' retrieved from /home/airflow/.local/lib/python3.12/site-packages/airflow/example_dags/example_branch_labels.py
[2024-04-19T12:32:42.877+0000] {logging_mixin.py:188} INFO - [2024-04-19T12:32:42.877+0000] {dag.py:3096} INFO - Sync 1 DAGs
[2024-04-19T12:32:42.893+0000] {logging_mixin.py:188} INFO - [2024-04-19T12:32:42.893+0000] {dag.py:3954} INFO - Setting next_dagrun for example_branch_labels to 2024-04-18 00:00:00+00:00, run_after=2024-04-19 00:00:00+00:00
[2024-04-19T12:32:42.912+0000] {processor.py:183} INFO - Processing /home/airflow/.local/lib/python3.12/site-packages/airflow/example_dags/example_branch_labels.py took 0.066 seconds
[2024-04-19T12:33:13.306+0000] {processor.py:161} INFO - Started process (PID=1488) to work on /home/airflow/.local/lib/python3.12/site-packages/airflow/example_dags/example_branch_labels.py
[2024-04-19T12:33:13.307+0000] {processor.py:830} INFO - Processing file /home/airflow/.local/lib/python3.12/site-packages/airflow/example_dags/example_branch_labels.py for tasks to queue
[2024-04-19T12:33:13.309+0000] {logging_mixin.py:188} INFO - [2024-04-19T12:33:13.308+0000] {dagbag.py:540} INFO - Filling up the DagBag from /home/airflow/.local/lib/python3.12/site-packages/airflow/example_dags/example_branch_labels.py
[2024-04-19T12:33:13.313+0000] {processor.py:840} INFO - DAG(s) 'example_branch_labels' retrieved from /home/airflow/.local/lib/python3.12/site-packages/airflow/example_dags/example_branch_labels.py
[2024-04-19T12:33:13.328+0000] {logging_mixin.py:188} INFO - [2024-04-19T12:33:13.328+0000] {dag.py:3096} INFO - Sync 1 DAGs
[2024-04-19T12:33:13.345+0000] {logging_mixin.py:188} INFO - [2024-04-19T12:33:13.345+0000] {dag.py:3954} INFO - Setting next_dagrun for example_branch_labels to 2024-04-18 00:00:00+00:00, run_after=2024-04-19 00:00:00+00:00
[2024-04-19T12:33:13.360+0000] {processor.py:183} INFO - Processing /home/airflow/.local/lib/python3.12/site-packages/airflow/example_dags/example_branch_labels.py took 0.059 seconds
[2024-04-19T12:33:43.728+0000] {processor.py:161} INFO - Started process (PID=1546) to work on /home/airflow/.local/lib/python3.12/site-packages/airflow/example_dags/example_branch_labels.py
[2024-04-19T12:33:43.729+0000] {processor.py:830} INFO - Processing file /home/airflow/.local/lib/python3.12/site-packages/airflow/example_dags/example_branch_labels.py for tasks to queue
[2024-04-19T12:33:43.731+0000] {logging_mixin.py:188} INFO - [2024-04-19T12:33:43.731+0000] {dagbag.py:540} INFO - Filling up the DagBag from /home/airflow/.local/lib/python3.12/site-packages/airflow/example_dags/example_branch_labels.py
[2024-04-19T12:33:43.737+0000] {processor.py:840} INFO - DAG(s) 'example_branch_labels' retrieved from /home/airflow/.local/lib/python3.12/site-packages/airflow/example_dags/example_branch_labels.py
[2024-04-19T12:33:43.752+0000] {logging_mixin.py:188} INFO - [2024-04-19T12:33:43.751+0000] {dag.py:3096} INFO - Sync 1 DAGs
[2024-04-19T12:33:43.769+0000] {logging_mixin.py:188} INFO - [2024-04-19T12:33:43.769+0000] {dag.py:3954} INFO - Setting next_dagrun for example_branch_labels to 2024-04-18 00:00:00+00:00, run_after=2024-04-19 00:00:00+00:00
[2024-04-19T12:33:43.785+0000] {processor.py:183} INFO - Processing /home/airflow/.local/lib/python3.12/site-packages/airflow/example_dags/example_branch_labels.py took 0.065 seconds
