[2024-04-19T12:17:12.155+0000] {processor.py:161} INFO - Started process (PID=52) to work on /home/airflow/.local/lib/python3.12/site-packages/airflow/example_dags/example_task_group.py
[2024-04-19T12:17:12.156+0000] {processor.py:830} INFO - Processing file /home/airflow/.local/lib/python3.12/site-packages/airflow/example_dags/example_task_group.py for tasks to queue
[2024-04-19T12:17:12.159+0000] {logging_mixin.py:188} INFO - [2024-04-19T12:17:12.158+0000] {dagbag.py:540} INFO - Filling up the DagBag from /home/airflow/.local/lib/python3.12/site-packages/airflow/example_dags/example_task_group.py
[2024-04-19T12:17:12.169+0000] {processor.py:840} INFO - DAG(s) 'example_task_group' retrieved from /home/airflow/.local/lib/python3.12/site-packages/airflow/example_dags/example_task_group.py
[2024-04-19T12:17:12.184+0000] {logging_mixin.py:188} INFO - [2024-04-19T12:17:12.184+0000] {dag.py:3096} INFO - Sync 1 DAGs
[2024-04-19T12:17:12.216+0000] {logging_mixin.py:188} INFO - [2024-04-19T12:17:12.216+0000] {dag.py:3954} INFO - Setting next_dagrun for example_task_group to 2024-04-18 00:00:00+00:00, run_after=2024-04-19 00:00:00+00:00
[2024-04-19T12:17:12.237+0000] {processor.py:183} INFO - Processing /home/airflow/.local/lib/python3.12/site-packages/airflow/example_dags/example_task_group.py took 0.087 seconds
[2024-04-19T12:17:42.488+0000] {processor.py:161} INFO - Started process (PID=110) to work on /home/airflow/.local/lib/python3.12/site-packages/airflow/example_dags/example_task_group.py
[2024-04-19T12:17:42.489+0000] {processor.py:830} INFO - Processing file /home/airflow/.local/lib/python3.12/site-packages/airflow/example_dags/example_task_group.py for tasks to queue
[2024-04-19T12:17:42.491+0000] {logging_mixin.py:188} INFO - [2024-04-19T12:17:42.491+0000] {dagbag.py:540} INFO - Filling up the DagBag from /home/airflow/.local/lib/python3.12/site-packages/airflow/example_dags/example_task_group.py
[2024-04-19T12:17:42.496+0000] {processor.py:840} INFO - DAG(s) 'example_task_group' retrieved from /home/airflow/.local/lib/python3.12/site-packages/airflow/example_dags/example_task_group.py
[2024-04-19T12:17:42.560+0000] {logging_mixin.py:188} INFO - [2024-04-19T12:17:42.560+0000] {dag.py:3096} INFO - Sync 1 DAGs
[2024-04-19T12:17:42.572+0000] {logging_mixin.py:188} INFO - [2024-04-19T12:17:42.572+0000] {dag.py:3954} INFO - Setting next_dagrun for example_task_group to 2024-04-18 00:00:00+00:00, run_after=2024-04-19 00:00:00+00:00
[2024-04-19T12:17:42.587+0000] {processor.py:183} INFO - Processing /home/airflow/.local/lib/python3.12/site-packages/airflow/example_dags/example_task_group.py took 0.105 seconds
[2024-04-19T12:18:13.438+0000] {processor.py:161} INFO - Started process (PID=168) to work on /home/airflow/.local/lib/python3.12/site-packages/airflow/example_dags/example_task_group.py
[2024-04-19T12:18:13.439+0000] {processor.py:830} INFO - Processing file /home/airflow/.local/lib/python3.12/site-packages/airflow/example_dags/example_task_group.py for tasks to queue
[2024-04-19T12:18:13.440+0000] {logging_mixin.py:188} INFO - [2024-04-19T12:18:13.440+0000] {dagbag.py:540} INFO - Filling up the DagBag from /home/airflow/.local/lib/python3.12/site-packages/airflow/example_dags/example_task_group.py
[2024-04-19T12:18:13.445+0000] {processor.py:840} INFO - DAG(s) 'example_task_group' retrieved from /home/airflow/.local/lib/python3.12/site-packages/airflow/example_dags/example_task_group.py
[2024-04-19T12:18:13.458+0000] {logging_mixin.py:188} INFO - [2024-04-19T12:18:13.458+0000] {dag.py:3096} INFO - Sync 1 DAGs
[2024-04-19T12:18:13.472+0000] {logging_mixin.py:188} INFO - [2024-04-19T12:18:13.472+0000] {dag.py:3954} INFO - Setting next_dagrun for example_task_group to 2024-04-18 00:00:00+00:00, run_after=2024-04-19 00:00:00+00:00
[2024-04-19T12:18:13.487+0000] {processor.py:183} INFO - Processing /home/airflow/.local/lib/python3.12/site-packages/airflow/example_dags/example_task_group.py took 0.053 seconds
[2024-04-19T12:20:33.999+0000] {processor.py:161} INFO - Started process (PID=52) to work on /home/airflow/.local/lib/python3.12/site-packages/airflow/example_dags/example_task_group.py
[2024-04-19T12:20:34.001+0000] {processor.py:830} INFO - Processing file /home/airflow/.local/lib/python3.12/site-packages/airflow/example_dags/example_task_group.py for tasks to queue
[2024-04-19T12:20:34.003+0000] {logging_mixin.py:188} INFO - [2024-04-19T12:20:34.002+0000] {dagbag.py:540} INFO - Filling up the DagBag from /home/airflow/.local/lib/python3.12/site-packages/airflow/example_dags/example_task_group.py
[2024-04-19T12:20:34.012+0000] {processor.py:840} INFO - DAG(s) 'example_task_group' retrieved from /home/airflow/.local/lib/python3.12/site-packages/airflow/example_dags/example_task_group.py
[2024-04-19T12:20:34.029+0000] {logging_mixin.py:188} INFO - [2024-04-19T12:20:34.029+0000] {dag.py:3096} INFO - Sync 1 DAGs
[2024-04-19T12:20:34.057+0000] {logging_mixin.py:188} INFO - [2024-04-19T12:20:34.057+0000] {dag.py:3954} INFO - Setting next_dagrun for example_task_group to 2024-04-18 00:00:00+00:00, run_after=2024-04-19 00:00:00+00:00
[2024-04-19T12:20:34.083+0000] {processor.py:183} INFO - Processing /home/airflow/.local/lib/python3.12/site-packages/airflow/example_dags/example_task_group.py took 0.090 seconds
[2024-04-19T12:21:04.367+0000] {processor.py:161} INFO - Started process (PID=110) to work on /home/airflow/.local/lib/python3.12/site-packages/airflow/example_dags/example_task_group.py
[2024-04-19T12:21:04.368+0000] {processor.py:830} INFO - Processing file /home/airflow/.local/lib/python3.12/site-packages/airflow/example_dags/example_task_group.py for tasks to queue
[2024-04-19T12:21:04.369+0000] {logging_mixin.py:188} INFO - [2024-04-19T12:21:04.369+0000] {dagbag.py:540} INFO - Filling up the DagBag from /home/airflow/.local/lib/python3.12/site-packages/airflow/example_dags/example_task_group.py
[2024-04-19T12:21:04.374+0000] {processor.py:840} INFO - DAG(s) 'example_task_group' retrieved from /home/airflow/.local/lib/python3.12/site-packages/airflow/example_dags/example_task_group.py
[2024-04-19T12:21:04.443+0000] {logging_mixin.py:188} INFO - [2024-04-19T12:21:04.442+0000] {dag.py:3096} INFO - Sync 1 DAGs
[2024-04-19T12:21:04.456+0000] {logging_mixin.py:188} INFO - [2024-04-19T12:21:04.456+0000] {dag.py:3954} INFO - Setting next_dagrun for example_task_group to 2024-04-18 00:00:00+00:00, run_after=2024-04-19 00:00:00+00:00
[2024-04-19T12:21:04.472+0000] {processor.py:183} INFO - Processing /home/airflow/.local/lib/python3.12/site-packages/airflow/example_dags/example_task_group.py took 0.110 seconds
[2024-04-19T12:21:35.476+0000] {processor.py:161} INFO - Started process (PID=168) to work on /home/airflow/.local/lib/python3.12/site-packages/airflow/example_dags/example_task_group.py
[2024-04-19T12:21:35.477+0000] {processor.py:830} INFO - Processing file /home/airflow/.local/lib/python3.12/site-packages/airflow/example_dags/example_task_group.py for tasks to queue
[2024-04-19T12:21:35.478+0000] {logging_mixin.py:188} INFO - [2024-04-19T12:21:35.478+0000] {dagbag.py:540} INFO - Filling up the DagBag from /home/airflow/.local/lib/python3.12/site-packages/airflow/example_dags/example_task_group.py
[2024-04-19T12:21:35.483+0000] {processor.py:840} INFO - DAG(s) 'example_task_group' retrieved from /home/airflow/.local/lib/python3.12/site-packages/airflow/example_dags/example_task_group.py
[2024-04-19T12:21:35.497+0000] {logging_mixin.py:188} INFO - [2024-04-19T12:21:35.497+0000] {dag.py:3096} INFO - Sync 1 DAGs
[2024-04-19T12:21:35.512+0000] {logging_mixin.py:188} INFO - [2024-04-19T12:21:35.511+0000] {dag.py:3954} INFO - Setting next_dagrun for example_task_group to 2024-04-18 00:00:00+00:00, run_after=2024-04-19 00:00:00+00:00
[2024-04-19T12:21:35.527+0000] {processor.py:183} INFO - Processing /home/airflow/.local/lib/python3.12/site-packages/airflow/example_dags/example_task_group.py took 0.054 seconds
[2024-04-19T12:22:05.735+0000] {processor.py:161} INFO - Started process (PID=226) to work on /home/airflow/.local/lib/python3.12/site-packages/airflow/example_dags/example_task_group.py
[2024-04-19T12:22:05.736+0000] {processor.py:830} INFO - Processing file /home/airflow/.local/lib/python3.12/site-packages/airflow/example_dags/example_task_group.py for tasks to queue
[2024-04-19T12:22:05.737+0000] {logging_mixin.py:188} INFO - [2024-04-19T12:22:05.737+0000] {dagbag.py:540} INFO - Filling up the DagBag from /home/airflow/.local/lib/python3.12/site-packages/airflow/example_dags/example_task_group.py
[2024-04-19T12:22:05.741+0000] {processor.py:840} INFO - DAG(s) 'example_task_group' retrieved from /home/airflow/.local/lib/python3.12/site-packages/airflow/example_dags/example_task_group.py
[2024-04-19T12:22:05.756+0000] {logging_mixin.py:188} INFO - [2024-04-19T12:22:05.756+0000] {dag.py:3096} INFO - Sync 1 DAGs
[2024-04-19T12:22:05.770+0000] {logging_mixin.py:188} INFO - [2024-04-19T12:22:05.770+0000] {dag.py:3954} INFO - Setting next_dagrun for example_task_group to 2024-04-18 00:00:00+00:00, run_after=2024-04-19 00:00:00+00:00
[2024-04-19T12:22:05.785+0000] {processor.py:183} INFO - Processing /home/airflow/.local/lib/python3.12/site-packages/airflow/example_dags/example_task_group.py took 0.054 seconds
[2024-04-19T12:22:36.210+0000] {processor.py:161} INFO - Started process (PID=284) to work on /home/airflow/.local/lib/python3.12/site-packages/airflow/example_dags/example_task_group.py
[2024-04-19T12:22:36.211+0000] {processor.py:830} INFO - Processing file /home/airflow/.local/lib/python3.12/site-packages/airflow/example_dags/example_task_group.py for tasks to queue
[2024-04-19T12:22:36.213+0000] {logging_mixin.py:188} INFO - [2024-04-19T12:22:36.213+0000] {dagbag.py:540} INFO - Filling up the DagBag from /home/airflow/.local/lib/python3.12/site-packages/airflow/example_dags/example_task_group.py
[2024-04-19T12:22:36.217+0000] {processor.py:840} INFO - DAG(s) 'example_task_group' retrieved from /home/airflow/.local/lib/python3.12/site-packages/airflow/example_dags/example_task_group.py
[2024-04-19T12:22:36.232+0000] {logging_mixin.py:188} INFO - [2024-04-19T12:22:36.232+0000] {dag.py:3096} INFO - Sync 1 DAGs
[2024-04-19T12:22:36.246+0000] {logging_mixin.py:188} INFO - [2024-04-19T12:22:36.246+0000] {dag.py:3954} INFO - Setting next_dagrun for example_task_group to 2024-04-18 00:00:00+00:00, run_after=2024-04-19 00:00:00+00:00
[2024-04-19T12:22:36.262+0000] {processor.py:183} INFO - Processing /home/airflow/.local/lib/python3.12/site-packages/airflow/example_dags/example_task_group.py took 0.057 seconds
[2024-04-19T12:23:06.501+0000] {processor.py:161} INFO - Started process (PID=342) to work on /home/airflow/.local/lib/python3.12/site-packages/airflow/example_dags/example_task_group.py
[2024-04-19T12:23:06.502+0000] {processor.py:830} INFO - Processing file /home/airflow/.local/lib/python3.12/site-packages/airflow/example_dags/example_task_group.py for tasks to queue
[2024-04-19T12:23:06.504+0000] {logging_mixin.py:188} INFO - [2024-04-19T12:23:06.504+0000] {dagbag.py:540} INFO - Filling up the DagBag from /home/airflow/.local/lib/python3.12/site-packages/airflow/example_dags/example_task_group.py
[2024-04-19T12:23:06.510+0000] {processor.py:840} INFO - DAG(s) 'example_task_group' retrieved from /home/airflow/.local/lib/python3.12/site-packages/airflow/example_dags/example_task_group.py
[2024-04-19T12:23:06.521+0000] {logging_mixin.py:188} INFO - [2024-04-19T12:23:06.521+0000] {dag.py:3096} INFO - Sync 1 DAGs
[2024-04-19T12:23:06.542+0000] {logging_mixin.py:188} INFO - [2024-04-19T12:23:06.542+0000] {dag.py:3954} INFO - Setting next_dagrun for example_task_group to 2024-04-18 00:00:00+00:00, run_after=2024-04-19 00:00:00+00:00
[2024-04-19T12:23:06.562+0000] {processor.py:183} INFO - Processing /home/airflow/.local/lib/python3.12/site-packages/airflow/example_dags/example_task_group.py took 0.065 seconds
[2024-04-19T12:23:36.717+0000] {processor.py:161} INFO - Started process (PID=401) to work on /home/airflow/.local/lib/python3.12/site-packages/airflow/example_dags/example_task_group.py
[2024-04-19T12:23:36.718+0000] {processor.py:830} INFO - Processing file /home/airflow/.local/lib/python3.12/site-packages/airflow/example_dags/example_task_group.py for tasks to queue
[2024-04-19T12:23:36.719+0000] {logging_mixin.py:188} INFO - [2024-04-19T12:23:36.719+0000] {dagbag.py:540} INFO - Filling up the DagBag from /home/airflow/.local/lib/python3.12/site-packages/airflow/example_dags/example_task_group.py
[2024-04-19T12:23:36.723+0000] {processor.py:840} INFO - DAG(s) 'example_task_group' retrieved from /home/airflow/.local/lib/python3.12/site-packages/airflow/example_dags/example_task_group.py
[2024-04-19T12:23:36.790+0000] {logging_mixin.py:188} INFO - [2024-04-19T12:23:36.790+0000] {dag.py:3096} INFO - Sync 1 DAGs
[2024-04-19T12:23:36.806+0000] {logging_mixin.py:188} INFO - [2024-04-19T12:23:36.806+0000] {dag.py:3954} INFO - Setting next_dagrun for example_task_group to 2024-04-18 00:00:00+00:00, run_after=2024-04-19 00:00:00+00:00
[2024-04-19T12:23:36.912+0000] {processor.py:183} INFO - Processing /home/airflow/.local/lib/python3.12/site-packages/airflow/example_dags/example_task_group.py took 0.198 seconds
[2024-04-19T12:24:07.686+0000] {processor.py:161} INFO - Started process (PID=460) to work on /home/airflow/.local/lib/python3.12/site-packages/airflow/example_dags/example_task_group.py
[2024-04-19T12:24:07.686+0000] {processor.py:830} INFO - Processing file /home/airflow/.local/lib/python3.12/site-packages/airflow/example_dags/example_task_group.py for tasks to queue
[2024-04-19T12:24:07.688+0000] {logging_mixin.py:188} INFO - [2024-04-19T12:24:07.688+0000] {dagbag.py:540} INFO - Filling up the DagBag from /home/airflow/.local/lib/python3.12/site-packages/airflow/example_dags/example_task_group.py
[2024-04-19T12:24:07.692+0000] {processor.py:840} INFO - DAG(s) 'example_task_group' retrieved from /home/airflow/.local/lib/python3.12/site-packages/airflow/example_dags/example_task_group.py
[2024-04-19T12:24:07.708+0000] {logging_mixin.py:188} INFO - [2024-04-19T12:24:07.708+0000] {dag.py:3096} INFO - Sync 1 DAGs
[2024-04-19T12:24:07.723+0000] {logging_mixin.py:188} INFO - [2024-04-19T12:24:07.723+0000] {dag.py:3954} INFO - Setting next_dagrun for example_task_group to 2024-04-18 00:00:00+00:00, run_after=2024-04-19 00:00:00+00:00
[2024-04-19T12:24:07.740+0000] {processor.py:183} INFO - Processing /home/airflow/.local/lib/python3.12/site-packages/airflow/example_dags/example_task_group.py took 0.059 seconds
[2024-04-19T12:24:38.111+0000] {processor.py:161} INFO - Started process (PID=518) to work on /home/airflow/.local/lib/python3.12/site-packages/airflow/example_dags/example_task_group.py
[2024-04-19T12:24:38.112+0000] {processor.py:830} INFO - Processing file /home/airflow/.local/lib/python3.12/site-packages/airflow/example_dags/example_task_group.py for tasks to queue
[2024-04-19T12:24:38.113+0000] {logging_mixin.py:188} INFO - [2024-04-19T12:24:38.113+0000] {dagbag.py:540} INFO - Filling up the DagBag from /home/airflow/.local/lib/python3.12/site-packages/airflow/example_dags/example_task_group.py
[2024-04-19T12:24:38.120+0000] {processor.py:840} INFO - DAG(s) 'example_task_group' retrieved from /home/airflow/.local/lib/python3.12/site-packages/airflow/example_dags/example_task_group.py
[2024-04-19T12:24:38.136+0000] {logging_mixin.py:188} INFO - [2024-04-19T12:24:38.136+0000] {dag.py:3096} INFO - Sync 1 DAGs
[2024-04-19T12:24:38.152+0000] {logging_mixin.py:188} INFO - [2024-04-19T12:24:38.152+0000] {dag.py:3954} INFO - Setting next_dagrun for example_task_group to 2024-04-18 00:00:00+00:00, run_after=2024-04-19 00:00:00+00:00
[2024-04-19T12:24:38.168+0000] {processor.py:183} INFO - Processing /home/airflow/.local/lib/python3.12/site-packages/airflow/example_dags/example_task_group.py took 0.060 seconds
[2024-04-19T12:25:08.834+0000] {processor.py:161} INFO - Started process (PID=576) to work on /home/airflow/.local/lib/python3.12/site-packages/airflow/example_dags/example_task_group.py
[2024-04-19T12:25:08.835+0000] {processor.py:830} INFO - Processing file /home/airflow/.local/lib/python3.12/site-packages/airflow/example_dags/example_task_group.py for tasks to queue
[2024-04-19T12:25:08.839+0000] {logging_mixin.py:188} INFO - [2024-04-19T12:25:08.838+0000] {dagbag.py:540} INFO - Filling up the DagBag from /home/airflow/.local/lib/python3.12/site-packages/airflow/example_dags/example_task_group.py
[2024-04-19T12:25:08.847+0000] {processor.py:840} INFO - DAG(s) 'example_task_group' retrieved from /home/airflow/.local/lib/python3.12/site-packages/airflow/example_dags/example_task_group.py
[2024-04-19T12:25:08.874+0000] {logging_mixin.py:188} INFO - [2024-04-19T12:25:08.874+0000] {dag.py:3096} INFO - Sync 1 DAGs
[2024-04-19T12:25:08.896+0000] {logging_mixin.py:188} INFO - [2024-04-19T12:25:08.896+0000] {dag.py:3954} INFO - Setting next_dagrun for example_task_group to 2024-04-18 00:00:00+00:00, run_after=2024-04-19 00:00:00+00:00
[2024-04-19T12:25:08.914+0000] {processor.py:183} INFO - Processing /home/airflow/.local/lib/python3.12/site-packages/airflow/example_dags/example_task_group.py took 0.088 seconds
[2024-04-19T12:25:39.129+0000] {processor.py:161} INFO - Started process (PID=634) to work on /home/airflow/.local/lib/python3.12/site-packages/airflow/example_dags/example_task_group.py
[2024-04-19T12:25:39.130+0000] {processor.py:830} INFO - Processing file /home/airflow/.local/lib/python3.12/site-packages/airflow/example_dags/example_task_group.py for tasks to queue
[2024-04-19T12:25:39.131+0000] {logging_mixin.py:188} INFO - [2024-04-19T12:25:39.131+0000] {dagbag.py:540} INFO - Filling up the DagBag from /home/airflow/.local/lib/python3.12/site-packages/airflow/example_dags/example_task_group.py
[2024-04-19T12:25:39.139+0000] {processor.py:840} INFO - DAG(s) 'example_task_group' retrieved from /home/airflow/.local/lib/python3.12/site-packages/airflow/example_dags/example_task_group.py
[2024-04-19T12:25:39.159+0000] {logging_mixin.py:188} INFO - [2024-04-19T12:25:39.159+0000] {dag.py:3096} INFO - Sync 1 DAGs
[2024-04-19T12:25:39.180+0000] {logging_mixin.py:188} INFO - [2024-04-19T12:25:39.179+0000] {dag.py:3954} INFO - Setting next_dagrun for example_task_group to 2024-04-18 00:00:00+00:00, run_after=2024-04-19 00:00:00+00:00
[2024-04-19T12:25:39.217+0000] {processor.py:183} INFO - Processing /home/airflow/.local/lib/python3.12/site-packages/airflow/example_dags/example_task_group.py took 0.092 seconds
[2024-04-19T12:26:09.279+0000] {processor.py:161} INFO - Started process (PID=692) to work on /home/airflow/.local/lib/python3.12/site-packages/airflow/example_dags/example_task_group.py
[2024-04-19T12:26:09.280+0000] {processor.py:830} INFO - Processing file /home/airflow/.local/lib/python3.12/site-packages/airflow/example_dags/example_task_group.py for tasks to queue
[2024-04-19T12:26:09.282+0000] {logging_mixin.py:188} INFO - [2024-04-19T12:26:09.281+0000] {dagbag.py:540} INFO - Filling up the DagBag from /home/airflow/.local/lib/python3.12/site-packages/airflow/example_dags/example_task_group.py
[2024-04-19T12:26:09.288+0000] {processor.py:840} INFO - DAG(s) 'example_task_group' retrieved from /home/airflow/.local/lib/python3.12/site-packages/airflow/example_dags/example_task_group.py
[2024-04-19T12:26:09.309+0000] {logging_mixin.py:188} INFO - [2024-04-19T12:26:09.309+0000] {dag.py:3096} INFO - Sync 1 DAGs
[2024-04-19T12:26:09.330+0000] {logging_mixin.py:188} INFO - [2024-04-19T12:26:09.330+0000] {dag.py:3954} INFO - Setting next_dagrun for example_task_group to 2024-04-18 00:00:00+00:00, run_after=2024-04-19 00:00:00+00:00
[2024-04-19T12:26:09.354+0000] {processor.py:183} INFO - Processing /home/airflow/.local/lib/python3.12/site-packages/airflow/example_dags/example_task_group.py took 0.079 seconds
[2024-04-19T12:26:39.431+0000] {processor.py:161} INFO - Started process (PID=750) to work on /home/airflow/.local/lib/python3.12/site-packages/airflow/example_dags/example_task_group.py
[2024-04-19T12:26:39.432+0000] {processor.py:830} INFO - Processing file /home/airflow/.local/lib/python3.12/site-packages/airflow/example_dags/example_task_group.py for tasks to queue
[2024-04-19T12:26:39.434+0000] {logging_mixin.py:188} INFO - [2024-04-19T12:26:39.433+0000] {dagbag.py:540} INFO - Filling up the DagBag from /home/airflow/.local/lib/python3.12/site-packages/airflow/example_dags/example_task_group.py
[2024-04-19T12:26:39.438+0000] {processor.py:840} INFO - DAG(s) 'example_task_group' retrieved from /home/airflow/.local/lib/python3.12/site-packages/airflow/example_dags/example_task_group.py
[2024-04-19T12:26:39.457+0000] {logging_mixin.py:188} INFO - [2024-04-19T12:26:39.456+0000] {dag.py:3096} INFO - Sync 1 DAGs
[2024-04-19T12:26:39.478+0000] {logging_mixin.py:188} INFO - [2024-04-19T12:26:39.478+0000] {dag.py:3954} INFO - Setting next_dagrun for example_task_group to 2024-04-18 00:00:00+00:00, run_after=2024-04-19 00:00:00+00:00
[2024-04-19T12:26:39.497+0000] {processor.py:183} INFO - Processing /home/airflow/.local/lib/python3.12/site-packages/airflow/example_dags/example_task_group.py took 0.070 seconds
[2024-04-19T12:27:09.559+0000] {processor.py:161} INFO - Started process (PID=808) to work on /home/airflow/.local/lib/python3.12/site-packages/airflow/example_dags/example_task_group.py
[2024-04-19T12:27:09.560+0000] {processor.py:830} INFO - Processing file /home/airflow/.local/lib/python3.12/site-packages/airflow/example_dags/example_task_group.py for tasks to queue
[2024-04-19T12:27:09.561+0000] {logging_mixin.py:188} INFO - [2024-04-19T12:27:09.561+0000] {dagbag.py:540} INFO - Filling up the DagBag from /home/airflow/.local/lib/python3.12/site-packages/airflow/example_dags/example_task_group.py
[2024-04-19T12:27:09.565+0000] {processor.py:840} INFO - DAG(s) 'example_task_group' retrieved from /home/airflow/.local/lib/python3.12/site-packages/airflow/example_dags/example_task_group.py
[2024-04-19T12:27:09.580+0000] {logging_mixin.py:188} INFO - [2024-04-19T12:27:09.580+0000] {dag.py:3096} INFO - Sync 1 DAGs
[2024-04-19T12:27:09.595+0000] {logging_mixin.py:188} INFO - [2024-04-19T12:27:09.595+0000] {dag.py:3954} INFO - Setting next_dagrun for example_task_group to 2024-04-18 00:00:00+00:00, run_after=2024-04-19 00:00:00+00:00
[2024-04-19T12:27:09.610+0000] {processor.py:183} INFO - Processing /home/airflow/.local/lib/python3.12/site-packages/airflow/example_dags/example_task_group.py took 0.054 seconds
[2024-04-19T12:27:40.400+0000] {processor.py:161} INFO - Started process (PID=866) to work on /home/airflow/.local/lib/python3.12/site-packages/airflow/example_dags/example_task_group.py
[2024-04-19T12:27:40.401+0000] {processor.py:830} INFO - Processing file /home/airflow/.local/lib/python3.12/site-packages/airflow/example_dags/example_task_group.py for tasks to queue
[2024-04-19T12:27:40.402+0000] {logging_mixin.py:188} INFO - [2024-04-19T12:27:40.402+0000] {dagbag.py:540} INFO - Filling up the DagBag from /home/airflow/.local/lib/python3.12/site-packages/airflow/example_dags/example_task_group.py
[2024-04-19T12:27:40.409+0000] {processor.py:840} INFO - DAG(s) 'example_task_group' retrieved from /home/airflow/.local/lib/python3.12/site-packages/airflow/example_dags/example_task_group.py
[2024-04-19T12:27:40.430+0000] {logging_mixin.py:188} INFO - [2024-04-19T12:27:40.429+0000] {dag.py:3096} INFO - Sync 1 DAGs
[2024-04-19T12:27:40.447+0000] {logging_mixin.py:188} INFO - [2024-04-19T12:27:40.447+0000] {dag.py:3954} INFO - Setting next_dagrun for example_task_group to 2024-04-18 00:00:00+00:00, run_after=2024-04-19 00:00:00+00:00
[2024-04-19T12:27:40.464+0000] {processor.py:183} INFO - Processing /home/airflow/.local/lib/python3.12/site-packages/airflow/example_dags/example_task_group.py took 0.070 seconds
[2024-04-19T12:28:10.488+0000] {processor.py:161} INFO - Started process (PID=924) to work on /home/airflow/.local/lib/python3.12/site-packages/airflow/example_dags/example_task_group.py
[2024-04-19T12:28:10.489+0000] {processor.py:830} INFO - Processing file /home/airflow/.local/lib/python3.12/site-packages/airflow/example_dags/example_task_group.py for tasks to queue
[2024-04-19T12:28:10.490+0000] {logging_mixin.py:188} INFO - [2024-04-19T12:28:10.490+0000] {dagbag.py:540} INFO - Filling up the DagBag from /home/airflow/.local/lib/python3.12/site-packages/airflow/example_dags/example_task_group.py
[2024-04-19T12:28:10.494+0000] {processor.py:840} INFO - DAG(s) 'example_task_group' retrieved from /home/airflow/.local/lib/python3.12/site-packages/airflow/example_dags/example_task_group.py
[2024-04-19T12:28:10.508+0000] {logging_mixin.py:188} INFO - [2024-04-19T12:28:10.508+0000] {dag.py:3096} INFO - Sync 1 DAGs
[2024-04-19T12:28:10.524+0000] {logging_mixin.py:188} INFO - [2024-04-19T12:28:10.524+0000] {dag.py:3954} INFO - Setting next_dagrun for example_task_group to 2024-04-18 00:00:00+00:00, run_after=2024-04-19 00:00:00+00:00
[2024-04-19T12:28:10.539+0000] {processor.py:183} INFO - Processing /home/airflow/.local/lib/python3.12/site-packages/airflow/example_dags/example_task_group.py took 0.055 seconds
[2024-04-19T12:28:40.685+0000] {processor.py:161} INFO - Started process (PID=982) to work on /home/airflow/.local/lib/python3.12/site-packages/airflow/example_dags/example_task_group.py
[2024-04-19T12:28:40.686+0000] {processor.py:830} INFO - Processing file /home/airflow/.local/lib/python3.12/site-packages/airflow/example_dags/example_task_group.py for tasks to queue
[2024-04-19T12:28:40.688+0000] {logging_mixin.py:188} INFO - [2024-04-19T12:28:40.688+0000] {dagbag.py:540} INFO - Filling up the DagBag from /home/airflow/.local/lib/python3.12/site-packages/airflow/example_dags/example_task_group.py
[2024-04-19T12:28:40.694+0000] {processor.py:840} INFO - DAG(s) 'example_task_group' retrieved from /home/airflow/.local/lib/python3.12/site-packages/airflow/example_dags/example_task_group.py
[2024-04-19T12:28:40.711+0000] {logging_mixin.py:188} INFO - [2024-04-19T12:28:40.711+0000] {dag.py:3096} INFO - Sync 1 DAGs
[2024-04-19T12:28:40.729+0000] {logging_mixin.py:188} INFO - [2024-04-19T12:28:40.729+0000] {dag.py:3954} INFO - Setting next_dagrun for example_task_group to 2024-04-18 00:00:00+00:00, run_after=2024-04-19 00:00:00+00:00
[2024-04-19T12:28:40.747+0000] {processor.py:183} INFO - Processing /home/airflow/.local/lib/python3.12/site-packages/airflow/example_dags/example_task_group.py took 0.067 seconds
[2024-04-19T12:29:11.208+0000] {processor.py:161} INFO - Started process (PID=1040) to work on /home/airflow/.local/lib/python3.12/site-packages/airflow/example_dags/example_task_group.py
[2024-04-19T12:29:11.208+0000] {processor.py:830} INFO - Processing file /home/airflow/.local/lib/python3.12/site-packages/airflow/example_dags/example_task_group.py for tasks to queue
[2024-04-19T12:29:11.210+0000] {logging_mixin.py:188} INFO - [2024-04-19T12:29:11.209+0000] {dagbag.py:540} INFO - Filling up the DagBag from /home/airflow/.local/lib/python3.12/site-packages/airflow/example_dags/example_task_group.py
[2024-04-19T12:29:11.214+0000] {processor.py:840} INFO - DAG(s) 'example_task_group' retrieved from /home/airflow/.local/lib/python3.12/site-packages/airflow/example_dags/example_task_group.py
[2024-04-19T12:29:11.229+0000] {logging_mixin.py:188} INFO - [2024-04-19T12:29:11.229+0000] {dag.py:3096} INFO - Sync 1 DAGs
[2024-04-19T12:29:11.337+0000] {logging_mixin.py:188} INFO - [2024-04-19T12:29:11.336+0000] {dag.py:3954} INFO - Setting next_dagrun for example_task_group to 2024-04-18 00:00:00+00:00, run_after=2024-04-19 00:00:00+00:00
[2024-04-19T12:29:11.350+0000] {processor.py:183} INFO - Processing /home/airflow/.local/lib/python3.12/site-packages/airflow/example_dags/example_task_group.py took 0.147 seconds
[2024-04-19T12:29:41.536+0000] {processor.py:161} INFO - Started process (PID=1098) to work on /home/airflow/.local/lib/python3.12/site-packages/airflow/example_dags/example_task_group.py
[2024-04-19T12:29:41.537+0000] {processor.py:830} INFO - Processing file /home/airflow/.local/lib/python3.12/site-packages/airflow/example_dags/example_task_group.py for tasks to queue
[2024-04-19T12:29:41.538+0000] {logging_mixin.py:188} INFO - [2024-04-19T12:29:41.538+0000] {dagbag.py:540} INFO - Filling up the DagBag from /home/airflow/.local/lib/python3.12/site-packages/airflow/example_dags/example_task_group.py
[2024-04-19T12:29:41.542+0000] {processor.py:840} INFO - DAG(s) 'example_task_group' retrieved from /home/airflow/.local/lib/python3.12/site-packages/airflow/example_dags/example_task_group.py
[2024-04-19T12:29:41.553+0000] {logging_mixin.py:188} INFO - [2024-04-19T12:29:41.552+0000] {dag.py:3096} INFO - Sync 1 DAGs
[2024-04-19T12:29:41.569+0000] {logging_mixin.py:188} INFO - [2024-04-19T12:29:41.569+0000] {dag.py:3954} INFO - Setting next_dagrun for example_task_group to 2024-04-18 00:00:00+00:00, run_after=2024-04-19 00:00:00+00:00
[2024-04-19T12:29:41.588+0000] {processor.py:183} INFO - Processing /home/airflow/.local/lib/python3.12/site-packages/airflow/example_dags/example_task_group.py took 0.056 seconds
[2024-04-19T12:30:12.825+0000] {processor.py:161} INFO - Started process (PID=1156) to work on /home/airflow/.local/lib/python3.12/site-packages/airflow/example_dags/example_task_group.py
[2024-04-19T12:30:12.825+0000] {processor.py:830} INFO - Processing file /home/airflow/.local/lib/python3.12/site-packages/airflow/example_dags/example_task_group.py for tasks to queue
[2024-04-19T12:30:12.827+0000] {logging_mixin.py:188} INFO - [2024-04-19T12:30:12.826+0000] {dagbag.py:540} INFO - Filling up the DagBag from /home/airflow/.local/lib/python3.12/site-packages/airflow/example_dags/example_task_group.py
[2024-04-19T12:30:12.830+0000] {processor.py:840} INFO - DAG(s) 'example_task_group' retrieved from /home/airflow/.local/lib/python3.12/site-packages/airflow/example_dags/example_task_group.py
[2024-04-19T12:30:12.988+0000] {logging_mixin.py:188} INFO - [2024-04-19T12:30:12.988+0000] {dag.py:3096} INFO - Sync 1 DAGs
[2024-04-19T12:30:13.000+0000] {logging_mixin.py:188} INFO - [2024-04-19T12:30:12.999+0000] {dag.py:3954} INFO - Setting next_dagrun for example_task_group to 2024-04-18 00:00:00+00:00, run_after=2024-04-19 00:00:00+00:00
[2024-04-19T12:30:13.014+0000] {processor.py:183} INFO - Processing /home/airflow/.local/lib/python3.12/site-packages/airflow/example_dags/example_task_group.py took 0.193 seconds
[2024-04-19T12:30:43.679+0000] {processor.py:161} INFO - Started process (PID=1214) to work on /home/airflow/.local/lib/python3.12/site-packages/airflow/example_dags/example_task_group.py
[2024-04-19T12:30:43.680+0000] {processor.py:830} INFO - Processing file /home/airflow/.local/lib/python3.12/site-packages/airflow/example_dags/example_task_group.py for tasks to queue
[2024-04-19T12:30:43.681+0000] {logging_mixin.py:188} INFO - [2024-04-19T12:30:43.681+0000] {dagbag.py:540} INFO - Filling up the DagBag from /home/airflow/.local/lib/python3.12/site-packages/airflow/example_dags/example_task_group.py
[2024-04-19T12:30:43.775+0000] {processor.py:840} INFO - DAG(s) 'example_task_group' retrieved from /home/airflow/.local/lib/python3.12/site-packages/airflow/example_dags/example_task_group.py
[2024-04-19T12:30:43.791+0000] {logging_mixin.py:188} INFO - [2024-04-19T12:30:43.791+0000] {dag.py:3096} INFO - Sync 1 DAGs
[2024-04-19T12:30:43.803+0000] {logging_mixin.py:188} INFO - [2024-04-19T12:30:43.803+0000] {dag.py:3954} INFO - Setting next_dagrun for example_task_group to 2024-04-18 00:00:00+00:00, run_after=2024-04-19 00:00:00+00:00
[2024-04-19T12:30:43.818+0000] {processor.py:183} INFO - Processing /home/airflow/.local/lib/python3.12/site-packages/airflow/example_dags/example_task_group.py took 0.142 seconds
[2024-04-19T12:31:14.380+0000] {processor.py:161} INFO - Started process (PID=1272) to work on /home/airflow/.local/lib/python3.12/site-packages/airflow/example_dags/example_task_group.py
[2024-04-19T12:31:14.381+0000] {processor.py:830} INFO - Processing file /home/airflow/.local/lib/python3.12/site-packages/airflow/example_dags/example_task_group.py for tasks to queue
[2024-04-19T12:31:14.382+0000] {logging_mixin.py:188} INFO - [2024-04-19T12:31:14.382+0000] {dagbag.py:540} INFO - Filling up the DagBag from /home/airflow/.local/lib/python3.12/site-packages/airflow/example_dags/example_task_group.py
[2024-04-19T12:31:14.387+0000] {processor.py:840} INFO - DAG(s) 'example_task_group' retrieved from /home/airflow/.local/lib/python3.12/site-packages/airflow/example_dags/example_task_group.py
[2024-04-19T12:31:14.401+0000] {logging_mixin.py:188} INFO - [2024-04-19T12:31:14.401+0000] {dag.py:3096} INFO - Sync 1 DAGs
[2024-04-19T12:31:14.415+0000] {logging_mixin.py:188} INFO - [2024-04-19T12:31:14.415+0000] {dag.py:3954} INFO - Setting next_dagrun for example_task_group to 2024-04-18 00:00:00+00:00, run_after=2024-04-19 00:00:00+00:00
[2024-04-19T12:31:14.431+0000] {processor.py:183} INFO - Processing /home/airflow/.local/lib/python3.12/site-packages/airflow/example_dags/example_task_group.py took 0.054 seconds
[2024-04-19T12:31:44.614+0000] {processor.py:161} INFO - Started process (PID=1329) to work on /home/airflow/.local/lib/python3.12/site-packages/airflow/example_dags/example_task_group.py
[2024-04-19T12:31:44.615+0000] {processor.py:830} INFO - Processing file /home/airflow/.local/lib/python3.12/site-packages/airflow/example_dags/example_task_group.py for tasks to queue
[2024-04-19T12:31:44.617+0000] {logging_mixin.py:188} INFO - [2024-04-19T12:31:44.617+0000] {dagbag.py:540} INFO - Filling up the DagBag from /home/airflow/.local/lib/python3.12/site-packages/airflow/example_dags/example_task_group.py
[2024-04-19T12:31:44.622+0000] {processor.py:840} INFO - DAG(s) 'example_task_group' retrieved from /home/airflow/.local/lib/python3.12/site-packages/airflow/example_dags/example_task_group.py
[2024-04-19T12:31:44.637+0000] {logging_mixin.py:188} INFO - [2024-04-19T12:31:44.637+0000] {dag.py:3096} INFO - Sync 1 DAGs
[2024-04-19T12:31:44.653+0000] {logging_mixin.py:188} INFO - [2024-04-19T12:31:44.653+0000] {dag.py:3954} INFO - Setting next_dagrun for example_task_group to 2024-04-18 00:00:00+00:00, run_after=2024-04-19 00:00:00+00:00
[2024-04-19T12:31:44.668+0000] {processor.py:183} INFO - Processing /home/airflow/.local/lib/python3.12/site-packages/airflow/example_dags/example_task_group.py took 0.058 seconds
[2024-04-19T12:32:15.010+0000] {processor.py:161} INFO - Started process (PID=1387) to work on /home/airflow/.local/lib/python3.12/site-packages/airflow/example_dags/example_task_group.py
[2024-04-19T12:32:15.011+0000] {processor.py:830} INFO - Processing file /home/airflow/.local/lib/python3.12/site-packages/airflow/example_dags/example_task_group.py for tasks to queue
[2024-04-19T12:32:15.012+0000] {logging_mixin.py:188} INFO - [2024-04-19T12:32:15.012+0000] {dagbag.py:540} INFO - Filling up the DagBag from /home/airflow/.local/lib/python3.12/site-packages/airflow/example_dags/example_task_group.py
[2024-04-19T12:32:15.017+0000] {processor.py:840} INFO - DAG(s) 'example_task_group' retrieved from /home/airflow/.local/lib/python3.12/site-packages/airflow/example_dags/example_task_group.py
[2024-04-19T12:32:15.031+0000] {logging_mixin.py:188} INFO - [2024-04-19T12:32:15.031+0000] {dag.py:3096} INFO - Sync 1 DAGs
[2024-04-19T12:32:15.047+0000] {logging_mixin.py:188} INFO - [2024-04-19T12:32:15.047+0000] {dag.py:3954} INFO - Setting next_dagrun for example_task_group to 2024-04-18 00:00:00+00:00, run_after=2024-04-19 00:00:00+00:00
[2024-04-19T12:32:15.061+0000] {processor.py:183} INFO - Processing /home/airflow/.local/lib/python3.12/site-packages/airflow/example_dags/example_task_group.py took 0.055 seconds
[2024-04-19T12:32:45.530+0000] {processor.py:161} INFO - Started process (PID=1445) to work on /home/airflow/.local/lib/python3.12/site-packages/airflow/example_dags/example_task_group.py
[2024-04-19T12:32:45.531+0000] {processor.py:830} INFO - Processing file /home/airflow/.local/lib/python3.12/site-packages/airflow/example_dags/example_task_group.py for tasks to queue
[2024-04-19T12:32:45.532+0000] {logging_mixin.py:188} INFO - [2024-04-19T12:32:45.532+0000] {dagbag.py:540} INFO - Filling up the DagBag from /home/airflow/.local/lib/python3.12/site-packages/airflow/example_dags/example_task_group.py
[2024-04-19T12:32:45.538+0000] {processor.py:840} INFO - DAG(s) 'example_task_group' retrieved from /home/airflow/.local/lib/python3.12/site-packages/airflow/example_dags/example_task_group.py
[2024-04-19T12:32:45.553+0000] {logging_mixin.py:188} INFO - [2024-04-19T12:32:45.553+0000] {dag.py:3096} INFO - Sync 1 DAGs
[2024-04-19T12:32:45.569+0000] {logging_mixin.py:188} INFO - [2024-04-19T12:32:45.569+0000] {dag.py:3954} INFO - Setting next_dagrun for example_task_group to 2024-04-18 00:00:00+00:00, run_after=2024-04-19 00:00:00+00:00
[2024-04-19T12:32:45.583+0000] {processor.py:183} INFO - Processing /home/airflow/.local/lib/python3.12/site-packages/airflow/example_dags/example_task_group.py took 0.057 seconds
[2024-04-19T12:33:15.935+0000] {processor.py:161} INFO - Started process (PID=1503) to work on /home/airflow/.local/lib/python3.12/site-packages/airflow/example_dags/example_task_group.py
[2024-04-19T12:33:15.936+0000] {processor.py:830} INFO - Processing file /home/airflow/.local/lib/python3.12/site-packages/airflow/example_dags/example_task_group.py for tasks to queue
[2024-04-19T12:33:15.938+0000] {logging_mixin.py:188} INFO - [2024-04-19T12:33:15.938+0000] {dagbag.py:540} INFO - Filling up the DagBag from /home/airflow/.local/lib/python3.12/site-packages/airflow/example_dags/example_task_group.py
[2024-04-19T12:33:15.942+0000] {processor.py:840} INFO - DAG(s) 'example_task_group' retrieved from /home/airflow/.local/lib/python3.12/site-packages/airflow/example_dags/example_task_group.py
[2024-04-19T12:33:15.963+0000] {logging_mixin.py:188} INFO - [2024-04-19T12:33:15.962+0000] {dag.py:3096} INFO - Sync 1 DAGs
[2024-04-19T12:33:15.981+0000] {logging_mixin.py:188} INFO - [2024-04-19T12:33:15.981+0000] {dag.py:3954} INFO - Setting next_dagrun for example_task_group to 2024-04-18 00:00:00+00:00, run_after=2024-04-19 00:00:00+00:00
[2024-04-19T12:33:16.002+0000] {processor.py:183} INFO - Processing /home/airflow/.local/lib/python3.12/site-packages/airflow/example_dags/example_task_group.py took 0.075 seconds
[2024-04-19T12:33:46.334+0000] {processor.py:161} INFO - Started process (PID=1561) to work on /home/airflow/.local/lib/python3.12/site-packages/airflow/example_dags/example_task_group.py
[2024-04-19T12:33:46.335+0000] {processor.py:830} INFO - Processing file /home/airflow/.local/lib/python3.12/site-packages/airflow/example_dags/example_task_group.py for tasks to queue
[2024-04-19T12:33:46.337+0000] {logging_mixin.py:188} INFO - [2024-04-19T12:33:46.337+0000] {dagbag.py:540} INFO - Filling up the DagBag from /home/airflow/.local/lib/python3.12/site-packages/airflow/example_dags/example_task_group.py
[2024-04-19T12:33:46.343+0000] {processor.py:840} INFO - DAG(s) 'example_task_group' retrieved from /home/airflow/.local/lib/python3.12/site-packages/airflow/example_dags/example_task_group.py
[2024-04-19T12:33:46.359+0000] {logging_mixin.py:188} INFO - [2024-04-19T12:33:46.359+0000] {dag.py:3096} INFO - Sync 1 DAGs
[2024-04-19T12:33:46.376+0000] {logging_mixin.py:188} INFO - [2024-04-19T12:33:46.375+0000] {dag.py:3954} INFO - Setting next_dagrun for example_task_group to 2024-04-18 00:00:00+00:00, run_after=2024-04-19 00:00:00+00:00
[2024-04-19T12:33:46.391+0000] {processor.py:183} INFO - Processing /home/airflow/.local/lib/python3.12/site-packages/airflow/example_dags/example_task_group.py took 0.064 seconds
