[2024-04-19T12:17:11.683+0000] {processor.py:161} INFO - Started process (PID=47) to work on /home/airflow/.local/lib/python3.12/site-packages/airflow/example_dags/example_params_trigger_ui.py
[2024-04-19T12:17:11.684+0000] {processor.py:830} INFO - Processing file /home/airflow/.local/lib/python3.12/site-packages/airflow/example_dags/example_params_trigger_ui.py for tasks to queue
[2024-04-19T12:17:11.685+0000] {logging_mixin.py:188} INFO - [2024-04-19T12:17:11.685+0000] {dagbag.py:540} INFO - Filling up the DagBag from /home/airflow/.local/lib/python3.12/site-packages/airflow/example_dags/example_params_trigger_ui.py
[2024-04-19T12:17:11.703+0000] {processor.py:840} INFO - DAG(s) 'example_params_trigger_ui' retrieved from /home/airflow/.local/lib/python3.12/site-packages/airflow/example_dags/example_params_trigger_ui.py
[2024-04-19T12:17:11.716+0000] {logging_mixin.py:188} INFO - [2024-04-19T12:17:11.716+0000] {dag.py:3096} INFO - Sync 1 DAGs
[2024-04-19T12:17:11.736+0000] {logging_mixin.py:188} INFO - [2024-04-19T12:17:11.735+0000] {dag.py:3954} INFO - Setting next_dagrun for example_params_trigger_ui to None, run_after=None
[2024-04-19T12:17:11.761+0000] {processor.py:183} INFO - Processing /home/airflow/.local/lib/python3.12/site-packages/airflow/example_dags/example_params_trigger_ui.py took 0.084 seconds
[2024-04-19T12:17:42.108+0000] {processor.py:161} INFO - Started process (PID=105) to work on /home/airflow/.local/lib/python3.12/site-packages/airflow/example_dags/example_params_trigger_ui.py
[2024-04-19T12:17:42.109+0000] {processor.py:830} INFO - Processing file /home/airflow/.local/lib/python3.12/site-packages/airflow/example_dags/example_params_trigger_ui.py for tasks to queue
[2024-04-19T12:17:42.110+0000] {logging_mixin.py:188} INFO - [2024-04-19T12:17:42.110+0000] {dagbag.py:540} INFO - Filling up the DagBag from /home/airflow/.local/lib/python3.12/site-packages/airflow/example_dags/example_params_trigger_ui.py
[2024-04-19T12:17:42.119+0000] {processor.py:840} INFO - DAG(s) 'example_params_trigger_ui' retrieved from /home/airflow/.local/lib/python3.12/site-packages/airflow/example_dags/example_params_trigger_ui.py
[2024-04-19T12:17:42.193+0000] {logging_mixin.py:188} INFO - [2024-04-19T12:17:42.193+0000] {dag.py:3096} INFO - Sync 1 DAGs
[2024-04-19T12:17:42.200+0000] {logging_mixin.py:188} INFO - [2024-04-19T12:17:42.200+0000] {dag.py:3954} INFO - Setting next_dagrun for example_params_trigger_ui to None, run_after=None
[2024-04-19T12:17:42.215+0000] {processor.py:183} INFO - Processing /home/airflow/.local/lib/python3.12/site-packages/airflow/example_dags/example_params_trigger_ui.py took 0.111 seconds
[2024-04-19T12:18:13.148+0000] {processor.py:161} INFO - Started process (PID=163) to work on /home/airflow/.local/lib/python3.12/site-packages/airflow/example_dags/example_params_trigger_ui.py
[2024-04-19T12:18:13.149+0000] {processor.py:830} INFO - Processing file /home/airflow/.local/lib/python3.12/site-packages/airflow/example_dags/example_params_trigger_ui.py for tasks to queue
[2024-04-19T12:18:13.151+0000] {logging_mixin.py:188} INFO - [2024-04-19T12:18:13.150+0000] {dagbag.py:540} INFO - Filling up the DagBag from /home/airflow/.local/lib/python3.12/site-packages/airflow/example_dags/example_params_trigger_ui.py
[2024-04-19T12:18:13.160+0000] {processor.py:840} INFO - DAG(s) 'example_params_trigger_ui' retrieved from /home/airflow/.local/lib/python3.12/site-packages/airflow/example_dags/example_params_trigger_ui.py
[2024-04-19T12:18:13.187+0000] {logging_mixin.py:188} INFO - [2024-04-19T12:18:13.186+0000] {dag.py:3096} INFO - Sync 1 DAGs
[2024-04-19T12:18:13.195+0000] {logging_mixin.py:188} INFO - [2024-04-19T12:18:13.195+0000] {dag.py:3954} INFO - Setting next_dagrun for example_params_trigger_ui to None, run_after=None
[2024-04-19T12:18:13.210+0000] {processor.py:183} INFO - Processing /home/airflow/.local/lib/python3.12/site-packages/airflow/example_dags/example_params_trigger_ui.py took 0.074 seconds
[2024-04-19T12:18:43.530+0000] {processor.py:161} INFO - Started process (PID=221) to work on /home/airflow/.local/lib/python3.12/site-packages/airflow/example_dags/example_params_trigger_ui.py
[2024-04-19T12:18:43.531+0000] {processor.py:830} INFO - Processing file /home/airflow/.local/lib/python3.12/site-packages/airflow/example_dags/example_params_trigger_ui.py for tasks to queue
[2024-04-19T12:18:43.532+0000] {logging_mixin.py:188} INFO - [2024-04-19T12:18:43.532+0000] {dagbag.py:540} INFO - Filling up the DagBag from /home/airflow/.local/lib/python3.12/site-packages/airflow/example_dags/example_params_trigger_ui.py
[2024-04-19T12:18:43.541+0000] {processor.py:840} INFO - DAG(s) 'example_params_trigger_ui' retrieved from /home/airflow/.local/lib/python3.12/site-packages/airflow/example_dags/example_params_trigger_ui.py
[2024-04-19T12:18:43.717+0000] {logging_mixin.py:188} INFO - [2024-04-19T12:18:43.717+0000] {process_utils.py:263} INFO - Waiting up to 5 seconds for processes to exit...
[2024-04-19T12:20:33.555+0000] {processor.py:161} INFO - Started process (PID=47) to work on /home/airflow/.local/lib/python3.12/site-packages/airflow/example_dags/example_params_trigger_ui.py
[2024-04-19T12:20:33.555+0000] {processor.py:830} INFO - Processing file /home/airflow/.local/lib/python3.12/site-packages/airflow/example_dags/example_params_trigger_ui.py for tasks to queue
[2024-04-19T12:20:33.557+0000] {logging_mixin.py:188} INFO - [2024-04-19T12:20:33.557+0000] {dagbag.py:540} INFO - Filling up the DagBag from /home/airflow/.local/lib/python3.12/site-packages/airflow/example_dags/example_params_trigger_ui.py
[2024-04-19T12:20:33.574+0000] {processor.py:840} INFO - DAG(s) 'example_params_trigger_ui' retrieved from /home/airflow/.local/lib/python3.12/site-packages/airflow/example_dags/example_params_trigger_ui.py
[2024-04-19T12:20:33.587+0000] {logging_mixin.py:188} INFO - [2024-04-19T12:20:33.587+0000] {dag.py:3096} INFO - Sync 1 DAGs
[2024-04-19T12:20:33.602+0000] {logging_mixin.py:188} INFO - [2024-04-19T12:20:33.601+0000] {dag.py:3954} INFO - Setting next_dagrun for example_params_trigger_ui to None, run_after=None
[2024-04-19T12:20:33.623+0000] {processor.py:183} INFO - Processing /home/airflow/.local/lib/python3.12/site-packages/airflow/example_dags/example_params_trigger_ui.py took 0.074 seconds
[2024-04-19T12:21:04.008+0000] {processor.py:161} INFO - Started process (PID=105) to work on /home/airflow/.local/lib/python3.12/site-packages/airflow/example_dags/example_params_trigger_ui.py
[2024-04-19T12:21:04.008+0000] {processor.py:830} INFO - Processing file /home/airflow/.local/lib/python3.12/site-packages/airflow/example_dags/example_params_trigger_ui.py for tasks to queue
[2024-04-19T12:21:04.010+0000] {logging_mixin.py:188} INFO - [2024-04-19T12:21:04.010+0000] {dagbag.py:540} INFO - Filling up the DagBag from /home/airflow/.local/lib/python3.12/site-packages/airflow/example_dags/example_params_trigger_ui.py
[2024-04-19T12:21:04.019+0000] {processor.py:840} INFO - DAG(s) 'example_params_trigger_ui' retrieved from /home/airflow/.local/lib/python3.12/site-packages/airflow/example_dags/example_params_trigger_ui.py
[2024-04-19T12:21:04.111+0000] {logging_mixin.py:188} INFO - [2024-04-19T12:21:04.110+0000] {dag.py:3096} INFO - Sync 1 DAGs
[2024-04-19T12:21:04.122+0000] {logging_mixin.py:188} INFO - [2024-04-19T12:21:04.122+0000] {dag.py:3954} INFO - Setting next_dagrun for example_params_trigger_ui to None, run_after=None
[2024-04-19T12:21:04.149+0000] {processor.py:183} INFO - Processing /home/airflow/.local/lib/python3.12/site-packages/airflow/example_dags/example_params_trigger_ui.py took 0.145 seconds
[2024-04-19T12:21:34.222+0000] {processor.py:161} INFO - Started process (PID=163) to work on /home/airflow/.local/lib/python3.12/site-packages/airflow/example_dags/example_params_trigger_ui.py
[2024-04-19T12:21:34.223+0000] {processor.py:830} INFO - Processing file /home/airflow/.local/lib/python3.12/site-packages/airflow/example_dags/example_params_trigger_ui.py for tasks to queue
[2024-04-19T12:21:34.224+0000] {logging_mixin.py:188} INFO - [2024-04-19T12:21:34.224+0000] {dagbag.py:540} INFO - Filling up the DagBag from /home/airflow/.local/lib/python3.12/site-packages/airflow/example_dags/example_params_trigger_ui.py
[2024-04-19T12:21:34.232+0000] {processor.py:840} INFO - DAG(s) 'example_params_trigger_ui' retrieved from /home/airflow/.local/lib/python3.12/site-packages/airflow/example_dags/example_params_trigger_ui.py
[2024-04-19T12:21:34.261+0000] {logging_mixin.py:188} INFO - [2024-04-19T12:21:34.260+0000] {dag.py:3096} INFO - Sync 1 DAGs
[2024-04-19T12:21:34.268+0000] {logging_mixin.py:188} INFO - [2024-04-19T12:21:34.268+0000] {dag.py:3954} INFO - Setting next_dagrun for example_params_trigger_ui to None, run_after=None
[2024-04-19T12:21:34.283+0000] {processor.py:183} INFO - Processing /home/airflow/.local/lib/python3.12/site-packages/airflow/example_dags/example_params_trigger_ui.py took 0.064 seconds
[2024-04-19T12:22:04.528+0000] {processor.py:161} INFO - Started process (PID=221) to work on /home/airflow/.local/lib/python3.12/site-packages/airflow/example_dags/example_params_trigger_ui.py
[2024-04-19T12:22:04.529+0000] {processor.py:830} INFO - Processing file /home/airflow/.local/lib/python3.12/site-packages/airflow/example_dags/example_params_trigger_ui.py for tasks to queue
[2024-04-19T12:22:04.530+0000] {logging_mixin.py:188} INFO - [2024-04-19T12:22:04.530+0000] {dagbag.py:540} INFO - Filling up the DagBag from /home/airflow/.local/lib/python3.12/site-packages/airflow/example_dags/example_params_trigger_ui.py
[2024-04-19T12:22:04.540+0000] {processor.py:840} INFO - DAG(s) 'example_params_trigger_ui' retrieved from /home/airflow/.local/lib/python3.12/site-packages/airflow/example_dags/example_params_trigger_ui.py
[2024-04-19T12:22:04.569+0000] {logging_mixin.py:188} INFO - [2024-04-19T12:22:04.569+0000] {dag.py:3096} INFO - Sync 1 DAGs
[2024-04-19T12:22:04.578+0000] {logging_mixin.py:188} INFO - [2024-04-19T12:22:04.577+0000] {dag.py:3954} INFO - Setting next_dagrun for example_params_trigger_ui to None, run_after=None
[2024-04-19T12:22:04.595+0000] {processor.py:183} INFO - Processing /home/airflow/.local/lib/python3.12/site-packages/airflow/example_dags/example_params_trigger_ui.py took 0.071 seconds
[2024-04-19T12:22:34.914+0000] {processor.py:161} INFO - Started process (PID=279) to work on /home/airflow/.local/lib/python3.12/site-packages/airflow/example_dags/example_params_trigger_ui.py
[2024-04-19T12:22:34.915+0000] {processor.py:830} INFO - Processing file /home/airflow/.local/lib/python3.12/site-packages/airflow/example_dags/example_params_trigger_ui.py for tasks to queue
[2024-04-19T12:22:34.916+0000] {logging_mixin.py:188} INFO - [2024-04-19T12:22:34.916+0000] {dagbag.py:540} INFO - Filling up the DagBag from /home/airflow/.local/lib/python3.12/site-packages/airflow/example_dags/example_params_trigger_ui.py
[2024-04-19T12:22:34.925+0000] {processor.py:840} INFO - DAG(s) 'example_params_trigger_ui' retrieved from /home/airflow/.local/lib/python3.12/site-packages/airflow/example_dags/example_params_trigger_ui.py
[2024-04-19T12:22:34.951+0000] {logging_mixin.py:188} INFO - [2024-04-19T12:22:34.951+0000] {dag.py:3096} INFO - Sync 1 DAGs
[2024-04-19T12:22:34.960+0000] {logging_mixin.py:188} INFO - [2024-04-19T12:22:34.960+0000] {dag.py:3954} INFO - Setting next_dagrun for example_params_trigger_ui to None, run_after=None
[2024-04-19T12:22:34.976+0000] {processor.py:183} INFO - Processing /home/airflow/.local/lib/python3.12/site-packages/airflow/example_dags/example_params_trigger_ui.py took 0.066 seconds
[2024-04-19T12:23:05.226+0000] {processor.py:161} INFO - Started process (PID=337) to work on /home/airflow/.local/lib/python3.12/site-packages/airflow/example_dags/example_params_trigger_ui.py
[2024-04-19T12:23:05.227+0000] {processor.py:830} INFO - Processing file /home/airflow/.local/lib/python3.12/site-packages/airflow/example_dags/example_params_trigger_ui.py for tasks to queue
[2024-04-19T12:23:05.229+0000] {logging_mixin.py:188} INFO - [2024-04-19T12:23:05.228+0000] {dagbag.py:540} INFO - Filling up the DagBag from /home/airflow/.local/lib/python3.12/site-packages/airflow/example_dags/example_params_trigger_ui.py
[2024-04-19T12:23:05.238+0000] {processor.py:840} INFO - DAG(s) 'example_params_trigger_ui' retrieved from /home/airflow/.local/lib/python3.12/site-packages/airflow/example_dags/example_params_trigger_ui.py
[2024-04-19T12:23:05.249+0000] {logging_mixin.py:188} INFO - [2024-04-19T12:23:05.249+0000] {dag.py:3096} INFO - Sync 1 DAGs
[2024-04-19T12:23:05.262+0000] {logging_mixin.py:188} INFO - [2024-04-19T12:23:05.261+0000] {dag.py:3954} INFO - Setting next_dagrun for example_params_trigger_ui to None, run_after=None
[2024-04-19T12:23:05.283+0000] {processor.py:183} INFO - Processing /home/airflow/.local/lib/python3.12/site-packages/airflow/example_dags/example_params_trigger_ui.py took 0.061 seconds
[2024-04-19T12:23:36.249+0000] {processor.py:161} INFO - Started process (PID=396) to work on /home/airflow/.local/lib/python3.12/site-packages/airflow/example_dags/example_params_trigger_ui.py
[2024-04-19T12:23:36.249+0000] {processor.py:830} INFO - Processing file /home/airflow/.local/lib/python3.12/site-packages/airflow/example_dags/example_params_trigger_ui.py for tasks to queue
[2024-04-19T12:23:36.251+0000] {logging_mixin.py:188} INFO - [2024-04-19T12:23:36.250+0000] {dagbag.py:540} INFO - Filling up the DagBag from /home/airflow/.local/lib/python3.12/site-packages/airflow/example_dags/example_params_trigger_ui.py
[2024-04-19T12:23:36.258+0000] {processor.py:840} INFO - DAG(s) 'example_params_trigger_ui' retrieved from /home/airflow/.local/lib/python3.12/site-packages/airflow/example_dags/example_params_trigger_ui.py
[2024-04-19T12:23:36.331+0000] {logging_mixin.py:188} INFO - [2024-04-19T12:23:36.330+0000] {dag.py:3096} INFO - Sync 1 DAGs
[2024-04-19T12:23:36.337+0000] {logging_mixin.py:188} INFO - [2024-04-19T12:23:36.337+0000] {dag.py:3954} INFO - Setting next_dagrun for example_params_trigger_ui to None, run_after=None
[2024-04-19T12:23:36.353+0000] {processor.py:183} INFO - Processing /home/airflow/.local/lib/python3.12/site-packages/airflow/example_dags/example_params_trigger_ui.py took 0.107 seconds
[2024-04-19T12:24:06.404+0000] {processor.py:161} INFO - Started process (PID=455) to work on /home/airflow/.local/lib/python3.12/site-packages/airflow/example_dags/example_params_trigger_ui.py
[2024-04-19T12:24:06.405+0000] {processor.py:830} INFO - Processing file /home/airflow/.local/lib/python3.12/site-packages/airflow/example_dags/example_params_trigger_ui.py for tasks to queue
[2024-04-19T12:24:06.406+0000] {logging_mixin.py:188} INFO - [2024-04-19T12:24:06.406+0000] {dagbag.py:540} INFO - Filling up the DagBag from /home/airflow/.local/lib/python3.12/site-packages/airflow/example_dags/example_params_trigger_ui.py
[2024-04-19T12:24:06.414+0000] {processor.py:840} INFO - DAG(s) 'example_params_trigger_ui' retrieved from /home/airflow/.local/lib/python3.12/site-packages/airflow/example_dags/example_params_trigger_ui.py
[2024-04-19T12:24:06.444+0000] {logging_mixin.py:188} INFO - [2024-04-19T12:24:06.443+0000] {dag.py:3096} INFO - Sync 1 DAGs
[2024-04-19T12:24:06.452+0000] {logging_mixin.py:188} INFO - [2024-04-19T12:24:06.452+0000] {dag.py:3954} INFO - Setting next_dagrun for example_params_trigger_ui to None, run_after=None
[2024-04-19T12:24:06.467+0000] {processor.py:183} INFO - Processing /home/airflow/.local/lib/python3.12/site-packages/airflow/example_dags/example_params_trigger_ui.py took 0.068 seconds
[2024-04-19T12:24:36.893+0000] {processor.py:161} INFO - Started process (PID=513) to work on /home/airflow/.local/lib/python3.12/site-packages/airflow/example_dags/example_params_trigger_ui.py
[2024-04-19T12:24:36.894+0000] {processor.py:830} INFO - Processing file /home/airflow/.local/lib/python3.12/site-packages/airflow/example_dags/example_params_trigger_ui.py for tasks to queue
[2024-04-19T12:24:36.896+0000] {logging_mixin.py:188} INFO - [2024-04-19T12:24:36.895+0000] {dagbag.py:540} INFO - Filling up the DagBag from /home/airflow/.local/lib/python3.12/site-packages/airflow/example_dags/example_params_trigger_ui.py
[2024-04-19T12:24:36.906+0000] {processor.py:840} INFO - DAG(s) 'example_params_trigger_ui' retrieved from /home/airflow/.local/lib/python3.12/site-packages/airflow/example_dags/example_params_trigger_ui.py
[2024-04-19T12:24:36.937+0000] {logging_mixin.py:188} INFO - [2024-04-19T12:24:36.937+0000] {dag.py:3096} INFO - Sync 1 DAGs
[2024-04-19T12:24:36.945+0000] {logging_mixin.py:188} INFO - [2024-04-19T12:24:36.945+0000] {dag.py:3954} INFO - Setting next_dagrun for example_params_trigger_ui to None, run_after=None
[2024-04-19T12:24:36.962+0000] {processor.py:183} INFO - Processing /home/airflow/.local/lib/python3.12/site-packages/airflow/example_dags/example_params_trigger_ui.py took 0.074 seconds
[2024-04-19T12:25:07.488+0000] {processor.py:161} INFO - Started process (PID=571) to work on /home/airflow/.local/lib/python3.12/site-packages/airflow/example_dags/example_params_trigger_ui.py
[2024-04-19T12:25:07.489+0000] {processor.py:830} INFO - Processing file /home/airflow/.local/lib/python3.12/site-packages/airflow/example_dags/example_params_trigger_ui.py for tasks to queue
[2024-04-19T12:25:07.490+0000] {logging_mixin.py:188} INFO - [2024-04-19T12:25:07.490+0000] {dagbag.py:540} INFO - Filling up the DagBag from /home/airflow/.local/lib/python3.12/site-packages/airflow/example_dags/example_params_trigger_ui.py
[2024-04-19T12:25:07.499+0000] {processor.py:840} INFO - DAG(s) 'example_params_trigger_ui' retrieved from /home/airflow/.local/lib/python3.12/site-packages/airflow/example_dags/example_params_trigger_ui.py
[2024-04-19T12:25:07.530+0000] {logging_mixin.py:188} INFO - [2024-04-19T12:25:07.530+0000] {dag.py:3096} INFO - Sync 1 DAGs
[2024-04-19T12:25:07.540+0000] {logging_mixin.py:188} INFO - [2024-04-19T12:25:07.539+0000] {dag.py:3954} INFO - Setting next_dagrun for example_params_trigger_ui to None, run_after=None
[2024-04-19T12:25:07.560+0000] {processor.py:183} INFO - Processing /home/airflow/.local/lib/python3.12/site-packages/airflow/example_dags/example_params_trigger_ui.py took 0.079 seconds
[2024-04-19T12:25:37.669+0000] {processor.py:161} INFO - Started process (PID=629) to work on /home/airflow/.local/lib/python3.12/site-packages/airflow/example_dags/example_params_trigger_ui.py
[2024-04-19T12:25:37.670+0000] {processor.py:830} INFO - Processing file /home/airflow/.local/lib/python3.12/site-packages/airflow/example_dags/example_params_trigger_ui.py for tasks to queue
[2024-04-19T12:25:37.672+0000] {logging_mixin.py:188} INFO - [2024-04-19T12:25:37.671+0000] {dagbag.py:540} INFO - Filling up the DagBag from /home/airflow/.local/lib/python3.12/site-packages/airflow/example_dags/example_params_trigger_ui.py
[2024-04-19T12:25:37.680+0000] {processor.py:840} INFO - DAG(s) 'example_params_trigger_ui' retrieved from /home/airflow/.local/lib/python3.12/site-packages/airflow/example_dags/example_params_trigger_ui.py
[2024-04-19T12:25:37.713+0000] {logging_mixin.py:188} INFO - [2024-04-19T12:25:37.713+0000] {dag.py:3096} INFO - Sync 1 DAGs
[2024-04-19T12:25:37.724+0000] {logging_mixin.py:188} INFO - [2024-04-19T12:25:37.724+0000] {dag.py:3954} INFO - Setting next_dagrun for example_params_trigger_ui to None, run_after=None
[2024-04-19T12:25:37.745+0000] {processor.py:183} INFO - Processing /home/airflow/.local/lib/python3.12/site-packages/airflow/example_dags/example_params_trigger_ui.py took 0.080 seconds
[2024-04-19T12:26:07.837+0000] {processor.py:161} INFO - Started process (PID=687) to work on /home/airflow/.local/lib/python3.12/site-packages/airflow/example_dags/example_params_trigger_ui.py
[2024-04-19T12:26:07.838+0000] {processor.py:830} INFO - Processing file /home/airflow/.local/lib/python3.12/site-packages/airflow/example_dags/example_params_trigger_ui.py for tasks to queue
[2024-04-19T12:26:07.840+0000] {logging_mixin.py:188} INFO - [2024-04-19T12:26:07.840+0000] {dagbag.py:540} INFO - Filling up the DagBag from /home/airflow/.local/lib/python3.12/site-packages/airflow/example_dags/example_params_trigger_ui.py
[2024-04-19T12:26:07.854+0000] {processor.py:840} INFO - DAG(s) 'example_params_trigger_ui' retrieved from /home/airflow/.local/lib/python3.12/site-packages/airflow/example_dags/example_params_trigger_ui.py
[2024-04-19T12:26:07.892+0000] {logging_mixin.py:188} INFO - [2024-04-19T12:26:07.891+0000] {dag.py:3096} INFO - Sync 1 DAGs
[2024-04-19T12:26:07.903+0000] {logging_mixin.py:188} INFO - [2024-04-19T12:26:07.902+0000] {dag.py:3954} INFO - Setting next_dagrun for example_params_trigger_ui to None, run_after=None
[2024-04-19T12:26:07.923+0000] {processor.py:183} INFO - Processing /home/airflow/.local/lib/python3.12/site-packages/airflow/example_dags/example_params_trigger_ui.py took 0.092 seconds
[2024-04-19T12:26:38.214+0000] {processor.py:161} INFO - Started process (PID=745) to work on /home/airflow/.local/lib/python3.12/site-packages/airflow/example_dags/example_params_trigger_ui.py
[2024-04-19T12:26:38.215+0000] {processor.py:830} INFO - Processing file /home/airflow/.local/lib/python3.12/site-packages/airflow/example_dags/example_params_trigger_ui.py for tasks to queue
[2024-04-19T12:26:38.217+0000] {logging_mixin.py:188} INFO - [2024-04-19T12:26:38.216+0000] {dagbag.py:540} INFO - Filling up the DagBag from /home/airflow/.local/lib/python3.12/site-packages/airflow/example_dags/example_params_trigger_ui.py
[2024-04-19T12:26:38.227+0000] {processor.py:840} INFO - DAG(s) 'example_params_trigger_ui' retrieved from /home/airflow/.local/lib/python3.12/site-packages/airflow/example_dags/example_params_trigger_ui.py
[2024-04-19T12:26:38.268+0000] {logging_mixin.py:188} INFO - [2024-04-19T12:26:38.268+0000] {dag.py:3096} INFO - Sync 1 DAGs
[2024-04-19T12:26:38.281+0000] {logging_mixin.py:188} INFO - [2024-04-19T12:26:38.281+0000] {dag.py:3954} INFO - Setting next_dagrun for example_params_trigger_ui to None, run_after=None
[2024-04-19T12:26:38.304+0000] {processor.py:183} INFO - Processing /home/airflow/.local/lib/python3.12/site-packages/airflow/example_dags/example_params_trigger_ui.py took 0.094 seconds
[2024-04-19T12:27:08.344+0000] {processor.py:161} INFO - Started process (PID=803) to work on /home/airflow/.local/lib/python3.12/site-packages/airflow/example_dags/example_params_trigger_ui.py
[2024-04-19T12:27:08.345+0000] {processor.py:830} INFO - Processing file /home/airflow/.local/lib/python3.12/site-packages/airflow/example_dags/example_params_trigger_ui.py for tasks to queue
[2024-04-19T12:27:08.346+0000] {logging_mixin.py:188} INFO - [2024-04-19T12:27:08.346+0000] {dagbag.py:540} INFO - Filling up the DagBag from /home/airflow/.local/lib/python3.12/site-packages/airflow/example_dags/example_params_trigger_ui.py
[2024-04-19T12:27:08.361+0000] {processor.py:840} INFO - DAG(s) 'example_params_trigger_ui' retrieved from /home/airflow/.local/lib/python3.12/site-packages/airflow/example_dags/example_params_trigger_ui.py
[2024-04-19T12:27:08.398+0000] {logging_mixin.py:188} INFO - [2024-04-19T12:27:08.398+0000] {dag.py:3096} INFO - Sync 1 DAGs
[2024-04-19T12:27:08.408+0000] {logging_mixin.py:188} INFO - [2024-04-19T12:27:08.408+0000] {dag.py:3954} INFO - Setting next_dagrun for example_params_trigger_ui to None, run_after=None
[2024-04-19T12:27:08.425+0000] {processor.py:183} INFO - Processing /home/airflow/.local/lib/python3.12/site-packages/airflow/example_dags/example_params_trigger_ui.py took 0.086 seconds
[2024-04-19T12:27:39.072+0000] {processor.py:161} INFO - Started process (PID=861) to work on /home/airflow/.local/lib/python3.12/site-packages/airflow/example_dags/example_params_trigger_ui.py
[2024-04-19T12:27:39.072+0000] {processor.py:830} INFO - Processing file /home/airflow/.local/lib/python3.12/site-packages/airflow/example_dags/example_params_trigger_ui.py for tasks to queue
[2024-04-19T12:27:39.074+0000] {logging_mixin.py:188} INFO - [2024-04-19T12:27:39.074+0000] {dagbag.py:540} INFO - Filling up the DagBag from /home/airflow/.local/lib/python3.12/site-packages/airflow/example_dags/example_params_trigger_ui.py
[2024-04-19T12:27:39.084+0000] {processor.py:840} INFO - DAG(s) 'example_params_trigger_ui' retrieved from /home/airflow/.local/lib/python3.12/site-packages/airflow/example_dags/example_params_trigger_ui.py
[2024-04-19T12:27:39.118+0000] {logging_mixin.py:188} INFO - [2024-04-19T12:27:39.118+0000] {dag.py:3096} INFO - Sync 1 DAGs
[2024-04-19T12:27:39.127+0000] {logging_mixin.py:188} INFO - [2024-04-19T12:27:39.127+0000] {dag.py:3954} INFO - Setting next_dagrun for example_params_trigger_ui to None, run_after=None
[2024-04-19T12:27:39.145+0000] {processor.py:183} INFO - Processing /home/airflow/.local/lib/python3.12/site-packages/airflow/example_dags/example_params_trigger_ui.py took 0.078 seconds
[2024-04-19T12:28:09.226+0000] {processor.py:161} INFO - Started process (PID=919) to work on /home/airflow/.local/lib/python3.12/site-packages/airflow/example_dags/example_params_trigger_ui.py
[2024-04-19T12:28:09.227+0000] {processor.py:830} INFO - Processing file /home/airflow/.local/lib/python3.12/site-packages/airflow/example_dags/example_params_trigger_ui.py for tasks to queue
[2024-04-19T12:28:09.228+0000] {logging_mixin.py:188} INFO - [2024-04-19T12:28:09.228+0000] {dagbag.py:540} INFO - Filling up the DagBag from /home/airflow/.local/lib/python3.12/site-packages/airflow/example_dags/example_params_trigger_ui.py
[2024-04-19T12:28:09.238+0000] {processor.py:840} INFO - DAG(s) 'example_params_trigger_ui' retrieved from /home/airflow/.local/lib/python3.12/site-packages/airflow/example_dags/example_params_trigger_ui.py
[2024-04-19T12:28:09.267+0000] {logging_mixin.py:188} INFO - [2024-04-19T12:28:09.267+0000] {dag.py:3096} INFO - Sync 1 DAGs
[2024-04-19T12:28:09.276+0000] {logging_mixin.py:188} INFO - [2024-04-19T12:28:09.276+0000] {dag.py:3954} INFO - Setting next_dagrun for example_params_trigger_ui to None, run_after=None
[2024-04-19T12:28:09.293+0000] {processor.py:183} INFO - Processing /home/airflow/.local/lib/python3.12/site-packages/airflow/example_dags/example_params_trigger_ui.py took 0.070 seconds
[2024-04-19T12:28:39.390+0000] {processor.py:161} INFO - Started process (PID=977) to work on /home/airflow/.local/lib/python3.12/site-packages/airflow/example_dags/example_params_trigger_ui.py
[2024-04-19T12:28:39.391+0000] {processor.py:830} INFO - Processing file /home/airflow/.local/lib/python3.12/site-packages/airflow/example_dags/example_params_trigger_ui.py for tasks to queue
[2024-04-19T12:28:39.392+0000] {logging_mixin.py:188} INFO - [2024-04-19T12:28:39.392+0000] {dagbag.py:540} INFO - Filling up the DagBag from /home/airflow/.local/lib/python3.12/site-packages/airflow/example_dags/example_params_trigger_ui.py
[2024-04-19T12:28:39.401+0000] {processor.py:840} INFO - DAG(s) 'example_params_trigger_ui' retrieved from /home/airflow/.local/lib/python3.12/site-packages/airflow/example_dags/example_params_trigger_ui.py
[2024-04-19T12:28:39.432+0000] {logging_mixin.py:188} INFO - [2024-04-19T12:28:39.432+0000] {dag.py:3096} INFO - Sync 1 DAGs
[2024-04-19T12:28:39.442+0000] {logging_mixin.py:188} INFO - [2024-04-19T12:28:39.441+0000] {dag.py:3954} INFO - Setting next_dagrun for example_params_trigger_ui to None, run_after=None
[2024-04-19T12:28:39.460+0000] {processor.py:183} INFO - Processing /home/airflow/.local/lib/python3.12/site-packages/airflow/example_dags/example_params_trigger_ui.py took 0.074 seconds
[2024-04-19T12:29:09.687+0000] {processor.py:161} INFO - Started process (PID=1035) to work on /home/airflow/.local/lib/python3.12/site-packages/airflow/example_dags/example_params_trigger_ui.py
[2024-04-19T12:29:09.687+0000] {processor.py:830} INFO - Processing file /home/airflow/.local/lib/python3.12/site-packages/airflow/example_dags/example_params_trigger_ui.py for tasks to queue
[2024-04-19T12:29:09.688+0000] {logging_mixin.py:188} INFO - [2024-04-19T12:29:09.688+0000] {dagbag.py:540} INFO - Filling up the DagBag from /home/airflow/.local/lib/python3.12/site-packages/airflow/example_dags/example_params_trigger_ui.py
[2024-04-19T12:29:09.697+0000] {processor.py:840} INFO - DAG(s) 'example_params_trigger_ui' retrieved from /home/airflow/.local/lib/python3.12/site-packages/airflow/example_dags/example_params_trigger_ui.py
[2024-04-19T12:29:09.724+0000] {logging_mixin.py:188} INFO - [2024-04-19T12:29:09.724+0000] {dag.py:3096} INFO - Sync 1 DAGs
[2024-04-19T12:29:09.824+0000] {logging_mixin.py:188} INFO - [2024-04-19T12:29:09.824+0000] {dag.py:3954} INFO - Setting next_dagrun for example_params_trigger_ui to None, run_after=None
[2024-04-19T12:29:09.838+0000] {processor.py:183} INFO - Processing /home/airflow/.local/lib/python3.12/site-packages/airflow/example_dags/example_params_trigger_ui.py took 0.155 seconds
[2024-04-19T12:29:40.286+0000] {processor.py:161} INFO - Started process (PID=1093) to work on /home/airflow/.local/lib/python3.12/site-packages/airflow/example_dags/example_params_trigger_ui.py
[2024-04-19T12:29:40.286+0000] {processor.py:830} INFO - Processing file /home/airflow/.local/lib/python3.12/site-packages/airflow/example_dags/example_params_trigger_ui.py for tasks to queue
[2024-04-19T12:29:40.288+0000] {logging_mixin.py:188} INFO - [2024-04-19T12:29:40.288+0000] {dagbag.py:540} INFO - Filling up the DagBag from /home/airflow/.local/lib/python3.12/site-packages/airflow/example_dags/example_params_trigger_ui.py
[2024-04-19T12:29:40.297+0000] {processor.py:840} INFO - DAG(s) 'example_params_trigger_ui' retrieved from /home/airflow/.local/lib/python3.12/site-packages/airflow/example_dags/example_params_trigger_ui.py
[2024-04-19T12:29:40.308+0000] {logging_mixin.py:188} INFO - [2024-04-19T12:29:40.308+0000] {dag.py:3096} INFO - Sync 1 DAGs
[2024-04-19T12:29:40.318+0000] {logging_mixin.py:188} INFO - [2024-04-19T12:29:40.317+0000] {dag.py:3954} INFO - Setting next_dagrun for example_params_trigger_ui to None, run_after=None
[2024-04-19T12:29:40.338+0000] {processor.py:183} INFO - Processing /home/airflow/.local/lib/python3.12/site-packages/airflow/example_dags/example_params_trigger_ui.py took 0.056 seconds
[2024-04-19T12:30:12.210+0000] {processor.py:161} INFO - Started process (PID=1151) to work on /home/airflow/.local/lib/python3.12/site-packages/airflow/example_dags/example_params_trigger_ui.py
[2024-04-19T12:30:12.210+0000] {processor.py:830} INFO - Processing file /home/airflow/.local/lib/python3.12/site-packages/airflow/example_dags/example_params_trigger_ui.py for tasks to queue
[2024-04-19T12:30:12.212+0000] {logging_mixin.py:188} INFO - [2024-04-19T12:30:12.211+0000] {dagbag.py:540} INFO - Filling up the DagBag from /home/airflow/.local/lib/python3.12/site-packages/airflow/example_dags/example_params_trigger_ui.py
[2024-04-19T12:30:12.221+0000] {processor.py:840} INFO - DAG(s) 'example_params_trigger_ui' retrieved from /home/airflow/.local/lib/python3.12/site-packages/airflow/example_dags/example_params_trigger_ui.py
[2024-04-19T12:30:12.382+0000] {logging_mixin.py:188} INFO - [2024-04-19T12:30:12.382+0000] {dag.py:3096} INFO - Sync 1 DAGs
[2024-04-19T12:30:12.388+0000] {logging_mixin.py:188} INFO - [2024-04-19T12:30:12.388+0000] {dag.py:3954} INFO - Setting next_dagrun for example_params_trigger_ui to None, run_after=None
[2024-04-19T12:30:12.401+0000] {processor.py:183} INFO - Processing /home/airflow/.local/lib/python3.12/site-packages/airflow/example_dags/example_params_trigger_ui.py took 0.195 seconds
[2024-04-19T12:30:43.068+0000] {processor.py:161} INFO - Started process (PID=1209) to work on /home/airflow/.local/lib/python3.12/site-packages/airflow/example_dags/example_params_trigger_ui.py
[2024-04-19T12:30:43.068+0000] {processor.py:830} INFO - Processing file /home/airflow/.local/lib/python3.12/site-packages/airflow/example_dags/example_params_trigger_ui.py for tasks to queue
[2024-04-19T12:30:43.070+0000] {logging_mixin.py:188} INFO - [2024-04-19T12:30:43.069+0000] {dagbag.py:540} INFO - Filling up the DagBag from /home/airflow/.local/lib/python3.12/site-packages/airflow/example_dags/example_params_trigger_ui.py
[2024-04-19T12:30:43.077+0000] {processor.py:840} INFO - DAG(s) 'example_params_trigger_ui' retrieved from /home/airflow/.local/lib/python3.12/site-packages/airflow/example_dags/example_params_trigger_ui.py
[2024-04-19T12:30:43.178+0000] {logging_mixin.py:188} INFO - [2024-04-19T12:30:43.178+0000] {dag.py:3096} INFO - Sync 1 DAGs
[2024-04-19T12:30:43.185+0000] {logging_mixin.py:188} INFO - [2024-04-19T12:30:43.185+0000] {dag.py:3954} INFO - Setting next_dagrun for example_params_trigger_ui to None, run_after=None
[2024-04-19T12:30:43.199+0000] {processor.py:183} INFO - Processing /home/airflow/.local/lib/python3.12/site-packages/airflow/example_dags/example_params_trigger_ui.py took 0.135 seconds
[2024-04-19T12:31:14.150+0000] {processor.py:161} INFO - Started process (PID=1267) to work on /home/airflow/.local/lib/python3.12/site-packages/airflow/example_dags/example_params_trigger_ui.py
[2024-04-19T12:31:14.150+0000] {processor.py:830} INFO - Processing file /home/airflow/.local/lib/python3.12/site-packages/airflow/example_dags/example_params_trigger_ui.py for tasks to queue
[2024-04-19T12:31:14.153+0000] {logging_mixin.py:188} INFO - [2024-04-19T12:31:14.153+0000] {dagbag.py:540} INFO - Filling up the DagBag from /home/airflow/.local/lib/python3.12/site-packages/airflow/example_dags/example_params_trigger_ui.py
[2024-04-19T12:31:14.160+0000] {processor.py:840} INFO - DAG(s) 'example_params_trigger_ui' retrieved from /home/airflow/.local/lib/python3.12/site-packages/airflow/example_dags/example_params_trigger_ui.py
[2024-04-19T12:31:14.189+0000] {logging_mixin.py:188} INFO - [2024-04-19T12:31:14.189+0000] {dag.py:3096} INFO - Sync 1 DAGs
[2024-04-19T12:31:14.198+0000] {logging_mixin.py:188} INFO - [2024-04-19T12:31:14.197+0000] {dag.py:3954} INFO - Setting next_dagrun for example_params_trigger_ui to None, run_after=None
[2024-04-19T12:31:14.211+0000] {processor.py:183} INFO - Processing /home/airflow/.local/lib/python3.12/site-packages/airflow/example_dags/example_params_trigger_ui.py took 0.067 seconds
[2024-04-19T12:31:44.439+0000] {processor.py:161} INFO - Started process (PID=1324) to work on /home/airflow/.local/lib/python3.12/site-packages/airflow/example_dags/example_params_trigger_ui.py
[2024-04-19T12:31:44.440+0000] {processor.py:830} INFO - Processing file /home/airflow/.local/lib/python3.12/site-packages/airflow/example_dags/example_params_trigger_ui.py for tasks to queue
[2024-04-19T12:31:44.442+0000] {logging_mixin.py:188} INFO - [2024-04-19T12:31:44.441+0000] {dagbag.py:540} INFO - Filling up the DagBag from /home/airflow/.local/lib/python3.12/site-packages/airflow/example_dags/example_params_trigger_ui.py
[2024-04-19T12:31:44.451+0000] {processor.py:840} INFO - DAG(s) 'example_params_trigger_ui' retrieved from /home/airflow/.local/lib/python3.12/site-packages/airflow/example_dags/example_params_trigger_ui.py
[2024-04-19T12:31:44.480+0000] {logging_mixin.py:188} INFO - [2024-04-19T12:31:44.480+0000] {dag.py:3096} INFO - Sync 1 DAGs
[2024-04-19T12:31:44.492+0000] {logging_mixin.py:188} INFO - [2024-04-19T12:31:44.492+0000] {dag.py:3954} INFO - Setting next_dagrun for example_params_trigger_ui to None, run_after=None
[2024-04-19T12:31:44.506+0000] {processor.py:183} INFO - Processing /home/airflow/.local/lib/python3.12/site-packages/airflow/example_dags/example_params_trigger_ui.py took 0.073 seconds
[2024-04-19T12:32:14.822+0000] {processor.py:161} INFO - Started process (PID=1382) to work on /home/airflow/.local/lib/python3.12/site-packages/airflow/example_dags/example_params_trigger_ui.py
[2024-04-19T12:32:14.823+0000] {processor.py:830} INFO - Processing file /home/airflow/.local/lib/python3.12/site-packages/airflow/example_dags/example_params_trigger_ui.py for tasks to queue
[2024-04-19T12:32:14.825+0000] {logging_mixin.py:188} INFO - [2024-04-19T12:32:14.825+0000] {dagbag.py:540} INFO - Filling up the DagBag from /home/airflow/.local/lib/python3.12/site-packages/airflow/example_dags/example_params_trigger_ui.py
[2024-04-19T12:32:14.836+0000] {processor.py:840} INFO - DAG(s) 'example_params_trigger_ui' retrieved from /home/airflow/.local/lib/python3.12/site-packages/airflow/example_dags/example_params_trigger_ui.py
[2024-04-19T12:32:14.867+0000] {logging_mixin.py:188} INFO - [2024-04-19T12:32:14.866+0000] {dag.py:3096} INFO - Sync 1 DAGs
[2024-04-19T12:32:14.876+0000] {logging_mixin.py:188} INFO - [2024-04-19T12:32:14.876+0000] {dag.py:3954} INFO - Setting next_dagrun for example_params_trigger_ui to None, run_after=None
[2024-04-19T12:32:14.894+0000] {processor.py:183} INFO - Processing /home/airflow/.local/lib/python3.12/site-packages/airflow/example_dags/example_params_trigger_ui.py took 0.080 seconds
[2024-04-19T12:32:45.337+0000] {processor.py:161} INFO - Started process (PID=1440) to work on /home/airflow/.local/lib/python3.12/site-packages/airflow/example_dags/example_params_trigger_ui.py
[2024-04-19T12:32:45.338+0000] {processor.py:830} INFO - Processing file /home/airflow/.local/lib/python3.12/site-packages/airflow/example_dags/example_params_trigger_ui.py for tasks to queue
[2024-04-19T12:32:45.341+0000] {logging_mixin.py:188} INFO - [2024-04-19T12:32:45.340+0000] {dagbag.py:540} INFO - Filling up the DagBag from /home/airflow/.local/lib/python3.12/site-packages/airflow/example_dags/example_params_trigger_ui.py
[2024-04-19T12:32:45.349+0000] {processor.py:840} INFO - DAG(s) 'example_params_trigger_ui' retrieved from /home/airflow/.local/lib/python3.12/site-packages/airflow/example_dags/example_params_trigger_ui.py
[2024-04-19T12:32:45.379+0000] {logging_mixin.py:188} INFO - [2024-04-19T12:32:45.379+0000] {dag.py:3096} INFO - Sync 1 DAGs
[2024-04-19T12:32:45.388+0000] {logging_mixin.py:188} INFO - [2024-04-19T12:32:45.387+0000] {dag.py:3954} INFO - Setting next_dagrun for example_params_trigger_ui to None, run_after=None
[2024-04-19T12:32:45.406+0000] {processor.py:183} INFO - Processing /home/airflow/.local/lib/python3.12/site-packages/airflow/example_dags/example_params_trigger_ui.py took 0.078 seconds
[2024-04-19T12:33:15.686+0000] {processor.py:161} INFO - Started process (PID=1498) to work on /home/airflow/.local/lib/python3.12/site-packages/airflow/example_dags/example_params_trigger_ui.py
[2024-04-19T12:33:15.687+0000] {processor.py:830} INFO - Processing file /home/airflow/.local/lib/python3.12/site-packages/airflow/example_dags/example_params_trigger_ui.py for tasks to queue
[2024-04-19T12:33:15.689+0000] {logging_mixin.py:188} INFO - [2024-04-19T12:33:15.688+0000] {dagbag.py:540} INFO - Filling up the DagBag from /home/airflow/.local/lib/python3.12/site-packages/airflow/example_dags/example_params_trigger_ui.py
[2024-04-19T12:33:15.696+0000] {processor.py:840} INFO - DAG(s) 'example_params_trigger_ui' retrieved from /home/airflow/.local/lib/python3.12/site-packages/airflow/example_dags/example_params_trigger_ui.py
[2024-04-19T12:33:15.730+0000] {logging_mixin.py:188} INFO - [2024-04-19T12:33:15.730+0000] {dag.py:3096} INFO - Sync 1 DAGs
[2024-04-19T12:33:15.742+0000] {logging_mixin.py:188} INFO - [2024-04-19T12:33:15.741+0000] {dag.py:3954} INFO - Setting next_dagrun for example_params_trigger_ui to None, run_after=None
[2024-04-19T12:33:15.757+0000] {processor.py:183} INFO - Processing /home/airflow/.local/lib/python3.12/site-packages/airflow/example_dags/example_params_trigger_ui.py took 0.075 seconds
[2024-04-19T12:33:46.159+0000] {processor.py:161} INFO - Started process (PID=1556) to work on /home/airflow/.local/lib/python3.12/site-packages/airflow/example_dags/example_params_trigger_ui.py
[2024-04-19T12:33:46.160+0000] {processor.py:830} INFO - Processing file /home/airflow/.local/lib/python3.12/site-packages/airflow/example_dags/example_params_trigger_ui.py for tasks to queue
[2024-04-19T12:33:46.162+0000] {logging_mixin.py:188} INFO - [2024-04-19T12:33:46.161+0000] {dagbag.py:540} INFO - Filling up the DagBag from /home/airflow/.local/lib/python3.12/site-packages/airflow/example_dags/example_params_trigger_ui.py
[2024-04-19T12:33:46.171+0000] {processor.py:840} INFO - DAG(s) 'example_params_trigger_ui' retrieved from /home/airflow/.local/lib/python3.12/site-packages/airflow/example_dags/example_params_trigger_ui.py
[2024-04-19T12:33:46.201+0000] {logging_mixin.py:188} INFO - [2024-04-19T12:33:46.201+0000] {dag.py:3096} INFO - Sync 1 DAGs
[2024-04-19T12:33:46.210+0000] {logging_mixin.py:188} INFO - [2024-04-19T12:33:46.210+0000] {dag.py:3954} INFO - Setting next_dagrun for example_params_trigger_ui to None, run_after=None
[2024-04-19T12:33:46.225+0000] {processor.py:183} INFO - Processing /home/airflow/.local/lib/python3.12/site-packages/airflow/example_dags/example_params_trigger_ui.py took 0.073 seconds
