[2024-04-19T12:17:13.660+0000] {processor.py:161} INFO - Started process (PID=78) to work on /home/airflow/.local/lib/python3.12/site-packages/airflow/example_dags/example_bash_operator.py
[2024-04-19T12:17:13.661+0000] {processor.py:830} INFO - Processing file /home/airflow/.local/lib/python3.12/site-packages/airflow/example_dags/example_bash_operator.py for tasks to queue
[2024-04-19T12:17:13.662+0000] {logging_mixin.py:188} INFO - [2024-04-19T12:17:13.662+0000] {dagbag.py:540} INFO - Filling up the DagBag from /home/airflow/.local/lib/python3.12/site-packages/airflow/example_dags/example_bash_operator.py
[2024-04-19T12:17:13.673+0000] {processor.py:840} INFO - DAG(s) 'example_bash_operator' retrieved from /home/airflow/.local/lib/python3.12/site-packages/airflow/example_dags/example_bash_operator.py
[2024-04-19T12:17:13.684+0000] {logging_mixin.py:188} INFO - [2024-04-19T12:17:13.684+0000] {dag.py:3096} INFO - Sync 1 DAGs
[2024-04-19T12:17:13.704+0000] {logging_mixin.py:188} INFO - [2024-04-19T12:17:13.704+0000] {dag.py:3954} INFO - Setting next_dagrun for example_bash_operator to 2024-04-18 00:00:00+00:00, run_after=2024-04-19 00:00:00+00:00
[2024-04-19T12:17:13.722+0000] {processor.py:183} INFO - Processing /home/airflow/.local/lib/python3.12/site-packages/airflow/example_dags/example_bash_operator.py took 0.066 seconds
[2024-04-19T12:17:44.196+0000] {processor.py:161} INFO - Started process (PID=136) to work on /home/airflow/.local/lib/python3.12/site-packages/airflow/example_dags/example_bash_operator.py
[2024-04-19T12:17:44.197+0000] {processor.py:830} INFO - Processing file /home/airflow/.local/lib/python3.12/site-packages/airflow/example_dags/example_bash_operator.py for tasks to queue
[2024-04-19T12:17:44.199+0000] {logging_mixin.py:188} INFO - [2024-04-19T12:17:44.198+0000] {dagbag.py:540} INFO - Filling up the DagBag from /home/airflow/.local/lib/python3.12/site-packages/airflow/example_dags/example_bash_operator.py
[2024-04-19T12:17:44.206+0000] {processor.py:840} INFO - DAG(s) 'example_bash_operator' retrieved from /home/airflow/.local/lib/python3.12/site-packages/airflow/example_dags/example_bash_operator.py
[2024-04-19T12:17:44.271+0000] {logging_mixin.py:188} INFO - [2024-04-19T12:17:44.271+0000] {dag.py:3096} INFO - Sync 1 DAGs
[2024-04-19T12:17:44.285+0000] {logging_mixin.py:188} INFO - [2024-04-19T12:17:44.285+0000] {dag.py:3954} INFO - Setting next_dagrun for example_bash_operator to 2024-04-18 00:00:00+00:00, run_after=2024-04-19 00:00:00+00:00
[2024-04-19T12:17:44.300+0000] {processor.py:183} INFO - Processing /home/airflow/.local/lib/python3.12/site-packages/airflow/example_dags/example_bash_operator.py took 0.106 seconds
[2024-04-19T12:18:14.593+0000] {processor.py:161} INFO - Started process (PID=194) to work on /home/airflow/.local/lib/python3.12/site-packages/airflow/example_dags/example_bash_operator.py
[2024-04-19T12:18:14.594+0000] {processor.py:830} INFO - Processing file /home/airflow/.local/lib/python3.12/site-packages/airflow/example_dags/example_bash_operator.py for tasks to queue
[2024-04-19T12:18:14.596+0000] {logging_mixin.py:188} INFO - [2024-04-19T12:18:14.596+0000] {dagbag.py:540} INFO - Filling up the DagBag from /home/airflow/.local/lib/python3.12/site-packages/airflow/example_dags/example_bash_operator.py
[2024-04-19T12:18:14.602+0000] {processor.py:840} INFO - DAG(s) 'example_bash_operator' retrieved from /home/airflow/.local/lib/python3.12/site-packages/airflow/example_dags/example_bash_operator.py
[2024-04-19T12:18:14.622+0000] {logging_mixin.py:188} INFO - [2024-04-19T12:18:14.622+0000] {dag.py:3096} INFO - Sync 1 DAGs
[2024-04-19T12:18:14.638+0000] {logging_mixin.py:188} INFO - [2024-04-19T12:18:14.638+0000] {dag.py:3954} INFO - Setting next_dagrun for example_bash_operator to 2024-04-18 00:00:00+00:00, run_after=2024-04-19 00:00:00+00:00
[2024-04-19T12:18:14.656+0000] {processor.py:183} INFO - Processing /home/airflow/.local/lib/python3.12/site-packages/airflow/example_dags/example_bash_operator.py took 0.066 seconds
[2024-04-19T12:20:35.629+0000] {processor.py:161} INFO - Started process (PID=78) to work on /home/airflow/.local/lib/python3.12/site-packages/airflow/example_dags/example_bash_operator.py
[2024-04-19T12:20:35.630+0000] {processor.py:830} INFO - Processing file /home/airflow/.local/lib/python3.12/site-packages/airflow/example_dags/example_bash_operator.py for tasks to queue
[2024-04-19T12:20:35.631+0000] {logging_mixin.py:188} INFO - [2024-04-19T12:20:35.631+0000] {dagbag.py:540} INFO - Filling up the DagBag from /home/airflow/.local/lib/python3.12/site-packages/airflow/example_dags/example_bash_operator.py
[2024-04-19T12:20:35.641+0000] {processor.py:840} INFO - DAG(s) 'example_bash_operator' retrieved from /home/airflow/.local/lib/python3.12/site-packages/airflow/example_dags/example_bash_operator.py
[2024-04-19T12:20:35.652+0000] {logging_mixin.py:188} INFO - [2024-04-19T12:20:35.651+0000] {dag.py:3096} INFO - Sync 1 DAGs
[2024-04-19T12:20:35.670+0000] {logging_mixin.py:188} INFO - [2024-04-19T12:20:35.669+0000] {dag.py:3954} INFO - Setting next_dagrun for example_bash_operator to 2024-04-18 00:00:00+00:00, run_after=2024-04-19 00:00:00+00:00
[2024-04-19T12:20:35.688+0000] {processor.py:183} INFO - Processing /home/airflow/.local/lib/python3.12/site-packages/airflow/example_dags/example_bash_operator.py took 0.063 seconds
[2024-04-19T12:21:06.325+0000] {processor.py:161} INFO - Started process (PID=136) to work on /home/airflow/.local/lib/python3.12/site-packages/airflow/example_dags/example_bash_operator.py
[2024-04-19T12:21:06.326+0000] {processor.py:830} INFO - Processing file /home/airflow/.local/lib/python3.12/site-packages/airflow/example_dags/example_bash_operator.py for tasks to queue
[2024-04-19T12:21:06.327+0000] {logging_mixin.py:188} INFO - [2024-04-19T12:21:06.327+0000] {dagbag.py:540} INFO - Filling up the DagBag from /home/airflow/.local/lib/python3.12/site-packages/airflow/example_dags/example_bash_operator.py
[2024-04-19T12:21:06.335+0000] {processor.py:840} INFO - DAG(s) 'example_bash_operator' retrieved from /home/airflow/.local/lib/python3.12/site-packages/airflow/example_dags/example_bash_operator.py
[2024-04-19T12:21:06.401+0000] {logging_mixin.py:188} INFO - [2024-04-19T12:21:06.401+0000] {dag.py:3096} INFO - Sync 1 DAGs
[2024-04-19T12:21:06.415+0000] {logging_mixin.py:188} INFO - [2024-04-19T12:21:06.415+0000] {dag.py:3954} INFO - Setting next_dagrun for example_bash_operator to 2024-04-18 00:00:00+00:00, run_after=2024-04-19 00:00:00+00:00
[2024-04-19T12:21:06.431+0000] {processor.py:183} INFO - Processing /home/airflow/.local/lib/python3.12/site-packages/airflow/example_dags/example_bash_operator.py took 0.109 seconds
[2024-04-19T12:21:36.620+0000] {processor.py:161} INFO - Started process (PID=194) to work on /home/airflow/.local/lib/python3.12/site-packages/airflow/example_dags/example_bash_operator.py
[2024-04-19T12:21:36.620+0000] {processor.py:830} INFO - Processing file /home/airflow/.local/lib/python3.12/site-packages/airflow/example_dags/example_bash_operator.py for tasks to queue
[2024-04-19T12:21:36.622+0000] {logging_mixin.py:188} INFO - [2024-04-19T12:21:36.621+0000] {dagbag.py:540} INFO - Filling up the DagBag from /home/airflow/.local/lib/python3.12/site-packages/airflow/example_dags/example_bash_operator.py
[2024-04-19T12:21:36.628+0000] {processor.py:840} INFO - DAG(s) 'example_bash_operator' retrieved from /home/airflow/.local/lib/python3.12/site-packages/airflow/example_dags/example_bash_operator.py
[2024-04-19T12:21:36.647+0000] {logging_mixin.py:188} INFO - [2024-04-19T12:21:36.647+0000] {dag.py:3096} INFO - Sync 1 DAGs
[2024-04-19T12:21:36.664+0000] {logging_mixin.py:188} INFO - [2024-04-19T12:21:36.664+0000] {dag.py:3954} INFO - Setting next_dagrun for example_bash_operator to 2024-04-18 00:00:00+00:00, run_after=2024-04-19 00:00:00+00:00
[2024-04-19T12:21:36.680+0000] {processor.py:183} INFO - Processing /home/airflow/.local/lib/python3.12/site-packages/airflow/example_dags/example_bash_operator.py took 0.064 seconds
[2024-04-19T12:22:06.999+0000] {processor.py:161} INFO - Started process (PID=252) to work on /home/airflow/.local/lib/python3.12/site-packages/airflow/example_dags/example_bash_operator.py
[2024-04-19T12:22:07.000+0000] {processor.py:830} INFO - Processing file /home/airflow/.local/lib/python3.12/site-packages/airflow/example_dags/example_bash_operator.py for tasks to queue
[2024-04-19T12:22:07.001+0000] {logging_mixin.py:188} INFO - [2024-04-19T12:22:07.001+0000] {dagbag.py:540} INFO - Filling up the DagBag from /home/airflow/.local/lib/python3.12/site-packages/airflow/example_dags/example_bash_operator.py
[2024-04-19T12:22:07.008+0000] {processor.py:840} INFO - DAG(s) 'example_bash_operator' retrieved from /home/airflow/.local/lib/python3.12/site-packages/airflow/example_dags/example_bash_operator.py
[2024-04-19T12:22:07.026+0000] {logging_mixin.py:188} INFO - [2024-04-19T12:22:07.026+0000] {dag.py:3096} INFO - Sync 1 DAGs
[2024-04-19T12:22:07.041+0000] {logging_mixin.py:188} INFO - [2024-04-19T12:22:07.041+0000] {dag.py:3954} INFO - Setting next_dagrun for example_bash_operator to 2024-04-18 00:00:00+00:00, run_after=2024-04-19 00:00:00+00:00
[2024-04-19T12:22:07.056+0000] {processor.py:183} INFO - Processing /home/airflow/.local/lib/python3.12/site-packages/airflow/example_dags/example_bash_operator.py took 0.060 seconds
[2024-04-19T12:22:37.359+0000] {processor.py:161} INFO - Started process (PID=310) to work on /home/airflow/.local/lib/python3.12/site-packages/airflow/example_dags/example_bash_operator.py
[2024-04-19T12:22:37.360+0000] {processor.py:830} INFO - Processing file /home/airflow/.local/lib/python3.12/site-packages/airflow/example_dags/example_bash_operator.py for tasks to queue
[2024-04-19T12:22:37.361+0000] {logging_mixin.py:188} INFO - [2024-04-19T12:22:37.361+0000] {dagbag.py:540} INFO - Filling up the DagBag from /home/airflow/.local/lib/python3.12/site-packages/airflow/example_dags/example_bash_operator.py
[2024-04-19T12:22:37.368+0000] {processor.py:840} INFO - DAG(s) 'example_bash_operator' retrieved from /home/airflow/.local/lib/python3.12/site-packages/airflow/example_dags/example_bash_operator.py
[2024-04-19T12:22:37.388+0000] {logging_mixin.py:188} INFO - [2024-04-19T12:22:37.388+0000] {dag.py:3096} INFO - Sync 1 DAGs
[2024-04-19T12:22:37.405+0000] {logging_mixin.py:188} INFO - [2024-04-19T12:22:37.404+0000] {dag.py:3954} INFO - Setting next_dagrun for example_bash_operator to 2024-04-18 00:00:00+00:00, run_after=2024-04-19 00:00:00+00:00
[2024-04-19T12:22:37.421+0000] {processor.py:183} INFO - Processing /home/airflow/.local/lib/python3.12/site-packages/airflow/example_dags/example_bash_operator.py took 0.066 seconds
[2024-04-19T12:23:07.961+0000] {processor.py:161} INFO - Started process (PID=368) to work on /home/airflow/.local/lib/python3.12/site-packages/airflow/example_dags/example_bash_operator.py
[2024-04-19T12:23:07.962+0000] {processor.py:830} INFO - Processing file /home/airflow/.local/lib/python3.12/site-packages/airflow/example_dags/example_bash_operator.py for tasks to queue
[2024-04-19T12:23:07.964+0000] {logging_mixin.py:188} INFO - [2024-04-19T12:23:07.964+0000] {dagbag.py:540} INFO - Filling up the DagBag from /home/airflow/.local/lib/python3.12/site-packages/airflow/example_dags/example_bash_operator.py
[2024-04-19T12:23:07.973+0000] {processor.py:840} INFO - DAG(s) 'example_bash_operator' retrieved from /home/airflow/.local/lib/python3.12/site-packages/airflow/example_dags/example_bash_operator.py
[2024-04-19T12:23:07.985+0000] {logging_mixin.py:188} INFO - [2024-04-19T12:23:07.985+0000] {dag.py:3096} INFO - Sync 1 DAGs
[2024-04-19T12:23:08.008+0000] {logging_mixin.py:188} INFO - [2024-04-19T12:23:08.008+0000] {dag.py:3954} INFO - Setting next_dagrun for example_bash_operator to 2024-04-18 00:00:00+00:00, run_after=2024-04-19 00:00:00+00:00
[2024-04-19T12:23:08.030+0000] {processor.py:183} INFO - Processing /home/airflow/.local/lib/python3.12/site-packages/airflow/example_dags/example_bash_operator.py took 0.073 seconds
[2024-04-19T12:23:39.307+0000] {processor.py:161} INFO - Started process (PID=427) to work on /home/airflow/.local/lib/python3.12/site-packages/airflow/example_dags/example_bash_operator.py
[2024-04-19T12:23:39.308+0000] {processor.py:830} INFO - Processing file /home/airflow/.local/lib/python3.12/site-packages/airflow/example_dags/example_bash_operator.py for tasks to queue
[2024-04-19T12:23:39.310+0000] {logging_mixin.py:188} INFO - [2024-04-19T12:23:39.310+0000] {dagbag.py:540} INFO - Filling up the DagBag from /home/airflow/.local/lib/python3.12/site-packages/airflow/example_dags/example_bash_operator.py
[2024-04-19T12:23:39.318+0000] {processor.py:840} INFO - DAG(s) 'example_bash_operator' retrieved from /home/airflow/.local/lib/python3.12/site-packages/airflow/example_dags/example_bash_operator.py
[2024-04-19T12:23:39.384+0000] {logging_mixin.py:188} INFO - [2024-04-19T12:23:39.384+0000] {dag.py:3096} INFO - Sync 1 DAGs
[2024-04-19T12:23:39.398+0000] {logging_mixin.py:188} INFO - [2024-04-19T12:23:39.397+0000] {dag.py:3954} INFO - Setting next_dagrun for example_bash_operator to 2024-04-18 00:00:00+00:00, run_after=2024-04-19 00:00:00+00:00
[2024-04-19T12:23:39.414+0000] {processor.py:183} INFO - Processing /home/airflow/.local/lib/python3.12/site-packages/airflow/example_dags/example_bash_operator.py took 0.113 seconds
[2024-04-19T12:24:09.948+0000] {processor.py:161} INFO - Started process (PID=486) to work on /home/airflow/.local/lib/python3.12/site-packages/airflow/example_dags/example_bash_operator.py
[2024-04-19T12:24:09.949+0000] {processor.py:830} INFO - Processing file /home/airflow/.local/lib/python3.12/site-packages/airflow/example_dags/example_bash_operator.py for tasks to queue
[2024-04-19T12:24:09.951+0000] {logging_mixin.py:188} INFO - [2024-04-19T12:24:09.951+0000] {dagbag.py:540} INFO - Filling up the DagBag from /home/airflow/.local/lib/python3.12/site-packages/airflow/example_dags/example_bash_operator.py
[2024-04-19T12:24:09.959+0000] {processor.py:840} INFO - DAG(s) 'example_bash_operator' retrieved from /home/airflow/.local/lib/python3.12/site-packages/airflow/example_dags/example_bash_operator.py
[2024-04-19T12:24:09.979+0000] {logging_mixin.py:188} INFO - [2024-04-19T12:24:09.979+0000] {dag.py:3096} INFO - Sync 1 DAGs
[2024-04-19T12:24:09.995+0000] {logging_mixin.py:188} INFO - [2024-04-19T12:24:09.995+0000] {dag.py:3954} INFO - Setting next_dagrun for example_bash_operator to 2024-04-18 00:00:00+00:00, run_after=2024-04-19 00:00:00+00:00
[2024-04-19T12:24:10.010+0000] {processor.py:183} INFO - Processing /home/airflow/.local/lib/python3.12/site-packages/airflow/example_dags/example_bash_operator.py took 0.068 seconds
[2024-04-19T12:24:40.448+0000] {processor.py:161} INFO - Started process (PID=544) to work on /home/airflow/.local/lib/python3.12/site-packages/airflow/example_dags/example_bash_operator.py
[2024-04-19T12:24:40.449+0000] {processor.py:830} INFO - Processing file /home/airflow/.local/lib/python3.12/site-packages/airflow/example_dags/example_bash_operator.py for tasks to queue
[2024-04-19T12:24:40.452+0000] {logging_mixin.py:188} INFO - [2024-04-19T12:24:40.451+0000] {dagbag.py:540} INFO - Filling up the DagBag from /home/airflow/.local/lib/python3.12/site-packages/airflow/example_dags/example_bash_operator.py
[2024-04-19T12:24:40.465+0000] {processor.py:840} INFO - DAG(s) 'example_bash_operator' retrieved from /home/airflow/.local/lib/python3.12/site-packages/airflow/example_dags/example_bash_operator.py
[2024-04-19T12:24:40.502+0000] {logging_mixin.py:188} INFO - [2024-04-19T12:24:40.502+0000] {dag.py:3096} INFO - Sync 1 DAGs
[2024-04-19T12:24:40.524+0000] {logging_mixin.py:188} INFO - [2024-04-19T12:24:40.524+0000] {dag.py:3954} INFO - Setting next_dagrun for example_bash_operator to 2024-04-18 00:00:00+00:00, run_after=2024-04-19 00:00:00+00:00
[2024-04-19T12:24:40.539+0000] {processor.py:183} INFO - Processing /home/airflow/.local/lib/python3.12/site-packages/airflow/example_dags/example_bash_operator.py took 0.097 seconds
[2024-04-19T12:25:11.212+0000] {processor.py:161} INFO - Started process (PID=601) to work on /home/airflow/.local/lib/python3.12/site-packages/airflow/example_dags/example_bash_operator.py
[2024-04-19T12:25:11.212+0000] {processor.py:830} INFO - Processing file /home/airflow/.local/lib/python3.12/site-packages/airflow/example_dags/example_bash_operator.py for tasks to queue
[2024-04-19T12:25:11.214+0000] {logging_mixin.py:188} INFO - [2024-04-19T12:25:11.214+0000] {dagbag.py:540} INFO - Filling up the DagBag from /home/airflow/.local/lib/python3.12/site-packages/airflow/example_dags/example_bash_operator.py
[2024-04-19T12:25:11.223+0000] {processor.py:840} INFO - DAG(s) 'example_bash_operator' retrieved from /home/airflow/.local/lib/python3.12/site-packages/airflow/example_dags/example_bash_operator.py
[2024-04-19T12:25:11.245+0000] {logging_mixin.py:188} INFO - [2024-04-19T12:25:11.245+0000] {dag.py:3096} INFO - Sync 1 DAGs
[2024-04-19T12:25:11.263+0000] {logging_mixin.py:188} INFO - [2024-04-19T12:25:11.262+0000] {dag.py:3954} INFO - Setting next_dagrun for example_bash_operator to 2024-04-18 00:00:00+00:00, run_after=2024-04-19 00:00:00+00:00
[2024-04-19T12:25:11.284+0000] {processor.py:183} INFO - Processing /home/airflow/.local/lib/python3.12/site-packages/airflow/example_dags/example_bash_operator.py took 0.077 seconds
[2024-04-19T12:25:41.411+0000] {processor.py:161} INFO - Started process (PID=659) to work on /home/airflow/.local/lib/python3.12/site-packages/airflow/example_dags/example_bash_operator.py
[2024-04-19T12:25:41.412+0000] {processor.py:830} INFO - Processing file /home/airflow/.local/lib/python3.12/site-packages/airflow/example_dags/example_bash_operator.py for tasks to queue
[2024-04-19T12:25:41.413+0000] {logging_mixin.py:188} INFO - [2024-04-19T12:25:41.413+0000] {dagbag.py:540} INFO - Filling up the DagBag from /home/airflow/.local/lib/python3.12/site-packages/airflow/example_dags/example_bash_operator.py
[2024-04-19T12:25:41.424+0000] {processor.py:840} INFO - DAG(s) 'example_bash_operator' retrieved from /home/airflow/.local/lib/python3.12/site-packages/airflow/example_dags/example_bash_operator.py
[2024-04-19T12:25:41.445+0000] {logging_mixin.py:188} INFO - [2024-04-19T12:25:41.445+0000] {dag.py:3096} INFO - Sync 1 DAGs
[2024-04-19T12:25:41.467+0000] {logging_mixin.py:188} INFO - [2024-04-19T12:25:41.467+0000] {dag.py:3954} INFO - Setting next_dagrun for example_bash_operator to 2024-04-18 00:00:00+00:00, run_after=2024-04-19 00:00:00+00:00
[2024-04-19T12:25:41.485+0000] {processor.py:183} INFO - Processing /home/airflow/.local/lib/python3.12/site-packages/airflow/example_dags/example_bash_operator.py took 0.077 seconds
[2024-04-19T12:26:11.771+0000] {processor.py:161} INFO - Started process (PID=718) to work on /home/airflow/.local/lib/python3.12/site-packages/airflow/example_dags/example_bash_operator.py
[2024-04-19T12:26:11.771+0000] {processor.py:830} INFO - Processing file /home/airflow/.local/lib/python3.12/site-packages/airflow/example_dags/example_bash_operator.py for tasks to queue
[2024-04-19T12:26:11.773+0000] {logging_mixin.py:188} INFO - [2024-04-19T12:26:11.773+0000] {dagbag.py:540} INFO - Filling up the DagBag from /home/airflow/.local/lib/python3.12/site-packages/airflow/example_dags/example_bash_operator.py
[2024-04-19T12:26:11.783+0000] {processor.py:840} INFO - DAG(s) 'example_bash_operator' retrieved from /home/airflow/.local/lib/python3.12/site-packages/airflow/example_dags/example_bash_operator.py
[2024-04-19T12:26:11.807+0000] {logging_mixin.py:188} INFO - [2024-04-19T12:26:11.807+0000] {dag.py:3096} INFO - Sync 1 DAGs
[2024-04-19T12:26:11.827+0000] {logging_mixin.py:188} INFO - [2024-04-19T12:26:11.827+0000] {dag.py:3954} INFO - Setting next_dagrun for example_bash_operator to 2024-04-18 00:00:00+00:00, run_after=2024-04-19 00:00:00+00:00
[2024-04-19T12:26:11.843+0000] {processor.py:183} INFO - Processing /home/airflow/.local/lib/python3.12/site-packages/airflow/example_dags/example_bash_operator.py took 0.076 seconds
[2024-04-19T12:26:42.286+0000] {processor.py:161} INFO - Started process (PID=776) to work on /home/airflow/.local/lib/python3.12/site-packages/airflow/example_dags/example_bash_operator.py
[2024-04-19T12:26:42.287+0000] {processor.py:830} INFO - Processing file /home/airflow/.local/lib/python3.12/site-packages/airflow/example_dags/example_bash_operator.py for tasks to queue
[2024-04-19T12:26:42.289+0000] {logging_mixin.py:188} INFO - [2024-04-19T12:26:42.289+0000] {dagbag.py:540} INFO - Filling up the DagBag from /home/airflow/.local/lib/python3.12/site-packages/airflow/example_dags/example_bash_operator.py
[2024-04-19T12:26:42.298+0000] {processor.py:840} INFO - DAG(s) 'example_bash_operator' retrieved from /home/airflow/.local/lib/python3.12/site-packages/airflow/example_dags/example_bash_operator.py
[2024-04-19T12:26:42.328+0000] {logging_mixin.py:188} INFO - [2024-04-19T12:26:42.327+0000] {dag.py:3096} INFO - Sync 1 DAGs
[2024-04-19T12:26:42.347+0000] {logging_mixin.py:188} INFO - [2024-04-19T12:26:42.346+0000] {dag.py:3954} INFO - Setting next_dagrun for example_bash_operator to 2024-04-18 00:00:00+00:00, run_after=2024-04-19 00:00:00+00:00
[2024-04-19T12:26:42.367+0000] {processor.py:183} INFO - Processing /home/airflow/.local/lib/python3.12/site-packages/airflow/example_dags/example_bash_operator.py took 0.086 seconds
[2024-04-19T12:27:12.921+0000] {processor.py:161} INFO - Started process (PID=834) to work on /home/airflow/.local/lib/python3.12/site-packages/airflow/example_dags/example_bash_operator.py
[2024-04-19T12:27:12.922+0000] {processor.py:830} INFO - Processing file /home/airflow/.local/lib/python3.12/site-packages/airflow/example_dags/example_bash_operator.py for tasks to queue
[2024-04-19T12:27:12.923+0000] {logging_mixin.py:188} INFO - [2024-04-19T12:27:12.923+0000] {dagbag.py:540} INFO - Filling up the DagBag from /home/airflow/.local/lib/python3.12/site-packages/airflow/example_dags/example_bash_operator.py
[2024-04-19T12:27:12.930+0000] {processor.py:840} INFO - DAG(s) 'example_bash_operator' retrieved from /home/airflow/.local/lib/python3.12/site-packages/airflow/example_dags/example_bash_operator.py
[2024-04-19T12:27:12.953+0000] {logging_mixin.py:188} INFO - [2024-04-19T12:27:12.952+0000] {dag.py:3096} INFO - Sync 1 DAGs
[2024-04-19T12:27:12.971+0000] {logging_mixin.py:188} INFO - [2024-04-19T12:27:12.971+0000] {dag.py:3954} INFO - Setting next_dagrun for example_bash_operator to 2024-04-18 00:00:00+00:00, run_after=2024-04-19 00:00:00+00:00
[2024-04-19T12:27:12.991+0000] {processor.py:183} INFO - Processing /home/airflow/.local/lib/python3.12/site-packages/airflow/example_dags/example_bash_operator.py took 0.077 seconds
[2024-04-19T12:27:43.832+0000] {processor.py:161} INFO - Started process (PID=891) to work on /home/airflow/.local/lib/python3.12/site-packages/airflow/example_dags/example_bash_operator.py
[2024-04-19T12:27:43.833+0000] {processor.py:830} INFO - Processing file /home/airflow/.local/lib/python3.12/site-packages/airflow/example_dags/example_bash_operator.py for tasks to queue
[2024-04-19T12:27:43.834+0000] {logging_mixin.py:188} INFO - [2024-04-19T12:27:43.834+0000] {dagbag.py:540} INFO - Filling up the DagBag from /home/airflow/.local/lib/python3.12/site-packages/airflow/example_dags/example_bash_operator.py
[2024-04-19T12:27:43.845+0000] {processor.py:840} INFO - DAG(s) 'example_bash_operator' retrieved from /home/airflow/.local/lib/python3.12/site-packages/airflow/example_dags/example_bash_operator.py
[2024-04-19T12:27:43.869+0000] {logging_mixin.py:188} INFO - [2024-04-19T12:27:43.869+0000] {dag.py:3096} INFO - Sync 1 DAGs
[2024-04-19T12:27:43.891+0000] {logging_mixin.py:188} INFO - [2024-04-19T12:27:43.891+0000] {dag.py:3954} INFO - Setting next_dagrun for example_bash_operator to 2024-04-18 00:00:00+00:00, run_after=2024-04-19 00:00:00+00:00
[2024-04-19T12:27:43.912+0000] {processor.py:183} INFO - Processing /home/airflow/.local/lib/python3.12/site-packages/airflow/example_dags/example_bash_operator.py took 0.085 seconds
[2024-04-19T12:28:15.100+0000] {processor.py:161} INFO - Started process (PID=950) to work on /home/airflow/.local/lib/python3.12/site-packages/airflow/example_dags/example_bash_operator.py
[2024-04-19T12:28:15.101+0000] {processor.py:830} INFO - Processing file /home/airflow/.local/lib/python3.12/site-packages/airflow/example_dags/example_bash_operator.py for tasks to queue
[2024-04-19T12:28:15.103+0000] {logging_mixin.py:188} INFO - [2024-04-19T12:28:15.103+0000] {dagbag.py:540} INFO - Filling up the DagBag from /home/airflow/.local/lib/python3.12/site-packages/airflow/example_dags/example_bash_operator.py
[2024-04-19T12:28:15.114+0000] {processor.py:840} INFO - DAG(s) 'example_bash_operator' retrieved from /home/airflow/.local/lib/python3.12/site-packages/airflow/example_dags/example_bash_operator.py
[2024-04-19T12:28:15.144+0000] {logging_mixin.py:188} INFO - [2024-04-19T12:28:15.144+0000] {dag.py:3096} INFO - Sync 1 DAGs
[2024-04-19T12:28:15.162+0000] {logging_mixin.py:188} INFO - [2024-04-19T12:28:15.162+0000] {dag.py:3954} INFO - Setting next_dagrun for example_bash_operator to 2024-04-18 00:00:00+00:00, run_after=2024-04-19 00:00:00+00:00
[2024-04-19T12:28:15.183+0000] {processor.py:183} INFO - Processing /home/airflow/.local/lib/python3.12/site-packages/airflow/example_dags/example_bash_operator.py took 0.088 seconds
[2024-04-19T12:28:45.736+0000] {processor.py:161} INFO - Started process (PID=1008) to work on /home/airflow/.local/lib/python3.12/site-packages/airflow/example_dags/example_bash_operator.py
[2024-04-19T12:28:45.737+0000] {processor.py:830} INFO - Processing file /home/airflow/.local/lib/python3.12/site-packages/airflow/example_dags/example_bash_operator.py for tasks to queue
[2024-04-19T12:28:45.739+0000] {logging_mixin.py:188} INFO - [2024-04-19T12:28:45.738+0000] {dagbag.py:540} INFO - Filling up the DagBag from /home/airflow/.local/lib/python3.12/site-packages/airflow/example_dags/example_bash_operator.py
[2024-04-19T12:28:45.745+0000] {processor.py:840} INFO - DAG(s) 'example_bash_operator' retrieved from /home/airflow/.local/lib/python3.12/site-packages/airflow/example_dags/example_bash_operator.py
[2024-04-19T12:28:45.763+0000] {logging_mixin.py:188} INFO - [2024-04-19T12:28:45.763+0000] {dag.py:3096} INFO - Sync 1 DAGs
[2024-04-19T12:28:45.783+0000] {logging_mixin.py:188} INFO - [2024-04-19T12:28:45.783+0000] {dag.py:3954} INFO - Setting next_dagrun for example_bash_operator to 2024-04-18 00:00:00+00:00, run_after=2024-04-19 00:00:00+00:00
[2024-04-19T12:28:45.800+0000] {processor.py:183} INFO - Processing /home/airflow/.local/lib/python3.12/site-packages/airflow/example_dags/example_bash_operator.py took 0.067 seconds
[2024-04-19T12:29:16.356+0000] {processor.py:161} INFO - Started process (PID=1066) to work on /home/airflow/.local/lib/python3.12/site-packages/airflow/example_dags/example_bash_operator.py
[2024-04-19T12:29:16.357+0000] {processor.py:830} INFO - Processing file /home/airflow/.local/lib/python3.12/site-packages/airflow/example_dags/example_bash_operator.py for tasks to queue
[2024-04-19T12:29:16.361+0000] {logging_mixin.py:188} INFO - [2024-04-19T12:29:16.360+0000] {dagbag.py:540} INFO - Filling up the DagBag from /home/airflow/.local/lib/python3.12/site-packages/airflow/example_dags/example_bash_operator.py
[2024-04-19T12:29:16.373+0000] {processor.py:840} INFO - DAG(s) 'example_bash_operator' retrieved from /home/airflow/.local/lib/python3.12/site-packages/airflow/example_dags/example_bash_operator.py
[2024-04-19T12:29:16.400+0000] {logging_mixin.py:188} INFO - [2024-04-19T12:29:16.400+0000] {dag.py:3096} INFO - Sync 1 DAGs
[2024-04-19T12:29:16.422+0000] {logging_mixin.py:188} INFO - [2024-04-19T12:29:16.422+0000] {dag.py:3954} INFO - Setting next_dagrun for example_bash_operator to 2024-04-18 00:00:00+00:00, run_after=2024-04-19 00:00:00+00:00
[2024-04-19T12:29:16.445+0000] {processor.py:183} INFO - Processing /home/airflow/.local/lib/python3.12/site-packages/airflow/example_dags/example_bash_operator.py took 0.095 seconds
[2024-04-19T12:29:46.890+0000] {processor.py:161} INFO - Started process (PID=1124) to work on /home/airflow/.local/lib/python3.12/site-packages/airflow/example_dags/example_bash_operator.py
[2024-04-19T12:29:46.890+0000] {processor.py:830} INFO - Processing file /home/airflow/.local/lib/python3.12/site-packages/airflow/example_dags/example_bash_operator.py for tasks to queue
[2024-04-19T12:29:46.892+0000] {logging_mixin.py:188} INFO - [2024-04-19T12:29:46.892+0000] {dagbag.py:540} INFO - Filling up the DagBag from /home/airflow/.local/lib/python3.12/site-packages/airflow/example_dags/example_bash_operator.py
[2024-04-19T12:29:46.899+0000] {processor.py:840} INFO - DAG(s) 'example_bash_operator' retrieved from /home/airflow/.local/lib/python3.12/site-packages/airflow/example_dags/example_bash_operator.py
[2024-04-19T12:29:46.909+0000] {logging_mixin.py:188} INFO - [2024-04-19T12:29:46.909+0000] {dag.py:3096} INFO - Sync 1 DAGs
[2024-04-19T12:29:47.013+0000] {logging_mixin.py:188} INFO - [2024-04-19T12:29:47.013+0000] {dag.py:3954} INFO - Setting next_dagrun for example_bash_operator to 2024-04-18 00:00:00+00:00, run_after=2024-04-19 00:00:00+00:00
[2024-04-19T12:29:47.027+0000] {processor.py:183} INFO - Processing /home/airflow/.local/lib/python3.12/site-packages/airflow/example_dags/example_bash_operator.py took 0.141 seconds
[2024-04-19T12:30:18.211+0000] {processor.py:161} INFO - Started process (PID=1182) to work on /home/airflow/.local/lib/python3.12/site-packages/airflow/example_dags/example_bash_operator.py
[2024-04-19T12:30:18.213+0000] {processor.py:830} INFO - Processing file /home/airflow/.local/lib/python3.12/site-packages/airflow/example_dags/example_bash_operator.py for tasks to queue
[2024-04-19T12:30:18.215+0000] {logging_mixin.py:188} INFO - [2024-04-19T12:30:18.215+0000] {dagbag.py:540} INFO - Filling up the DagBag from /home/airflow/.local/lib/python3.12/site-packages/airflow/example_dags/example_bash_operator.py
[2024-04-19T12:30:18.225+0000] {processor.py:840} INFO - DAG(s) 'example_bash_operator' retrieved from /home/airflow/.local/lib/python3.12/site-packages/airflow/example_dags/example_bash_operator.py
[2024-04-19T12:30:18.423+0000] {logging_mixin.py:188} INFO - [2024-04-19T12:30:18.423+0000] {dag.py:3096} INFO - Sync 1 DAGs
[2024-04-19T12:30:18.441+0000] {logging_mixin.py:188} INFO - [2024-04-19T12:30:18.441+0000] {dag.py:3954} INFO - Setting next_dagrun for example_bash_operator to 2024-04-18 00:00:00+00:00, run_after=2024-04-19 00:00:00+00:00
[2024-04-19T12:30:18.465+0000] {processor.py:183} INFO - Processing /home/airflow/.local/lib/python3.12/site-packages/airflow/example_dags/example_bash_operator.py took 0.263 seconds
[2024-04-19T12:30:49.229+0000] {processor.py:161} INFO - Started process (PID=1240) to work on /home/airflow/.local/lib/python3.12/site-packages/airflow/example_dags/example_bash_operator.py
[2024-04-19T12:30:49.230+0000] {processor.py:830} INFO - Processing file /home/airflow/.local/lib/python3.12/site-packages/airflow/example_dags/example_bash_operator.py for tasks to queue
[2024-04-19T12:30:49.231+0000] {logging_mixin.py:188} INFO - [2024-04-19T12:30:49.231+0000] {dagbag.py:540} INFO - Filling up the DagBag from /home/airflow/.local/lib/python3.12/site-packages/airflow/example_dags/example_bash_operator.py
[2024-04-19T12:30:49.238+0000] {processor.py:840} INFO - DAG(s) 'example_bash_operator' retrieved from /home/airflow/.local/lib/python3.12/site-packages/airflow/example_dags/example_bash_operator.py
[2024-04-19T12:30:49.259+0000] {logging_mixin.py:188} INFO - [2024-04-19T12:30:49.258+0000] {dag.py:3096} INFO - Sync 1 DAGs
[2024-04-19T12:30:49.274+0000] {logging_mixin.py:188} INFO - [2024-04-19T12:30:49.274+0000] {dag.py:3954} INFO - Setting next_dagrun for example_bash_operator to 2024-04-18 00:00:00+00:00, run_after=2024-04-19 00:00:00+00:00
[2024-04-19T12:30:49.291+0000] {processor.py:183} INFO - Processing /home/airflow/.local/lib/python3.12/site-packages/airflow/example_dags/example_bash_operator.py took 0.065 seconds
[2024-04-19T12:31:19.475+0000] {processor.py:161} INFO - Started process (PID=1298) to work on /home/airflow/.local/lib/python3.12/site-packages/airflow/example_dags/example_bash_operator.py
[2024-04-19T12:31:19.475+0000] {processor.py:830} INFO - Processing file /home/airflow/.local/lib/python3.12/site-packages/airflow/example_dags/example_bash_operator.py for tasks to queue
[2024-04-19T12:31:19.477+0000] {logging_mixin.py:188} INFO - [2024-04-19T12:31:19.476+0000] {dagbag.py:540} INFO - Filling up the DagBag from /home/airflow/.local/lib/python3.12/site-packages/airflow/example_dags/example_bash_operator.py
[2024-04-19T12:31:19.483+0000] {processor.py:840} INFO - DAG(s) 'example_bash_operator' retrieved from /home/airflow/.local/lib/python3.12/site-packages/airflow/example_dags/example_bash_operator.py
[2024-04-19T12:31:19.499+0000] {logging_mixin.py:188} INFO - [2024-04-19T12:31:19.498+0000] {dag.py:3096} INFO - Sync 1 DAGs
[2024-04-19T12:31:19.512+0000] {logging_mixin.py:188} INFO - [2024-04-19T12:31:19.512+0000] {dag.py:3954} INFO - Setting next_dagrun for example_bash_operator to 2024-04-18 00:00:00+00:00, run_after=2024-04-19 00:00:00+00:00
[2024-04-19T12:31:19.524+0000] {processor.py:183} INFO - Processing /home/airflow/.local/lib/python3.12/site-packages/airflow/example_dags/example_bash_operator.py took 0.053 seconds
[2024-04-19T12:31:49.876+0000] {processor.py:161} INFO - Started process (PID=1355) to work on /home/airflow/.local/lib/python3.12/site-packages/airflow/example_dags/example_bash_operator.py
[2024-04-19T12:31:49.877+0000] {processor.py:830} INFO - Processing file /home/airflow/.local/lib/python3.12/site-packages/airflow/example_dags/example_bash_operator.py for tasks to queue
[2024-04-19T12:31:49.878+0000] {logging_mixin.py:188} INFO - [2024-04-19T12:31:49.878+0000] {dagbag.py:540} INFO - Filling up the DagBag from /home/airflow/.local/lib/python3.12/site-packages/airflow/example_dags/example_bash_operator.py
[2024-04-19T12:31:49.888+0000] {processor.py:840} INFO - DAG(s) 'example_bash_operator' retrieved from /home/airflow/.local/lib/python3.12/site-packages/airflow/example_dags/example_bash_operator.py
[2024-04-19T12:31:49.910+0000] {logging_mixin.py:188} INFO - [2024-04-19T12:31:49.910+0000] {dag.py:3096} INFO - Sync 1 DAGs
[2024-04-19T12:31:49.926+0000] {logging_mixin.py:188} INFO - [2024-04-19T12:31:49.926+0000] {dag.py:3954} INFO - Setting next_dagrun for example_bash_operator to 2024-04-18 00:00:00+00:00, run_after=2024-04-19 00:00:00+00:00
[2024-04-19T12:31:49.940+0000] {processor.py:183} INFO - Processing /home/airflow/.local/lib/python3.12/site-packages/airflow/example_dags/example_bash_operator.py took 0.068 seconds
[2024-04-19T12:32:20.343+0000] {processor.py:161} INFO - Started process (PID=1413) to work on /home/airflow/.local/lib/python3.12/site-packages/airflow/example_dags/example_bash_operator.py
[2024-04-19T12:32:20.344+0000] {processor.py:830} INFO - Processing file /home/airflow/.local/lib/python3.12/site-packages/airflow/example_dags/example_bash_operator.py for tasks to queue
[2024-04-19T12:32:20.346+0000] {logging_mixin.py:188} INFO - [2024-04-19T12:32:20.345+0000] {dagbag.py:540} INFO - Filling up the DagBag from /home/airflow/.local/lib/python3.12/site-packages/airflow/example_dags/example_bash_operator.py
[2024-04-19T12:32:20.353+0000] {processor.py:840} INFO - DAG(s) 'example_bash_operator' retrieved from /home/airflow/.local/lib/python3.12/site-packages/airflow/example_dags/example_bash_operator.py
[2024-04-19T12:32:20.373+0000] {logging_mixin.py:188} INFO - [2024-04-19T12:32:20.373+0000] {dag.py:3096} INFO - Sync 1 DAGs
[2024-04-19T12:32:20.389+0000] {logging_mixin.py:188} INFO - [2024-04-19T12:32:20.389+0000] {dag.py:3954} INFO - Setting next_dagrun for example_bash_operator to 2024-04-18 00:00:00+00:00, run_after=2024-04-19 00:00:00+00:00
[2024-04-19T12:32:20.405+0000] {processor.py:183} INFO - Processing /home/airflow/.local/lib/python3.12/site-packages/airflow/example_dags/example_bash_operator.py took 0.066 seconds
[2024-04-19T12:32:50.819+0000] {processor.py:161} INFO - Started process (PID=1477) to work on /home/airflow/.local/lib/python3.12/site-packages/airflow/example_dags/example_bash_operator.py
[2024-04-19T12:32:50.820+0000] {processor.py:830} INFO - Processing file /home/airflow/.local/lib/python3.12/site-packages/airflow/example_dags/example_bash_operator.py for tasks to queue
[2024-04-19T12:32:50.822+0000] {logging_mixin.py:188} INFO - [2024-04-19T12:32:50.822+0000] {dagbag.py:540} INFO - Filling up the DagBag from /home/airflow/.local/lib/python3.12/site-packages/airflow/example_dags/example_bash_operator.py
[2024-04-19T12:32:50.829+0000] {processor.py:840} INFO - DAG(s) 'example_bash_operator' retrieved from /home/airflow/.local/lib/python3.12/site-packages/airflow/example_dags/example_bash_operator.py
[2024-04-19T12:32:50.850+0000] {logging_mixin.py:188} INFO - [2024-04-19T12:32:50.849+0000] {dag.py:3096} INFO - Sync 1 DAGs
[2024-04-19T12:32:50.865+0000] {logging_mixin.py:188} INFO - [2024-04-19T12:32:50.865+0000] {dag.py:3954} INFO - Setting next_dagrun for example_bash_operator to 2024-04-18 00:00:00+00:00, run_after=2024-04-19 00:00:00+00:00
[2024-04-19T12:32:50.881+0000] {processor.py:183} INFO - Processing /home/airflow/.local/lib/python3.12/site-packages/airflow/example_dags/example_bash_operator.py took 0.066 seconds
[2024-04-19T12:33:21.224+0000] {processor.py:161} INFO - Started process (PID=1535) to work on /home/airflow/.local/lib/python3.12/site-packages/airflow/example_dags/example_bash_operator.py
[2024-04-19T12:33:21.225+0000] {processor.py:830} INFO - Processing file /home/airflow/.local/lib/python3.12/site-packages/airflow/example_dags/example_bash_operator.py for tasks to queue
[2024-04-19T12:33:21.227+0000] {logging_mixin.py:188} INFO - [2024-04-19T12:33:21.227+0000] {dagbag.py:540} INFO - Filling up the DagBag from /home/airflow/.local/lib/python3.12/site-packages/airflow/example_dags/example_bash_operator.py
[2024-04-19T12:33:21.234+0000] {processor.py:840} INFO - DAG(s) 'example_bash_operator' retrieved from /home/airflow/.local/lib/python3.12/site-packages/airflow/example_dags/example_bash_operator.py
[2024-04-19T12:33:21.254+0000] {logging_mixin.py:188} INFO - [2024-04-19T12:33:21.253+0000] {dag.py:3096} INFO - Sync 1 DAGs
[2024-04-19T12:33:21.269+0000] {logging_mixin.py:188} INFO - [2024-04-19T12:33:21.269+0000] {dag.py:3954} INFO - Setting next_dagrun for example_bash_operator to 2024-04-18 00:00:00+00:00, run_after=2024-04-19 00:00:00+00:00
[2024-04-19T12:33:21.283+0000] {processor.py:183} INFO - Processing /home/airflow/.local/lib/python3.12/site-packages/airflow/example_dags/example_bash_operator.py took 0.062 seconds
[2024-04-19T12:33:51.728+0000] {processor.py:161} INFO - Started process (PID=1593) to work on /home/airflow/.local/lib/python3.12/site-packages/airflow/example_dags/example_bash_operator.py
[2024-04-19T12:33:51.729+0000] {processor.py:830} INFO - Processing file /home/airflow/.local/lib/python3.12/site-packages/airflow/example_dags/example_bash_operator.py for tasks to queue
[2024-04-19T12:33:51.730+0000] {logging_mixin.py:188} INFO - [2024-04-19T12:33:51.730+0000] {dagbag.py:540} INFO - Filling up the DagBag from /home/airflow/.local/lib/python3.12/site-packages/airflow/example_dags/example_bash_operator.py
[2024-04-19T12:33:51.739+0000] {processor.py:840} INFO - DAG(s) 'example_bash_operator' retrieved from /home/airflow/.local/lib/python3.12/site-packages/airflow/example_dags/example_bash_operator.py
[2024-04-19T12:33:51.758+0000] {logging_mixin.py:188} INFO - [2024-04-19T12:33:51.758+0000] {dag.py:3096} INFO - Sync 1 DAGs
[2024-04-19T12:33:51.776+0000] {logging_mixin.py:188} INFO - [2024-04-19T12:33:51.776+0000] {dag.py:3954} INFO - Setting next_dagrun for example_bash_operator to 2024-04-18 00:00:00+00:00, run_after=2024-04-19 00:00:00+00:00
[2024-04-19T12:33:51.791+0000] {processor.py:183} INFO - Processing /home/airflow/.local/lib/python3.12/site-packages/airflow/example_dags/example_bash_operator.py took 0.068 seconds
