[2024-04-19T12:17:13.571+0000] {processor.py:161} INFO - Started process (PID=77) to work on /home/airflow/.local/lib/python3.12/site-packages/airflow/example_dags/example_task_group_decorator.py
[2024-04-19T12:17:13.572+0000] {processor.py:830} INFO - Processing file /home/airflow/.local/lib/python3.12/site-packages/airflow/example_dags/example_task_group_decorator.py for tasks to queue
[2024-04-19T12:17:13.574+0000] {logging_mixin.py:188} INFO - [2024-04-19T12:17:13.574+0000] {dagbag.py:540} INFO - Filling up the DagBag from /home/airflow/.local/lib/python3.12/site-packages/airflow/example_dags/example_task_group_decorator.py
[2024-04-19T12:17:13.587+0000] {processor.py:840} INFO - DAG(s) 'example_task_group_decorator' retrieved from /home/airflow/.local/lib/python3.12/site-packages/airflow/example_dags/example_task_group_decorator.py
[2024-04-19T12:17:13.597+0000] {logging_mixin.py:188} INFO - [2024-04-19T12:17:13.597+0000] {dag.py:3096} INFO - Sync 1 DAGs
[2024-04-19T12:17:13.615+0000] {logging_mixin.py:188} INFO - [2024-04-19T12:17:13.615+0000] {dag.py:3954} INFO - Setting next_dagrun for example_task_group_decorator to 2024-04-18 00:00:00+00:00, run_after=2024-04-19 00:00:00+00:00
[2024-04-19T12:17:13.634+0000] {processor.py:183} INFO - Processing /home/airflow/.local/lib/python3.12/site-packages/airflow/example_dags/example_task_group_decorator.py took 0.066 seconds
[2024-04-19T12:17:44.164+0000] {processor.py:161} INFO - Started process (PID=135) to work on /home/airflow/.local/lib/python3.12/site-packages/airflow/example_dags/example_task_group_decorator.py
[2024-04-19T12:17:44.165+0000] {processor.py:830} INFO - Processing file /home/airflow/.local/lib/python3.12/site-packages/airflow/example_dags/example_task_group_decorator.py for tasks to queue
[2024-04-19T12:17:44.166+0000] {logging_mixin.py:188} INFO - [2024-04-19T12:17:44.166+0000] {dagbag.py:540} INFO - Filling up the DagBag from /home/airflow/.local/lib/python3.12/site-packages/airflow/example_dags/example_task_group_decorator.py
[2024-04-19T12:17:44.175+0000] {processor.py:840} INFO - DAG(s) 'example_task_group_decorator' retrieved from /home/airflow/.local/lib/python3.12/site-packages/airflow/example_dags/example_task_group_decorator.py
[2024-04-19T12:17:44.242+0000] {logging_mixin.py:188} INFO - [2024-04-19T12:17:44.242+0000] {dag.py:3096} INFO - Sync 1 DAGs
[2024-04-19T12:17:44.255+0000] {logging_mixin.py:188} INFO - [2024-04-19T12:17:44.255+0000] {dag.py:3954} INFO - Setting next_dagrun for example_task_group_decorator to 2024-04-18 00:00:00+00:00, run_after=2024-04-19 00:00:00+00:00
[2024-04-19T12:17:44.271+0000] {processor.py:183} INFO - Processing /home/airflow/.local/lib/python3.12/site-packages/airflow/example_dags/example_task_group_decorator.py took 0.112 seconds
[2024-04-19T12:18:14.512+0000] {processor.py:161} INFO - Started process (PID=193) to work on /home/airflow/.local/lib/python3.12/site-packages/airflow/example_dags/example_task_group_decorator.py
[2024-04-19T12:18:14.512+0000] {processor.py:830} INFO - Processing file /home/airflow/.local/lib/python3.12/site-packages/airflow/example_dags/example_task_group_decorator.py for tasks to queue
[2024-04-19T12:18:14.514+0000] {logging_mixin.py:188} INFO - [2024-04-19T12:18:14.513+0000] {dagbag.py:540} INFO - Filling up the DagBag from /home/airflow/.local/lib/python3.12/site-packages/airflow/example_dags/example_task_group_decorator.py
[2024-04-19T12:18:14.522+0000] {processor.py:840} INFO - DAG(s) 'example_task_group_decorator' retrieved from /home/airflow/.local/lib/python3.12/site-packages/airflow/example_dags/example_task_group_decorator.py
[2024-04-19T12:18:14.539+0000] {logging_mixin.py:188} INFO - [2024-04-19T12:18:14.538+0000] {dag.py:3096} INFO - Sync 1 DAGs
[2024-04-19T12:18:14.554+0000] {logging_mixin.py:188} INFO - [2024-04-19T12:18:14.554+0000] {dag.py:3954} INFO - Setting next_dagrun for example_task_group_decorator to 2024-04-18 00:00:00+00:00, run_after=2024-04-19 00:00:00+00:00
[2024-04-19T12:18:14.572+0000] {processor.py:183} INFO - Processing /home/airflow/.local/lib/python3.12/site-packages/airflow/example_dags/example_task_group_decorator.py took 0.064 seconds
[2024-04-19T12:20:35.545+0000] {processor.py:161} INFO - Started process (PID=77) to work on /home/airflow/.local/lib/python3.12/site-packages/airflow/example_dags/example_task_group_decorator.py
[2024-04-19T12:20:35.546+0000] {processor.py:830} INFO - Processing file /home/airflow/.local/lib/python3.12/site-packages/airflow/example_dags/example_task_group_decorator.py for tasks to queue
[2024-04-19T12:20:35.548+0000] {logging_mixin.py:188} INFO - [2024-04-19T12:20:35.547+0000] {dagbag.py:540} INFO - Filling up the DagBag from /home/airflow/.local/lib/python3.12/site-packages/airflow/example_dags/example_task_group_decorator.py
[2024-04-19T12:20:35.559+0000] {processor.py:840} INFO - DAG(s) 'example_task_group_decorator' retrieved from /home/airflow/.local/lib/python3.12/site-packages/airflow/example_dags/example_task_group_decorator.py
[2024-04-19T12:20:35.570+0000] {logging_mixin.py:188} INFO - [2024-04-19T12:20:35.570+0000] {dag.py:3096} INFO - Sync 1 DAGs
[2024-04-19T12:20:35.587+0000] {logging_mixin.py:188} INFO - [2024-04-19T12:20:35.587+0000] {dag.py:3954} INFO - Setting next_dagrun for example_task_group_decorator to 2024-04-18 00:00:00+00:00, run_after=2024-04-19 00:00:00+00:00
[2024-04-19T12:20:35.604+0000] {processor.py:183} INFO - Processing /home/airflow/.local/lib/python3.12/site-packages/airflow/example_dags/example_task_group_decorator.py took 0.063 seconds
[2024-04-19T12:21:06.259+0000] {processor.py:161} INFO - Started process (PID=135) to work on /home/airflow/.local/lib/python3.12/site-packages/airflow/example_dags/example_task_group_decorator.py
[2024-04-19T12:21:06.260+0000] {processor.py:830} INFO - Processing file /home/airflow/.local/lib/python3.12/site-packages/airflow/example_dags/example_task_group_decorator.py for tasks to queue
[2024-04-19T12:21:06.261+0000] {logging_mixin.py:188} INFO - [2024-04-19T12:21:06.261+0000] {dagbag.py:540} INFO - Filling up the DagBag from /home/airflow/.local/lib/python3.12/site-packages/airflow/example_dags/example_task_group_decorator.py
[2024-04-19T12:21:06.270+0000] {processor.py:840} INFO - DAG(s) 'example_task_group_decorator' retrieved from /home/airflow/.local/lib/python3.12/site-packages/airflow/example_dags/example_task_group_decorator.py
[2024-04-19T12:21:06.338+0000] {logging_mixin.py:188} INFO - [2024-04-19T12:21:06.337+0000] {dag.py:3096} INFO - Sync 1 DAGs
[2024-04-19T12:21:06.350+0000] {logging_mixin.py:188} INFO - [2024-04-19T12:21:06.350+0000] {dag.py:3954} INFO - Setting next_dagrun for example_task_group_decorator to 2024-04-18 00:00:00+00:00, run_after=2024-04-19 00:00:00+00:00
[2024-04-19T12:21:06.365+0000] {processor.py:183} INFO - Processing /home/airflow/.local/lib/python3.12/site-packages/airflow/example_dags/example_task_group_decorator.py took 0.110 seconds
[2024-04-19T12:21:36.545+0000] {processor.py:161} INFO - Started process (PID=193) to work on /home/airflow/.local/lib/python3.12/site-packages/airflow/example_dags/example_task_group_decorator.py
[2024-04-19T12:21:36.546+0000] {processor.py:830} INFO - Processing file /home/airflow/.local/lib/python3.12/site-packages/airflow/example_dags/example_task_group_decorator.py for tasks to queue
[2024-04-19T12:21:36.547+0000] {logging_mixin.py:188} INFO - [2024-04-19T12:21:36.547+0000] {dagbag.py:540} INFO - Filling up the DagBag from /home/airflow/.local/lib/python3.12/site-packages/airflow/example_dags/example_task_group_decorator.py
[2024-04-19T12:21:36.556+0000] {processor.py:840} INFO - DAG(s) 'example_task_group_decorator' retrieved from /home/airflow/.local/lib/python3.12/site-packages/airflow/example_dags/example_task_group_decorator.py
[2024-04-19T12:21:36.572+0000] {logging_mixin.py:188} INFO - [2024-04-19T12:21:36.572+0000] {dag.py:3096} INFO - Sync 1 DAGs
[2024-04-19T12:21:36.586+0000] {logging_mixin.py:188} INFO - [2024-04-19T12:21:36.586+0000] {dag.py:3954} INFO - Setting next_dagrun for example_task_group_decorator to 2024-04-18 00:00:00+00:00, run_after=2024-04-19 00:00:00+00:00
[2024-04-19T12:21:36.601+0000] {processor.py:183} INFO - Processing /home/airflow/.local/lib/python3.12/site-packages/airflow/example_dags/example_task_group_decorator.py took 0.059 seconds
[2024-04-19T12:22:06.922+0000] {processor.py:161} INFO - Started process (PID=251) to work on /home/airflow/.local/lib/python3.12/site-packages/airflow/example_dags/example_task_group_decorator.py
[2024-04-19T12:22:06.923+0000] {processor.py:830} INFO - Processing file /home/airflow/.local/lib/python3.12/site-packages/airflow/example_dags/example_task_group_decorator.py for tasks to queue
[2024-04-19T12:22:06.924+0000] {logging_mixin.py:188} INFO - [2024-04-19T12:22:06.924+0000] {dagbag.py:540} INFO - Filling up the DagBag from /home/airflow/.local/lib/python3.12/site-packages/airflow/example_dags/example_task_group_decorator.py
[2024-04-19T12:22:06.933+0000] {processor.py:840} INFO - DAG(s) 'example_task_group_decorator' retrieved from /home/airflow/.local/lib/python3.12/site-packages/airflow/example_dags/example_task_group_decorator.py
[2024-04-19T12:22:06.949+0000] {logging_mixin.py:188} INFO - [2024-04-19T12:22:06.949+0000] {dag.py:3096} INFO - Sync 1 DAGs
[2024-04-19T12:22:06.963+0000] {logging_mixin.py:188} INFO - [2024-04-19T12:22:06.963+0000] {dag.py:3954} INFO - Setting next_dagrun for example_task_group_decorator to 2024-04-18 00:00:00+00:00, run_after=2024-04-19 00:00:00+00:00
[2024-04-19T12:22:06.979+0000] {processor.py:183} INFO - Processing /home/airflow/.local/lib/python3.12/site-packages/airflow/example_dags/example_task_group_decorator.py took 0.061 seconds
[2024-04-19T12:22:37.277+0000] {processor.py:161} INFO - Started process (PID=309) to work on /home/airflow/.local/lib/python3.12/site-packages/airflow/example_dags/example_task_group_decorator.py
[2024-04-19T12:22:37.278+0000] {processor.py:830} INFO - Processing file /home/airflow/.local/lib/python3.12/site-packages/airflow/example_dags/example_task_group_decorator.py for tasks to queue
[2024-04-19T12:22:37.280+0000] {logging_mixin.py:188} INFO - [2024-04-19T12:22:37.279+0000] {dagbag.py:540} INFO - Filling up the DagBag from /home/airflow/.local/lib/python3.12/site-packages/airflow/example_dags/example_task_group_decorator.py
[2024-04-19T12:22:37.288+0000] {processor.py:840} INFO - DAG(s) 'example_task_group_decorator' retrieved from /home/airflow/.local/lib/python3.12/site-packages/airflow/example_dags/example_task_group_decorator.py
[2024-04-19T12:22:37.305+0000] {logging_mixin.py:188} INFO - [2024-04-19T12:22:37.304+0000] {dag.py:3096} INFO - Sync 1 DAGs
[2024-04-19T12:22:37.319+0000] {logging_mixin.py:188} INFO - [2024-04-19T12:22:37.319+0000] {dag.py:3954} INFO - Setting next_dagrun for example_task_group_decorator to 2024-04-18 00:00:00+00:00, run_after=2024-04-19 00:00:00+00:00
[2024-04-19T12:22:37.336+0000] {processor.py:183} INFO - Processing /home/airflow/.local/lib/python3.12/site-packages/airflow/example_dags/example_task_group_decorator.py took 0.063 seconds
[2024-04-19T12:23:07.864+0000] {processor.py:161} INFO - Started process (PID=367) to work on /home/airflow/.local/lib/python3.12/site-packages/airflow/example_dags/example_task_group_decorator.py
[2024-04-19T12:23:07.866+0000] {processor.py:830} INFO - Processing file /home/airflow/.local/lib/python3.12/site-packages/airflow/example_dags/example_task_group_decorator.py for tasks to queue
[2024-04-19T12:23:07.869+0000] {logging_mixin.py:188} INFO - [2024-04-19T12:23:07.869+0000] {dagbag.py:540} INFO - Filling up the DagBag from /home/airflow/.local/lib/python3.12/site-packages/airflow/example_dags/example_task_group_decorator.py
[2024-04-19T12:23:07.883+0000] {processor.py:840} INFO - DAG(s) 'example_task_group_decorator' retrieved from /home/airflow/.local/lib/python3.12/site-packages/airflow/example_dags/example_task_group_decorator.py
[2024-04-19T12:23:07.897+0000] {logging_mixin.py:188} INFO - [2024-04-19T12:23:07.897+0000] {dag.py:3096} INFO - Sync 1 DAGs
[2024-04-19T12:23:07.922+0000] {logging_mixin.py:188} INFO - [2024-04-19T12:23:07.922+0000] {dag.py:3954} INFO - Setting next_dagrun for example_task_group_decorator to 2024-04-18 00:00:00+00:00, run_after=2024-04-19 00:00:00+00:00
[2024-04-19T12:23:07.947+0000] {processor.py:183} INFO - Processing /home/airflow/.local/lib/python3.12/site-packages/airflow/example_dags/example_task_group_decorator.py took 0.090 seconds
[2024-04-19T12:23:39.171+0000] {processor.py:161} INFO - Started process (PID=426) to work on /home/airflow/.local/lib/python3.12/site-packages/airflow/example_dags/example_task_group_decorator.py
[2024-04-19T12:23:39.172+0000] {processor.py:830} INFO - Processing file /home/airflow/.local/lib/python3.12/site-packages/airflow/example_dags/example_task_group_decorator.py for tasks to queue
[2024-04-19T12:23:39.173+0000] {logging_mixin.py:188} INFO - [2024-04-19T12:23:39.173+0000] {dagbag.py:540} INFO - Filling up the DagBag from /home/airflow/.local/lib/python3.12/site-packages/airflow/example_dags/example_task_group_decorator.py
[2024-04-19T12:23:39.181+0000] {processor.py:840} INFO - DAG(s) 'example_task_group_decorator' retrieved from /home/airflow/.local/lib/python3.12/site-packages/airflow/example_dags/example_task_group_decorator.py
[2024-04-19T12:23:39.248+0000] {logging_mixin.py:188} INFO - [2024-04-19T12:23:39.248+0000] {dag.py:3096} INFO - Sync 1 DAGs
[2024-04-19T12:23:39.263+0000] {logging_mixin.py:188} INFO - [2024-04-19T12:23:39.262+0000] {dag.py:3954} INFO - Setting next_dagrun for example_task_group_decorator to 2024-04-18 00:00:00+00:00, run_after=2024-04-19 00:00:00+00:00
[2024-04-19T12:23:39.279+0000] {processor.py:183} INFO - Processing /home/airflow/.local/lib/python3.12/site-packages/airflow/example_dags/example_task_group_decorator.py took 0.112 seconds
[2024-04-19T12:24:09.855+0000] {processor.py:161} INFO - Started process (PID=485) to work on /home/airflow/.local/lib/python3.12/site-packages/airflow/example_dags/example_task_group_decorator.py
[2024-04-19T12:24:09.856+0000] {processor.py:830} INFO - Processing file /home/airflow/.local/lib/python3.12/site-packages/airflow/example_dags/example_task_group_decorator.py for tasks to queue
[2024-04-19T12:24:09.857+0000] {logging_mixin.py:188} INFO - [2024-04-19T12:24:09.857+0000] {dagbag.py:540} INFO - Filling up the DagBag from /home/airflow/.local/lib/python3.12/site-packages/airflow/example_dags/example_task_group_decorator.py
[2024-04-19T12:24:09.866+0000] {processor.py:840} INFO - DAG(s) 'example_task_group_decorator' retrieved from /home/airflow/.local/lib/python3.12/site-packages/airflow/example_dags/example_task_group_decorator.py
[2024-04-19T12:24:09.886+0000] {logging_mixin.py:188} INFO - [2024-04-19T12:24:09.886+0000] {dag.py:3096} INFO - Sync 1 DAGs
[2024-04-19T12:24:09.902+0000] {logging_mixin.py:188} INFO - [2024-04-19T12:24:09.902+0000] {dag.py:3954} INFO - Setting next_dagrun for example_task_group_decorator to 2024-04-18 00:00:00+00:00, run_after=2024-04-19 00:00:00+00:00
[2024-04-19T12:24:09.921+0000] {processor.py:183} INFO - Processing /home/airflow/.local/lib/python3.12/site-packages/airflow/example_dags/example_task_group_decorator.py took 0.069 seconds
[2024-04-19T12:24:40.360+0000] {processor.py:161} INFO - Started process (PID=543) to work on /home/airflow/.local/lib/python3.12/site-packages/airflow/example_dags/example_task_group_decorator.py
[2024-04-19T12:24:40.360+0000] {processor.py:830} INFO - Processing file /home/airflow/.local/lib/python3.12/site-packages/airflow/example_dags/example_task_group_decorator.py for tasks to queue
[2024-04-19T12:24:40.362+0000] {logging_mixin.py:188} INFO - [2024-04-19T12:24:40.361+0000] {dagbag.py:540} INFO - Filling up the DagBag from /home/airflow/.local/lib/python3.12/site-packages/airflow/example_dags/example_task_group_decorator.py
[2024-04-19T12:24:40.370+0000] {processor.py:840} INFO - DAG(s) 'example_task_group_decorator' retrieved from /home/airflow/.local/lib/python3.12/site-packages/airflow/example_dags/example_task_group_decorator.py
[2024-04-19T12:24:40.388+0000] {logging_mixin.py:188} INFO - [2024-04-19T12:24:40.387+0000] {dag.py:3096} INFO - Sync 1 DAGs
[2024-04-19T12:24:40.403+0000] {logging_mixin.py:188} INFO - [2024-04-19T12:24:40.403+0000] {dag.py:3954} INFO - Setting next_dagrun for example_task_group_decorator to 2024-04-18 00:00:00+00:00, run_after=2024-04-19 00:00:00+00:00
[2024-04-19T12:24:40.420+0000] {processor.py:183} INFO - Processing /home/airflow/.local/lib/python3.12/site-packages/airflow/example_dags/example_task_group_decorator.py took 0.063 seconds
[2024-04-19T12:25:11.157+0000] {processor.py:161} INFO - Started process (PID=600) to work on /home/airflow/.local/lib/python3.12/site-packages/airflow/example_dags/example_task_group_decorator.py
[2024-04-19T12:25:11.158+0000] {processor.py:830} INFO - Processing file /home/airflow/.local/lib/python3.12/site-packages/airflow/example_dags/example_task_group_decorator.py for tasks to queue
[2024-04-19T12:25:11.160+0000] {logging_mixin.py:188} INFO - [2024-04-19T12:25:11.160+0000] {dagbag.py:540} INFO - Filling up the DagBag from /home/airflow/.local/lib/python3.12/site-packages/airflow/example_dags/example_task_group_decorator.py
[2024-04-19T12:25:11.169+0000] {processor.py:840} INFO - DAG(s) 'example_task_group_decorator' retrieved from /home/airflow/.local/lib/python3.12/site-packages/airflow/example_dags/example_task_group_decorator.py
[2024-04-19T12:25:11.190+0000] {logging_mixin.py:188} INFO - [2024-04-19T12:25:11.190+0000] {dag.py:3096} INFO - Sync 1 DAGs
[2024-04-19T12:25:11.211+0000] {logging_mixin.py:188} INFO - [2024-04-19T12:25:11.211+0000] {dag.py:3954} INFO - Setting next_dagrun for example_task_group_decorator to 2024-04-18 00:00:00+00:00, run_after=2024-04-19 00:00:00+00:00
[2024-04-19T12:25:11.232+0000] {processor.py:183} INFO - Processing /home/airflow/.local/lib/python3.12/site-packages/airflow/example_dags/example_task_group_decorator.py took 0.079 seconds
[2024-04-19T12:25:41.362+0000] {processor.py:161} INFO - Started process (PID=658) to work on /home/airflow/.local/lib/python3.12/site-packages/airflow/example_dags/example_task_group_decorator.py
[2024-04-19T12:25:41.363+0000] {processor.py:830} INFO - Processing file /home/airflow/.local/lib/python3.12/site-packages/airflow/example_dags/example_task_group_decorator.py for tasks to queue
[2024-04-19T12:25:41.365+0000] {logging_mixin.py:188} INFO - [2024-04-19T12:25:41.364+0000] {dagbag.py:540} INFO - Filling up the DagBag from /home/airflow/.local/lib/python3.12/site-packages/airflow/example_dags/example_task_group_decorator.py
[2024-04-19T12:25:41.376+0000] {processor.py:840} INFO - DAG(s) 'example_task_group_decorator' retrieved from /home/airflow/.local/lib/python3.12/site-packages/airflow/example_dags/example_task_group_decorator.py
[2024-04-19T12:25:41.397+0000] {logging_mixin.py:188} INFO - [2024-04-19T12:25:41.396+0000] {dag.py:3096} INFO - Sync 1 DAGs
[2024-04-19T12:25:41.414+0000] {logging_mixin.py:188} INFO - [2024-04-19T12:25:41.414+0000] {dag.py:3954} INFO - Setting next_dagrun for example_task_group_decorator to 2024-04-18 00:00:00+00:00, run_after=2024-04-19 00:00:00+00:00
[2024-04-19T12:25:41.435+0000] {processor.py:183} INFO - Processing /home/airflow/.local/lib/python3.12/site-packages/airflow/example_dags/example_task_group_decorator.py took 0.077 seconds
[2024-04-19T12:26:11.674+0000] {processor.py:161} INFO - Started process (PID=717) to work on /home/airflow/.local/lib/python3.12/site-packages/airflow/example_dags/example_task_group_decorator.py
[2024-04-19T12:26:11.674+0000] {processor.py:830} INFO - Processing file /home/airflow/.local/lib/python3.12/site-packages/airflow/example_dags/example_task_group_decorator.py for tasks to queue
[2024-04-19T12:26:11.675+0000] {logging_mixin.py:188} INFO - [2024-04-19T12:26:11.675+0000] {dagbag.py:540} INFO - Filling up the DagBag from /home/airflow/.local/lib/python3.12/site-packages/airflow/example_dags/example_task_group_decorator.py
[2024-04-19T12:26:11.685+0000] {processor.py:840} INFO - DAG(s) 'example_task_group_decorator' retrieved from /home/airflow/.local/lib/python3.12/site-packages/airflow/example_dags/example_task_group_decorator.py
[2024-04-19T12:26:11.704+0000] {logging_mixin.py:188} INFO - [2024-04-19T12:26:11.704+0000] {dag.py:3096} INFO - Sync 1 DAGs
[2024-04-19T12:26:11.722+0000] {logging_mixin.py:188} INFO - [2024-04-19T12:26:11.722+0000] {dag.py:3954} INFO - Setting next_dagrun for example_task_group_decorator to 2024-04-18 00:00:00+00:00, run_after=2024-04-19 00:00:00+00:00
[2024-04-19T12:26:11.740+0000] {processor.py:183} INFO - Processing /home/airflow/.local/lib/python3.12/site-packages/airflow/example_dags/example_task_group_decorator.py took 0.070 seconds
[2024-04-19T12:26:42.166+0000] {processor.py:161} INFO - Started process (PID=775) to work on /home/airflow/.local/lib/python3.12/site-packages/airflow/example_dags/example_task_group_decorator.py
[2024-04-19T12:26:42.167+0000] {processor.py:830} INFO - Processing file /home/airflow/.local/lib/python3.12/site-packages/airflow/example_dags/example_task_group_decorator.py for tasks to queue
[2024-04-19T12:26:42.169+0000] {logging_mixin.py:188} INFO - [2024-04-19T12:26:42.169+0000] {dagbag.py:540} INFO - Filling up the DagBag from /home/airflow/.local/lib/python3.12/site-packages/airflow/example_dags/example_task_group_decorator.py
[2024-04-19T12:26:42.180+0000] {processor.py:840} INFO - DAG(s) 'example_task_group_decorator' retrieved from /home/airflow/.local/lib/python3.12/site-packages/airflow/example_dags/example_task_group_decorator.py
[2024-04-19T12:26:42.206+0000] {logging_mixin.py:188} INFO - [2024-04-19T12:26:42.206+0000] {dag.py:3096} INFO - Sync 1 DAGs
[2024-04-19T12:26:42.228+0000] {logging_mixin.py:188} INFO - [2024-04-19T12:26:42.228+0000] {dag.py:3954} INFO - Setting next_dagrun for example_task_group_decorator to 2024-04-18 00:00:00+00:00, run_after=2024-04-19 00:00:00+00:00
[2024-04-19T12:26:42.254+0000] {processor.py:183} INFO - Processing /home/airflow/.local/lib/python3.12/site-packages/airflow/example_dags/example_task_group_decorator.py took 0.093 seconds
[2024-04-19T12:27:12.810+0000] {processor.py:161} INFO - Started process (PID=832) to work on /home/airflow/.local/lib/python3.12/site-packages/airflow/example_dags/example_task_group_decorator.py
[2024-04-19T12:27:12.811+0000] {processor.py:830} INFO - Processing file /home/airflow/.local/lib/python3.12/site-packages/airflow/example_dags/example_task_group_decorator.py for tasks to queue
[2024-04-19T12:27:12.813+0000] {logging_mixin.py:188} INFO - [2024-04-19T12:27:12.813+0000] {dagbag.py:540} INFO - Filling up the DagBag from /home/airflow/.local/lib/python3.12/site-packages/airflow/example_dags/example_task_group_decorator.py
[2024-04-19T12:27:12.826+0000] {processor.py:840} INFO - DAG(s) 'example_task_group_decorator' retrieved from /home/airflow/.local/lib/python3.12/site-packages/airflow/example_dags/example_task_group_decorator.py
[2024-04-19T12:27:12.847+0000] {logging_mixin.py:188} INFO - [2024-04-19T12:27:12.847+0000] {dag.py:3096} INFO - Sync 1 DAGs
[2024-04-19T12:27:12.872+0000] {logging_mixin.py:188} INFO - [2024-04-19T12:27:12.871+0000] {dag.py:3954} INFO - Setting next_dagrun for example_task_group_decorator to 2024-04-18 00:00:00+00:00, run_after=2024-04-19 00:00:00+00:00
[2024-04-19T12:27:12.891+0000] {processor.py:183} INFO - Processing /home/airflow/.local/lib/python3.12/site-packages/airflow/example_dags/example_task_group_decorator.py took 0.087 seconds
[2024-04-19T12:27:43.778+0000] {processor.py:161} INFO - Started process (PID=890) to work on /home/airflow/.local/lib/python3.12/site-packages/airflow/example_dags/example_task_group_decorator.py
[2024-04-19T12:27:43.779+0000] {processor.py:830} INFO - Processing file /home/airflow/.local/lib/python3.12/site-packages/airflow/example_dags/example_task_group_decorator.py for tasks to queue
[2024-04-19T12:27:43.780+0000] {logging_mixin.py:188} INFO - [2024-04-19T12:27:43.780+0000] {dagbag.py:540} INFO - Filling up the DagBag from /home/airflow/.local/lib/python3.12/site-packages/airflow/example_dags/example_task_group_decorator.py
[2024-04-19T12:27:43.791+0000] {processor.py:840} INFO - DAG(s) 'example_task_group_decorator' retrieved from /home/airflow/.local/lib/python3.12/site-packages/airflow/example_dags/example_task_group_decorator.py
[2024-04-19T12:27:43.814+0000] {logging_mixin.py:188} INFO - [2024-04-19T12:27:43.813+0000] {dag.py:3096} INFO - Sync 1 DAGs
[2024-04-19T12:27:43.835+0000] {logging_mixin.py:188} INFO - [2024-04-19T12:27:43.835+0000] {dag.py:3954} INFO - Setting next_dagrun for example_task_group_decorator to 2024-04-18 00:00:00+00:00, run_after=2024-04-19 00:00:00+00:00
[2024-04-19T12:27:43.857+0000] {processor.py:183} INFO - Processing /home/airflow/.local/lib/python3.12/site-packages/airflow/example_dags/example_task_group_decorator.py took 0.083 seconds
[2024-04-19T12:28:14.979+0000] {processor.py:161} INFO - Started process (PID=949) to work on /home/airflow/.local/lib/python3.12/site-packages/airflow/example_dags/example_task_group_decorator.py
[2024-04-19T12:28:14.980+0000] {processor.py:830} INFO - Processing file /home/airflow/.local/lib/python3.12/site-packages/airflow/example_dags/example_task_group_decorator.py for tasks to queue
[2024-04-19T12:28:14.983+0000] {logging_mixin.py:188} INFO - [2024-04-19T12:28:14.982+0000] {dagbag.py:540} INFO - Filling up the DagBag from /home/airflow/.local/lib/python3.12/site-packages/airflow/example_dags/example_task_group_decorator.py
[2024-04-19T12:28:14.995+0000] {processor.py:840} INFO - DAG(s) 'example_task_group_decorator' retrieved from /home/airflow/.local/lib/python3.12/site-packages/airflow/example_dags/example_task_group_decorator.py
[2024-04-19T12:28:15.025+0000] {logging_mixin.py:188} INFO - [2024-04-19T12:28:15.024+0000] {dag.py:3096} INFO - Sync 1 DAGs
[2024-04-19T12:28:15.048+0000] {logging_mixin.py:188} INFO - [2024-04-19T12:28:15.048+0000] {dag.py:3954} INFO - Setting next_dagrun for example_task_group_decorator to 2024-04-18 00:00:00+00:00, run_after=2024-04-19 00:00:00+00:00
[2024-04-19T12:28:15.073+0000] {processor.py:183} INFO - Processing /home/airflow/.local/lib/python3.12/site-packages/airflow/example_dags/example_task_group_decorator.py took 0.099 seconds
[2024-04-19T12:28:45.649+0000] {processor.py:161} INFO - Started process (PID=1007) to work on /home/airflow/.local/lib/python3.12/site-packages/airflow/example_dags/example_task_group_decorator.py
[2024-04-19T12:28:45.650+0000] {processor.py:830} INFO - Processing file /home/airflow/.local/lib/python3.12/site-packages/airflow/example_dags/example_task_group_decorator.py for tasks to queue
[2024-04-19T12:28:45.651+0000] {logging_mixin.py:188} INFO - [2024-04-19T12:28:45.651+0000] {dagbag.py:540} INFO - Filling up the DagBag from /home/airflow/.local/lib/python3.12/site-packages/airflow/example_dags/example_task_group_decorator.py
[2024-04-19T12:28:45.660+0000] {processor.py:840} INFO - DAG(s) 'example_task_group_decorator' retrieved from /home/airflow/.local/lib/python3.12/site-packages/airflow/example_dags/example_task_group_decorator.py
[2024-04-19T12:28:45.679+0000] {logging_mixin.py:188} INFO - [2024-04-19T12:28:45.679+0000] {dag.py:3096} INFO - Sync 1 DAGs
[2024-04-19T12:28:45.696+0000] {logging_mixin.py:188} INFO - [2024-04-19T12:28:45.695+0000] {dag.py:3954} INFO - Setting next_dagrun for example_task_group_decorator to 2024-04-18 00:00:00+00:00, run_after=2024-04-19 00:00:00+00:00
[2024-04-19T12:28:45.712+0000] {processor.py:183} INFO - Processing /home/airflow/.local/lib/python3.12/site-packages/airflow/example_dags/example_task_group_decorator.py took 0.066 seconds
[2024-04-19T12:29:16.264+0000] {processor.py:161} INFO - Started process (PID=1065) to work on /home/airflow/.local/lib/python3.12/site-packages/airflow/example_dags/example_task_group_decorator.py
[2024-04-19T12:29:16.264+0000] {processor.py:830} INFO - Processing file /home/airflow/.local/lib/python3.12/site-packages/airflow/example_dags/example_task_group_decorator.py for tasks to queue
[2024-04-19T12:29:16.266+0000] {logging_mixin.py:188} INFO - [2024-04-19T12:29:16.266+0000] {dagbag.py:540} INFO - Filling up the DagBag from /home/airflow/.local/lib/python3.12/site-packages/airflow/example_dags/example_task_group_decorator.py
[2024-04-19T12:29:16.275+0000] {processor.py:840} INFO - DAG(s) 'example_task_group_decorator' retrieved from /home/airflow/.local/lib/python3.12/site-packages/airflow/example_dags/example_task_group_decorator.py
[2024-04-19T12:29:16.293+0000] {logging_mixin.py:188} INFO - [2024-04-19T12:29:16.293+0000] {dag.py:3096} INFO - Sync 1 DAGs
[2024-04-19T12:29:16.308+0000] {logging_mixin.py:188} INFO - [2024-04-19T12:29:16.308+0000] {dag.py:3954} INFO - Setting next_dagrun for example_task_group_decorator to 2024-04-18 00:00:00+00:00, run_after=2024-04-19 00:00:00+00:00
[2024-04-19T12:29:16.324+0000] {processor.py:183} INFO - Processing /home/airflow/.local/lib/python3.12/site-packages/airflow/example_dags/example_task_group_decorator.py took 0.064 seconds
[2024-04-19T12:29:46.684+0000] {processor.py:161} INFO - Started process (PID=1122) to work on /home/airflow/.local/lib/python3.12/site-packages/airflow/example_dags/example_task_group_decorator.py
[2024-04-19T12:29:46.685+0000] {processor.py:830} INFO - Processing file /home/airflow/.local/lib/python3.12/site-packages/airflow/example_dags/example_task_group_decorator.py for tasks to queue
[2024-04-19T12:29:46.687+0000] {logging_mixin.py:188} INFO - [2024-04-19T12:29:46.687+0000] {dagbag.py:540} INFO - Filling up the DagBag from /home/airflow/.local/lib/python3.12/site-packages/airflow/example_dags/example_task_group_decorator.py
[2024-04-19T12:29:46.697+0000] {processor.py:840} INFO - DAG(s) 'example_task_group_decorator' retrieved from /home/airflow/.local/lib/python3.12/site-packages/airflow/example_dags/example_task_group_decorator.py
[2024-04-19T12:29:46.707+0000] {logging_mixin.py:188} INFO - [2024-04-19T12:29:46.707+0000] {dag.py:3096} INFO - Sync 1 DAGs
[2024-04-19T12:29:46.830+0000] {logging_mixin.py:188} INFO - [2024-04-19T12:29:46.830+0000] {dag.py:3954} INFO - Setting next_dagrun for example_task_group_decorator to 2024-04-18 00:00:00+00:00, run_after=2024-04-19 00:00:00+00:00
[2024-04-19T12:29:46.861+0000] {processor.py:183} INFO - Processing /home/airflow/.local/lib/python3.12/site-packages/airflow/example_dags/example_task_group_decorator.py took 0.181 seconds
[2024-04-19T12:30:18.077+0000] {processor.py:161} INFO - Started process (PID=1181) to work on /home/airflow/.local/lib/python3.12/site-packages/airflow/example_dags/example_task_group_decorator.py
[2024-04-19T12:30:18.078+0000] {processor.py:830} INFO - Processing file /home/airflow/.local/lib/python3.12/site-packages/airflow/example_dags/example_task_group_decorator.py for tasks to queue
[2024-04-19T12:30:18.080+0000] {logging_mixin.py:188} INFO - [2024-04-19T12:30:18.079+0000] {dagbag.py:540} INFO - Filling up the DagBag from /home/airflow/.local/lib/python3.12/site-packages/airflow/example_dags/example_task_group_decorator.py
[2024-04-19T12:30:18.090+0000] {processor.py:840} INFO - DAG(s) 'example_task_group_decorator' retrieved from /home/airflow/.local/lib/python3.12/site-packages/airflow/example_dags/example_task_group_decorator.py
[2024-04-19T12:30:18.261+0000] {logging_mixin.py:188} INFO - [2024-04-19T12:30:18.261+0000] {dag.py:3096} INFO - Sync 1 DAGs
[2024-04-19T12:30:18.277+0000] {logging_mixin.py:188} INFO - [2024-04-19T12:30:18.277+0000] {dag.py:3954} INFO - Setting next_dagrun for example_task_group_decorator to 2024-04-18 00:00:00+00:00, run_after=2024-04-19 00:00:00+00:00
[2024-04-19T12:30:18.297+0000] {processor.py:183} INFO - Processing /home/airflow/.local/lib/python3.12/site-packages/airflow/example_dags/example_task_group_decorator.py took 0.224 seconds
[2024-04-19T12:30:49.143+0000] {processor.py:161} INFO - Started process (PID=1239) to work on /home/airflow/.local/lib/python3.12/site-packages/airflow/example_dags/example_task_group_decorator.py
[2024-04-19T12:30:49.144+0000] {processor.py:830} INFO - Processing file /home/airflow/.local/lib/python3.12/site-packages/airflow/example_dags/example_task_group_decorator.py for tasks to queue
[2024-04-19T12:30:49.146+0000] {logging_mixin.py:188} INFO - [2024-04-19T12:30:49.146+0000] {dagbag.py:540} INFO - Filling up the DagBag from /home/airflow/.local/lib/python3.12/site-packages/airflow/example_dags/example_task_group_decorator.py
[2024-04-19T12:30:49.155+0000] {processor.py:840} INFO - DAG(s) 'example_task_group_decorator' retrieved from /home/airflow/.local/lib/python3.12/site-packages/airflow/example_dags/example_task_group_decorator.py
[2024-04-19T12:30:49.174+0000] {logging_mixin.py:188} INFO - [2024-04-19T12:30:49.174+0000] {dag.py:3096} INFO - Sync 1 DAGs
[2024-04-19T12:30:49.188+0000] {logging_mixin.py:188} INFO - [2024-04-19T12:30:49.188+0000] {dag.py:3954} INFO - Setting next_dagrun for example_task_group_decorator to 2024-04-18 00:00:00+00:00, run_after=2024-04-19 00:00:00+00:00
[2024-04-19T12:30:49.204+0000] {processor.py:183} INFO - Processing /home/airflow/.local/lib/python3.12/site-packages/airflow/example_dags/example_task_group_decorator.py took 0.065 seconds
[2024-04-19T12:31:19.392+0000] {processor.py:161} INFO - Started process (PID=1297) to work on /home/airflow/.local/lib/python3.12/site-packages/airflow/example_dags/example_task_group_decorator.py
[2024-04-19T12:31:19.393+0000] {processor.py:830} INFO - Processing file /home/airflow/.local/lib/python3.12/site-packages/airflow/example_dags/example_task_group_decorator.py for tasks to queue
[2024-04-19T12:31:19.394+0000] {logging_mixin.py:188} INFO - [2024-04-19T12:31:19.394+0000] {dagbag.py:540} INFO - Filling up the DagBag from /home/airflow/.local/lib/python3.12/site-packages/airflow/example_dags/example_task_group_decorator.py
[2024-04-19T12:31:19.403+0000] {processor.py:840} INFO - DAG(s) 'example_task_group_decorator' retrieved from /home/airflow/.local/lib/python3.12/site-packages/airflow/example_dags/example_task_group_decorator.py
[2024-04-19T12:31:19.422+0000] {logging_mixin.py:188} INFO - [2024-04-19T12:31:19.422+0000] {dag.py:3096} INFO - Sync 1 DAGs
[2024-04-19T12:31:19.437+0000] {logging_mixin.py:188} INFO - [2024-04-19T12:31:19.437+0000] {dag.py:3954} INFO - Setting next_dagrun for example_task_group_decorator to 2024-04-18 00:00:00+00:00, run_after=2024-04-19 00:00:00+00:00
[2024-04-19T12:31:19.453+0000] {processor.py:183} INFO - Processing /home/airflow/.local/lib/python3.12/site-packages/airflow/example_dags/example_task_group_decorator.py took 0.065 seconds
[2024-04-19T12:31:49.792+0000] {processor.py:161} INFO - Started process (PID=1354) to work on /home/airflow/.local/lib/python3.12/site-packages/airflow/example_dags/example_task_group_decorator.py
[2024-04-19T12:31:49.793+0000] {processor.py:830} INFO - Processing file /home/airflow/.local/lib/python3.12/site-packages/airflow/example_dags/example_task_group_decorator.py for tasks to queue
[2024-04-19T12:31:49.794+0000] {logging_mixin.py:188} INFO - [2024-04-19T12:31:49.794+0000] {dagbag.py:540} INFO - Filling up the DagBag from /home/airflow/.local/lib/python3.12/site-packages/airflow/example_dags/example_task_group_decorator.py
[2024-04-19T12:31:49.803+0000] {processor.py:840} INFO - DAG(s) 'example_task_group_decorator' retrieved from /home/airflow/.local/lib/python3.12/site-packages/airflow/example_dags/example_task_group_decorator.py
[2024-04-19T12:31:49.822+0000] {logging_mixin.py:188} INFO - [2024-04-19T12:31:49.822+0000] {dag.py:3096} INFO - Sync 1 DAGs
[2024-04-19T12:31:49.837+0000] {logging_mixin.py:188} INFO - [2024-04-19T12:31:49.837+0000] {dag.py:3954} INFO - Setting next_dagrun for example_task_group_decorator to 2024-04-18 00:00:00+00:00, run_after=2024-04-19 00:00:00+00:00
[2024-04-19T12:31:49.853+0000] {processor.py:183} INFO - Processing /home/airflow/.local/lib/python3.12/site-packages/airflow/example_dags/example_task_group_decorator.py took 0.066 seconds
[2024-04-19T12:32:20.254+0000] {processor.py:161} INFO - Started process (PID=1412) to work on /home/airflow/.local/lib/python3.12/site-packages/airflow/example_dags/example_task_group_decorator.py
[2024-04-19T12:32:20.255+0000] {processor.py:830} INFO - Processing file /home/airflow/.local/lib/python3.12/site-packages/airflow/example_dags/example_task_group_decorator.py for tasks to queue
[2024-04-19T12:32:20.257+0000] {logging_mixin.py:188} INFO - [2024-04-19T12:32:20.256+0000] {dagbag.py:540} INFO - Filling up the DagBag from /home/airflow/.local/lib/python3.12/site-packages/airflow/example_dags/example_task_group_decorator.py
[2024-04-19T12:32:20.266+0000] {processor.py:840} INFO - DAG(s) 'example_task_group_decorator' retrieved from /home/airflow/.local/lib/python3.12/site-packages/airflow/example_dags/example_task_group_decorator.py
[2024-04-19T12:32:20.287+0000] {logging_mixin.py:188} INFO - [2024-04-19T12:32:20.286+0000] {dag.py:3096} INFO - Sync 1 DAGs
[2024-04-19T12:32:20.302+0000] {logging_mixin.py:188} INFO - [2024-04-19T12:32:20.302+0000] {dag.py:3954} INFO - Setting next_dagrun for example_task_group_decorator to 2024-04-18 00:00:00+00:00, run_after=2024-04-19 00:00:00+00:00
[2024-04-19T12:32:20.318+0000] {processor.py:183} INFO - Processing /home/airflow/.local/lib/python3.12/site-packages/airflow/example_dags/example_task_group_decorator.py took 0.068 seconds
[2024-04-19T12:32:50.736+0000] {processor.py:161} INFO - Started process (PID=1476) to work on /home/airflow/.local/lib/python3.12/site-packages/airflow/example_dags/example_task_group_decorator.py
[2024-04-19T12:32:50.737+0000] {processor.py:830} INFO - Processing file /home/airflow/.local/lib/python3.12/site-packages/airflow/example_dags/example_task_group_decorator.py for tasks to queue
[2024-04-19T12:32:50.738+0000] {logging_mixin.py:188} INFO - [2024-04-19T12:32:50.738+0000] {dagbag.py:540} INFO - Filling up the DagBag from /home/airflow/.local/lib/python3.12/site-packages/airflow/example_dags/example_task_group_decorator.py
[2024-04-19T12:32:50.747+0000] {processor.py:840} INFO - DAG(s) 'example_task_group_decorator' retrieved from /home/airflow/.local/lib/python3.12/site-packages/airflow/example_dags/example_task_group_decorator.py
[2024-04-19T12:32:50.765+0000] {logging_mixin.py:188} INFO - [2024-04-19T12:32:50.764+0000] {dag.py:3096} INFO - Sync 1 DAGs
[2024-04-19T12:32:50.780+0000] {logging_mixin.py:188} INFO - [2024-04-19T12:32:50.780+0000] {dag.py:3954} INFO - Setting next_dagrun for example_task_group_decorator to 2024-04-18 00:00:00+00:00, run_after=2024-04-19 00:00:00+00:00
[2024-04-19T12:32:50.794+0000] {processor.py:183} INFO - Processing /home/airflow/.local/lib/python3.12/site-packages/airflow/example_dags/example_task_group_decorator.py took 0.064 seconds
[2024-04-19T12:33:21.139+0000] {processor.py:161} INFO - Started process (PID=1534) to work on /home/airflow/.local/lib/python3.12/site-packages/airflow/example_dags/example_task_group_decorator.py
[2024-04-19T12:33:21.140+0000] {processor.py:830} INFO - Processing file /home/airflow/.local/lib/python3.12/site-packages/airflow/example_dags/example_task_group_decorator.py for tasks to queue
[2024-04-19T12:33:21.141+0000] {logging_mixin.py:188} INFO - [2024-04-19T12:33:21.141+0000] {dagbag.py:540} INFO - Filling up the DagBag from /home/airflow/.local/lib/python3.12/site-packages/airflow/example_dags/example_task_group_decorator.py
[2024-04-19T12:33:21.154+0000] {processor.py:840} INFO - DAG(s) 'example_task_group_decorator' retrieved from /home/airflow/.local/lib/python3.12/site-packages/airflow/example_dags/example_task_group_decorator.py
[2024-04-19T12:33:21.172+0000] {logging_mixin.py:188} INFO - [2024-04-19T12:33:21.172+0000] {dag.py:3096} INFO - Sync 1 DAGs
[2024-04-19T12:33:21.187+0000] {logging_mixin.py:188} INFO - [2024-04-19T12:33:21.187+0000] {dag.py:3954} INFO - Setting next_dagrun for example_task_group_decorator to 2024-04-18 00:00:00+00:00, run_after=2024-04-19 00:00:00+00:00
[2024-04-19T12:33:21.202+0000] {processor.py:183} INFO - Processing /home/airflow/.local/lib/python3.12/site-packages/airflow/example_dags/example_task_group_decorator.py took 0.068 seconds
[2024-04-19T12:33:51.629+0000] {processor.py:161} INFO - Started process (PID=1592) to work on /home/airflow/.local/lib/python3.12/site-packages/airflow/example_dags/example_task_group_decorator.py
[2024-04-19T12:33:51.630+0000] {processor.py:830} INFO - Processing file /home/airflow/.local/lib/python3.12/site-packages/airflow/example_dags/example_task_group_decorator.py for tasks to queue
[2024-04-19T12:33:51.633+0000] {logging_mixin.py:188} INFO - [2024-04-19T12:33:51.632+0000] {dagbag.py:540} INFO - Filling up the DagBag from /home/airflow/.local/lib/python3.12/site-packages/airflow/example_dags/example_task_group_decorator.py
[2024-04-19T12:33:51.643+0000] {processor.py:840} INFO - DAG(s) 'example_task_group_decorator' retrieved from /home/airflow/.local/lib/python3.12/site-packages/airflow/example_dags/example_task_group_decorator.py
[2024-04-19T12:33:51.668+0000] {logging_mixin.py:188} INFO - [2024-04-19T12:33:51.667+0000] {dag.py:3096} INFO - Sync 1 DAGs
[2024-04-19T12:33:51.690+0000] {logging_mixin.py:188} INFO - [2024-04-19T12:33:51.690+0000] {dag.py:3954} INFO - Setting next_dagrun for example_task_group_decorator to 2024-04-18 00:00:00+00:00, run_after=2024-04-19 00:00:00+00:00
[2024-04-19T12:33:51.706+0000] {processor.py:183} INFO - Processing /home/airflow/.local/lib/python3.12/site-packages/airflow/example_dags/example_task_group_decorator.py took 0.082 seconds
