[2024-04-19T12:17:12.851+0000] {processor.py:161} INFO - Started process (PID=60) to work on /home/airflow/.local/lib/python3.12/site-packages/airflow/example_dags/tutorial_dag.py
[2024-04-19T12:17:12.852+0000] {processor.py:830} INFO - Processing file /home/airflow/.local/lib/python3.12/site-packages/airflow/example_dags/tutorial_dag.py for tasks to queue
[2024-04-19T12:17:12.853+0000] {logging_mixin.py:188} INFO - [2024-04-19T12:17:12.853+0000] {dagbag.py:540} INFO - Filling up the DagBag from /home/airflow/.local/lib/python3.12/site-packages/airflow/example_dags/tutorial_dag.py
[2024-04-19T12:17:12.858+0000] {processor.py:840} INFO - DAG(s) 'tutorial_dag' retrieved from /home/airflow/.local/lib/python3.12/site-packages/airflow/example_dags/tutorial_dag.py
[2024-04-19T12:17:12.870+0000] {logging_mixin.py:188} INFO - [2024-04-19T12:17:12.870+0000] {dag.py:3096} INFO - Sync 1 DAGs
[2024-04-19T12:17:12.882+0000] {logging_mixin.py:188} INFO - [2024-04-19T12:17:12.882+0000] {dag.py:3954} INFO - Setting next_dagrun for tutorial_dag to None, run_after=None
[2024-04-19T12:17:12.901+0000] {processor.py:183} INFO - Processing /home/airflow/.local/lib/python3.12/site-packages/airflow/example_dags/tutorial_dag.py took 0.055 seconds
[2024-04-19T12:17:43.075+0000] {processor.py:161} INFO - Started process (PID=118) to work on /home/airflow/.local/lib/python3.12/site-packages/airflow/example_dags/tutorial_dag.py
[2024-04-19T12:17:43.076+0000] {processor.py:830} INFO - Processing file /home/airflow/.local/lib/python3.12/site-packages/airflow/example_dags/tutorial_dag.py for tasks to queue
[2024-04-19T12:17:43.077+0000] {logging_mixin.py:188} INFO - [2024-04-19T12:17:43.077+0000] {dagbag.py:540} INFO - Filling up the DagBag from /home/airflow/.local/lib/python3.12/site-packages/airflow/example_dags/tutorial_dag.py
[2024-04-19T12:17:43.080+0000] {processor.py:840} INFO - DAG(s) 'tutorial_dag' retrieved from /home/airflow/.local/lib/python3.12/site-packages/airflow/example_dags/tutorial_dag.py
[2024-04-19T12:17:43.143+0000] {logging_mixin.py:188} INFO - [2024-04-19T12:17:43.143+0000] {dag.py:3096} INFO - Sync 1 DAGs
[2024-04-19T12:17:43.150+0000] {logging_mixin.py:188} INFO - [2024-04-19T12:17:43.150+0000] {dag.py:3954} INFO - Setting next_dagrun for tutorial_dag to None, run_after=None
[2024-04-19T12:17:43.166+0000] {processor.py:183} INFO - Processing /home/airflow/.local/lib/python3.12/site-packages/airflow/example_dags/tutorial_dag.py took 0.095 seconds
[2024-04-19T12:18:13.787+0000] {processor.py:161} INFO - Started process (PID=176) to work on /home/airflow/.local/lib/python3.12/site-packages/airflow/example_dags/tutorial_dag.py
[2024-04-19T12:18:13.788+0000] {processor.py:830} INFO - Processing file /home/airflow/.local/lib/python3.12/site-packages/airflow/example_dags/tutorial_dag.py for tasks to queue
[2024-04-19T12:18:13.789+0000] {logging_mixin.py:188} INFO - [2024-04-19T12:18:13.789+0000] {dagbag.py:540} INFO - Filling up the DagBag from /home/airflow/.local/lib/python3.12/site-packages/airflow/example_dags/tutorial_dag.py
[2024-04-19T12:18:13.792+0000] {processor.py:840} INFO - DAG(s) 'tutorial_dag' retrieved from /home/airflow/.local/lib/python3.12/site-packages/airflow/example_dags/tutorial_dag.py
[2024-04-19T12:18:13.806+0000] {logging_mixin.py:188} INFO - [2024-04-19T12:18:13.806+0000] {dag.py:3096} INFO - Sync 1 DAGs
[2024-04-19T12:18:13.814+0000] {logging_mixin.py:188} INFO - [2024-04-19T12:18:13.814+0000] {dag.py:3954} INFO - Setting next_dagrun for tutorial_dag to None, run_after=None
[2024-04-19T12:18:13.829+0000] {processor.py:183} INFO - Processing /home/airflow/.local/lib/python3.12/site-packages/airflow/example_dags/tutorial_dag.py took 0.047 seconds
[2024-04-19T12:20:34.669+0000] {processor.py:161} INFO - Started process (PID=60) to work on /home/airflow/.local/lib/python3.12/site-packages/airflow/example_dags/tutorial_dag.py
[2024-04-19T12:20:34.670+0000] {processor.py:830} INFO - Processing file /home/airflow/.local/lib/python3.12/site-packages/airflow/example_dags/tutorial_dag.py for tasks to queue
[2024-04-19T12:20:34.672+0000] {logging_mixin.py:188} INFO - [2024-04-19T12:20:34.672+0000] {dagbag.py:540} INFO - Filling up the DagBag from /home/airflow/.local/lib/python3.12/site-packages/airflow/example_dags/tutorial_dag.py
[2024-04-19T12:20:34.676+0000] {processor.py:840} INFO - DAG(s) 'tutorial_dag' retrieved from /home/airflow/.local/lib/python3.12/site-packages/airflow/example_dags/tutorial_dag.py
[2024-04-19T12:20:34.689+0000] {logging_mixin.py:188} INFO - [2024-04-19T12:20:34.688+0000] {dag.py:3096} INFO - Sync 1 DAGs
[2024-04-19T12:20:34.707+0000] {logging_mixin.py:188} INFO - [2024-04-19T12:20:34.707+0000] {dag.py:3954} INFO - Setting next_dagrun for tutorial_dag to None, run_after=None
[2024-04-19T12:20:34.740+0000] {processor.py:183} INFO - Processing /home/airflow/.local/lib/python3.12/site-packages/airflow/example_dags/tutorial_dag.py took 0.076 seconds
[2024-04-19T12:21:04.890+0000] {processor.py:161} INFO - Started process (PID=118) to work on /home/airflow/.local/lib/python3.12/site-packages/airflow/example_dags/tutorial_dag.py
[2024-04-19T12:21:04.891+0000] {processor.py:830} INFO - Processing file /home/airflow/.local/lib/python3.12/site-packages/airflow/example_dags/tutorial_dag.py for tasks to queue
[2024-04-19T12:21:04.892+0000] {logging_mixin.py:188} INFO - [2024-04-19T12:21:04.892+0000] {dagbag.py:540} INFO - Filling up the DagBag from /home/airflow/.local/lib/python3.12/site-packages/airflow/example_dags/tutorial_dag.py
[2024-04-19T12:21:04.896+0000] {processor.py:840} INFO - DAG(s) 'tutorial_dag' retrieved from /home/airflow/.local/lib/python3.12/site-packages/airflow/example_dags/tutorial_dag.py
[2024-04-19T12:21:04.962+0000] {logging_mixin.py:188} INFO - [2024-04-19T12:21:04.961+0000] {dag.py:3096} INFO - Sync 1 DAGs
[2024-04-19T12:21:04.970+0000] {logging_mixin.py:188} INFO - [2024-04-19T12:21:04.969+0000] {dag.py:3954} INFO - Setting next_dagrun for tutorial_dag to None, run_after=None
[2024-04-19T12:21:04.987+0000] {processor.py:183} INFO - Processing /home/airflow/.local/lib/python3.12/site-packages/airflow/example_dags/tutorial_dag.py took 0.101 seconds
[2024-04-19T12:21:35.765+0000] {processor.py:161} INFO - Started process (PID=176) to work on /home/airflow/.local/lib/python3.12/site-packages/airflow/example_dags/tutorial_dag.py
[2024-04-19T12:21:35.766+0000] {processor.py:830} INFO - Processing file /home/airflow/.local/lib/python3.12/site-packages/airflow/example_dags/tutorial_dag.py for tasks to queue
[2024-04-19T12:21:35.767+0000] {logging_mixin.py:188} INFO - [2024-04-19T12:21:35.766+0000] {dagbag.py:540} INFO - Filling up the DagBag from /home/airflow/.local/lib/python3.12/site-packages/airflow/example_dags/tutorial_dag.py
[2024-04-19T12:21:35.770+0000] {processor.py:840} INFO - DAG(s) 'tutorial_dag' retrieved from /home/airflow/.local/lib/python3.12/site-packages/airflow/example_dags/tutorial_dag.py
[2024-04-19T12:21:35.783+0000] {logging_mixin.py:188} INFO - [2024-04-19T12:21:35.783+0000] {dag.py:3096} INFO - Sync 1 DAGs
[2024-04-19T12:21:35.790+0000] {logging_mixin.py:188} INFO - [2024-04-19T12:21:35.790+0000] {dag.py:3954} INFO - Setting next_dagrun for tutorial_dag to None, run_after=None
[2024-04-19T12:21:35.806+0000] {processor.py:183} INFO - Processing /home/airflow/.local/lib/python3.12/site-packages/airflow/example_dags/tutorial_dag.py took 0.044 seconds
[2024-04-19T12:22:06.121+0000] {processor.py:161} INFO - Started process (PID=234) to work on /home/airflow/.local/lib/python3.12/site-packages/airflow/example_dags/tutorial_dag.py
[2024-04-19T12:22:06.122+0000] {processor.py:830} INFO - Processing file /home/airflow/.local/lib/python3.12/site-packages/airflow/example_dags/tutorial_dag.py for tasks to queue
[2024-04-19T12:22:06.123+0000] {logging_mixin.py:188} INFO - [2024-04-19T12:22:06.123+0000] {dagbag.py:540} INFO - Filling up the DagBag from /home/airflow/.local/lib/python3.12/site-packages/airflow/example_dags/tutorial_dag.py
[2024-04-19T12:22:06.127+0000] {processor.py:840} INFO - DAG(s) 'tutorial_dag' retrieved from /home/airflow/.local/lib/python3.12/site-packages/airflow/example_dags/tutorial_dag.py
[2024-04-19T12:22:06.141+0000] {logging_mixin.py:188} INFO - [2024-04-19T12:22:06.141+0000] {dag.py:3096} INFO - Sync 1 DAGs
[2024-04-19T12:22:06.150+0000] {logging_mixin.py:188} INFO - [2024-04-19T12:22:06.150+0000] {dag.py:3954} INFO - Setting next_dagrun for tutorial_dag to None, run_after=None
[2024-04-19T12:22:06.166+0000] {processor.py:183} INFO - Processing /home/airflow/.local/lib/python3.12/site-packages/airflow/example_dags/tutorial_dag.py took 0.048 seconds
[2024-04-19T12:22:36.508+0000] {processor.py:161} INFO - Started process (PID=292) to work on /home/airflow/.local/lib/python3.12/site-packages/airflow/example_dags/tutorial_dag.py
[2024-04-19T12:22:36.509+0000] {processor.py:830} INFO - Processing file /home/airflow/.local/lib/python3.12/site-packages/airflow/example_dags/tutorial_dag.py for tasks to queue
[2024-04-19T12:22:36.510+0000] {logging_mixin.py:188} INFO - [2024-04-19T12:22:36.510+0000] {dagbag.py:540} INFO - Filling up the DagBag from /home/airflow/.local/lib/python3.12/site-packages/airflow/example_dags/tutorial_dag.py
[2024-04-19T12:22:36.514+0000] {processor.py:840} INFO - DAG(s) 'tutorial_dag' retrieved from /home/airflow/.local/lib/python3.12/site-packages/airflow/example_dags/tutorial_dag.py
[2024-04-19T12:22:36.529+0000] {logging_mixin.py:188} INFO - [2024-04-19T12:22:36.529+0000] {dag.py:3096} INFO - Sync 1 DAGs
[2024-04-19T12:22:36.538+0000] {logging_mixin.py:188} INFO - [2024-04-19T12:22:36.538+0000] {dag.py:3954} INFO - Setting next_dagrun for tutorial_dag to None, run_after=None
[2024-04-19T12:22:36.555+0000] {processor.py:183} INFO - Processing /home/airflow/.local/lib/python3.12/site-packages/airflow/example_dags/tutorial_dag.py took 0.051 seconds
[2024-04-19T12:23:06.933+0000] {processor.py:161} INFO - Started process (PID=350) to work on /home/airflow/.local/lib/python3.12/site-packages/airflow/example_dags/tutorial_dag.py
[2024-04-19T12:23:06.934+0000] {processor.py:830} INFO - Processing file /home/airflow/.local/lib/python3.12/site-packages/airflow/example_dags/tutorial_dag.py for tasks to queue
[2024-04-19T12:23:06.935+0000] {logging_mixin.py:188} INFO - [2024-04-19T12:23:06.935+0000] {dagbag.py:540} INFO - Filling up the DagBag from /home/airflow/.local/lib/python3.12/site-packages/airflow/example_dags/tutorial_dag.py
[2024-04-19T12:23:06.939+0000] {processor.py:840} INFO - DAG(s) 'tutorial_dag' retrieved from /home/airflow/.local/lib/python3.12/site-packages/airflow/example_dags/tutorial_dag.py
[2024-04-19T12:23:06.951+0000] {logging_mixin.py:188} INFO - [2024-04-19T12:23:06.951+0000] {dag.py:3096} INFO - Sync 1 DAGs
[2024-04-19T12:23:06.964+0000] {logging_mixin.py:188} INFO - [2024-04-19T12:23:06.964+0000] {dag.py:3954} INFO - Setting next_dagrun for tutorial_dag to None, run_after=None
[2024-04-19T12:23:06.989+0000] {processor.py:183} INFO - Processing /home/airflow/.local/lib/python3.12/site-packages/airflow/example_dags/tutorial_dag.py took 0.061 seconds
[2024-04-19T12:23:37.578+0000] {processor.py:161} INFO - Started process (PID=409) to work on /home/airflow/.local/lib/python3.12/site-packages/airflow/example_dags/tutorial_dag.py
[2024-04-19T12:23:37.579+0000] {processor.py:830} INFO - Processing file /home/airflow/.local/lib/python3.12/site-packages/airflow/example_dags/tutorial_dag.py for tasks to queue
[2024-04-19T12:23:37.581+0000] {logging_mixin.py:188} INFO - [2024-04-19T12:23:37.581+0000] {dagbag.py:540} INFO - Filling up the DagBag from /home/airflow/.local/lib/python3.12/site-packages/airflow/example_dags/tutorial_dag.py
[2024-04-19T12:23:37.584+0000] {processor.py:840} INFO - DAG(s) 'tutorial_dag' retrieved from /home/airflow/.local/lib/python3.12/site-packages/airflow/example_dags/tutorial_dag.py
[2024-04-19T12:23:37.645+0000] {logging_mixin.py:188} INFO - [2024-04-19T12:23:37.645+0000] {dag.py:3096} INFO - Sync 1 DAGs
[2024-04-19T12:23:37.652+0000] {logging_mixin.py:188} INFO - [2024-04-19T12:23:37.651+0000] {dag.py:3954} INFO - Setting next_dagrun for tutorial_dag to None, run_after=None
[2024-04-19T12:23:37.668+0000] {processor.py:183} INFO - Processing /home/airflow/.local/lib/python3.12/site-packages/airflow/example_dags/tutorial_dag.py took 0.094 seconds
[2024-04-19T12:24:08.018+0000] {processor.py:161} INFO - Started process (PID=468) to work on /home/airflow/.local/lib/python3.12/site-packages/airflow/example_dags/tutorial_dag.py
[2024-04-19T12:24:08.019+0000] {processor.py:830} INFO - Processing file /home/airflow/.local/lib/python3.12/site-packages/airflow/example_dags/tutorial_dag.py for tasks to queue
[2024-04-19T12:24:08.021+0000] {logging_mixin.py:188} INFO - [2024-04-19T12:24:08.021+0000] {dagbag.py:540} INFO - Filling up the DagBag from /home/airflow/.local/lib/python3.12/site-packages/airflow/example_dags/tutorial_dag.py
[2024-04-19T12:24:08.025+0000] {processor.py:840} INFO - DAG(s) 'tutorial_dag' retrieved from /home/airflow/.local/lib/python3.12/site-packages/airflow/example_dags/tutorial_dag.py
[2024-04-19T12:24:08.042+0000] {logging_mixin.py:188} INFO - [2024-04-19T12:24:08.042+0000] {dag.py:3096} INFO - Sync 1 DAGs
[2024-04-19T12:24:08.052+0000] {logging_mixin.py:188} INFO - [2024-04-19T12:24:08.052+0000] {dag.py:3954} INFO - Setting next_dagrun for tutorial_dag to None, run_after=None
[2024-04-19T12:24:08.065+0000] {processor.py:183} INFO - Processing /home/airflow/.local/lib/python3.12/site-packages/airflow/example_dags/tutorial_dag.py took 0.052 seconds
[2024-04-19T12:24:38.496+0000] {processor.py:161} INFO - Started process (PID=526) to work on /home/airflow/.local/lib/python3.12/site-packages/airflow/example_dags/tutorial_dag.py
[2024-04-19T12:24:38.497+0000] {processor.py:830} INFO - Processing file /home/airflow/.local/lib/python3.12/site-packages/airflow/example_dags/tutorial_dag.py for tasks to queue
[2024-04-19T12:24:38.498+0000] {logging_mixin.py:188} INFO - [2024-04-19T12:24:38.498+0000] {dagbag.py:540} INFO - Filling up the DagBag from /home/airflow/.local/lib/python3.12/site-packages/airflow/example_dags/tutorial_dag.py
[2024-04-19T12:24:38.502+0000] {processor.py:840} INFO - DAG(s) 'tutorial_dag' retrieved from /home/airflow/.local/lib/python3.12/site-packages/airflow/example_dags/tutorial_dag.py
[2024-04-19T12:24:38.517+0000] {logging_mixin.py:188} INFO - [2024-04-19T12:24:38.516+0000] {dag.py:3096} INFO - Sync 1 DAGs
[2024-04-19T12:24:38.526+0000] {logging_mixin.py:188} INFO - [2024-04-19T12:24:38.526+0000] {dag.py:3954} INFO - Setting next_dagrun for tutorial_dag to None, run_after=None
[2024-04-19T12:24:38.543+0000] {processor.py:183} INFO - Processing /home/airflow/.local/lib/python3.12/site-packages/airflow/example_dags/tutorial_dag.py took 0.051 seconds
[2024-04-19T12:25:09.268+0000] {processor.py:161} INFO - Started process (PID=584) to work on /home/airflow/.local/lib/python3.12/site-packages/airflow/example_dags/tutorial_dag.py
[2024-04-19T12:25:09.269+0000] {processor.py:830} INFO - Processing file /home/airflow/.local/lib/python3.12/site-packages/airflow/example_dags/tutorial_dag.py for tasks to queue
[2024-04-19T12:25:09.271+0000] {logging_mixin.py:188} INFO - [2024-04-19T12:25:09.271+0000] {dagbag.py:540} INFO - Filling up the DagBag from /home/airflow/.local/lib/python3.12/site-packages/airflow/example_dags/tutorial_dag.py
[2024-04-19T12:25:09.276+0000] {processor.py:840} INFO - DAG(s) 'tutorial_dag' retrieved from /home/airflow/.local/lib/python3.12/site-packages/airflow/example_dags/tutorial_dag.py
[2024-04-19T12:25:09.296+0000] {logging_mixin.py:188} INFO - [2024-04-19T12:25:09.296+0000] {dag.py:3096} INFO - Sync 1 DAGs
[2024-04-19T12:25:09.306+0000] {logging_mixin.py:188} INFO - [2024-04-19T12:25:09.306+0000] {dag.py:3954} INFO - Setting next_dagrun for tutorial_dag to None, run_after=None
[2024-04-19T12:25:09.326+0000] {processor.py:183} INFO - Processing /home/airflow/.local/lib/python3.12/site-packages/airflow/example_dags/tutorial_dag.py took 0.063 seconds
[2024-04-19T12:25:39.528+0000] {processor.py:161} INFO - Started process (PID=642) to work on /home/airflow/.local/lib/python3.12/site-packages/airflow/example_dags/tutorial_dag.py
[2024-04-19T12:25:39.529+0000] {processor.py:830} INFO - Processing file /home/airflow/.local/lib/python3.12/site-packages/airflow/example_dags/tutorial_dag.py for tasks to queue
[2024-04-19T12:25:39.530+0000] {logging_mixin.py:188} INFO - [2024-04-19T12:25:39.530+0000] {dagbag.py:540} INFO - Filling up the DagBag from /home/airflow/.local/lib/python3.12/site-packages/airflow/example_dags/tutorial_dag.py
[2024-04-19T12:25:39.535+0000] {processor.py:840} INFO - DAG(s) 'tutorial_dag' retrieved from /home/airflow/.local/lib/python3.12/site-packages/airflow/example_dags/tutorial_dag.py
[2024-04-19T12:25:39.551+0000] {logging_mixin.py:188} INFO - [2024-04-19T12:25:39.550+0000] {dag.py:3096} INFO - Sync 1 DAGs
[2024-04-19T12:25:39.559+0000] {logging_mixin.py:188} INFO - [2024-04-19T12:25:39.559+0000] {dag.py:3954} INFO - Setting next_dagrun for tutorial_dag to None, run_after=None
[2024-04-19T12:25:39.573+0000] {processor.py:183} INFO - Processing /home/airflow/.local/lib/python3.12/site-packages/airflow/example_dags/tutorial_dag.py took 0.049 seconds
[2024-04-19T12:26:09.756+0000] {processor.py:161} INFO - Started process (PID=700) to work on /home/airflow/.local/lib/python3.12/site-packages/airflow/example_dags/tutorial_dag.py
[2024-04-19T12:26:09.757+0000] {processor.py:830} INFO - Processing file /home/airflow/.local/lib/python3.12/site-packages/airflow/example_dags/tutorial_dag.py for tasks to queue
[2024-04-19T12:26:09.760+0000] {logging_mixin.py:188} INFO - [2024-04-19T12:26:09.759+0000] {dagbag.py:540} INFO - Filling up the DagBag from /home/airflow/.local/lib/python3.12/site-packages/airflow/example_dags/tutorial_dag.py
[2024-04-19T12:26:09.765+0000] {processor.py:840} INFO - DAG(s) 'tutorial_dag' retrieved from /home/airflow/.local/lib/python3.12/site-packages/airflow/example_dags/tutorial_dag.py
[2024-04-19T12:26:09.788+0000] {logging_mixin.py:188} INFO - [2024-04-19T12:26:09.788+0000] {dag.py:3096} INFO - Sync 1 DAGs
[2024-04-19T12:26:09.803+0000] {logging_mixin.py:188} INFO - [2024-04-19T12:26:09.803+0000] {dag.py:3954} INFO - Setting next_dagrun for tutorial_dag to None, run_after=None
[2024-04-19T12:26:09.825+0000] {processor.py:183} INFO - Processing /home/airflow/.local/lib/python3.12/site-packages/airflow/example_dags/tutorial_dag.py took 0.075 seconds
[2024-04-19T12:26:40.012+0000] {processor.py:161} INFO - Started process (PID=758) to work on /home/airflow/.local/lib/python3.12/site-packages/airflow/example_dags/tutorial_dag.py
[2024-04-19T12:26:40.014+0000] {processor.py:830} INFO - Processing file /home/airflow/.local/lib/python3.12/site-packages/airflow/example_dags/tutorial_dag.py for tasks to queue
[2024-04-19T12:26:40.017+0000] {logging_mixin.py:188} INFO - [2024-04-19T12:26:40.016+0000] {dagbag.py:540} INFO - Filling up the DagBag from /home/airflow/.local/lib/python3.12/site-packages/airflow/example_dags/tutorial_dag.py
[2024-04-19T12:26:40.023+0000] {processor.py:840} INFO - DAG(s) 'tutorial_dag' retrieved from /home/airflow/.local/lib/python3.12/site-packages/airflow/example_dags/tutorial_dag.py
[2024-04-19T12:26:40.043+0000] {logging_mixin.py:188} INFO - [2024-04-19T12:26:40.043+0000] {dag.py:3096} INFO - Sync 1 DAGs
[2024-04-19T12:26:40.056+0000] {logging_mixin.py:188} INFO - [2024-04-19T12:26:40.056+0000] {dag.py:3954} INFO - Setting next_dagrun for tutorial_dag to None, run_after=None
[2024-04-19T12:26:40.076+0000] {processor.py:183} INFO - Processing /home/airflow/.local/lib/python3.12/site-packages/airflow/example_dags/tutorial_dag.py took 0.070 seconds
[2024-04-19T12:27:11.041+0000] {processor.py:161} INFO - Started process (PID=816) to work on /home/airflow/.local/lib/python3.12/site-packages/airflow/example_dags/tutorial_dag.py
[2024-04-19T12:27:11.041+0000] {processor.py:830} INFO - Processing file /home/airflow/.local/lib/python3.12/site-packages/airflow/example_dags/tutorial_dag.py for tasks to queue
[2024-04-19T12:27:11.043+0000] {logging_mixin.py:188} INFO - [2024-04-19T12:27:11.043+0000] {dagbag.py:540} INFO - Filling up the DagBag from /home/airflow/.local/lib/python3.12/site-packages/airflow/example_dags/tutorial_dag.py
[2024-04-19T12:27:11.046+0000] {processor.py:840} INFO - DAG(s) 'tutorial_dag' retrieved from /home/airflow/.local/lib/python3.12/site-packages/airflow/example_dags/tutorial_dag.py
[2024-04-19T12:27:11.062+0000] {logging_mixin.py:188} INFO - [2024-04-19T12:27:11.061+0000] {dag.py:3096} INFO - Sync 1 DAGs
[2024-04-19T12:27:11.070+0000] {logging_mixin.py:188} INFO - [2024-04-19T12:27:11.070+0000] {dag.py:3954} INFO - Setting next_dagrun for tutorial_dag to None, run_after=None
[2024-04-19T12:27:11.088+0000] {processor.py:183} INFO - Processing /home/airflow/.local/lib/python3.12/site-packages/airflow/example_dags/tutorial_dag.py took 0.052 seconds
[2024-04-19T12:27:41.798+0000] {processor.py:161} INFO - Started process (PID=874) to work on /home/airflow/.local/lib/python3.12/site-packages/airflow/example_dags/tutorial_dag.py
[2024-04-19T12:27:41.799+0000] {processor.py:830} INFO - Processing file /home/airflow/.local/lib/python3.12/site-packages/airflow/example_dags/tutorial_dag.py for tasks to queue
[2024-04-19T12:27:41.801+0000] {logging_mixin.py:188} INFO - [2024-04-19T12:27:41.800+0000] {dagbag.py:540} INFO - Filling up the DagBag from /home/airflow/.local/lib/python3.12/site-packages/airflow/example_dags/tutorial_dag.py
[2024-04-19T12:27:41.807+0000] {processor.py:840} INFO - DAG(s) 'tutorial_dag' retrieved from /home/airflow/.local/lib/python3.12/site-packages/airflow/example_dags/tutorial_dag.py
[2024-04-19T12:27:41.822+0000] {logging_mixin.py:188} INFO - [2024-04-19T12:27:41.822+0000] {dag.py:3096} INFO - Sync 1 DAGs
[2024-04-19T12:27:41.831+0000] {logging_mixin.py:188} INFO - [2024-04-19T12:27:41.831+0000] {dag.py:3954} INFO - Setting next_dagrun for tutorial_dag to None, run_after=None
[2024-04-19T12:27:41.849+0000] {processor.py:183} INFO - Processing /home/airflow/.local/lib/python3.12/site-packages/airflow/example_dags/tutorial_dag.py took 0.057 seconds
[2024-04-19T12:28:12.028+0000] {processor.py:161} INFO - Started process (PID=932) to work on /home/airflow/.local/lib/python3.12/site-packages/airflow/example_dags/tutorial_dag.py
[2024-04-19T12:28:12.028+0000] {processor.py:830} INFO - Processing file /home/airflow/.local/lib/python3.12/site-packages/airflow/example_dags/tutorial_dag.py for tasks to queue
[2024-04-19T12:28:12.030+0000] {logging_mixin.py:188} INFO - [2024-04-19T12:28:12.029+0000] {dagbag.py:540} INFO - Filling up the DagBag from /home/airflow/.local/lib/python3.12/site-packages/airflow/example_dags/tutorial_dag.py
[2024-04-19T12:28:12.034+0000] {processor.py:840} INFO - DAG(s) 'tutorial_dag' retrieved from /home/airflow/.local/lib/python3.12/site-packages/airflow/example_dags/tutorial_dag.py
[2024-04-19T12:28:12.053+0000] {logging_mixin.py:188} INFO - [2024-04-19T12:28:12.053+0000] {dag.py:3096} INFO - Sync 1 DAGs
[2024-04-19T12:28:12.065+0000] {logging_mixin.py:188} INFO - [2024-04-19T12:28:12.065+0000] {dag.py:3954} INFO - Setting next_dagrun for tutorial_dag to None, run_after=None
[2024-04-19T12:28:12.093+0000] {processor.py:183} INFO - Processing /home/airflow/.local/lib/python3.12/site-packages/airflow/example_dags/tutorial_dag.py took 0.070 seconds
[2024-04-19T12:28:42.929+0000] {processor.py:161} INFO - Started process (PID=990) to work on /home/airflow/.local/lib/python3.12/site-packages/airflow/example_dags/tutorial_dag.py
[2024-04-19T12:28:42.930+0000] {processor.py:830} INFO - Processing file /home/airflow/.local/lib/python3.12/site-packages/airflow/example_dags/tutorial_dag.py for tasks to queue
[2024-04-19T12:28:42.932+0000] {logging_mixin.py:188} INFO - [2024-04-19T12:28:42.932+0000] {dagbag.py:540} INFO - Filling up the DagBag from /home/airflow/.local/lib/python3.12/site-packages/airflow/example_dags/tutorial_dag.py
[2024-04-19T12:28:42.935+0000] {processor.py:840} INFO - DAG(s) 'tutorial_dag' retrieved from /home/airflow/.local/lib/python3.12/site-packages/airflow/example_dags/tutorial_dag.py
[2024-04-19T12:28:42.949+0000] {logging_mixin.py:188} INFO - [2024-04-19T12:28:42.948+0000] {dag.py:3096} INFO - Sync 1 DAGs
[2024-04-19T12:28:42.957+0000] {logging_mixin.py:188} INFO - [2024-04-19T12:28:42.957+0000] {dag.py:3954} INFO - Setting next_dagrun for tutorial_dag to None, run_after=None
[2024-04-19T12:28:42.972+0000] {processor.py:183} INFO - Processing /home/airflow/.local/lib/python3.12/site-packages/airflow/example_dags/tutorial_dag.py took 0.048 seconds
[2024-04-19T12:29:13.585+0000] {processor.py:161} INFO - Started process (PID=1048) to work on /home/airflow/.local/lib/python3.12/site-packages/airflow/example_dags/tutorial_dag.py
[2024-04-19T12:29:13.587+0000] {processor.py:830} INFO - Processing file /home/airflow/.local/lib/python3.12/site-packages/airflow/example_dags/tutorial_dag.py for tasks to queue
[2024-04-19T12:29:13.588+0000] {logging_mixin.py:188} INFO - [2024-04-19T12:29:13.588+0000] {dagbag.py:540} INFO - Filling up the DagBag from /home/airflow/.local/lib/python3.12/site-packages/airflow/example_dags/tutorial_dag.py
[2024-04-19T12:29:13.593+0000] {processor.py:840} INFO - DAG(s) 'tutorial_dag' retrieved from /home/airflow/.local/lib/python3.12/site-packages/airflow/example_dags/tutorial_dag.py
[2024-04-19T12:29:13.608+0000] {logging_mixin.py:188} INFO - [2024-04-19T12:29:13.608+0000] {dag.py:3096} INFO - Sync 1 DAGs
[2024-04-19T12:29:13.618+0000] {logging_mixin.py:188} INFO - [2024-04-19T12:29:13.618+0000] {dag.py:3954} INFO - Setting next_dagrun for tutorial_dag to None, run_after=None
[2024-04-19T12:29:13.636+0000] {processor.py:183} INFO - Processing /home/airflow/.local/lib/python3.12/site-packages/airflow/example_dags/tutorial_dag.py took 0.056 seconds
[2024-04-19T12:29:43.818+0000] {processor.py:161} INFO - Started process (PID=1106) to work on /home/airflow/.local/lib/python3.12/site-packages/airflow/example_dags/tutorial_dag.py
[2024-04-19T12:29:43.819+0000] {processor.py:830} INFO - Processing file /home/airflow/.local/lib/python3.12/site-packages/airflow/example_dags/tutorial_dag.py for tasks to queue
[2024-04-19T12:29:43.821+0000] {logging_mixin.py:188} INFO - [2024-04-19T12:29:43.821+0000] {dagbag.py:540} INFO - Filling up the DagBag from /home/airflow/.local/lib/python3.12/site-packages/airflow/example_dags/tutorial_dag.py
[2024-04-19T12:29:43.825+0000] {processor.py:840} INFO - DAG(s) 'tutorial_dag' retrieved from /home/airflow/.local/lib/python3.12/site-packages/airflow/example_dags/tutorial_dag.py
[2024-04-19T12:29:43.838+0000] {logging_mixin.py:188} INFO - [2024-04-19T12:29:43.837+0000] {dag.py:3096} INFO - Sync 1 DAGs
[2024-04-19T12:29:43.854+0000] {logging_mixin.py:188} INFO - [2024-04-19T12:29:43.853+0000] {dag.py:3954} INFO - Setting next_dagrun for tutorial_dag to None, run_after=None
[2024-04-19T12:29:43.877+0000] {processor.py:183} INFO - Processing /home/airflow/.local/lib/python3.12/site-packages/airflow/example_dags/tutorial_dag.py took 0.065 seconds
[2024-04-19T12:30:14.889+0000] {processor.py:161} INFO - Started process (PID=1164) to work on /home/airflow/.local/lib/python3.12/site-packages/airflow/example_dags/tutorial_dag.py
[2024-04-19T12:30:14.890+0000] {processor.py:830} INFO - Processing file /home/airflow/.local/lib/python3.12/site-packages/airflow/example_dags/tutorial_dag.py for tasks to queue
[2024-04-19T12:30:14.892+0000] {logging_mixin.py:188} INFO - [2024-04-19T12:30:14.891+0000] {dagbag.py:540} INFO - Filling up the DagBag from /home/airflow/.local/lib/python3.12/site-packages/airflow/example_dags/tutorial_dag.py
[2024-04-19T12:30:14.895+0000] {processor.py:840} INFO - DAG(s) 'tutorial_dag' retrieved from /home/airflow/.local/lib/python3.12/site-packages/airflow/example_dags/tutorial_dag.py
[2024-04-19T12:30:15.052+0000] {logging_mixin.py:188} INFO - [2024-04-19T12:30:15.052+0000] {dag.py:3096} INFO - Sync 1 DAGs
[2024-04-19T12:30:15.058+0000] {logging_mixin.py:188} INFO - [2024-04-19T12:30:15.058+0000] {dag.py:3954} INFO - Setting next_dagrun for tutorial_dag to None, run_after=None
[2024-04-19T12:30:15.074+0000] {processor.py:183} INFO - Processing /home/airflow/.local/lib/python3.12/site-packages/airflow/example_dags/tutorial_dag.py took 0.189 seconds
[2024-04-19T12:30:45.299+0000] {processor.py:161} INFO - Started process (PID=1222) to work on /home/airflow/.local/lib/python3.12/site-packages/airflow/example_dags/tutorial_dag.py
[2024-04-19T12:30:45.300+0000] {processor.py:830} INFO - Processing file /home/airflow/.local/lib/python3.12/site-packages/airflow/example_dags/tutorial_dag.py for tasks to queue
[2024-04-19T12:30:45.301+0000] {logging_mixin.py:188} INFO - [2024-04-19T12:30:45.301+0000] {dagbag.py:540} INFO - Filling up the DagBag from /home/airflow/.local/lib/python3.12/site-packages/airflow/example_dags/tutorial_dag.py
[2024-04-19T12:30:45.304+0000] {processor.py:840} INFO - DAG(s) 'tutorial_dag' retrieved from /home/airflow/.local/lib/python3.12/site-packages/airflow/example_dags/tutorial_dag.py
[2024-04-19T12:30:45.318+0000] {logging_mixin.py:188} INFO - [2024-04-19T12:30:45.318+0000] {dag.py:3096} INFO - Sync 1 DAGs
[2024-04-19T12:30:45.327+0000] {logging_mixin.py:188} INFO - [2024-04-19T12:30:45.327+0000] {dag.py:3954} INFO - Setting next_dagrun for tutorial_dag to None, run_after=None
[2024-04-19T12:30:45.342+0000] {processor.py:183} INFO - Processing /home/airflow/.local/lib/python3.12/site-packages/airflow/example_dags/tutorial_dag.py took 0.046 seconds
[2024-04-19T12:31:15.699+0000] {processor.py:161} INFO - Started process (PID=1280) to work on /home/airflow/.local/lib/python3.12/site-packages/airflow/example_dags/tutorial_dag.py
[2024-04-19T12:31:15.699+0000] {processor.py:830} INFO - Processing file /home/airflow/.local/lib/python3.12/site-packages/airflow/example_dags/tutorial_dag.py for tasks to queue
[2024-04-19T12:31:15.701+0000] {logging_mixin.py:188} INFO - [2024-04-19T12:31:15.700+0000] {dagbag.py:540} INFO - Filling up the DagBag from /home/airflow/.local/lib/python3.12/site-packages/airflow/example_dags/tutorial_dag.py
[2024-04-19T12:31:15.704+0000] {processor.py:840} INFO - DAG(s) 'tutorial_dag' retrieved from /home/airflow/.local/lib/python3.12/site-packages/airflow/example_dags/tutorial_dag.py
[2024-04-19T12:31:15.717+0000] {logging_mixin.py:188} INFO - [2024-04-19T12:31:15.717+0000] {dag.py:3096} INFO - Sync 1 DAGs
[2024-04-19T12:31:15.725+0000] {logging_mixin.py:188} INFO - [2024-04-19T12:31:15.725+0000] {dag.py:3954} INFO - Setting next_dagrun for tutorial_dag to None, run_after=None
[2024-04-19T12:31:15.741+0000] {processor.py:183} INFO - Processing /home/airflow/.local/lib/python3.12/site-packages/airflow/example_dags/tutorial_dag.py took 0.046 seconds
[2024-04-19T12:31:46.036+0000] {processor.py:161} INFO - Started process (PID=1337) to work on /home/airflow/.local/lib/python3.12/site-packages/airflow/example_dags/tutorial_dag.py
[2024-04-19T12:31:46.036+0000] {processor.py:830} INFO - Processing file /home/airflow/.local/lib/python3.12/site-packages/airflow/example_dags/tutorial_dag.py for tasks to queue
[2024-04-19T12:31:46.038+0000] {logging_mixin.py:188} INFO - [2024-04-19T12:31:46.037+0000] {dagbag.py:540} INFO - Filling up the DagBag from /home/airflow/.local/lib/python3.12/site-packages/airflow/example_dags/tutorial_dag.py
[2024-04-19T12:31:46.041+0000] {processor.py:840} INFO - DAG(s) 'tutorial_dag' retrieved from /home/airflow/.local/lib/python3.12/site-packages/airflow/example_dags/tutorial_dag.py
[2024-04-19T12:31:46.056+0000] {logging_mixin.py:188} INFO - [2024-04-19T12:31:46.056+0000] {dag.py:3096} INFO - Sync 1 DAGs
[2024-04-19T12:31:46.064+0000] {logging_mixin.py:188} INFO - [2024-04-19T12:31:46.064+0000] {dag.py:3954} INFO - Setting next_dagrun for tutorial_dag to None, run_after=None
[2024-04-19T12:31:46.085+0000] {processor.py:183} INFO - Processing /home/airflow/.local/lib/python3.12/site-packages/airflow/example_dags/tutorial_dag.py took 0.054 seconds
[2024-04-19T12:32:16.504+0000] {processor.py:161} INFO - Started process (PID=1395) to work on /home/airflow/.local/lib/python3.12/site-packages/airflow/example_dags/tutorial_dag.py
[2024-04-19T12:32:16.506+0000] {processor.py:830} INFO - Processing file /home/airflow/.local/lib/python3.12/site-packages/airflow/example_dags/tutorial_dag.py for tasks to queue
[2024-04-19T12:32:16.509+0000] {logging_mixin.py:188} INFO - [2024-04-19T12:32:16.508+0000] {dagbag.py:540} INFO - Filling up the DagBag from /home/airflow/.local/lib/python3.12/site-packages/airflow/example_dags/tutorial_dag.py
[2024-04-19T12:32:16.515+0000] {processor.py:840} INFO - DAG(s) 'tutorial_dag' retrieved from /home/airflow/.local/lib/python3.12/site-packages/airflow/example_dags/tutorial_dag.py
[2024-04-19T12:32:16.550+0000] {logging_mixin.py:188} INFO - [2024-04-19T12:32:16.550+0000] {dag.py:3096} INFO - Sync 1 DAGs
[2024-04-19T12:32:16.563+0000] {logging_mixin.py:188} INFO - [2024-04-19T12:32:16.563+0000] {dag.py:3954} INFO - Setting next_dagrun for tutorial_dag to None, run_after=None
[2024-04-19T12:32:16.591+0000] {processor.py:183} INFO - Processing /home/airflow/.local/lib/python3.12/site-packages/airflow/example_dags/tutorial_dag.py took 0.098 seconds
[2024-04-19T12:32:46.978+0000] {processor.py:161} INFO - Started process (PID=1453) to work on /home/airflow/.local/lib/python3.12/site-packages/airflow/example_dags/tutorial_dag.py
[2024-04-19T12:32:46.978+0000] {processor.py:830} INFO - Processing file /home/airflow/.local/lib/python3.12/site-packages/airflow/example_dags/tutorial_dag.py for tasks to queue
[2024-04-19T12:32:46.980+0000] {logging_mixin.py:188} INFO - [2024-04-19T12:32:46.979+0000] {dagbag.py:540} INFO - Filling up the DagBag from /home/airflow/.local/lib/python3.12/site-packages/airflow/example_dags/tutorial_dag.py
[2024-04-19T12:32:46.984+0000] {processor.py:840} INFO - DAG(s) 'tutorial_dag' retrieved from /home/airflow/.local/lib/python3.12/site-packages/airflow/example_dags/tutorial_dag.py
[2024-04-19T12:32:46.997+0000] {logging_mixin.py:188} INFO - [2024-04-19T12:32:46.997+0000] {dag.py:3096} INFO - Sync 1 DAGs
[2024-04-19T12:32:47.007+0000] {logging_mixin.py:188} INFO - [2024-04-19T12:32:47.007+0000] {dag.py:3954} INFO - Setting next_dagrun for tutorial_dag to None, run_after=None
[2024-04-19T12:32:47.023+0000] {processor.py:183} INFO - Processing /home/airflow/.local/lib/python3.12/site-packages/airflow/example_dags/tutorial_dag.py took 0.052 seconds
[2024-04-19T12:33:17.365+0000] {processor.py:161} INFO - Started process (PID=1511) to work on /home/airflow/.local/lib/python3.12/site-packages/airflow/example_dags/tutorial_dag.py
[2024-04-19T12:33:17.366+0000] {processor.py:830} INFO - Processing file /home/airflow/.local/lib/python3.12/site-packages/airflow/example_dags/tutorial_dag.py for tasks to queue
[2024-04-19T12:33:17.367+0000] {logging_mixin.py:188} INFO - [2024-04-19T12:33:17.367+0000] {dagbag.py:540} INFO - Filling up the DagBag from /home/airflow/.local/lib/python3.12/site-packages/airflow/example_dags/tutorial_dag.py
[2024-04-19T12:33:17.371+0000] {processor.py:840} INFO - DAG(s) 'tutorial_dag' retrieved from /home/airflow/.local/lib/python3.12/site-packages/airflow/example_dags/tutorial_dag.py
[2024-04-19T12:33:17.386+0000] {logging_mixin.py:188} INFO - [2024-04-19T12:33:17.386+0000] {dag.py:3096} INFO - Sync 1 DAGs
[2024-04-19T12:33:17.394+0000] {logging_mixin.py:188} INFO - [2024-04-19T12:33:17.394+0000] {dag.py:3954} INFO - Setting next_dagrun for tutorial_dag to None, run_after=None
[2024-04-19T12:33:17.408+0000] {processor.py:183} INFO - Processing /home/airflow/.local/lib/python3.12/site-packages/airflow/example_dags/tutorial_dag.py took 0.047 seconds
[2024-04-19T12:33:47.792+0000] {processor.py:161} INFO - Started process (PID=1569) to work on /home/airflow/.local/lib/python3.12/site-packages/airflow/example_dags/tutorial_dag.py
[2024-04-19T12:33:47.793+0000] {processor.py:830} INFO - Processing file /home/airflow/.local/lib/python3.12/site-packages/airflow/example_dags/tutorial_dag.py for tasks to queue
[2024-04-19T12:33:47.795+0000] {logging_mixin.py:188} INFO - [2024-04-19T12:33:47.794+0000] {dagbag.py:540} INFO - Filling up the DagBag from /home/airflow/.local/lib/python3.12/site-packages/airflow/example_dags/tutorial_dag.py
[2024-04-19T12:33:47.800+0000] {processor.py:840} INFO - DAG(s) 'tutorial_dag' retrieved from /home/airflow/.local/lib/python3.12/site-packages/airflow/example_dags/tutorial_dag.py
[2024-04-19T12:33:47.815+0000] {logging_mixin.py:188} INFO - [2024-04-19T12:33:47.815+0000] {dag.py:3096} INFO - Sync 1 DAGs
[2024-04-19T12:33:47.825+0000] {logging_mixin.py:188} INFO - [2024-04-19T12:33:47.825+0000] {dag.py:3954} INFO - Setting next_dagrun for tutorial_dag to None, run_after=None
[2024-04-19T12:33:47.842+0000] {processor.py:183} INFO - Processing /home/airflow/.local/lib/python3.12/site-packages/airflow/example_dags/tutorial_dag.py took 0.056 seconds
