[2024-04-19T12:17:13.166+0000] {processor.py:161} INFO - Started process (PID=68) to work on /home/airflow/.local/lib/python3.12/site-packages/airflow/example_dags/tutorial.py
[2024-04-19T12:17:13.167+0000] {processor.py:830} INFO - Processing file /home/airflow/.local/lib/python3.12/site-packages/airflow/example_dags/tutorial.py for tasks to queue
[2024-04-19T12:17:13.169+0000] {logging_mixin.py:188} INFO - [2024-04-19T12:17:13.168+0000] {dagbag.py:540} INFO - Filling up the DagBag from /home/airflow/.local/lib/python3.12/site-packages/airflow/example_dags/tutorial.py
[2024-04-19T12:17:13.175+0000] {processor.py:840} INFO - DAG(s) 'tutorial' retrieved from /home/airflow/.local/lib/python3.12/site-packages/airflow/example_dags/tutorial.py
[2024-04-19T12:17:13.186+0000] {logging_mixin.py:188} INFO - [2024-04-19T12:17:13.186+0000] {dag.py:3096} INFO - Sync 1 DAGs
[2024-04-19T12:17:13.204+0000] {logging_mixin.py:188} INFO - [2024-04-19T12:17:13.204+0000] {dag.py:3954} INFO - Setting next_dagrun for tutorial to 2024-04-18 00:00:00+00:00, run_after=2024-04-19 00:00:00+00:00
[2024-04-19T12:17:13.223+0000] {processor.py:183} INFO - Processing /home/airflow/.local/lib/python3.12/site-packages/airflow/example_dags/tutorial.py took 0.062 seconds
[2024-04-19T12:17:43.535+0000] {processor.py:161} INFO - Started process (PID=126) to work on /home/airflow/.local/lib/python3.12/site-packages/airflow/example_dags/tutorial.py
[2024-04-19T12:17:43.536+0000] {processor.py:830} INFO - Processing file /home/airflow/.local/lib/python3.12/site-packages/airflow/example_dags/tutorial.py for tasks to queue
[2024-04-19T12:17:43.538+0000] {logging_mixin.py:188} INFO - [2024-04-19T12:17:43.537+0000] {dagbag.py:540} INFO - Filling up the DagBag from /home/airflow/.local/lib/python3.12/site-packages/airflow/example_dags/tutorial.py
[2024-04-19T12:17:43.541+0000] {processor.py:840} INFO - DAG(s) 'tutorial' retrieved from /home/airflow/.local/lib/python3.12/site-packages/airflow/example_dags/tutorial.py
[2024-04-19T12:17:43.605+0000] {logging_mixin.py:188} INFO - [2024-04-19T12:17:43.605+0000] {dag.py:3096} INFO - Sync 1 DAGs
[2024-04-19T12:17:43.618+0000] {logging_mixin.py:188} INFO - [2024-04-19T12:17:43.618+0000] {dag.py:3954} INFO - Setting next_dagrun for tutorial to 2024-04-18 00:00:00+00:00, run_after=2024-04-19 00:00:00+00:00
[2024-04-19T12:17:43.633+0000] {processor.py:183} INFO - Processing /home/airflow/.local/lib/python3.12/site-packages/airflow/example_dags/tutorial.py took 0.101 seconds
[2024-04-19T12:18:14.118+0000] {processor.py:161} INFO - Started process (PID=184) to work on /home/airflow/.local/lib/python3.12/site-packages/airflow/example_dags/tutorial.py
[2024-04-19T12:18:14.119+0000] {processor.py:830} INFO - Processing file /home/airflow/.local/lib/python3.12/site-packages/airflow/example_dags/tutorial.py for tasks to queue
[2024-04-19T12:18:14.120+0000] {logging_mixin.py:188} INFO - [2024-04-19T12:18:14.120+0000] {dagbag.py:540} INFO - Filling up the DagBag from /home/airflow/.local/lib/python3.12/site-packages/airflow/example_dags/tutorial.py
[2024-04-19T12:18:14.124+0000] {processor.py:840} INFO - DAG(s) 'tutorial' retrieved from /home/airflow/.local/lib/python3.12/site-packages/airflow/example_dags/tutorial.py
[2024-04-19T12:18:14.136+0000] {logging_mixin.py:188} INFO - [2024-04-19T12:18:14.135+0000] {dag.py:3096} INFO - Sync 1 DAGs
[2024-04-19T12:18:14.148+0000] {logging_mixin.py:188} INFO - [2024-04-19T12:18:14.148+0000] {dag.py:3954} INFO - Setting next_dagrun for tutorial to 2024-04-18 00:00:00+00:00, run_after=2024-04-19 00:00:00+00:00
[2024-04-19T12:18:14.160+0000] {processor.py:183} INFO - Processing /home/airflow/.local/lib/python3.12/site-packages/airflow/example_dags/tutorial.py took 0.045 seconds
[2024-04-19T12:20:35.091+0000] {processor.py:161} INFO - Started process (PID=68) to work on /home/airflow/.local/lib/python3.12/site-packages/airflow/example_dags/tutorial.py
[2024-04-19T12:20:35.092+0000] {processor.py:830} INFO - Processing file /home/airflow/.local/lib/python3.12/site-packages/airflow/example_dags/tutorial.py for tasks to queue
[2024-04-19T12:20:35.094+0000] {logging_mixin.py:188} INFO - [2024-04-19T12:20:35.094+0000] {dagbag.py:540} INFO - Filling up the DagBag from /home/airflow/.local/lib/python3.12/site-packages/airflow/example_dags/tutorial.py
[2024-04-19T12:20:35.100+0000] {processor.py:840} INFO - DAG(s) 'tutorial' retrieved from /home/airflow/.local/lib/python3.12/site-packages/airflow/example_dags/tutorial.py
[2024-04-19T12:20:35.112+0000] {logging_mixin.py:188} INFO - [2024-04-19T12:20:35.111+0000] {dag.py:3096} INFO - Sync 1 DAGs
[2024-04-19T12:20:35.139+0000] {logging_mixin.py:188} INFO - [2024-04-19T12:20:35.138+0000] {dag.py:3954} INFO - Setting next_dagrun for tutorial to 2024-04-18 00:00:00+00:00, run_after=2024-04-19 00:00:00+00:00
[2024-04-19T12:20:35.166+0000] {processor.py:183} INFO - Processing /home/airflow/.local/lib/python3.12/site-packages/airflow/example_dags/tutorial.py took 0.081 seconds
[2024-04-19T12:21:05.494+0000] {processor.py:161} INFO - Started process (PID=126) to work on /home/airflow/.local/lib/python3.12/site-packages/airflow/example_dags/tutorial.py
[2024-04-19T12:21:05.494+0000] {processor.py:830} INFO - Processing file /home/airflow/.local/lib/python3.12/site-packages/airflow/example_dags/tutorial.py for tasks to queue
[2024-04-19T12:21:05.496+0000] {logging_mixin.py:188} INFO - [2024-04-19T12:21:05.495+0000] {dagbag.py:540} INFO - Filling up the DagBag from /home/airflow/.local/lib/python3.12/site-packages/airflow/example_dags/tutorial.py
[2024-04-19T12:21:05.500+0000] {processor.py:840} INFO - DAG(s) 'tutorial' retrieved from /home/airflow/.local/lib/python3.12/site-packages/airflow/example_dags/tutorial.py
[2024-04-19T12:21:05.561+0000] {logging_mixin.py:188} INFO - [2024-04-19T12:21:05.561+0000] {dag.py:3096} INFO - Sync 1 DAGs
[2024-04-19T12:21:05.574+0000] {logging_mixin.py:188} INFO - [2024-04-19T12:21:05.574+0000] {dag.py:3954} INFO - Setting next_dagrun for tutorial to 2024-04-18 00:00:00+00:00, run_after=2024-04-19 00:00:00+00:00
[2024-04-19T12:21:05.588+0000] {processor.py:183} INFO - Processing /home/airflow/.local/lib/python3.12/site-packages/airflow/example_dags/tutorial.py took 0.100 seconds
[2024-04-19T12:21:36.137+0000] {processor.py:161} INFO - Started process (PID=184) to work on /home/airflow/.local/lib/python3.12/site-packages/airflow/example_dags/tutorial.py
[2024-04-19T12:21:36.138+0000] {processor.py:830} INFO - Processing file /home/airflow/.local/lib/python3.12/site-packages/airflow/example_dags/tutorial.py for tasks to queue
[2024-04-19T12:21:36.139+0000] {logging_mixin.py:188} INFO - [2024-04-19T12:21:36.139+0000] {dagbag.py:540} INFO - Filling up the DagBag from /home/airflow/.local/lib/python3.12/site-packages/airflow/example_dags/tutorial.py
[2024-04-19T12:21:36.143+0000] {processor.py:840} INFO - DAG(s) 'tutorial' retrieved from /home/airflow/.local/lib/python3.12/site-packages/airflow/example_dags/tutorial.py
[2024-04-19T12:21:36.158+0000] {logging_mixin.py:188} INFO - [2024-04-19T12:21:36.158+0000] {dag.py:3096} INFO - Sync 1 DAGs
[2024-04-19T12:21:36.172+0000] {logging_mixin.py:188} INFO - [2024-04-19T12:21:36.172+0000] {dag.py:3954} INFO - Setting next_dagrun for tutorial to 2024-04-18 00:00:00+00:00, run_after=2024-04-19 00:00:00+00:00
[2024-04-19T12:21:36.186+0000] {processor.py:183} INFO - Processing /home/airflow/.local/lib/python3.12/site-packages/airflow/example_dags/tutorial.py took 0.053 seconds
[2024-04-19T12:22:06.450+0000] {processor.py:161} INFO - Started process (PID=242) to work on /home/airflow/.local/lib/python3.12/site-packages/airflow/example_dags/tutorial.py
[2024-04-19T12:22:06.450+0000] {processor.py:830} INFO - Processing file /home/airflow/.local/lib/python3.12/site-packages/airflow/example_dags/tutorial.py for tasks to queue
[2024-04-19T12:22:06.451+0000] {logging_mixin.py:188} INFO - [2024-04-19T12:22:06.451+0000] {dagbag.py:540} INFO - Filling up the DagBag from /home/airflow/.local/lib/python3.12/site-packages/airflow/example_dags/tutorial.py
[2024-04-19T12:22:06.455+0000] {processor.py:840} INFO - DAG(s) 'tutorial' retrieved from /home/airflow/.local/lib/python3.12/site-packages/airflow/example_dags/tutorial.py
[2024-04-19T12:22:06.466+0000] {logging_mixin.py:188} INFO - [2024-04-19T12:22:06.466+0000] {dag.py:3096} INFO - Sync 1 DAGs
[2024-04-19T12:22:06.479+0000] {logging_mixin.py:188} INFO - [2024-04-19T12:22:06.479+0000] {dag.py:3954} INFO - Setting next_dagrun for tutorial to 2024-04-18 00:00:00+00:00, run_after=2024-04-19 00:00:00+00:00
[2024-04-19T12:22:06.493+0000] {processor.py:183} INFO - Processing /home/airflow/.local/lib/python3.12/site-packages/airflow/example_dags/tutorial.py took 0.046 seconds
[2024-04-19T12:22:36.897+0000] {processor.py:161} INFO - Started process (PID=300) to work on /home/airflow/.local/lib/python3.12/site-packages/airflow/example_dags/tutorial.py
[2024-04-19T12:22:36.897+0000] {processor.py:830} INFO - Processing file /home/airflow/.local/lib/python3.12/site-packages/airflow/example_dags/tutorial.py for tasks to queue
[2024-04-19T12:22:36.899+0000] {logging_mixin.py:188} INFO - [2024-04-19T12:22:36.899+0000] {dagbag.py:540} INFO - Filling up the DagBag from /home/airflow/.local/lib/python3.12/site-packages/airflow/example_dags/tutorial.py
[2024-04-19T12:22:36.902+0000] {processor.py:840} INFO - DAG(s) 'tutorial' retrieved from /home/airflow/.local/lib/python3.12/site-packages/airflow/example_dags/tutorial.py
[2024-04-19T12:22:36.916+0000] {logging_mixin.py:188} INFO - [2024-04-19T12:22:36.916+0000] {dag.py:3096} INFO - Sync 1 DAGs
[2024-04-19T12:22:36.930+0000] {logging_mixin.py:188} INFO - [2024-04-19T12:22:36.930+0000] {dag.py:3954} INFO - Setting next_dagrun for tutorial to 2024-04-18 00:00:00+00:00, run_after=2024-04-19 00:00:00+00:00
[2024-04-19T12:22:36.944+0000] {processor.py:183} INFO - Processing /home/airflow/.local/lib/python3.12/site-packages/airflow/example_dags/tutorial.py took 0.051 seconds
[2024-04-19T12:23:07.345+0000] {processor.py:161} INFO - Started process (PID=358) to work on /home/airflow/.local/lib/python3.12/site-packages/airflow/example_dags/tutorial.py
[2024-04-19T12:23:07.346+0000] {processor.py:830} INFO - Processing file /home/airflow/.local/lib/python3.12/site-packages/airflow/example_dags/tutorial.py for tasks to queue
[2024-04-19T12:23:07.349+0000] {logging_mixin.py:188} INFO - [2024-04-19T12:23:07.348+0000] {dagbag.py:540} INFO - Filling up the DagBag from /home/airflow/.local/lib/python3.12/site-packages/airflow/example_dags/tutorial.py
[2024-04-19T12:23:07.356+0000] {processor.py:840} INFO - DAG(s) 'tutorial' retrieved from /home/airflow/.local/lib/python3.12/site-packages/airflow/example_dags/tutorial.py
[2024-04-19T12:23:07.369+0000] {logging_mixin.py:188} INFO - [2024-04-19T12:23:07.369+0000] {dag.py:3096} INFO - Sync 1 DAGs
[2024-04-19T12:23:07.393+0000] {logging_mixin.py:188} INFO - [2024-04-19T12:23:07.393+0000] {dag.py:3954} INFO - Setting next_dagrun for tutorial to 2024-04-18 00:00:00+00:00, run_after=2024-04-19 00:00:00+00:00
[2024-04-19T12:23:07.415+0000] {processor.py:183} INFO - Processing /home/airflow/.local/lib/python3.12/site-packages/airflow/example_dags/tutorial.py took 0.074 seconds
[2024-04-19T12:23:38.311+0000] {processor.py:161} INFO - Started process (PID=417) to work on /home/airflow/.local/lib/python3.12/site-packages/airflow/example_dags/tutorial.py
[2024-04-19T12:23:38.311+0000] {processor.py:830} INFO - Processing file /home/airflow/.local/lib/python3.12/site-packages/airflow/example_dags/tutorial.py for tasks to queue
[2024-04-19T12:23:38.313+0000] {logging_mixin.py:188} INFO - [2024-04-19T12:23:38.312+0000] {dagbag.py:540} INFO - Filling up the DagBag from /home/airflow/.local/lib/python3.12/site-packages/airflow/example_dags/tutorial.py
[2024-04-19T12:23:38.316+0000] {processor.py:840} INFO - DAG(s) 'tutorial' retrieved from /home/airflow/.local/lib/python3.12/site-packages/airflow/example_dags/tutorial.py
[2024-04-19T12:23:38.377+0000] {logging_mixin.py:188} INFO - [2024-04-19T12:23:38.377+0000] {dag.py:3096} INFO - Sync 1 DAGs
[2024-04-19T12:23:38.479+0000] {logging_mixin.py:188} INFO - [2024-04-19T12:23:38.479+0000] {dag.py:3954} INFO - Setting next_dagrun for tutorial to 2024-04-18 00:00:00+00:00, run_after=2024-04-19 00:00:00+00:00
[2024-04-19T12:23:38.493+0000] {processor.py:183} INFO - Processing /home/airflow/.local/lib/python3.12/site-packages/airflow/example_dags/tutorial.py took 0.186 seconds
[2024-04-19T12:24:09.393+0000] {processor.py:161} INFO - Started process (PID=476) to work on /home/airflow/.local/lib/python3.12/site-packages/airflow/example_dags/tutorial.py
[2024-04-19T12:24:09.394+0000] {processor.py:830} INFO - Processing file /home/airflow/.local/lib/python3.12/site-packages/airflow/example_dags/tutorial.py for tasks to queue
[2024-04-19T12:24:09.395+0000] {logging_mixin.py:188} INFO - [2024-04-19T12:24:09.395+0000] {dagbag.py:540} INFO - Filling up the DagBag from /home/airflow/.local/lib/python3.12/site-packages/airflow/example_dags/tutorial.py
[2024-04-19T12:24:09.400+0000] {processor.py:840} INFO - DAG(s) 'tutorial' retrieved from /home/airflow/.local/lib/python3.12/site-packages/airflow/example_dags/tutorial.py
[2024-04-19T12:24:09.414+0000] {logging_mixin.py:188} INFO - [2024-04-19T12:24:09.414+0000] {dag.py:3096} INFO - Sync 1 DAGs
[2024-04-19T12:24:09.429+0000] {logging_mixin.py:188} INFO - [2024-04-19T12:24:09.429+0000] {dag.py:3954} INFO - Setting next_dagrun for tutorial to 2024-04-18 00:00:00+00:00, run_after=2024-04-19 00:00:00+00:00
[2024-04-19T12:24:09.445+0000] {processor.py:183} INFO - Processing /home/airflow/.local/lib/python3.12/site-packages/airflow/example_dags/tutorial.py took 0.059 seconds
[2024-04-19T12:24:39.822+0000] {processor.py:161} INFO - Started process (PID=534) to work on /home/airflow/.local/lib/python3.12/site-packages/airflow/example_dags/tutorial.py
[2024-04-19T12:24:39.824+0000] {processor.py:830} INFO - Processing file /home/airflow/.local/lib/python3.12/site-packages/airflow/example_dags/tutorial.py for tasks to queue
[2024-04-19T12:24:39.826+0000] {logging_mixin.py:188} INFO - [2024-04-19T12:24:39.825+0000] {dagbag.py:540} INFO - Filling up the DagBag from /home/airflow/.local/lib/python3.12/site-packages/airflow/example_dags/tutorial.py
[2024-04-19T12:24:39.832+0000] {processor.py:840} INFO - DAG(s) 'tutorial' retrieved from /home/airflow/.local/lib/python3.12/site-packages/airflow/example_dags/tutorial.py
[2024-04-19T12:24:39.855+0000] {logging_mixin.py:188} INFO - [2024-04-19T12:24:39.855+0000] {dag.py:3096} INFO - Sync 1 DAGs
[2024-04-19T12:24:39.872+0000] {logging_mixin.py:188} INFO - [2024-04-19T12:24:39.872+0000] {dag.py:3954} INFO - Setting next_dagrun for tutorial to 2024-04-18 00:00:00+00:00, run_after=2024-04-19 00:00:00+00:00
[2024-04-19T12:24:39.889+0000] {processor.py:183} INFO - Processing /home/airflow/.local/lib/python3.12/site-packages/airflow/example_dags/tutorial.py took 0.080 seconds
[2024-04-19T12:25:10.620+0000] {processor.py:161} INFO - Started process (PID=592) to work on /home/airflow/.local/lib/python3.12/site-packages/airflow/example_dags/tutorial.py
[2024-04-19T12:25:10.621+0000] {processor.py:830} INFO - Processing file /home/airflow/.local/lib/python3.12/site-packages/airflow/example_dags/tutorial.py for tasks to queue
[2024-04-19T12:25:10.624+0000] {logging_mixin.py:188} INFO - [2024-04-19T12:25:10.623+0000] {dagbag.py:540} INFO - Filling up the DagBag from /home/airflow/.local/lib/python3.12/site-packages/airflow/example_dags/tutorial.py
[2024-04-19T12:25:10.629+0000] {processor.py:840} INFO - DAG(s) 'tutorial' retrieved from /home/airflow/.local/lib/python3.12/site-packages/airflow/example_dags/tutorial.py
[2024-04-19T12:25:10.647+0000] {logging_mixin.py:188} INFO - [2024-04-19T12:25:10.646+0000] {dag.py:3096} INFO - Sync 1 DAGs
[2024-04-19T12:25:10.665+0000] {logging_mixin.py:188} INFO - [2024-04-19T12:25:10.665+0000] {dag.py:3954} INFO - Setting next_dagrun for tutorial to 2024-04-18 00:00:00+00:00, run_after=2024-04-19 00:00:00+00:00
[2024-04-19T12:25:10.682+0000] {processor.py:183} INFO - Processing /home/airflow/.local/lib/python3.12/site-packages/airflow/example_dags/tutorial.py took 0.071 seconds
[2024-04-19T12:25:40.818+0000] {processor.py:161} INFO - Started process (PID=650) to work on /home/airflow/.local/lib/python3.12/site-packages/airflow/example_dags/tutorial.py
[2024-04-19T12:25:40.818+0000] {processor.py:830} INFO - Processing file /home/airflow/.local/lib/python3.12/site-packages/airflow/example_dags/tutorial.py for tasks to queue
[2024-04-19T12:25:40.820+0000] {logging_mixin.py:188} INFO - [2024-04-19T12:25:40.820+0000] {dagbag.py:540} INFO - Filling up the DagBag from /home/airflow/.local/lib/python3.12/site-packages/airflow/example_dags/tutorial.py
[2024-04-19T12:25:40.824+0000] {processor.py:840} INFO - DAG(s) 'tutorial' retrieved from /home/airflow/.local/lib/python3.12/site-packages/airflow/example_dags/tutorial.py
[2024-04-19T12:25:40.839+0000] {logging_mixin.py:188} INFO - [2024-04-19T12:25:40.838+0000] {dag.py:3096} INFO - Sync 1 DAGs
[2024-04-19T12:25:40.854+0000] {logging_mixin.py:188} INFO - [2024-04-19T12:25:40.854+0000] {dag.py:3954} INFO - Setting next_dagrun for tutorial to 2024-04-18 00:00:00+00:00, run_after=2024-04-19 00:00:00+00:00
[2024-04-19T12:25:40.879+0000] {processor.py:183} INFO - Processing /home/airflow/.local/lib/python3.12/site-packages/airflow/example_dags/tutorial.py took 0.066 seconds
[2024-04-19T12:26:11.175+0000] {processor.py:161} INFO - Started process (PID=708) to work on /home/airflow/.local/lib/python3.12/site-packages/airflow/example_dags/tutorial.py
[2024-04-19T12:26:11.176+0000] {processor.py:830} INFO - Processing file /home/airflow/.local/lib/python3.12/site-packages/airflow/example_dags/tutorial.py for tasks to queue
[2024-04-19T12:26:11.178+0000] {logging_mixin.py:188} INFO - [2024-04-19T12:26:11.178+0000] {dagbag.py:540} INFO - Filling up the DagBag from /home/airflow/.local/lib/python3.12/site-packages/airflow/example_dags/tutorial.py
[2024-04-19T12:26:11.185+0000] {processor.py:840} INFO - DAG(s) 'tutorial' retrieved from /home/airflow/.local/lib/python3.12/site-packages/airflow/example_dags/tutorial.py
[2024-04-19T12:26:11.202+0000] {logging_mixin.py:188} INFO - [2024-04-19T12:26:11.202+0000] {dag.py:3096} INFO - Sync 1 DAGs
[2024-04-19T12:26:11.218+0000] {logging_mixin.py:188} INFO - [2024-04-19T12:26:11.218+0000] {dag.py:3954} INFO - Setting next_dagrun for tutorial to 2024-04-18 00:00:00+00:00, run_after=2024-04-19 00:00:00+00:00
[2024-04-19T12:26:11.233+0000] {processor.py:183} INFO - Processing /home/airflow/.local/lib/python3.12/site-packages/airflow/example_dags/tutorial.py took 0.070 seconds
[2024-04-19T12:26:41.533+0000] {processor.py:161} INFO - Started process (PID=766) to work on /home/airflow/.local/lib/python3.12/site-packages/airflow/example_dags/tutorial.py
[2024-04-19T12:26:41.534+0000] {processor.py:830} INFO - Processing file /home/airflow/.local/lib/python3.12/site-packages/airflow/example_dags/tutorial.py for tasks to queue
[2024-04-19T12:26:41.536+0000] {logging_mixin.py:188} INFO - [2024-04-19T12:26:41.536+0000] {dagbag.py:540} INFO - Filling up the DagBag from /home/airflow/.local/lib/python3.12/site-packages/airflow/example_dags/tutorial.py
[2024-04-19T12:26:41.543+0000] {processor.py:840} INFO - DAG(s) 'tutorial' retrieved from /home/airflow/.local/lib/python3.12/site-packages/airflow/example_dags/tutorial.py
[2024-04-19T12:26:41.562+0000] {logging_mixin.py:188} INFO - [2024-04-19T12:26:41.561+0000] {dag.py:3096} INFO - Sync 1 DAGs
[2024-04-19T12:26:41.584+0000] {logging_mixin.py:188} INFO - [2024-04-19T12:26:41.584+0000] {dag.py:3954} INFO - Setting next_dagrun for tutorial to 2024-04-18 00:00:00+00:00, run_after=2024-04-19 00:00:00+00:00
[2024-04-19T12:26:41.603+0000] {processor.py:183} INFO - Processing /home/airflow/.local/lib/python3.12/site-packages/airflow/example_dags/tutorial.py took 0.076 seconds
[2024-04-19T12:27:12.283+0000] {processor.py:161} INFO - Started process (PID=824) to work on /home/airflow/.local/lib/python3.12/site-packages/airflow/example_dags/tutorial.py
[2024-04-19T12:27:12.284+0000] {processor.py:830} INFO - Processing file /home/airflow/.local/lib/python3.12/site-packages/airflow/example_dags/tutorial.py for tasks to queue
[2024-04-19T12:27:12.285+0000] {logging_mixin.py:188} INFO - [2024-04-19T12:27:12.285+0000] {dagbag.py:540} INFO - Filling up the DagBag from /home/airflow/.local/lib/python3.12/site-packages/airflow/example_dags/tutorial.py
[2024-04-19T12:27:12.290+0000] {processor.py:840} INFO - DAG(s) 'tutorial' retrieved from /home/airflow/.local/lib/python3.12/site-packages/airflow/example_dags/tutorial.py
[2024-04-19T12:27:12.304+0000] {logging_mixin.py:188} INFO - [2024-04-19T12:27:12.304+0000] {dag.py:3096} INFO - Sync 1 DAGs
[2024-04-19T12:27:12.323+0000] {logging_mixin.py:188} INFO - [2024-04-19T12:27:12.323+0000] {dag.py:3954} INFO - Setting next_dagrun for tutorial to 2024-04-18 00:00:00+00:00, run_after=2024-04-19 00:00:00+00:00
[2024-04-19T12:27:12.339+0000] {processor.py:183} INFO - Processing /home/airflow/.local/lib/python3.12/site-packages/airflow/example_dags/tutorial.py took 0.061 seconds
[2024-04-19T12:27:43.079+0000] {processor.py:161} INFO - Started process (PID=882) to work on /home/airflow/.local/lib/python3.12/site-packages/airflow/example_dags/tutorial.py
[2024-04-19T12:27:43.079+0000] {processor.py:830} INFO - Processing file /home/airflow/.local/lib/python3.12/site-packages/airflow/example_dags/tutorial.py for tasks to queue
[2024-04-19T12:27:43.081+0000] {logging_mixin.py:188} INFO - [2024-04-19T12:27:43.080+0000] {dagbag.py:540} INFO - Filling up the DagBag from /home/airflow/.local/lib/python3.12/site-packages/airflow/example_dags/tutorial.py
[2024-04-19T12:27:43.086+0000] {processor.py:840} INFO - DAG(s) 'tutorial' retrieved from /home/airflow/.local/lib/python3.12/site-packages/airflow/example_dags/tutorial.py
[2024-04-19T12:27:43.106+0000] {logging_mixin.py:188} INFO - [2024-04-19T12:27:43.106+0000] {dag.py:3096} INFO - Sync 1 DAGs
[2024-04-19T12:27:43.127+0000] {logging_mixin.py:188} INFO - [2024-04-19T12:27:43.127+0000] {dag.py:3954} INFO - Setting next_dagrun for tutorial to 2024-04-18 00:00:00+00:00, run_after=2024-04-19 00:00:00+00:00
[2024-04-19T12:27:43.147+0000] {processor.py:183} INFO - Processing /home/airflow/.local/lib/python3.12/site-packages/airflow/example_dags/tutorial.py took 0.074 seconds
[2024-04-19T12:28:13.346+0000] {processor.py:161} INFO - Started process (PID=940) to work on /home/airflow/.local/lib/python3.12/site-packages/airflow/example_dags/tutorial.py
[2024-04-19T12:28:13.348+0000] {processor.py:830} INFO - Processing file /home/airflow/.local/lib/python3.12/site-packages/airflow/example_dags/tutorial.py for tasks to queue
[2024-04-19T12:28:13.349+0000] {logging_mixin.py:188} INFO - [2024-04-19T12:28:13.349+0000] {dagbag.py:540} INFO - Filling up the DagBag from /home/airflow/.local/lib/python3.12/site-packages/airflow/example_dags/tutorial.py
[2024-04-19T12:28:13.360+0000] {processor.py:840} INFO - DAG(s) 'tutorial' retrieved from /home/airflow/.local/lib/python3.12/site-packages/airflow/example_dags/tutorial.py
[2024-04-19T12:28:13.383+0000] {logging_mixin.py:188} INFO - [2024-04-19T12:28:13.382+0000] {dag.py:3096} INFO - Sync 1 DAGs
[2024-04-19T12:28:13.404+0000] {logging_mixin.py:188} INFO - [2024-04-19T12:28:13.404+0000] {dag.py:3954} INFO - Setting next_dagrun for tutorial to 2024-04-18 00:00:00+00:00, run_after=2024-04-19 00:00:00+00:00
[2024-04-19T12:28:13.424+0000] {processor.py:183} INFO - Processing /home/airflow/.local/lib/python3.12/site-packages/airflow/example_dags/tutorial.py took 0.085 seconds
[2024-04-19T12:28:44.175+0000] {processor.py:161} INFO - Started process (PID=998) to work on /home/airflow/.local/lib/python3.12/site-packages/airflow/example_dags/tutorial.py
[2024-04-19T12:28:44.176+0000] {processor.py:830} INFO - Processing file /home/airflow/.local/lib/python3.12/site-packages/airflow/example_dags/tutorial.py for tasks to queue
[2024-04-19T12:28:44.177+0000] {logging_mixin.py:188} INFO - [2024-04-19T12:28:44.177+0000] {dagbag.py:540} INFO - Filling up the DagBag from /home/airflow/.local/lib/python3.12/site-packages/airflow/example_dags/tutorial.py
[2024-04-19T12:28:44.181+0000] {processor.py:840} INFO - DAG(s) 'tutorial' retrieved from /home/airflow/.local/lib/python3.12/site-packages/airflow/example_dags/tutorial.py
[2024-04-19T12:28:44.197+0000] {logging_mixin.py:188} INFO - [2024-04-19T12:28:44.196+0000] {dag.py:3096} INFO - Sync 1 DAGs
[2024-04-19T12:28:44.211+0000] {logging_mixin.py:188} INFO - [2024-04-19T12:28:44.211+0000] {dag.py:3954} INFO - Setting next_dagrun for tutorial to 2024-04-18 00:00:00+00:00, run_after=2024-04-19 00:00:00+00:00
[2024-04-19T12:28:44.228+0000] {processor.py:183} INFO - Processing /home/airflow/.local/lib/python3.12/site-packages/airflow/example_dags/tutorial.py took 0.058 seconds
[2024-04-19T12:29:14.879+0000] {processor.py:161} INFO - Started process (PID=1056) to work on /home/airflow/.local/lib/python3.12/site-packages/airflow/example_dags/tutorial.py
[2024-04-19T12:29:14.880+0000] {processor.py:830} INFO - Processing file /home/airflow/.local/lib/python3.12/site-packages/airflow/example_dags/tutorial.py for tasks to queue
[2024-04-19T12:29:14.881+0000] {logging_mixin.py:188} INFO - [2024-04-19T12:29:14.881+0000] {dagbag.py:540} INFO - Filling up the DagBag from /home/airflow/.local/lib/python3.12/site-packages/airflow/example_dags/tutorial.py
[2024-04-19T12:29:14.886+0000] {processor.py:840} INFO - DAG(s) 'tutorial' retrieved from /home/airflow/.local/lib/python3.12/site-packages/airflow/example_dags/tutorial.py
[2024-04-19T12:29:14.901+0000] {logging_mixin.py:188} INFO - [2024-04-19T12:29:14.901+0000] {dag.py:3096} INFO - Sync 1 DAGs
[2024-04-19T12:29:14.914+0000] {logging_mixin.py:188} INFO - [2024-04-19T12:29:14.914+0000] {dag.py:3954} INFO - Setting next_dagrun for tutorial to 2024-04-18 00:00:00+00:00, run_after=2024-04-19 00:00:00+00:00
[2024-04-19T12:29:14.930+0000] {processor.py:183} INFO - Processing /home/airflow/.local/lib/python3.12/site-packages/airflow/example_dags/tutorial.py took 0.055 seconds
[2024-04-19T12:29:45.189+0000] {processor.py:161} INFO - Started process (PID=1114) to work on /home/airflow/.local/lib/python3.12/site-packages/airflow/example_dags/tutorial.py
[2024-04-19T12:29:45.190+0000] {processor.py:830} INFO - Processing file /home/airflow/.local/lib/python3.12/site-packages/airflow/example_dags/tutorial.py for tasks to queue
[2024-04-19T12:29:45.191+0000] {logging_mixin.py:188} INFO - [2024-04-19T12:29:45.191+0000] {dagbag.py:540} INFO - Filling up the DagBag from /home/airflow/.local/lib/python3.12/site-packages/airflow/example_dags/tutorial.py
[2024-04-19T12:29:45.195+0000] {processor.py:840} INFO - DAG(s) 'tutorial' retrieved from /home/airflow/.local/lib/python3.12/site-packages/airflow/example_dags/tutorial.py
[2024-04-19T12:29:45.204+0000] {logging_mixin.py:188} INFO - [2024-04-19T12:29:45.204+0000] {dag.py:3096} INFO - Sync 1 DAGs
[2024-04-19T12:29:45.222+0000] {logging_mixin.py:188} INFO - [2024-04-19T12:29:45.221+0000] {dag.py:3954} INFO - Setting next_dagrun for tutorial to 2024-04-18 00:00:00+00:00, run_after=2024-04-19 00:00:00+00:00
[2024-04-19T12:29:45.240+0000] {processor.py:183} INFO - Processing /home/airflow/.local/lib/python3.12/site-packages/airflow/example_dags/tutorial.py took 0.056 seconds
[2024-04-19T12:30:15.854+0000] {processor.py:161} INFO - Started process (PID=1172) to work on /home/airflow/.local/lib/python3.12/site-packages/airflow/example_dags/tutorial.py
[2024-04-19T12:30:15.855+0000] {processor.py:830} INFO - Processing file /home/airflow/.local/lib/python3.12/site-packages/airflow/example_dags/tutorial.py for tasks to queue
[2024-04-19T12:30:15.856+0000] {logging_mixin.py:188} INFO - [2024-04-19T12:30:15.856+0000] {dagbag.py:540} INFO - Filling up the DagBag from /home/airflow/.local/lib/python3.12/site-packages/airflow/example_dags/tutorial.py
[2024-04-19T12:30:15.860+0000] {processor.py:840} INFO - DAG(s) 'tutorial' retrieved from /home/airflow/.local/lib/python3.12/site-packages/airflow/example_dags/tutorial.py
[2024-04-19T12:30:16.008+0000] {logging_mixin.py:188} INFO - [2024-04-19T12:30:16.008+0000] {dag.py:3096} INFO - Sync 1 DAGs
[2024-04-19T12:30:16.020+0000] {logging_mixin.py:188} INFO - [2024-04-19T12:30:16.020+0000] {dag.py:3954} INFO - Setting next_dagrun for tutorial to 2024-04-18 00:00:00+00:00, run_after=2024-04-19 00:00:00+00:00
[2024-04-19T12:30:16.034+0000] {processor.py:183} INFO - Processing /home/airflow/.local/lib/python3.12/site-packages/airflow/example_dags/tutorial.py took 0.183 seconds
[2024-04-19T12:30:46.696+0000] {processor.py:161} INFO - Started process (PID=1230) to work on /home/airflow/.local/lib/python3.12/site-packages/airflow/example_dags/tutorial.py
[2024-04-19T12:30:46.697+0000] {processor.py:830} INFO - Processing file /home/airflow/.local/lib/python3.12/site-packages/airflow/example_dags/tutorial.py for tasks to queue
[2024-04-19T12:30:46.699+0000] {logging_mixin.py:188} INFO - [2024-04-19T12:30:46.699+0000] {dagbag.py:540} INFO - Filling up the DagBag from /home/airflow/.local/lib/python3.12/site-packages/airflow/example_dags/tutorial.py
[2024-04-19T12:30:46.703+0000] {processor.py:840} INFO - DAG(s) 'tutorial' retrieved from /home/airflow/.local/lib/python3.12/site-packages/airflow/example_dags/tutorial.py
[2024-04-19T12:30:46.717+0000] {logging_mixin.py:188} INFO - [2024-04-19T12:30:46.717+0000] {dag.py:3096} INFO - Sync 1 DAGs
[2024-04-19T12:30:46.731+0000] {logging_mixin.py:188} INFO - [2024-04-19T12:30:46.731+0000] {dag.py:3954} INFO - Setting next_dagrun for tutorial to 2024-04-18 00:00:00+00:00, run_after=2024-04-19 00:00:00+00:00
[2024-04-19T12:30:46.746+0000] {processor.py:183} INFO - Processing /home/airflow/.local/lib/python3.12/site-packages/airflow/example_dags/tutorial.py took 0.053 seconds
[2024-04-19T12:31:16.980+0000] {processor.py:161} INFO - Started process (PID=1288) to work on /home/airflow/.local/lib/python3.12/site-packages/airflow/example_dags/tutorial.py
[2024-04-19T12:31:16.981+0000] {processor.py:830} INFO - Processing file /home/airflow/.local/lib/python3.12/site-packages/airflow/example_dags/tutorial.py for tasks to queue
[2024-04-19T12:31:16.983+0000] {logging_mixin.py:188} INFO - [2024-04-19T12:31:16.983+0000] {dagbag.py:540} INFO - Filling up the DagBag from /home/airflow/.local/lib/python3.12/site-packages/airflow/example_dags/tutorial.py
[2024-04-19T12:31:16.987+0000] {processor.py:840} INFO - DAG(s) 'tutorial' retrieved from /home/airflow/.local/lib/python3.12/site-packages/airflow/example_dags/tutorial.py
[2024-04-19T12:31:16.999+0000] {logging_mixin.py:188} INFO - [2024-04-19T12:31:16.999+0000] {dag.py:3096} INFO - Sync 1 DAGs
[2024-04-19T12:31:17.012+0000] {logging_mixin.py:188} INFO - [2024-04-19T12:31:17.012+0000] {dag.py:3954} INFO - Setting next_dagrun for tutorial to 2024-04-18 00:00:00+00:00, run_after=2024-04-19 00:00:00+00:00
[2024-04-19T12:31:17.024+0000] {processor.py:183} INFO - Processing /home/airflow/.local/lib/python3.12/site-packages/airflow/example_dags/tutorial.py took 0.048 seconds
[2024-04-19T12:31:47.378+0000] {processor.py:161} INFO - Started process (PID=1345) to work on /home/airflow/.local/lib/python3.12/site-packages/airflow/example_dags/tutorial.py
[2024-04-19T12:31:47.379+0000] {processor.py:830} INFO - Processing file /home/airflow/.local/lib/python3.12/site-packages/airflow/example_dags/tutorial.py for tasks to queue
[2024-04-19T12:31:47.380+0000] {logging_mixin.py:188} INFO - [2024-04-19T12:31:47.380+0000] {dagbag.py:540} INFO - Filling up the DagBag from /home/airflow/.local/lib/python3.12/site-packages/airflow/example_dags/tutorial.py
[2024-04-19T12:31:47.386+0000] {processor.py:840} INFO - DAG(s) 'tutorial' retrieved from /home/airflow/.local/lib/python3.12/site-packages/airflow/example_dags/tutorial.py
[2024-04-19T12:31:47.401+0000] {logging_mixin.py:188} INFO - [2024-04-19T12:31:47.401+0000] {dag.py:3096} INFO - Sync 1 DAGs
[2024-04-19T12:31:47.417+0000] {logging_mixin.py:188} INFO - [2024-04-19T12:31:47.417+0000] {dag.py:3954} INFO - Setting next_dagrun for tutorial to 2024-04-18 00:00:00+00:00, run_after=2024-04-19 00:00:00+00:00
[2024-04-19T12:31:47.433+0000] {processor.py:183} INFO - Processing /home/airflow/.local/lib/python3.12/site-packages/airflow/example_dags/tutorial.py took 0.061 seconds
[2024-04-19T12:32:17.873+0000] {processor.py:161} INFO - Started process (PID=1403) to work on /home/airflow/.local/lib/python3.12/site-packages/airflow/example_dags/tutorial.py
[2024-04-19T12:32:17.874+0000] {processor.py:830} INFO - Processing file /home/airflow/.local/lib/python3.12/site-packages/airflow/example_dags/tutorial.py for tasks to queue
[2024-04-19T12:32:17.876+0000] {logging_mixin.py:188} INFO - [2024-04-19T12:32:17.875+0000] {dagbag.py:540} INFO - Filling up the DagBag from /home/airflow/.local/lib/python3.12/site-packages/airflow/example_dags/tutorial.py
[2024-04-19T12:32:17.879+0000] {processor.py:840} INFO - DAG(s) 'tutorial' retrieved from /home/airflow/.local/lib/python3.12/site-packages/airflow/example_dags/tutorial.py
[2024-04-19T12:32:17.896+0000] {logging_mixin.py:188} INFO - [2024-04-19T12:32:17.896+0000] {dag.py:3096} INFO - Sync 1 DAGs
[2024-04-19T12:32:17.913+0000] {logging_mixin.py:188} INFO - [2024-04-19T12:32:17.913+0000] {dag.py:3954} INFO - Setting next_dagrun for tutorial to 2024-04-18 00:00:00+00:00, run_after=2024-04-19 00:00:00+00:00
[2024-04-19T12:32:17.930+0000] {processor.py:183} INFO - Processing /home/airflow/.local/lib/python3.12/site-packages/airflow/example_dags/tutorial.py took 0.061 seconds
[2024-04-19T12:32:48.298+0000] {processor.py:161} INFO - Started process (PID=1461) to work on /home/airflow/.local/lib/python3.12/site-packages/airflow/example_dags/tutorial.py
[2024-04-19T12:32:48.300+0000] {processor.py:830} INFO - Processing file /home/airflow/.local/lib/python3.12/site-packages/airflow/example_dags/tutorial.py for tasks to queue
[2024-04-19T12:32:48.302+0000] {logging_mixin.py:188} INFO - [2024-04-19T12:32:48.302+0000] {dagbag.py:540} INFO - Filling up the DagBag from /home/airflow/.local/lib/python3.12/site-packages/airflow/example_dags/tutorial.py
[2024-04-19T12:32:48.306+0000] {processor.py:840} INFO - DAG(s) 'tutorial' retrieved from /home/airflow/.local/lib/python3.12/site-packages/airflow/example_dags/tutorial.py
[2024-04-19T12:32:48.319+0000] {logging_mixin.py:188} INFO - [2024-04-19T12:32:48.319+0000] {dag.py:3096} INFO - Sync 1 DAGs
[2024-04-19T12:32:48.334+0000] {logging_mixin.py:188} INFO - [2024-04-19T12:32:48.334+0000] {dag.py:3954} INFO - Setting next_dagrun for tutorial to 2024-04-18 00:00:00+00:00, run_after=2024-04-19 00:00:00+00:00
[2024-04-19T12:32:48.349+0000] {processor.py:183} INFO - Processing /home/airflow/.local/lib/python3.12/site-packages/airflow/example_dags/tutorial.py took 0.054 seconds
[2024-04-19T12:33:18.694+0000] {processor.py:161} INFO - Started process (PID=1519) to work on /home/airflow/.local/lib/python3.12/site-packages/airflow/example_dags/tutorial.py
[2024-04-19T12:33:18.694+0000] {processor.py:830} INFO - Processing file /home/airflow/.local/lib/python3.12/site-packages/airflow/example_dags/tutorial.py for tasks to queue
[2024-04-19T12:33:18.696+0000] {logging_mixin.py:188} INFO - [2024-04-19T12:33:18.696+0000] {dagbag.py:540} INFO - Filling up the DagBag from /home/airflow/.local/lib/python3.12/site-packages/airflow/example_dags/tutorial.py
[2024-04-19T12:33:18.702+0000] {processor.py:840} INFO - DAG(s) 'tutorial' retrieved from /home/airflow/.local/lib/python3.12/site-packages/airflow/example_dags/tutorial.py
[2024-04-19T12:33:18.714+0000] {logging_mixin.py:188} INFO - [2024-04-19T12:33:18.714+0000] {dag.py:3096} INFO - Sync 1 DAGs
[2024-04-19T12:33:18.729+0000] {logging_mixin.py:188} INFO - [2024-04-19T12:33:18.729+0000] {dag.py:3954} INFO - Setting next_dagrun for tutorial to 2024-04-18 00:00:00+00:00, run_after=2024-04-19 00:00:00+00:00
[2024-04-19T12:33:18.741+0000] {processor.py:183} INFO - Processing /home/airflow/.local/lib/python3.12/site-packages/airflow/example_dags/tutorial.py took 0.051 seconds
[2024-04-19T12:33:49.125+0000] {processor.py:161} INFO - Started process (PID=1577) to work on /home/airflow/.local/lib/python3.12/site-packages/airflow/example_dags/tutorial.py
[2024-04-19T12:33:49.126+0000] {processor.py:830} INFO - Processing file /home/airflow/.local/lib/python3.12/site-packages/airflow/example_dags/tutorial.py for tasks to queue
[2024-04-19T12:33:49.128+0000] {logging_mixin.py:188} INFO - [2024-04-19T12:33:49.127+0000] {dagbag.py:540} INFO - Filling up the DagBag from /home/airflow/.local/lib/python3.12/site-packages/airflow/example_dags/tutorial.py
[2024-04-19T12:33:49.132+0000] {processor.py:840} INFO - DAG(s) 'tutorial' retrieved from /home/airflow/.local/lib/python3.12/site-packages/airflow/example_dags/tutorial.py
[2024-04-19T12:33:49.146+0000] {logging_mixin.py:188} INFO - [2024-04-19T12:33:49.145+0000] {dag.py:3096} INFO - Sync 1 DAGs
[2024-04-19T12:33:49.160+0000] {logging_mixin.py:188} INFO - [2024-04-19T12:33:49.160+0000] {dag.py:3954} INFO - Setting next_dagrun for tutorial to 2024-04-18 00:00:00+00:00, run_after=2024-04-19 00:00:00+00:00
[2024-04-19T12:33:49.175+0000] {processor.py:183} INFO - Processing /home/airflow/.local/lib/python3.12/site-packages/airflow/example_dags/tutorial.py took 0.054 seconds
